[6.808s] Invoking command in '/home/sdh/robot_ws/src/py_pubsub': PYTHONPATH=/home/sdh/robot_ws/build/py_pubsub/prefix_override:/home/sdh/robot_ws/install/py_pubsub/lib/python3.8/site-packages:${PYTHONPATH} /usr/bin/python3 setup.py egg_info --egg-base ../../build/py_pubsub build --build-base /home/sdh/robot_ws/build/py_pubsub/build install --record /home/sdh/robot_ws/build/py_pubsub/install.log --install-scripts $base/lib/py_pubsub --single-version-externally-managed
[7.074s] running egg_info
[7.074s] writing ../../build/py_pubsub/py_pubsub.egg-info/PKG-INFO
[7.074s] writing dependency_links to ../../build/py_pubsub/py_pubsub.egg-info/dependency_links.txt
[7.074s] writing entry points to ../../build/py_pubsub/py_pubsub.egg-info/entry_points.txt
[7.074s] writing requirements to ../../build/py_pubsub/py_pubsub.egg-info/requires.txt
[7.074s] writing top-level names to ../../build/py_pubsub/py_pubsub.egg-info/top_level.txt
[7.132s] reading manifest file '../../build/py_pubsub/py_pubsub.egg-info/SOURCES.txt'
[7.133s] writing manifest file '../../build/py_pubsub/py_pubsub.egg-info/SOURCES.txt'
[7.133s] running build
[7.134s] running build_py
[7.134s] running install
[7.136s] running install_lib
[7.138s] running install_data
[7.139s] running install_egg_info
[7.142s] removing '/home/sdh/robot_ws/install/py_pubsub/lib/python3.8/site-packages/py_pubsub-0.0.0-py3.8.egg-info' (and everything under it)
[7.142s] Copying ../../build/py_pubsub/py_pubsub.egg-info to /home/sdh/robot_ws/install/py_pubsub/lib/python3.8/site-packages/py_pubsub-0.0.0-py3.8.egg-info
[7.143s] running install_scripts
[7.174s] Installing listener script to /home/sdh/robot_ws/install/py_pubsub/lib/py_pubsub
[7.175s] Installing pub_by_kb script to /home/sdh/robot_ws/install/py_pubsub/lib/py_pubsub
[7.175s] Installing sub_by_kb script to /home/sdh/robot_ws/install/py_pubsub/lib/py_pubsub
[7.176s] Installing talker script to /home/sdh/robot_ws/install/py_pubsub/lib/py_pubsub
[7.176s] Installing timer_test script to /home/sdh/robot_ws/install/py_pubsub/lib/py_pubsub
[7.176s] writing list of installed files to '/home/sdh/robot_ws/build/py_pubsub/install.log'
[7.844s] Invoked command in '/home/sdh/robot_ws/src/py_pubsub' returned '0': PYTHONPATH=/home/sdh/robot_ws/build/py_pubsub/prefix_override:/home/sdh/robot_ws/install/py_pubsub/lib/python3.8/site-packages:${PYTHONPATH} /usr/bin/python3 setup.py egg_info --egg-base ../../build/py_pubsub build --build-base /home/sdh/robot_ws/build/py_pubsub/build install --record /home/sdh/robot_ws/build/py_pubsub/install.log --install-scripts $base/lib/py_pubsub --single-version-externally-managed
