[6.433s] Invoking command in '/home/sdh/robot_ws/src/stm32': PYTHONPATH=/home/sdh/robot_ws/build/stm32/prefix_override:/home/sdh/robot_ws/install/stm32/lib/python3.8/site-packages:${PYTHONPATH} /usr/bin/python3 setup.py egg_info --egg-base ../../build/stm32 build --build-base /home/sdh/robot_ws/build/stm32/build install --record /home/sdh/robot_ws/build/stm32/install.log --install-scripts $base/lib/stm32 --single-version-externally-managed
[6.726s] running egg_info
[6.728s] writing ../../build/stm32/stm32.egg-info/PKG-INFO
[6.729s] writing dependency_links to ../../build/stm32/stm32.egg-info/dependency_links.txt
[6.729s] writing entry points to ../../build/stm32/stm32.egg-info/entry_points.txt
[6.730s] writing requirements to ../../build/stm32/stm32.egg-info/requires.txt
[6.730s] writing top-level names to ../../build/stm32/stm32.egg-info/top_level.txt
[6.760s] reading manifest file '../../build/stm32/stm32.egg-info/SOURCES.txt'
[6.761s] writing manifest file '../../build/stm32/stm32.egg-info/SOURCES.txt'
[6.762s] running build
[6.762s] running build_py
[6.763s] copying stm32/sub_led_msg.py -> /home/sdh/robot_ws/build/stm32/build/lib/stm32
[6.763s] running install
[6.764s] running install_lib
[6.764s] copying /home/sdh/robot_ws/build/stm32/build/lib/stm32/sub_led_msg.py -> /home/sdh/robot_ws/install/stm32/lib/python3.8/site-packages/stm32
[6.765s] byte-compiling /home/sdh/robot_ws/install/stm32/lib/python3.8/site-packages/stm32/sub_led_msg.py to sub_led_msg.cpython-38.pyc
[6.765s] running install_data
[6.767s] running install_egg_info
[6.768s] removing '/home/sdh/robot_ws/install/stm32/lib/python3.8/site-packages/stm32-0.0.0-py3.8.egg-info' (and everything under it)
[6.769s] Copying ../../build/stm32/stm32.egg-info to /home/sdh/robot_ws/install/stm32/lib/python3.8/site-packages/stm32-0.0.0-py3.8.egg-info
[6.770s] running install_scripts
[6.787s] Installing pub_led_msg script to /home/sdh/robot_ws/install/stm32/lib/stm32
[6.788s] Installing sub_led_msg script to /home/sdh/robot_ws/install/stm32/lib/stm32
[6.788s] writing list of installed files to '/home/sdh/robot_ws/build/stm32/install.log'
[7.856s] Invoked command in '/home/sdh/robot_ws/src/stm32' returned '0': PYTHONPATH=/home/sdh/robot_ws/build/stm32/prefix_override:/home/sdh/robot_ws/install/stm32/lib/python3.8/site-packages:${PYTHONPATH} /usr/bin/python3 setup.py egg_info --egg-base ../../build/stm32 build --build-base /home/sdh/robot_ws/build/stm32/build install --record /home/sdh/robot_ws/build/stm32/install.log --install-scripts $base/lib/stm32 --single-version-externally-managed
