[7.551s] Invoking command in '/home/sdh/robot_ws/src/opencv': PYTHONPATH=/home/sdh/robot_ws/build/opencv/prefix_override:/home/sdh/robot_ws/install/opencv/lib/python3.8/site-packages:${PYTHONPATH} /usr/bin/python3 setup.py egg_info --egg-base ../../build/opencv build --build-base /home/sdh/robot_ws/build/opencv/build install --record /home/sdh/robot_ws/build/opencv/install.log --install-scripts $base/lib/opencv --single-version-externally-managed
[7.795s] running egg_info
[7.796s] writing ../../build/opencv/opencv.egg-info/PKG-INFO
[7.796s] writing dependency_links to ../../build/opencv/opencv.egg-info/dependency_links.txt
[7.797s] writing entry points to ../../build/opencv/opencv.egg-info/entry_points.txt
[7.798s] writing requirements to ../../build/opencv/opencv.egg-info/requires.txt
[7.798s] writing top-level names to ../../build/opencv/opencv.egg-info/top_level.txt
[7.830s] reading manifest file '../../build/opencv/opencv.egg-info/SOURCES.txt'
[7.831s] writing manifest file '../../build/opencv/opencv.egg-info/SOURCES.txt'
[7.831s] running build
[7.832s] running build_py
[7.832s] running install
[7.833s] running install_lib
[7.834s] running install_data
[7.835s] running install_egg_info
[7.837s] removing '/home/sdh/robot_ws/install/opencv/lib/python3.8/site-packages/opencv-0.0.0-py3.8.egg-info' (and everything under it)
[7.837s] Copying ../../build/opencv/opencv.egg-info to /home/sdh/robot_ws/install/opencv/lib/python3.8/site-packages/opencv-0.0.0-py3.8.egg-info
[7.838s] running install_scripts
[7.856s] Installing grayscale script to /home/sdh/robot_ws/install/opencv/lib/opencv
[7.856s] writing list of installed files to '/home/sdh/robot_ws/build/opencv/install.log'
[8.050s] Invoked command in '/home/sdh/robot_ws/src/opencv' returned '0': PYTHONPATH=/home/sdh/robot_ws/build/opencv/prefix_override:/home/sdh/robot_ws/install/opencv/lib/python3.8/site-packages:${PYTHONPATH} /usr/bin/python3 setup.py egg_info --egg-base ../../build/opencv build --build-base /home/sdh/robot_ws/build/opencv/build install --record /home/sdh/robot_ws/build/opencv/install.log --install-scripts $base/lib/opencv --single-version-externally-managed
