[6.726s] Invoking command in '/home/sdh/robot_ws/src/py_pubsub': PYTHONPATH=/home/sdh/robot_ws/build/py_pubsub/prefix_override:/home/sdh/robot_ws/install/py_pubsub/lib/python3.8/site-packages:${PYTHONPATH} /usr/bin/python3 setup.py egg_info --egg-base ../../build/py_pubsub build --build-base /home/sdh/robot_ws/build/py_pubsub/build install --record /home/sdh/robot_ws/build/py_pubsub/install.log --install-scripts $base/lib/py_pubsub --single-version-externally-managed
[6.990s] running egg_info
[6.990s] writing ../../build/py_pubsub/py_pubsub.egg-info/PKG-INFO
[6.990s] writing dependency_links to ../../build/py_pubsub/py_pubsub.egg-info/dependency_links.txt
[6.991s] writing entry points to ../../build/py_pubsub/py_pubsub.egg-info/entry_points.txt
[6.991s] writing requirements to ../../build/py_pubsub/py_pubsub.egg-info/requires.txt
[6.991s] writing top-level names to ../../build/py_pubsub/py_pubsub.egg-info/top_level.txt
[7.028s] reading manifest file '../../build/py_pubsub/py_pubsub.egg-info/SOURCES.txt'
[7.029s] writing manifest file '../../build/py_pubsub/py_pubsub.egg-info/SOURCES.txt'
[7.029s] running build
[7.030s] running build_py
[7.030s] running install
[7.031s] running install_lib
[7.032s] running install_data
[7.033s] running install_egg_info
[7.035s] removing '/home/sdh/robot_ws/install/py_pubsub/lib/python3.8/site-packages/py_pubsub-0.0.0-py3.8.egg-info' (and everything under it)
[7.035s] Copying ../../build/py_pubsub/py_pubsub.egg-info to /home/sdh/robot_ws/install/py_pubsub/lib/python3.8/site-packages/py_pubsub-0.0.0-py3.8.egg-info
[7.036s] running install_scripts
[7.057s] Installing listener script to /home/sdh/robot_ws/install/py_pubsub/lib/py_pubsub
[7.057s] Installing pub_by_kb script to /home/sdh/robot_ws/install/py_pubsub/lib/py_pubsub
[7.057s] Installing sub_by_kb script to /home/sdh/robot_ws/install/py_pubsub/lib/py_pubsub
[7.058s] Installing talker script to /home/sdh/robot_ws/install/py_pubsub/lib/py_pubsub
[7.058s] Installing timer_test script to /home/sdh/robot_ws/install/py_pubsub/lib/py_pubsub
[7.058s] writing list of installed files to '/home/sdh/robot_ws/build/py_pubsub/install.log'
[8.051s] Invoked command in '/home/sdh/robot_ws/src/py_pubsub' returned '0': PYTHONPATH=/home/sdh/robot_ws/build/py_pubsub/prefix_override:/home/sdh/robot_ws/install/py_pubsub/lib/python3.8/site-packages:${PYTHONPATH} /usr/bin/python3 setup.py egg_info --egg-base ../../build/py_pubsub build --build-base /home/sdh/robot_ws/build/py_pubsub/build install --record /home/sdh/robot_ws/build/py_pubsub/install.log --install-scripts $base/lib/py_pubsub --single-version-externally-managed
