[5.351s] DEBUG:colcon:Command line arguments: ['/usr/bin/colcon', 'build', '--symlink-install']
[5.351s] DEBUG:colcon:Parsed command line arguments: Namespace(allow_overriding=[], ament_cmake_args=None, base_paths=['.'], build_base='build', catkin_cmake_args=None, catkin_skip_building_tests=False, cmake_args=None, cmake_clean_cache=False, cmake_clean_first=False, cmake_force_configure=False, cmake_target=None, cmake_target_skip_unavailable=False, continue_on_error=False, event_handlers=None, executor='parallel', ignore_user_meta=False, install_base='install', log_base=None, log_level=None, main=<bound method BuildVerb.main of <colcon_core.verb.build.BuildVerb object at 0x7f64978b71f0>>, merge_install=False, metas=['./colcon.meta'], packages_above=None, packages_above_and_dependencies=None, packages_above_depth=None, packages_end=None, packages_ignore=None, packages_ignore_regex=None, packages_select=None, packages_select_build_failed=False, packages_select_by_dep=None, packages_select_regex=None, packages_select_test_failures=False, packages_skip=None, packages_skip_build_finished=False, packages_skip_by_dep=None, packages_skip_regex=None, packages_skip_test_passed=False, packages_skip_up_to=None, packages_start=None, packages_up_to=None, packages_up_to_regex=None, parallel_workers=8, paths=None, symlink_install=True, test_result_base=None, verb_extension=<colcon_core.verb.build.BuildVerb object at 0x7f64978b71f0>, verb_name='build', verb_parser=<colcon_defaults.argument_parser.defaults.DefaultArgumentsDecorator object at 0x7f649765c580>)
[5.730s] Level 1:colcon.colcon_core.package_discovery:discover_packages(colcon_meta) check parameters
[5.730s] Level 1:colcon.colcon_core.package_discovery:discover_packages(recursive) check parameters
[5.730s] Level 1:colcon.colcon_core.package_discovery:discover_packages(ignore) check parameters
[5.730s] Level 1:colcon.colcon_core.package_discovery:discover_packages(path) check parameters
[5.730s] Level 1:colcon.colcon_core.package_discovery:discover_packages(colcon_meta) discover
[5.730s] Level 1:colcon.colcon_core.package_discovery:discover_packages(recursive) discover
[5.730s] INFO:colcon.colcon_core.package_discovery:Crawling recursively for packages in '/home/sdh/robot_ws'
[5.731s] Level 1:colcon.colcon_core.package_identification:_identify(.) by extensions ['ignore', 'ignore_ament_install']
[5.731s] Level 1:colcon.colcon_core.package_identification:_identify(.) by extension 'ignore'
[5.731s] Level 1:colcon.colcon_core.package_identification:_identify(.) by extension 'ignore_ament_install'
[5.731s] Level 1:colcon.colcon_core.package_identification:_identify(.) by extensions ['colcon_pkg']
[5.731s] Level 1:colcon.colcon_core.package_identification:_identify(.) by extension 'colcon_pkg'
[5.731s] Level 1:colcon.colcon_core.package_identification:_identify(.) by extensions ['colcon_meta']
[5.731s] Level 1:colcon.colcon_core.package_identification:_identify(.) by extension 'colcon_meta'
[5.731s] Level 1:colcon.colcon_core.package_identification:_identify(.) by extensions ['ros']
[5.731s] Level 1:colcon.colcon_core.package_identification:_identify(.) by extension 'ros'
[5.742s] Level 1:colcon.colcon_core.package_identification:_identify(.) by extensions ['cmake', 'python']
[5.742s] Level 1:colcon.colcon_core.package_identification:_identify(.) by extension 'cmake'
[5.742s] Level 1:colcon.colcon_core.package_identification:_identify(.) by extension 'python'
[5.742s] Level 1:colcon.colcon_core.package_identification:_identify(.) by extensions ['python_setup_py']
[5.742s] Level 1:colcon.colcon_core.package_identification:_identify(.) by extension 'python_setup_py'
[5.742s] Level 1:colcon.colcon_core.package_identification:_identify(build) by extensions ['ignore', 'ignore_ament_install']
[5.742s] Level 1:colcon.colcon_core.package_identification:_identify(build) by extension 'ignore'
[5.742s] Level 1:colcon.colcon_core.package_identification:_identify(build) ignored
[5.742s] Level 1:colcon.colcon_core.package_identification:_identify(install) by extensions ['ignore', 'ignore_ament_install']
[5.742s] Level 1:colcon.colcon_core.package_identification:_identify(install) by extension 'ignore'
[5.742s] Level 1:colcon.colcon_core.package_identification:_identify(install) ignored
[5.743s] Level 1:colcon.colcon_core.package_identification:_identify(log) by extensions ['ignore', 'ignore_ament_install']
[5.743s] Level 1:colcon.colcon_core.package_identification:_identify(log) by extension 'ignore'
[5.743s] Level 1:colcon.colcon_core.package_identification:_identify(log) ignored
[5.743s] Level 1:colcon.colcon_core.package_identification:_identify(src) by extensions ['ignore', 'ignore_ament_install']
[5.743s] Level 1:colcon.colcon_core.package_identification:_identify(src) by extension 'ignore'
[5.743s] Level 1:colcon.colcon_core.package_identification:_identify(src) by extension 'ignore_ament_install'
[5.743s] Level 1:colcon.colcon_core.package_identification:_identify(src) by extensions ['colcon_pkg']
[5.743s] Level 1:colcon.colcon_core.package_identification:_identify(src) by extension 'colcon_pkg'
[5.743s] Level 1:colcon.colcon_core.package_identification:_identify(src) by extensions ['colcon_meta']
[5.743s] Level 1:colcon.colcon_core.package_identification:_identify(src) by extension 'colcon_meta'
[5.743s] Level 1:colcon.colcon_core.package_identification:_identify(src) by extensions ['ros']
[5.743s] Level 1:colcon.colcon_core.package_identification:_identify(src) by extension 'ros'
[5.743s] Level 1:colcon.colcon_core.package_identification:_identify(src) by extensions ['cmake', 'python']
[5.743s] Level 1:colcon.colcon_core.package_identification:_identify(src) by extension 'cmake'
[5.743s] Level 1:colcon.colcon_core.package_identification:_identify(src) by extension 'python'
[5.743s] Level 1:colcon.colcon_core.package_identification:_identify(src) by extensions ['python_setup_py']
[5.743s] Level 1:colcon.colcon_core.package_identification:_identify(src) by extension 'python_setup_py'
[5.744s] Level 1:colcon.colcon_core.package_identification:_identify(src/py_pubsub) by extensions ['ignore', 'ignore_ament_install']
[5.744s] Level 1:colcon.colcon_core.package_identification:_identify(src/py_pubsub) by extension 'ignore'
[5.744s] Level 1:colcon.colcon_core.package_identification:_identify(src/py_pubsub) by extension 'ignore_ament_install'
[5.744s] Level 1:colcon.colcon_core.package_identification:_identify(src/py_pubsub) by extensions ['colcon_pkg']
[5.744s] Level 1:colcon.colcon_core.package_identification:_identify(src/py_pubsub) by extension 'colcon_pkg'
[5.744s] Level 1:colcon.colcon_core.package_identification:_identify(src/py_pubsub) by extensions ['colcon_meta']
[5.744s] Level 1:colcon.colcon_core.package_identification:_identify(src/py_pubsub) by extension 'colcon_meta'
[5.744s] Level 1:colcon.colcon_core.package_identification:_identify(src/py_pubsub) by extensions ['ros']
[5.744s] Level 1:colcon.colcon_core.package_identification:_identify(src/py_pubsub) by extension 'ros'
[5.782s] DEBUG:colcon.colcon_core.package_identification:Package 'src/py_pubsub' with type 'ros.ament_python' and name 'py_pubsub'
[5.783s] Level 1:colcon.colcon_core.package_identification:_identify(src/turtle_pkg) by extensions ['ignore', 'ignore_ament_install']
[5.783s] Level 1:colcon.colcon_core.package_identification:_identify(src/turtle_pkg) by extension 'ignore'
[5.783s] Level 1:colcon.colcon_core.package_identification:_identify(src/turtle_pkg) by extension 'ignore_ament_install'
[5.783s] Level 1:colcon.colcon_core.package_identification:_identify(src/turtle_pkg) by extensions ['colcon_pkg']
[5.783s] Level 1:colcon.colcon_core.package_identification:_identify(src/turtle_pkg) by extension 'colcon_pkg'
[5.784s] Level 1:colcon.colcon_core.package_identification:_identify(src/turtle_pkg) by extensions ['colcon_meta']
[5.784s] Level 1:colcon.colcon_core.package_identification:_identify(src/turtle_pkg) by extension 'colcon_meta'
[5.784s] Level 1:colcon.colcon_core.package_identification:_identify(src/turtle_pkg) by extensions ['ros']
[5.784s] Level 1:colcon.colcon_core.package_identification:_identify(src/turtle_pkg) by extension 'ros'
[5.785s] DEBUG:colcon.colcon_core.package_identification:Package 'src/turtle_pkg' with type 'ros.ament_python' and name 'turtle_pkg'
[5.786s] Level 1:colcon.colcon_core.package_identification:_identify(turtle_pkg) by extensions ['ignore', 'ignore_ament_install']
[5.786s] Level 1:colcon.colcon_core.package_identification:_identify(turtle_pkg) by extension 'ignore'
[5.786s] Level 1:colcon.colcon_core.package_identification:_identify(turtle_pkg) by extension 'ignore_ament_install'
[5.786s] Level 1:colcon.colcon_core.package_identification:_identify(turtle_pkg) by extensions ['colcon_pkg']
[5.786s] Level 1:colcon.colcon_core.package_identification:_identify(turtle_pkg) by extension 'colcon_pkg'
[5.786s] Level 1:colcon.colcon_core.package_identification:_identify(turtle_pkg) by extensions ['colcon_meta']
[5.786s] Level 1:colcon.colcon_core.package_identification:_identify(turtle_pkg) by extension 'colcon_meta'
[5.786s] Level 1:colcon.colcon_core.package_identification:_identify(turtle_pkg) by extensions ['ros']
[5.787s] Level 1:colcon.colcon_core.package_identification:_identify(turtle_pkg) by extension 'ros'
[5.800s] DEBUG:colcon.colcon_core.package_identification:Package 'turtle_pkg' with type 'ros.ament_python' and name 'turtle_pkg'
[5.800s] Level 1:colcon.colcon_core.package_discovery:discover_packages(recursive) using defaults
[5.800s] Level 1:colcon.colcon_core.package_discovery:discover_packages(ignore) discover
[5.800s] Level 1:colcon.colcon_core.package_discovery:discover_packages(ignore) using defaults
[5.800s] Level 1:colcon.colcon_core.package_discovery:discover_packages(path) discover
[5.800s] Level 1:colcon.colcon_core.package_discovery:discover_packages(path) using defaults
[6.421s] Level 1:colcon.colcon_core.package_discovery:discover_packages(prefix_path) check parameters
[6.421s] Level 1:colcon.colcon_core.package_discovery:discover_packages(prefix_path) discover
[6.614s] DEBUG:colcon.colcon_installed_package_information.package_discovery:Found 1 installed packages in /home/sdh/robot_ws/install
[6.711s] DEBUG:colcon.colcon_installed_package_information.package_discovery:Found 258 installed packages in /opt/ros/foxy
[6.712s] Level 1:colcon.colcon_core.package_discovery:discover_packages(prefix_path) using defaults
[7.384s] ERROR:colcon:colcon build: Duplicate package names not supported:
- turtle_pkg:
  - src/turtle_pkg
  - turtle_pkg
