[6.918s] Invoking command in '/home/sdh/robot_ws/src/py_pubsub': PYTHONPATH=/home/sdh/robot_ws/build/py_pubsub/prefix_override:/home/sdh/robot_ws/install/py_pubsub/lib/python3.8/site-packages:${PYTHONPATH} /usr/bin/python3 setup.py egg_info --egg-base ../../build/py_pubsub build --build-base /home/sdh/robot_ws/build/py_pubsub/build install --record /home/sdh/robot_ws/build/py_pubsub/install.log --install-scripts $base/lib/py_pubsub --single-version-externally-managed
[7.190s] running egg_info
[7.191s] writing ../../build/py_pubsub/py_pubsub.egg-info/PKG-INFO
[7.191s] writing dependency_links to ../../build/py_pubsub/py_pubsub.egg-info/dependency_links.txt
[7.191s] writing entry points to ../../build/py_pubsub/py_pubsub.egg-info/entry_points.txt
[7.191s] writing requirements to ../../build/py_pubsub/py_pubsub.egg-info/requires.txt
[7.192s] writing top-level names to ../../build/py_pubsub/py_pubsub.egg-info/top_level.txt
[7.228s] reading manifest file '../../build/py_pubsub/py_pubsub.egg-info/SOURCES.txt'
[7.229s] writing manifest file '../../build/py_pubsub/py_pubsub.egg-info/SOURCES.txt'
[7.229s] running build
[7.229s] running build_py
[7.229s] running install
[7.231s] running install_lib
[7.232s] running install_data
[7.232s] running install_egg_info
[7.234s] removing '/home/sdh/robot_ws/install/py_pubsub/lib/python3.8/site-packages/py_pubsub-0.0.0-py3.8.egg-info' (and everything under it)
[7.234s] Copying ../../build/py_pubsub/py_pubsub.egg-info to /home/sdh/robot_ws/install/py_pubsub/lib/python3.8/site-packages/py_pubsub-0.0.0-py3.8.egg-info
[7.235s] running install_scripts
[7.253s] Installing listener script to /home/sdh/robot_ws/install/py_pubsub/lib/py_pubsub
[7.253s] Installing pub_by_kb script to /home/sdh/robot_ws/install/py_pubsub/lib/py_pubsub
[7.254s] Installing sub_by_kb script to /home/sdh/robot_ws/install/py_pubsub/lib/py_pubsub
[7.254s] Installing talker script to /home/sdh/robot_ws/install/py_pubsub/lib/py_pubsub
[7.254s] Installing timer_test script to /home/sdh/robot_ws/install/py_pubsub/lib/py_pubsub
[7.254s] writing list of installed files to '/home/sdh/robot_ws/build/py_pubsub/install.log'
[7.279s] Invoked command in '/home/sdh/robot_ws/src/py_pubsub' returned '0': PYTHONPATH=/home/sdh/robot_ws/build/py_pubsub/prefix_override:/home/sdh/robot_ws/install/py_pubsub/lib/python3.8/site-packages:${PYTHONPATH} /usr/bin/python3 setup.py egg_info --egg-base ../../build/py_pubsub build --build-base /home/sdh/robot_ws/build/py_pubsub/build install --record /home/sdh/robot_ws/build/py_pubsub/install.log --install-scripts $base/lib/py_pubsub --single-version-externally-managed
