/home/sdh/robot_ws/install/tb3_pkg/lib/python3.8/site-packages/tb3_pkg/pub_tb3_pose2d.py
/home/sdh/robot_ws/install/tb3_pkg/lib/python3.8/site-packages/tb3_pkg/__init__.py
/home/sdh/robot_ws/install/tb3_pkg/lib/python3.8/site-packages/tb3_pkg/move_tb3.py
/home/sdh/robot_ws/install/tb3_pkg/lib/python3.8/site-packages/tb3_pkg/getchar.py
/home/sdh/robot_ws/install/tb3_pkg/lib/python3.8/site-packages/tb3_pkg/remote_tb3.py
/home/sdh/robot_ws/install/tb3_pkg/lib/python3.8/site-packages/tb3_pkg/sub_odom.py
/home/sdh/robot_ws/install/tb3_pkg/lib/python3.8/site-packages/tb3_pkg/sub_laser.py
/home/sdh/robot_ws/install/tb3_pkg/lib/python3.8/site-packages/tb3_pkg/test_move_tb3.py
/home/sdh/robot_ws/install/tb3_pkg/lib/python3.8/site-packages/tb3_pkg/__pycache__/pub_tb3_pose2d.cpython-38.pyc
/home/sdh/robot_ws/install/tb3_pkg/lib/python3.8/site-packages/tb3_pkg/__pycache__/__init__.cpython-38.pyc
/home/sdh/robot_ws/install/tb3_pkg/lib/python3.8/site-packages/tb3_pkg/__pycache__/move_tb3.cpython-38.pyc
/home/sdh/robot_ws/install/tb3_pkg/lib/python3.8/site-packages/tb3_pkg/__pycache__/getchar.cpython-38.pyc
/home/sdh/robot_ws/install/tb3_pkg/lib/python3.8/site-packages/tb3_pkg/__pycache__/remote_tb3.cpython-38.pyc
/home/sdh/robot_ws/install/tb3_pkg/lib/python3.8/site-packages/tb3_pkg/__pycache__/sub_odom.cpython-38.pyc
/home/sdh/robot_ws/install/tb3_pkg/lib/python3.8/site-packages/tb3_pkg/__pycache__/sub_laser.cpython-38.pyc
/home/sdh/robot_ws/install/tb3_pkg/lib/python3.8/site-packages/tb3_pkg/__pycache__/test_move_tb3.cpython-38.pyc
/home/sdh/robot_ws/install/tb3_pkg/share/ament_index/resource_index/packages/tb3_pkg
/home/sdh/robot_ws/install/tb3_pkg/share/tb3_pkg/package.xml
/home/sdh/robot_ws/install/tb3_pkg/lib/python3.8/site-packages/tb3_pkg-0.0.0-py3.8.egg-info/top_level.txt
/home/sdh/robot_ws/install/tb3_pkg/lib/python3.8/site-packages/tb3_pkg-0.0.0-py3.8.egg-info/SOURCES.txt
/home/sdh/robot_ws/install/tb3_pkg/lib/python3.8/site-packages/tb3_pkg-0.0.0-py3.8.egg-info/zip-safe
/home/sdh/robot_ws/install/tb3_pkg/lib/python3.8/site-packages/tb3_pkg-0.0.0-py3.8.egg-info/PKG-INFO
/home/sdh/robot_ws/install/tb3_pkg/lib/python3.8/site-packages/tb3_pkg-0.0.0-py3.8.egg-info/dependency_links.txt
/home/sdh/robot_ws/install/tb3_pkg/lib/python3.8/site-packages/tb3_pkg-0.0.0-py3.8.egg-info/entry_points.txt
/home/sdh/robot_ws/install/tb3_pkg/lib/python3.8/site-packages/tb3_pkg-0.0.0-py3.8.egg-info/requires.txt
/home/sdh/robot_ws/install/tb3_pkg/lib/tb3_pkg/pub_tb3_pose2d
/home/sdh/robot_ws/install/tb3_pkg/lib/tb3_pkg/remote_tb3
/home/sdh/robot_ws/install/tb3_pkg/lib/tb3_pkg/sub_laser
/home/sdh/robot_ws/install/tb3_pkg/lib/tb3_pkg/sub_odom
/home/sdh/robot_ws/install/tb3_pkg/lib/tb3_pkg/test_move_tb3
