running egg_info
creating ../../build/stm32/stm32.egg-info
writing ../../build/stm32/stm32.egg-info/PKG-INFO
writing dependency_links to ../../build/stm32/stm32.egg-info/dependency_links.txt
writing entry points to ../../build/stm32/stm32.egg-info/entry_points.txt
writing requirements to ../../build/stm32/stm32.egg-info/requires.txt
writing top-level names to ../../build/stm32/stm32.egg-info/top_level.txt
writing manifest file '../../build/stm32/stm32.egg-info/SOURCES.txt'
reading manifest file '../../build/stm32/stm32.egg-info/SOURCES.txt'
writing manifest file '../../build/stm32/stm32.egg-info/SOURCES.txt'
running build
running build_py
creating /home/sdh/robot_ws/build/stm32/build
creating /home/sdh/robot_ws/build/stm32/build/lib
creating /home/sdh/robot_ws/build/stm32/build/lib/stm32
copying stm32/__init__.py -> /home/sdh/robot_ws/build/stm32/build/lib/stm32
copying stm32/pub_led_msg.py -> /home/sdh/robot_ws/build/stm32/build/lib/stm32
copying stm32/getchar.py -> /home/sdh/robot_ws/build/stm32/build/lib/stm32
running install
running install_lib
creating /home/sdh/robot_ws/install/stm32/lib/python3.8/site-packages/stm32
copying /home/sdh/robot_ws/build/stm32/build/lib/stm32/__init__.py -> /home/sdh/robot_ws/install/stm32/lib/python3.8/site-packages/stm32
copying /home/sdh/robot_ws/build/stm32/build/lib/stm32/pub_led_msg.py -> /home/sdh/robot_ws/install/stm32/lib/python3.8/site-packages/stm32
copying /home/sdh/robot_ws/build/stm32/build/lib/stm32/getchar.py -> /home/sdh/robot_ws/install/stm32/lib/python3.8/site-packages/stm32
byte-compiling /home/sdh/robot_ws/install/stm32/lib/python3.8/site-packages/stm32/__init__.py to __init__.cpython-38.pyc
byte-compiling /home/sdh/robot_ws/install/stm32/lib/python3.8/site-packages/stm32/pub_led_msg.py to pub_led_msg.cpython-38.pyc
byte-compiling /home/sdh/robot_ws/install/stm32/lib/python3.8/site-packages/stm32/getchar.py to getchar.cpython-38.pyc
running install_data
creating /home/sdh/robot_ws/install/stm32/share/ament_index
creating /home/sdh/robot_ws/install/stm32/share/ament_index/resource_index
creating /home/sdh/robot_ws/install/stm32/share/ament_index/resource_index/packages
copying resource/stm32 -> /home/sdh/robot_ws/install/stm32/share/ament_index/resource_index/packages
copying package.xml -> /home/sdh/robot_ws/install/stm32/share/stm32
running install_egg_info
Copying ../../build/stm32/stm32.egg-info to /home/sdh/robot_ws/install/stm32/lib/python3.8/site-packages/stm32-0.0.0-py3.8.egg-info
running install_scripts
Installing pub_led_msg script to /home/sdh/robot_ws/install/stm32/lib/stm32
writing list of installed files to '/home/sdh/robot_ws/build/stm32/install.log'
