[17.502s] DEBUG:colcon:Command line arguments: ['/usr/bin/colcon', 'build', '--symlink-install']
[17.503s] DEBUG:colcon:Parsed command line arguments: Namespace(allow_overriding=[], ament_cmake_args=None, base_paths=['.'], build_base='build', catkin_cmake_args=None, catkin_skip_building_tests=False, cmake_args=None, cmake_clean_cache=False, cmake_clean_first=False, cmake_force_configure=False, cmake_target=None, cmake_target_skip_unavailable=False, continue_on_error=False, event_handlers=None, executor='parallel', ignore_user_meta=False, install_base='install', log_base=None, log_level=None, main=<bound method BuildVerb.main of <colcon_core.verb.build.BuildVerb object at 0x7f8ac8dc1a60>>, merge_install=False, metas=['./colcon.meta'], packages_above=None, packages_above_and_dependencies=None, packages_above_depth=None, packages_end=None, packages_ignore=None, packages_ignore_regex=None, packages_select=None, packages_select_build_failed=False, packages_select_by_dep=None, packages_select_regex=None, packages_select_test_failures=False, packages_skip=None, packages_skip_build_finished=False, packages_skip_by_dep=None, packages_skip_regex=None, packages_skip_test_passed=False, packages_skip_up_to=None, packages_start=None, packages_up_to=None, packages_up_to_regex=None, parallel_workers=8, paths=None, symlink_install=True, test_result_base=None, verb_extension=<colcon_core.verb.build.BuildVerb object at 0x7f8ac8dc1a60>, verb_name='build', verb_parser=<colcon_defaults.argument_parser.defaults.DefaultArgumentsDecorator object at 0x7f8ac8b0b340>)
[20.145s] Level 1:colcon.colcon_core.package_discovery:discover_packages(colcon_meta) check parameters
[20.145s] Level 1:colcon.colcon_core.package_discovery:discover_packages(recursive) check parameters
[20.145s] Level 1:colcon.colcon_core.package_discovery:discover_packages(ignore) check parameters
[20.145s] Level 1:colcon.colcon_core.package_discovery:discover_packages(path) check parameters
[20.145s] Level 1:colcon.colcon_core.package_discovery:discover_packages(colcon_meta) discover
[20.145s] Level 1:colcon.colcon_core.package_discovery:discover_packages(recursive) discover
[20.145s] INFO:colcon.colcon_core.package_discovery:Crawling recursively for packages in '/home/sdh/robot_ws'
[20.145s] Level 1:colcon.colcon_core.package_identification:_identify(.) by extensions ['ignore', 'ignore_ament_install']
[20.145s] Level 1:colcon.colcon_core.package_identification:_identify(.) by extension 'ignore'
[20.145s] Level 1:colcon.colcon_core.package_identification:_identify(.) by extension 'ignore_ament_install'
[20.145s] Level 1:colcon.colcon_core.package_identification:_identify(.) by extensions ['colcon_pkg']
[20.145s] Level 1:colcon.colcon_core.package_identification:_identify(.) by extension 'colcon_pkg'
[20.146s] Level 1:colcon.colcon_core.package_identification:_identify(.) by extensions ['colcon_meta']
[20.146s] Level 1:colcon.colcon_core.package_identification:_identify(.) by extension 'colcon_meta'
[20.146s] Level 1:colcon.colcon_core.package_identification:_identify(.) by extensions ['ros']
[20.146s] Level 1:colcon.colcon_core.package_identification:_identify(.) by extension 'ros'
[20.248s] Level 1:colcon.colcon_core.package_identification:_identify(.) by extensions ['cmake', 'python']
[20.248s] Level 1:colcon.colcon_core.package_identification:_identify(.) by extension 'cmake'
[20.248s] Level 1:colcon.colcon_core.package_identification:_identify(.) by extension 'python'
[20.249s] Level 1:colcon.colcon_core.package_identification:_identify(.) by extensions ['python_setup_py']
[20.249s] Level 1:colcon.colcon_core.package_identification:_identify(.) by extension 'python_setup_py'
[20.249s] Level 1:colcon.colcon_core.package_identification:_identify(build) by extensions ['ignore', 'ignore_ament_install']
[20.250s] Level 1:colcon.colcon_core.package_identification:_identify(build) by extension 'ignore'
[20.250s] Level 1:colcon.colcon_core.package_identification:_identify(build) ignored
[20.250s] Level 1:colcon.colcon_core.package_identification:_identify(install) by extensions ['ignore', 'ignore_ament_install']
[20.251s] Level 1:colcon.colcon_core.package_identification:_identify(install) by extension 'ignore'
[20.251s] Level 1:colcon.colcon_core.package_identification:_identify(install) ignored
[20.251s] Level 1:colcon.colcon_core.package_identification:_identify(log) by extensions ['ignore', 'ignore_ament_install']
[20.252s] Level 1:colcon.colcon_core.package_identification:_identify(log) by extension 'ignore'
[20.252s] Level 1:colcon.colcon_core.package_identification:_identify(log) ignored
[20.276s] Level 1:colcon.colcon_core.package_identification:_identify(src) by extensions ['ignore', 'ignore_ament_install']
[20.276s] Level 1:colcon.colcon_core.package_identification:_identify(src) by extension 'ignore'
[20.277s] Level 1:colcon.colcon_core.package_identification:_identify(src) by extension 'ignore_ament_install'
[20.277s] Level 1:colcon.colcon_core.package_identification:_identify(src) by extensions ['colcon_pkg']
[20.277s] Level 1:colcon.colcon_core.package_identification:_identify(src) by extension 'colcon_pkg'
[20.278s] Level 1:colcon.colcon_core.package_identification:_identify(src) by extensions ['colcon_meta']
[20.278s] Level 1:colcon.colcon_core.package_identification:_identify(src) by extension 'colcon_meta'
[20.278s] Level 1:colcon.colcon_core.package_identification:_identify(src) by extensions ['ros']
[20.278s] Level 1:colcon.colcon_core.package_identification:_identify(src) by extension 'ros'
[20.278s] Level 1:colcon.colcon_core.package_identification:_identify(src) by extensions ['cmake', 'python']
[20.279s] Level 1:colcon.colcon_core.package_identification:_identify(src) by extension 'cmake'
[20.279s] Level 1:colcon.colcon_core.package_identification:_identify(src) by extension 'python'
[20.279s] Level 1:colcon.colcon_core.package_identification:_identify(src) by extensions ['python_setup_py']
[20.279s] Level 1:colcon.colcon_core.package_identification:_identify(src) by extension 'python_setup_py'
[20.315s] Level 1:colcon.colcon_core.package_identification:_identify(src/build) by extensions ['ignore', 'ignore_ament_install']
[20.315s] Level 1:colcon.colcon_core.package_identification:_identify(src/build) by extension 'ignore'
[20.316s] Level 1:colcon.colcon_core.package_identification:_identify(src/build) ignored
[20.316s] Level 1:colcon.colcon_core.package_identification:_identify(src/install) by extensions ['ignore', 'ignore_ament_install']
[20.317s] Level 1:colcon.colcon_core.package_identification:_identify(src/install) by extension 'ignore'
[20.317s] Level 1:colcon.colcon_core.package_identification:_identify(src/install) ignored
[20.324s] Level 1:colcon.colcon_core.package_identification:_identify(src/log) by extensions ['ignore', 'ignore_ament_install']
[20.324s] Level 1:colcon.colcon_core.package_identification:_identify(src/log) by extension 'ignore'
[20.325s] Level 1:colcon.colcon_core.package_identification:_identify(src/log) ignored
[20.331s] Level 1:colcon.colcon_core.package_identification:_identify(src/opencv) by extensions ['ignore', 'ignore_ament_install']
[20.332s] Level 1:colcon.colcon_core.package_identification:_identify(src/opencv) by extension 'ignore'
[20.332s] Level 1:colcon.colcon_core.package_identification:_identify(src/opencv) by extension 'ignore_ament_install'
[20.332s] Level 1:colcon.colcon_core.package_identification:_identify(src/opencv) by extensions ['colcon_pkg']
[20.333s] Level 1:colcon.colcon_core.package_identification:_identify(src/opencv) by extension 'colcon_pkg'
[20.333s] Level 1:colcon.colcon_core.package_identification:_identify(src/opencv) by extensions ['colcon_meta']
[20.333s] Level 1:colcon.colcon_core.package_identification:_identify(src/opencv) by extension 'colcon_meta'
[20.333s] Level 1:colcon.colcon_core.package_identification:_identify(src/opencv) by extensions ['ros']
[20.333s] Level 1:colcon.colcon_core.package_identification:_identify(src/opencv) by extension 'ros'
[20.390s] DEBUG:colcon.colcon_core.package_identification:Package 'src/opencv' with type 'ros.ament_python' and name 'opencv'
[20.407s] Level 1:colcon.colcon_core.package_identification:_identify(src/py_pubsub) by extensions ['ignore', 'ignore_ament_install']
[20.408s] Level 1:colcon.colcon_core.package_identification:_identify(src/py_pubsub) by extension 'ignore'
[20.408s] Level 1:colcon.colcon_core.package_identification:_identify(src/py_pubsub) by extension 'ignore_ament_install'
[20.409s] Level 1:colcon.colcon_core.package_identification:_identify(src/py_pubsub) by extensions ['colcon_pkg']
[20.409s] Level 1:colcon.colcon_core.package_identification:_identify(src/py_pubsub) by extension 'colcon_pkg'
[20.409s] Level 1:colcon.colcon_core.package_identification:_identify(src/py_pubsub) by extensions ['colcon_meta']
[20.409s] Level 1:colcon.colcon_core.package_identification:_identify(src/py_pubsub) by extension 'colcon_meta'
[20.409s] Level 1:colcon.colcon_core.package_identification:_identify(src/py_pubsub) by extensions ['ros']
[20.409s] Level 1:colcon.colcon_core.package_identification:_identify(src/py_pubsub) by extension 'ros'
[20.427s] DEBUG:colcon.colcon_core.package_identification:Package 'src/py_pubsub' with type 'ros.ament_python' and name 'py_pubsub'
[20.441s] Level 1:colcon.colcon_core.package_identification:_identify(src/tb3_pkg) by extensions ['ignore', 'ignore_ament_install']
[20.442s] Level 1:colcon.colcon_core.package_identification:_identify(src/tb3_pkg) by extension 'ignore'
[20.442s] Level 1:colcon.colcon_core.package_identification:_identify(src/tb3_pkg) by extension 'ignore_ament_install'
[20.442s] Level 1:colcon.colcon_core.package_identification:_identify(src/tb3_pkg) by extensions ['colcon_pkg']
[20.442s] Level 1:colcon.colcon_core.package_identification:_identify(src/tb3_pkg) by extension 'colcon_pkg'
[20.442s] Level 1:colcon.colcon_core.package_identification:_identify(src/tb3_pkg) by extensions ['colcon_meta']
[20.443s] Level 1:colcon.colcon_core.package_identification:_identify(src/tb3_pkg) by extension 'colcon_meta'
[20.443s] Level 1:colcon.colcon_core.package_identification:_identify(src/tb3_pkg) by extensions ['ros']
[20.443s] Level 1:colcon.colcon_core.package_identification:_identify(src/tb3_pkg) by extension 'ros'
[20.466s] DEBUG:colcon.colcon_core.package_identification:Package 'src/tb3_pkg' with type 'ros.ament_python' and name 'tb3_pkg'
[20.478s] Level 1:colcon.colcon_core.package_identification:_identify(src/turtle_pkg) by extensions ['ignore', 'ignore_ament_install']
[20.478s] Level 1:colcon.colcon_core.package_identification:_identify(src/turtle_pkg) by extension 'ignore'
[20.478s] Level 1:colcon.colcon_core.package_identification:_identify(src/turtle_pkg) by extension 'ignore_ament_install'
[20.479s] Level 1:colcon.colcon_core.package_identification:_identify(src/turtle_pkg) by extensions ['colcon_pkg']
[20.479s] Level 1:colcon.colcon_core.package_identification:_identify(src/turtle_pkg) by extension 'colcon_pkg'
[20.479s] Level 1:colcon.colcon_core.package_identification:_identify(src/turtle_pkg) by extensions ['colcon_meta']
[20.479s] Level 1:colcon.colcon_core.package_identification:_identify(src/turtle_pkg) by extension 'colcon_meta'
[20.479s] Level 1:colcon.colcon_core.package_identification:_identify(src/turtle_pkg) by extensions ['ros']
[20.480s] Level 1:colcon.colcon_core.package_identification:_identify(src/turtle_pkg) by extension 'ros'
[20.512s] DEBUG:colcon.colcon_core.package_identification:Package 'src/turtle_pkg' with type 'ros.ament_python' and name 'turtle_pkg'
[20.512s] Level 1:colcon.colcon_core.package_discovery:discover_packages(recursive) using defaults
[20.512s] Level 1:colcon.colcon_core.package_discovery:discover_packages(ignore) discover
[20.512s] Level 1:colcon.colcon_core.package_discovery:discover_packages(ignore) using defaults
[20.513s] Level 1:colcon.colcon_core.package_discovery:discover_packages(path) discover
[20.513s] Level 1:colcon.colcon_core.package_discovery:discover_packages(path) using defaults
[21.589s] Level 1:colcon.colcon_core.package_discovery:discover_packages(prefix_path) check parameters
[21.589s] Level 1:colcon.colcon_core.package_discovery:discover_packages(prefix_path) discover
[22.101s] DEBUG:colcon.colcon_installed_package_information.package_discovery:Found 3 installed packages in /home/sdh/turtlebot3_ws/install
[22.200s] DEBUG:colcon.colcon_installed_package_information.package_discovery:Found 4 installed packages in /home/sdh/robot_ws/install
[22.299s] DEBUG:colcon.colcon_installed_package_information.package_discovery:Found 342 installed packages in /opt/ros/foxy
[22.301s] Level 1:colcon.colcon_core.package_discovery:discover_packages(prefix_path) using defaults
[24.394s] Level 5:colcon.colcon_core.verb:set package 'opencv' build argument 'cmake_args' from command line to 'None'
[24.394s] Level 5:colcon.colcon_core.verb:set package 'opencv' build argument 'cmake_target' from command line to 'None'
[24.394s] Level 5:colcon.colcon_core.verb:set package 'opencv' build argument 'cmake_target_skip_unavailable' from command line to 'False'
[24.394s] Level 5:colcon.colcon_core.verb:set package 'opencv' build argument 'cmake_clean_cache' from command line to 'False'
[24.394s] Level 5:colcon.colcon_core.verb:set package 'opencv' build argument 'cmake_clean_first' from command line to 'False'
[24.394s] Level 5:colcon.colcon_core.verb:set package 'opencv' build argument 'cmake_force_configure' from command line to 'False'
[24.394s] Level 5:colcon.colcon_core.verb:set package 'opencv' build argument 'ament_cmake_args' from command line to 'None'
[24.394s] Level 5:colcon.colcon_core.verb:set package 'opencv' build argument 'catkin_cmake_args' from command line to 'None'
[24.394s] Level 5:colcon.colcon_core.verb:set package 'opencv' build argument 'catkin_skip_building_tests' from command line to 'False'
[24.394s] DEBUG:colcon.colcon_core.verb:Building package 'opencv' with the following arguments: {'ament_cmake_args': None, 'build_base': '/home/sdh/robot_ws/build/opencv', 'catkin_cmake_args': None, 'catkin_skip_building_tests': False, 'cmake_args': None, 'cmake_clean_cache': False, 'cmake_clean_first': False, 'cmake_force_configure': False, 'cmake_target': None, 'cmake_target_skip_unavailable': False, 'install_base': '/home/sdh/robot_ws/install/opencv', 'merge_install': False, 'path': '/home/sdh/robot_ws/src/opencv', 'symlink_install': True, 'test_result_base': None}
[24.491s] Level 5:colcon.colcon_core.verb:set package 'py_pubsub' build argument 'cmake_args' from command line to 'None'
[24.491s] Level 5:colcon.colcon_core.verb:set package 'py_pubsub' build argument 'cmake_target' from command line to 'None'
[24.491s] Level 5:colcon.colcon_core.verb:set package 'py_pubsub' build argument 'cmake_target_skip_unavailable' from command line to 'False'
[24.491s] Level 5:colcon.colcon_core.verb:set package 'py_pubsub' build argument 'cmake_clean_cache' from command line to 'False'
[24.491s] Level 5:colcon.colcon_core.verb:set package 'py_pubsub' build argument 'cmake_clean_first' from command line to 'False'
[24.492s] Level 5:colcon.colcon_core.verb:set package 'py_pubsub' build argument 'cmake_force_configure' from command line to 'False'
[24.492s] Level 5:colcon.colcon_core.verb:set package 'py_pubsub' build argument 'ament_cmake_args' from command line to 'None'
[24.492s] Level 5:colcon.colcon_core.verb:set package 'py_pubsub' build argument 'catkin_cmake_args' from command line to 'None'
[24.492s] Level 5:colcon.colcon_core.verb:set package 'py_pubsub' build argument 'catkin_skip_building_tests' from command line to 'False'
[24.492s] DEBUG:colcon.colcon_core.verb:Building package 'py_pubsub' with the following arguments: {'ament_cmake_args': None, 'build_base': '/home/sdh/robot_ws/build/py_pubsub', 'catkin_cmake_args': None, 'catkin_skip_building_tests': False, 'cmake_args': None, 'cmake_clean_cache': False, 'cmake_clean_first': False, 'cmake_force_configure': False, 'cmake_target': None, 'cmake_target_skip_unavailable': False, 'install_base': '/home/sdh/robot_ws/install/py_pubsub', 'merge_install': False, 'path': '/home/sdh/robot_ws/src/py_pubsub', 'symlink_install': True, 'test_result_base': None}
[24.589s] Level 5:colcon.colcon_core.verb:set package 'tb3_pkg' build argument 'cmake_args' from command line to 'None'
[24.589s] Level 5:colcon.colcon_core.verb:set package 'tb3_pkg' build argument 'cmake_target' from command line to 'None'
[24.589s] Level 5:colcon.colcon_core.verb:set package 'tb3_pkg' build argument 'cmake_target_skip_unavailable' from command line to 'False'
[24.589s] Level 5:colcon.colcon_core.verb:set package 'tb3_pkg' build argument 'cmake_clean_cache' from command line to 'False'
[24.589s] Level 5:colcon.colcon_core.verb:set package 'tb3_pkg' build argument 'cmake_clean_first' from command line to 'False'
[24.589s] Level 5:colcon.colcon_core.verb:set package 'tb3_pkg' build argument 'cmake_force_configure' from command line to 'False'
[24.589s] Level 5:colcon.colcon_core.verb:set package 'tb3_pkg' build argument 'ament_cmake_args' from command line to 'None'
[24.589s] Level 5:colcon.colcon_core.verb:set package 'tb3_pkg' build argument 'catkin_cmake_args' from command line to 'None'
[24.589s] Level 5:colcon.colcon_core.verb:set package 'tb3_pkg' build argument 'catkin_skip_building_tests' from command line to 'False'
[24.589s] DEBUG:colcon.colcon_core.verb:Building package 'tb3_pkg' with the following arguments: {'ament_cmake_args': None, 'build_base': '/home/sdh/robot_ws/build/tb3_pkg', 'catkin_cmake_args': None, 'catkin_skip_building_tests': False, 'cmake_args': None, 'cmake_clean_cache': False, 'cmake_clean_first': False, 'cmake_force_configure': False, 'cmake_target': None, 'cmake_target_skip_unavailable': False, 'install_base': '/home/sdh/robot_ws/install/tb3_pkg', 'merge_install': False, 'path': '/home/sdh/robot_ws/src/tb3_pkg', 'symlink_install': True, 'test_result_base': None}
[24.687s] Level 5:colcon.colcon_core.verb:set package 'turtle_pkg' build argument 'cmake_args' from command line to 'None'
[24.687s] Level 5:colcon.colcon_core.verb:set package 'turtle_pkg' build argument 'cmake_target' from command line to 'None'
[24.687s] Level 5:colcon.colcon_core.verb:set package 'turtle_pkg' build argument 'cmake_target_skip_unavailable' from command line to 'False'
[24.687s] Level 5:colcon.colcon_core.verb:set package 'turtle_pkg' build argument 'cmake_clean_cache' from command line to 'False'
[24.687s] Level 5:colcon.colcon_core.verb:set package 'turtle_pkg' build argument 'cmake_clean_first' from command line to 'False'
[24.687s] Level 5:colcon.colcon_core.verb:set package 'turtle_pkg' build argument 'cmake_force_configure' from command line to 'False'
[24.687s] Level 5:colcon.colcon_core.verb:set package 'turtle_pkg' build argument 'ament_cmake_args' from command line to 'None'
[24.687s] Level 5:colcon.colcon_core.verb:set package 'turtle_pkg' build argument 'catkin_cmake_args' from command line to 'None'
[24.687s] Level 5:colcon.colcon_core.verb:set package 'turtle_pkg' build argument 'catkin_skip_building_tests' from command line to 'False'
[24.687s] DEBUG:colcon.colcon_core.verb:Building package 'turtle_pkg' with the following arguments: {'ament_cmake_args': None, 'build_base': '/home/sdh/robot_ws/build/turtle_pkg', 'catkin_cmake_args': None, 'catkin_skip_building_tests': False, 'cmake_args': None, 'cmake_clean_cache': False, 'cmake_clean_first': False, 'cmake_force_configure': False, 'cmake_target': None, 'cmake_target_skip_unavailable': False, 'install_base': '/home/sdh/robot_ws/install/turtle_pkg', 'merge_install': False, 'path': '/home/sdh/robot_ws/src/turtle_pkg', 'symlink_install': True, 'test_result_base': None}
[24.784s] INFO:colcon.colcon_core.executor:Executing jobs using 'parallel' executor
[24.882s] DEBUG:colcon.colcon_parallel_executor.executor.parallel:run_until_complete
[24.882s] INFO:colcon.colcon_ros.task.ament_python.build:Building ROS package in '/home/sdh/robot_ws/src/opencv' with build type 'ament_python'
[24.883s] Level 1:colcon.colcon_core.shell:create_environment_hook('opencv', 'ament_prefix_path')
[25.146s] INFO:colcon.colcon_core.plugin_system:Skipping extension 'colcon_core.shell.bat': Not used on non-Windows systems
[25.146s] INFO:colcon.colcon_core.shell:Creating environment hook '/home/sdh/robot_ws/install/opencv/share/opencv/hook/ament_prefix_path.ps1'
[25.178s] INFO:colcon.colcon_core.shell:Creating environment descriptor '/home/sdh/robot_ws/install/opencv/share/opencv/hook/ament_prefix_path.dsv'
[25.195s] INFO:colcon.colcon_core.shell:Creating environment hook '/home/sdh/robot_ws/install/opencv/share/opencv/hook/ament_prefix_path.sh'
[25.345s] INFO:colcon.colcon_core.shell:Skip shell extension 'powershell' for command environment: Not usable outside of PowerShell
[25.345s] DEBUG:colcon.colcon_core.shell:Skip shell extension 'dsv' for command environment
[25.759s] INFO:colcon.colcon_ros.task.ament_python.build:Building ROS package in '/home/sdh/robot_ws/src/py_pubsub' with build type 'ament_python'
[25.759s] Level 1:colcon.colcon_core.shell:create_environment_hook('py_pubsub', 'ament_prefix_path')
[25.862s] INFO:colcon.colcon_core.shell:Creating environment hook '/home/sdh/robot_ws/install/py_pubsub/share/py_pubsub/hook/ament_prefix_path.ps1'
[25.862s] INFO:colcon.colcon_core.shell:Creating environment descriptor '/home/sdh/robot_ws/install/py_pubsub/share/py_pubsub/hook/ament_prefix_path.dsv'
[25.863s] INFO:colcon.colcon_core.shell:Creating environment hook '/home/sdh/robot_ws/install/py_pubsub/share/py_pubsub/hook/ament_prefix_path.sh'
[25.962s] INFO:colcon.colcon_core.shell:Skip shell extension 'powershell' for command environment: Not usable outside of PowerShell
[25.962s] DEBUG:colcon.colcon_core.shell:Skip shell extension 'dsv' for command environment
[26.370s] INFO:colcon.colcon_ros.task.ament_python.build:Building ROS package in '/home/sdh/robot_ws/src/tb3_pkg' with build type 'ament_python'
[26.370s] Level 1:colcon.colcon_core.shell:create_environment_hook('tb3_pkg', 'ament_prefix_path')
[26.475s] INFO:colcon.colcon_core.shell:Creating environment hook '/home/sdh/robot_ws/install/tb3_pkg/share/tb3_pkg/hook/ament_prefix_path.ps1'
[26.476s] INFO:colcon.colcon_core.shell:Creating environment descriptor '/home/sdh/robot_ws/install/tb3_pkg/share/tb3_pkg/hook/ament_prefix_path.dsv'
[26.476s] INFO:colcon.colcon_core.shell:Creating environment hook '/home/sdh/robot_ws/install/tb3_pkg/share/tb3_pkg/hook/ament_prefix_path.sh'
[26.597s] INFO:colcon.colcon_core.shell:Skip shell extension 'powershell' for command environment: Not usable outside of PowerShell
[26.597s] DEBUG:colcon.colcon_core.shell:Skip shell extension 'dsv' for command environment
[27.022s] INFO:colcon.colcon_ros.task.ament_python.build:Building ROS package in '/home/sdh/robot_ws/src/turtle_pkg' with build type 'ament_python'
[27.022s] Level 1:colcon.colcon_core.shell:create_environment_hook('turtle_pkg', 'ament_prefix_path')
[27.138s] INFO:colcon.colcon_core.shell:Creating environment hook '/home/sdh/robot_ws/install/turtle_pkg/share/turtle_pkg/hook/ament_prefix_path.ps1'
[27.138s] INFO:colcon.colcon_core.shell:Creating environment descriptor '/home/sdh/robot_ws/install/turtle_pkg/share/turtle_pkg/hook/ament_prefix_path.dsv'
[27.138s] INFO:colcon.colcon_core.shell:Creating environment hook '/home/sdh/robot_ws/install/turtle_pkg/share/turtle_pkg/hook/ament_prefix_path.sh'
[27.239s] INFO:colcon.colcon_core.shell:Skip shell extension 'powershell' for command environment: Not usable outside of PowerShell
[27.239s] DEBUG:colcon.colcon_core.shell:Skip shell extension 'dsv' for command environment
[27.907s] INFO:colcon.colcon_core.task.python.build:Building Python package in '/home/sdh/robot_ws/src/opencv'
[28.010s] INFO:colcon.colcon_core.shell:Skip shell extension 'powershell' for command environment: Not usable outside of PowerShell
[28.010s] DEBUG:colcon.colcon_core.shell:Skip shell extension 'dsv' for command environment
[28.659s] INFO:colcon.colcon_core.task.python.build:Building Python package in '/home/sdh/robot_ws/src/py_pubsub'
[28.760s] INFO:colcon.colcon_core.shell:Skip shell extension 'powershell' for command environment: Not usable outside of PowerShell
[28.760s] DEBUG:colcon.colcon_core.shell:Skip shell extension 'dsv' for command environment
[29.398s] INFO:colcon.colcon_core.task.python.build:Building Python package in '/home/sdh/robot_ws/src/tb3_pkg'
[29.499s] INFO:colcon.colcon_core.shell:Skip shell extension 'powershell' for command environment: Not usable outside of PowerShell
[29.499s] DEBUG:colcon.colcon_core.shell:Skip shell extension 'dsv' for command environment
[30.153s] INFO:colcon.colcon_core.task.python.build:Building Python package in '/home/sdh/robot_ws/src/turtle_pkg'
[30.255s] INFO:colcon.colcon_core.shell:Skip shell extension 'powershell' for command environment: Not usable outside of PowerShell
[30.255s] DEBUG:colcon.colcon_core.shell:Skip shell extension 'dsv' for command environment
[31.840s] DEBUG:colcon.colcon_core.event_handler.log_command:Invoking command in '/home/sdh/robot_ws/build/turtle_pkg': PYTHONPATH=/home/sdh/robot_ws/build/turtle_pkg/prefix_override:/home/sdh/robot_ws/install/turtle_pkg/lib/python3.8/site-packages:${PYTHONPATH} /usr/bin/python3 setup.py develop --editable --build-directory /home/sdh/robot_ws/build/turtle_pkg/build --no-deps install_data
[31.861s] DEBUG:colcon.colcon_core.event_handler.log_command:Invoking command in '/home/sdh/robot_ws/build/tb3_pkg': PYTHONPATH=/home/sdh/robot_ws/build/tb3_pkg/prefix_override:/home/sdh/robot_ws/install/tb3_pkg/lib/python3.8/site-packages:${PYTHONPATH} /usr/bin/python3 setup.py develop --editable --build-directory /home/sdh/robot_ws/build/tb3_pkg/build --no-deps install_data
[31.872s] DEBUG:colcon.colcon_core.event_handler.log_command:Invoking command in '/home/sdh/robot_ws/build/py_pubsub': PYTHONPATH=/home/sdh/robot_ws/build/py_pubsub/prefix_override:/home/sdh/robot_ws/install/py_pubsub/lib/python3.8/site-packages:${PYTHONPATH} /usr/bin/python3 setup.py develop --editable --build-directory /home/sdh/robot_ws/build/py_pubsub/build --no-deps install_data
[31.893s] DEBUG:colcon.colcon_core.event_handler.log_command:Invoking command in '/home/sdh/robot_ws/build/opencv': PYTHONPATH=/home/sdh/robot_ws/build/opencv/prefix_override:/home/sdh/robot_ws/install/opencv/lib/python3.8/site-packages:${PYTHONPATH} /usr/bin/python3 setup.py develop --editable --build-directory /home/sdh/robot_ws/build/opencv/build --no-deps install_data
[32.524s] Level 1:colcon.colcon_core.shell:create_environment_hook('tb3_pkg', 'pythonpath_develop')
[32.526s] DEBUG:colcon.colcon_core.event_handler.log_command:Invoked command in '/home/sdh/robot_ws/build/tb3_pkg' returned '0': PYTHONPATH=/home/sdh/robot_ws/build/tb3_pkg/prefix_override:/home/sdh/robot_ws/install/tb3_pkg/lib/python3.8/site-packages:${PYTHONPATH} /usr/bin/python3 setup.py develop --editable --build-directory /home/sdh/robot_ws/build/tb3_pkg/build --no-deps install_data
[32.646s] INFO:colcon.colcon_core.shell:Creating environment hook '/home/sdh/robot_ws/build/tb3_pkg/share/tb3_pkg/hook/pythonpath_develop.ps1'
[32.647s] INFO:colcon.colcon_core.shell:Creating environment descriptor '/home/sdh/robot_ws/build/tb3_pkg/share/tb3_pkg/hook/pythonpath_develop.dsv'
[32.647s] INFO:colcon.colcon_core.shell:Creating environment hook '/home/sdh/robot_ws/build/tb3_pkg/share/tb3_pkg/hook/pythonpath_develop.sh'
[32.802s] Level 1:colcon.colcon_core.environment:checking '/home/sdh/robot_ws/install/tb3_pkg' for CMake module files
[32.803s] Level 1:colcon.colcon_core.environment:checking '/home/sdh/robot_ws/install/tb3_pkg' for CMake config files
[32.804s] Level 1:colcon.colcon_core.environment:checking '/home/sdh/robot_ws/install/tb3_pkg/lib'
[32.804s] Level 1:colcon.colcon_core.environment:checking '/home/sdh/robot_ws/install/tb3_pkg/bin'
[32.804s] Level 1:colcon.colcon_core.environment:checking '/home/sdh/robot_ws/install/tb3_pkg/lib/pkgconfig/tb3_pkg.pc'
[32.804s] Level 1:colcon.colcon_core.environment:checking '/home/sdh/robot_ws/install/tb3_pkg/lib/python3.8/site-packages'
[32.805s] Level 1:colcon.colcon_core.shell:create_environment_hook('tb3_pkg', 'pythonpath')
[32.914s] INFO:colcon.colcon_core.shell:Creating environment hook '/home/sdh/robot_ws/install/tb3_pkg/share/tb3_pkg/hook/pythonpath.ps1'
[32.915s] INFO:colcon.colcon_core.shell:Creating environment descriptor '/home/sdh/robot_ws/install/tb3_pkg/share/tb3_pkg/hook/pythonpath.dsv'
[32.915s] INFO:colcon.colcon_core.shell:Creating environment hook '/home/sdh/robot_ws/install/tb3_pkg/share/tb3_pkg/hook/pythonpath.sh'
[32.915s] Level 1:colcon.colcon_core.environment:checking '/home/sdh/robot_ws/install/tb3_pkg/bin'
[32.916s] Level 1:colcon.colcon_core.environment:create_environment_scripts_only(tb3_pkg)
[33.015s] INFO:colcon.colcon_core.shell:Creating package script '/home/sdh/robot_ws/install/tb3_pkg/share/tb3_pkg/package.ps1'
[33.027s] INFO:colcon.colcon_core.shell:Creating package descriptor '/home/sdh/robot_ws/install/tb3_pkg/share/tb3_pkg/package.dsv'
[33.028s] INFO:colcon.colcon_core.shell:Creating package script '/home/sdh/robot_ws/install/tb3_pkg/share/tb3_pkg/package.sh'
[33.029s] INFO:colcon.colcon_core.shell:Creating package script '/home/sdh/robot_ws/install/tb3_pkg/share/tb3_pkg/package.bash'
[33.046s] INFO:colcon.colcon_core.shell:Creating package script '/home/sdh/robot_ws/install/tb3_pkg/share/tb3_pkg/package.zsh'
[33.081s] Level 1:colcon.colcon_core.environment:create_file_with_runtime_dependencies(/home/sdh/robot_ws/install/tb3_pkg/share/colcon-core/packages/tb3_pkg)
[33.082s] Level 1:colcon.colcon_core.shell:create_environment_hook('py_pubsub', 'pythonpath_develop')
[33.084s] DEBUG:colcon.colcon_core.event_handler.log_command:Invoked command in '/home/sdh/robot_ws/build/py_pubsub' returned '0': PYTHONPATH=/home/sdh/robot_ws/build/py_pubsub/prefix_override:/home/sdh/robot_ws/install/py_pubsub/lib/python3.8/site-packages:${PYTHONPATH} /usr/bin/python3 setup.py develop --editable --build-directory /home/sdh/robot_ws/build/py_pubsub/build --no-deps install_data
[33.212s] INFO:colcon.colcon_core.shell:Creating environment hook '/home/sdh/robot_ws/build/py_pubsub/share/py_pubsub/hook/pythonpath_develop.ps1'
[33.213s] INFO:colcon.colcon_core.shell:Creating environment descriptor '/home/sdh/robot_ws/build/py_pubsub/share/py_pubsub/hook/pythonpath_develop.dsv'
[33.213s] INFO:colcon.colcon_core.shell:Creating environment hook '/home/sdh/robot_ws/build/py_pubsub/share/py_pubsub/hook/pythonpath_develop.sh'
[33.325s] Level 1:colcon.colcon_core.environment:checking '/home/sdh/robot_ws/install/py_pubsub' for CMake module files
[33.325s] Level 1:colcon.colcon_core.environment:checking '/home/sdh/robot_ws/install/py_pubsub' for CMake config files
[33.326s] Level 1:colcon.colcon_core.environment:checking '/home/sdh/robot_ws/install/py_pubsub/lib'
[33.326s] Level 1:colcon.colcon_core.environment:checking '/home/sdh/robot_ws/install/py_pubsub/bin'
[33.326s] Level 1:colcon.colcon_core.environment:checking '/home/sdh/robot_ws/install/py_pubsub/lib/pkgconfig/py_pubsub.pc'
[33.326s] Level 1:colcon.colcon_core.environment:checking '/home/sdh/robot_ws/install/py_pubsub/lib/python3.8/site-packages'
[33.326s] Level 1:colcon.colcon_core.shell:create_environment_hook('py_pubsub', 'pythonpath')
[33.431s] INFO:colcon.colcon_core.shell:Creating environment hook '/home/sdh/robot_ws/install/py_pubsub/share/py_pubsub/hook/pythonpath.ps1'
[33.431s] INFO:colcon.colcon_core.shell:Creating environment descriptor '/home/sdh/robot_ws/install/py_pubsub/share/py_pubsub/hook/pythonpath.dsv'
[33.432s] INFO:colcon.colcon_core.shell:Creating environment hook '/home/sdh/robot_ws/install/py_pubsub/share/py_pubsub/hook/pythonpath.sh'
[33.432s] Level 1:colcon.colcon_core.environment:checking '/home/sdh/robot_ws/install/py_pubsub/bin'
[33.432s] Level 1:colcon.colcon_core.environment:create_environment_scripts_only(py_pubsub)
[33.537s] INFO:colcon.colcon_core.shell:Creating package script '/home/sdh/robot_ws/install/py_pubsub/share/py_pubsub/package.ps1'
[33.537s] INFO:colcon.colcon_core.shell:Creating package descriptor '/home/sdh/robot_ws/install/py_pubsub/share/py_pubsub/package.dsv'
[33.538s] INFO:colcon.colcon_core.shell:Creating package script '/home/sdh/robot_ws/install/py_pubsub/share/py_pubsub/package.sh'
[33.538s] INFO:colcon.colcon_core.shell:Creating package script '/home/sdh/robot_ws/install/py_pubsub/share/py_pubsub/package.bash'
[33.538s] INFO:colcon.colcon_core.shell:Creating package script '/home/sdh/robot_ws/install/py_pubsub/share/py_pubsub/package.zsh'
[33.539s] Level 1:colcon.colcon_core.environment:create_file_with_runtime_dependencies(/home/sdh/robot_ws/install/py_pubsub/share/colcon-core/packages/py_pubsub)
[33.539s] Level 1:colcon.colcon_core.shell:create_environment_hook('opencv', 'pythonpath_develop')
[33.540s] DEBUG:colcon.colcon_core.event_handler.log_command:Invoked command in '/home/sdh/robot_ws/build/opencv' returned '0': PYTHONPATH=/home/sdh/robot_ws/build/opencv/prefix_override:/home/sdh/robot_ws/install/opencv/lib/python3.8/site-packages:${PYTHONPATH} /usr/bin/python3 setup.py develop --editable --build-directory /home/sdh/robot_ws/build/opencv/build --no-deps install_data
[33.641s] INFO:colcon.colcon_core.shell:Creating environment hook '/home/sdh/robot_ws/build/opencv/share/opencv/hook/pythonpath_develop.ps1'
[33.641s] INFO:colcon.colcon_core.shell:Creating environment descriptor '/home/sdh/robot_ws/build/opencv/share/opencv/hook/pythonpath_develop.dsv'
[33.642s] INFO:colcon.colcon_core.shell:Creating environment hook '/home/sdh/robot_ws/build/opencv/share/opencv/hook/pythonpath_develop.sh'
[33.742s] Level 1:colcon.colcon_core.environment:checking '/home/sdh/robot_ws/install/opencv' for CMake module files
[33.742s] Level 1:colcon.colcon_core.environment:checking '/home/sdh/robot_ws/install/opencv' for CMake config files
[33.743s] Level 1:colcon.colcon_core.environment:checking '/home/sdh/robot_ws/install/opencv/lib'
[33.743s] Level 1:colcon.colcon_core.environment:checking '/home/sdh/robot_ws/install/opencv/bin'
[33.743s] Level 1:colcon.colcon_core.environment:checking '/home/sdh/robot_ws/install/opencv/lib/pkgconfig/opencv.pc'
[33.743s] Level 1:colcon.colcon_core.environment:checking '/home/sdh/robot_ws/install/opencv/lib/python3.8/site-packages'
[33.743s] Level 1:colcon.colcon_core.shell:create_environment_hook('opencv', 'pythonpath')
[33.846s] INFO:colcon.colcon_core.shell:Creating environment hook '/home/sdh/robot_ws/install/opencv/share/opencv/hook/pythonpath.ps1'
[33.847s] INFO:colcon.colcon_core.shell:Creating environment descriptor '/home/sdh/robot_ws/install/opencv/share/opencv/hook/pythonpath.dsv'
[33.847s] INFO:colcon.colcon_core.shell:Creating environment hook '/home/sdh/robot_ws/install/opencv/share/opencv/hook/pythonpath.sh'
[33.847s] Level 1:colcon.colcon_core.environment:checking '/home/sdh/robot_ws/install/opencv/bin'
[33.847s] Level 1:colcon.colcon_core.environment:create_environment_scripts_only(opencv)
[33.947s] INFO:colcon.colcon_core.shell:Creating package script '/home/sdh/robot_ws/install/opencv/share/opencv/package.ps1'
[33.948s] INFO:colcon.colcon_core.shell:Creating package descriptor '/home/sdh/robot_ws/install/opencv/share/opencv/package.dsv'
[33.948s] INFO:colcon.colcon_core.shell:Creating package script '/home/sdh/robot_ws/install/opencv/share/opencv/package.sh'
[33.949s] INFO:colcon.colcon_core.shell:Creating package script '/home/sdh/robot_ws/install/opencv/share/opencv/package.bash'
[33.949s] INFO:colcon.colcon_core.shell:Creating package script '/home/sdh/robot_ws/install/opencv/share/opencv/package.zsh'
[33.949s] Level 1:colcon.colcon_core.environment:create_file_with_runtime_dependencies(/home/sdh/robot_ws/install/opencv/share/colcon-core/packages/opencv)
[33.949s] Level 1:colcon.colcon_core.shell:create_environment_hook('turtle_pkg', 'pythonpath_develop')
[33.950s] DEBUG:colcon.colcon_core.event_handler.log_command:Invoked command in '/home/sdh/robot_ws/build/turtle_pkg' returned '0': PYTHONPATH=/home/sdh/robot_ws/build/turtle_pkg/prefix_override:/home/sdh/robot_ws/install/turtle_pkg/lib/python3.8/site-packages:${PYTHONPATH} /usr/bin/python3 setup.py develop --editable --build-directory /home/sdh/robot_ws/build/turtle_pkg/build --no-deps install_data
[34.050s] INFO:colcon.colcon_core.shell:Creating environment hook '/home/sdh/robot_ws/build/turtle_pkg/share/turtle_pkg/hook/pythonpath_develop.ps1'
[34.050s] INFO:colcon.colcon_core.shell:Creating environment descriptor '/home/sdh/robot_ws/build/turtle_pkg/share/turtle_pkg/hook/pythonpath_develop.dsv'
[34.051s] INFO:colcon.colcon_core.shell:Creating environment hook '/home/sdh/robot_ws/build/turtle_pkg/share/turtle_pkg/hook/pythonpath_develop.sh'
[34.151s] Level 1:colcon.colcon_core.environment:checking '/home/sdh/robot_ws/install/turtle_pkg' for CMake module files
[34.151s] Level 1:colcon.colcon_core.environment:checking '/home/sdh/robot_ws/install/turtle_pkg' for CMake config files
[34.152s] Level 1:colcon.colcon_core.environment:checking '/home/sdh/robot_ws/install/turtle_pkg/lib'
[34.152s] Level 1:colcon.colcon_core.environment:checking '/home/sdh/robot_ws/install/turtle_pkg/bin'
[34.152s] Level 1:colcon.colcon_core.environment:checking '/home/sdh/robot_ws/install/turtle_pkg/lib/pkgconfig/turtle_pkg.pc'
[34.152s] Level 1:colcon.colcon_core.environment:checking '/home/sdh/robot_ws/install/turtle_pkg/lib/python3.8/site-packages'
[34.152s] Level 1:colcon.colcon_core.shell:create_environment_hook('turtle_pkg', 'pythonpath')
[34.251s] INFO:colcon.colcon_core.shell:Creating environment hook '/home/sdh/robot_ws/install/turtle_pkg/share/turtle_pkg/hook/pythonpath.ps1'
[34.252s] INFO:colcon.colcon_core.shell:Creating environment descriptor '/home/sdh/robot_ws/install/turtle_pkg/share/turtle_pkg/hook/pythonpath.dsv'
[34.252s] INFO:colcon.colcon_core.shell:Creating environment hook '/home/sdh/robot_ws/install/turtle_pkg/share/turtle_pkg/hook/pythonpath.sh'
[34.253s] Level 1:colcon.colcon_core.environment:checking '/home/sdh/robot_ws/install/turtle_pkg/bin'
[34.253s] Level 1:colcon.colcon_core.environment:create_environment_scripts_only(turtle_pkg)
[34.352s] INFO:colcon.colcon_core.shell:Creating package script '/home/sdh/robot_ws/install/turtle_pkg/share/turtle_pkg/package.ps1'
[34.353s] INFO:colcon.colcon_core.shell:Creating package descriptor '/home/sdh/robot_ws/install/turtle_pkg/share/turtle_pkg/package.dsv'
[34.353s] INFO:colcon.colcon_core.shell:Creating package script '/home/sdh/robot_ws/install/turtle_pkg/share/turtle_pkg/package.sh'
[34.354s] INFO:colcon.colcon_core.shell:Creating package script '/home/sdh/robot_ws/install/turtle_pkg/share/turtle_pkg/package.bash'
[34.354s] INFO:colcon.colcon_core.shell:Creating package script '/home/sdh/robot_ws/install/turtle_pkg/share/turtle_pkg/package.zsh'
[34.354s] Level 1:colcon.colcon_core.environment:create_file_with_runtime_dependencies(/home/sdh/robot_ws/install/turtle_pkg/share/colcon-core/packages/turtle_pkg)
[34.354s] DEBUG:colcon.colcon_parallel_executor.executor.parallel:closing loop
[34.355s] DEBUG:colcon.colcon_parallel_executor.executor.parallel:loop closed
[34.355s] DEBUG:colcon.colcon_parallel_executor.executor.parallel:run_until_complete finished with '0'
[34.355s] DEBUG:colcon.colcon_core.event_reactor:joining thread
[34.490s] INFO:colcon.colcon_core.plugin_system:Skipping extension 'colcon_notification.desktop_notification.terminal_notifier': Not used on non-Darwin systems
[34.490s] INFO:colcon.colcon_core.plugin_system:Skipping extension 'colcon_notification.desktop_notification.win32': Not used on non-Windows systems
[34.490s] INFO:colcon.colcon_notification.desktop_notification:Sending desktop notification using 'notify2'
[34.503s] DEBUG:colcon.colcon_core.event_reactor:joined thread
[34.605s] INFO:colcon.colcon_core.shell:Creating prefix script '/home/sdh/robot_ws/install/local_setup.ps1'
[34.606s] INFO:colcon.colcon_core.shell:Creating prefix util module '/home/sdh/robot_ws/install/_local_setup_util_ps1.py'
[34.607s] INFO:colcon.colcon_core.shell:Creating prefix chain script '/home/sdh/robot_ws/install/setup.ps1'
[34.707s] INFO:colcon.colcon_core.shell:Creating prefix script '/home/sdh/robot_ws/install/local_setup.sh'
[34.708s] INFO:colcon.colcon_core.shell:Creating prefix util module '/home/sdh/robot_ws/install/_local_setup_util_sh.py'
[34.708s] INFO:colcon.colcon_core.shell:Creating prefix chain script '/home/sdh/robot_ws/install/setup.sh'
[34.809s] INFO:colcon.colcon_core.shell:Creating prefix script '/home/sdh/robot_ws/install/local_setup.bash'
[34.809s] INFO:colcon.colcon_core.shell:Creating prefix chain script '/home/sdh/robot_ws/install/setup.bash'
[34.910s] INFO:colcon.colcon_core.shell:Creating prefix script '/home/sdh/robot_ws/install/local_setup.zsh'
[34.910s] INFO:colcon.colcon_core.shell:Creating prefix chain script '/home/sdh/robot_ws/install/setup.zsh'
