/home/sdh/robot_ws/install/py_pubsub/lib/python3.8/site-packages/py_pubsub/sub_by_kb.py
/home/sdh/robot_ws/install/py_pubsub/lib/python3.8/site-packages/py_pubsub/minimal_sub.py
/home/sdh/robot_ws/install/py_pubsub/lib/python3.8/site-packages/py_pubsub/minimal_pub.py
/home/sdh/robot_ws/install/py_pubsub/lib/python3.8/site-packages/py_pubsub/__init__.py
/home/sdh/robot_ws/install/py_pubsub/lib/python3.8/site-packages/py_pubsub/pub_by_kb.py
/home/sdh/robot_ws/install/py_pubsub/lib/python3.8/site-packages/py_pubsub/timer_test.py
/home/sdh/robot_ws/install/py_pubsub/lib/python3.8/site-packages/py_pubsub/getchar.py
/home/sdh/robot_ws/install/py_pubsub/lib/python3.8/site-packages/py_pubsub/__pycache__/sub_by_kb.cpython-38.pyc
/home/sdh/robot_ws/install/py_pubsub/lib/python3.8/site-packages/py_pubsub/__pycache__/minimal_sub.cpython-38.pyc
/home/sdh/robot_ws/install/py_pubsub/lib/python3.8/site-packages/py_pubsub/__pycache__/minimal_pub.cpython-38.pyc
/home/sdh/robot_ws/install/py_pubsub/lib/python3.8/site-packages/py_pubsub/__pycache__/__init__.cpython-38.pyc
/home/sdh/robot_ws/install/py_pubsub/lib/python3.8/site-packages/py_pubsub/__pycache__/pub_by_kb.cpython-38.pyc
/home/sdh/robot_ws/install/py_pubsub/lib/python3.8/site-packages/py_pubsub/__pycache__/timer_test.cpython-38.pyc
/home/sdh/robot_ws/install/py_pubsub/lib/python3.8/site-packages/py_pubsub/__pycache__/getchar.cpython-38.pyc
/home/sdh/robot_ws/install/py_pubsub/share/ament_index/resource_index/packages/py_pubsub
/home/sdh/robot_ws/install/py_pubsub/share/py_pubsub/package.xml
/home/sdh/robot_ws/install/py_pubsub/lib/python3.8/site-packages/py_pubsub-0.0.0-py3.8.egg-info/top_level.txt
/home/sdh/robot_ws/install/py_pubsub/lib/python3.8/site-packages/py_pubsub-0.0.0-py3.8.egg-info/SOURCES.txt
/home/sdh/robot_ws/install/py_pubsub/lib/python3.8/site-packages/py_pubsub-0.0.0-py3.8.egg-info/zip-safe
/home/sdh/robot_ws/install/py_pubsub/lib/python3.8/site-packages/py_pubsub-0.0.0-py3.8.egg-info/PKG-INFO
/home/sdh/robot_ws/install/py_pubsub/lib/python3.8/site-packages/py_pubsub-0.0.0-py3.8.egg-info/dependency_links.txt
/home/sdh/robot_ws/install/py_pubsub/lib/python3.8/site-packages/py_pubsub-0.0.0-py3.8.egg-info/entry_points.txt
/home/sdh/robot_ws/install/py_pubsub/lib/python3.8/site-packages/py_pubsub-0.0.0-py3.8.egg-info/requires.txt
/home/sdh/robot_ws/install/py_pubsub/lib/py_pubsub/listener
/home/sdh/robot_ws/install/py_pubsub/lib/py_pubsub/pub_by_kb
/home/sdh/robot_ws/install/py_pubsub/lib/py_pubsub/sub_by_kb
/home/sdh/robot_ws/install/py_pubsub/lib/py_pubsub/talker
/home/sdh/robot_ws/install/py_pubsub/lib/py_pubsub/timer_test
