[1.610s] Invoking command in '/home/sdh/robot_ws/build/py_pubsub': PYTHONPATH=/home/sdh/robot_ws/build/py_pubsub/prefix_override:/home/sdh/robot_ws/install/py_pubsub/lib/python3.8/site-packages:${PYTHONPATH} /usr/bin/python3 setup.py develop --editable --build-directory /home/sdh/robot_ws/build/py_pubsub/build --no-deps install_data
[1.868s] running develop
[2.015s] running egg_info
[2.015s] writing py_pubsub.egg-info/PKG-INFO
[2.016s] writing dependency_links to py_pubsub.egg-info/dependency_links.txt
[2.016s] writing entry points to py_pubsub.egg-info/entry_points.txt
[2.016s] writing requirements to py_pubsub.egg-info/requires.txt
[2.016s] writing top-level names to py_pubsub.egg-info/top_level.txt
[2.048s] reading manifest file 'py_pubsub.egg-info/SOURCES.txt'
[2.049s] writing manifest file 'py_pubsub.egg-info/SOURCES.txt'
[2.083s] running build_ext
[2.083s] Creating /home/sdh/robot_ws/install/py_pubsub/lib/python3.8/site-packages/py-pubsub.egg-link (link to .)
[2.084s] Installing listener script to /home/sdh/robot_ws/install/py_pubsub/lib/py_pubsub
[2.084s] Installing sdh_talker script to /home/sdh/robot_ws/install/py_pubsub/lib/py_pubsub
[2.085s] Installing talker script to /home/sdh/robot_ws/install/py_pubsub/lib/py_pubsub
[2.085s] Installing timer_test script to /home/sdh/robot_ws/install/py_pubsub/lib/py_pubsub
[2.085s] 
[2.085s] Installed /home/sdh/robot_ws/build/py_pubsub
[2.085s] running install_data
[2.109s] Invoked command in '/home/sdh/robot_ws/build/py_pubsub' returned '0': PYTHONPATH=/home/sdh/robot_ws/build/py_pubsub/prefix_override:/home/sdh/robot_ws/install/py_pubsub/lib/python3.8/site-packages:${PYTHONPATH} /usr/bin/python3 setup.py develop --editable --build-directory /home/sdh/robot_ws/build/py_pubsub/build --no-deps install_data
