running egg_info
writing ../../build/tb3_pkg/tb3_pkg.egg-info/PKG-INFO
writing dependency_links to ../../build/tb3_pkg/tb3_pkg.egg-info/dependency_links.txt
writing entry points to ../../build/tb3_pkg/tb3_pkg.egg-info/entry_points.txt
writing requirements to ../../build/tb3_pkg/tb3_pkg.egg-info/requires.txt
writing top-level names to ../../build/tb3_pkg/tb3_pkg.egg-info/top_level.txt
reading manifest file '../../build/tb3_pkg/tb3_pkg.egg-info/SOURCES.txt'
writing manifest file '../../build/tb3_pkg/tb3_pkg.egg-info/SOURCES.txt'
running build
running build_py
running install
running install_lib
running install_data
running install_egg_info
removing '/home/sdh/robot_ws/install/tb3_pkg/lib/python3.8/site-packages/tb3_pkg-0.0.0-py3.8.egg-info' (and everything under it)
Copying ../../build/tb3_pkg/tb3_pkg.egg-info to /home/sdh/robot_ws/install/tb3_pkg/lib/python3.8/site-packages/tb3_pkg-0.0.0-py3.8.egg-info
running install_scripts
Installing pub_tb3_pose2d script to /home/sdh/robot_ws/install/tb3_pkg/lib/tb3_pkg
Installing remote_tb3 script to /home/sdh/robot_ws/install/tb3_pkg/lib/tb3_pkg
Installing sub_laser script to /home/sdh/robot_ws/install/tb3_pkg/lib/tb3_pkg
Installing sub_odom script to /home/sdh/robot_ws/install/tb3_pkg/lib/tb3_pkg
Installing test_move_tb3 script to /home/sdh/robot_ws/install/tb3_pkg/lib/tb3_pkg
writing list of installed files to '/home/sdh/robot_ws/build/tb3_pkg/install.log'
