[5.447s] Invoking command in '/home/sdh/robot_ws/src/tb3_pkg': PYTHONPATH=/home/sdh/robot_ws/build/tb3_pkg/prefix_override:/home/sdh/robot_ws/install/tb3_pkg/lib/python3.8/site-packages:${PYTHONPATH} /usr/bin/python3 setup.py egg_info --egg-base ../../build/tb3_pkg build --build-base /home/sdh/robot_ws/build/tb3_pkg/build install --record /home/sdh/robot_ws/build/tb3_pkg/install.log --install-scripts $base/lib/tb3_pkg --single-version-externally-managed
[5.691s] running egg_info
[5.692s] writing ../../build/tb3_pkg/tb3_pkg.egg-info/PKG-INFO
[5.692s] writing dependency_links to ../../build/tb3_pkg/tb3_pkg.egg-info/dependency_links.txt
[5.693s] writing entry points to ../../build/tb3_pkg/tb3_pkg.egg-info/entry_points.txt
[5.693s] writing requirements to ../../build/tb3_pkg/tb3_pkg.egg-info/requires.txt
[5.693s] writing top-level names to ../../build/tb3_pkg/tb3_pkg.egg-info/top_level.txt
[5.731s] reading manifest file '../../build/tb3_pkg/tb3_pkg.egg-info/SOURCES.txt'
[5.732s] writing manifest file '../../build/tb3_pkg/tb3_pkg.egg-info/SOURCES.txt'
[5.732s] running build
[5.732s] running build_py
[5.733s] running install
[5.734s] running install_lib
[5.736s] running install_data
[5.737s] running install_egg_info
[5.739s] removing '/home/sdh/robot_ws/install/tb3_pkg/lib/python3.8/site-packages/tb3_pkg-0.0.0-py3.8.egg-info' (and everything under it)
[5.739s] Copying ../../build/tb3_pkg/tb3_pkg.egg-info to /home/sdh/robot_ws/install/tb3_pkg/lib/python3.8/site-packages/tb3_pkg-0.0.0-py3.8.egg-info
[5.740s] running install_scripts
[5.761s] Installing pub_tb3_pose2d script to /home/sdh/robot_ws/install/tb3_pkg/lib/tb3_pkg
[5.761s] Installing remote_tb3 script to /home/sdh/robot_ws/install/tb3_pkg/lib/tb3_pkg
[5.762s] Installing sub_laser script to /home/sdh/robot_ws/install/tb3_pkg/lib/tb3_pkg
[5.762s] Installing sub_odom script to /home/sdh/robot_ws/install/tb3_pkg/lib/tb3_pkg
[5.762s] Installing test_move_tb3 script to /home/sdh/robot_ws/install/tb3_pkg/lib/tb3_pkg
[5.762s] writing list of installed files to '/home/sdh/robot_ws/build/tb3_pkg/install.log'
[6.142s] Invoked command in '/home/sdh/robot_ws/src/tb3_pkg' returned '0': PYTHONPATH=/home/sdh/robot_ws/build/tb3_pkg/prefix_override:/home/sdh/robot_ws/install/tb3_pkg/lib/python3.8/site-packages:${PYTHONPATH} /usr/bin/python3 setup.py egg_info --egg-base ../../build/tb3_pkg build --build-base /home/sdh/robot_ws/build/tb3_pkg/build install --record /home/sdh/robot_ws/build/tb3_pkg/install.log --install-scripts $base/lib/tb3_pkg --single-version-externally-managed
