[5.283s] Invoking command in '/home/sdh/robot_ws/build/turtle_pkg': PYTHONPATH=/home/sdh/robot_ws/build/turtle_pkg/prefix_override:/home/sdh/robot_ws/install/turtle_pkg/lib/python3.8/site-packages:${PYTHONPATH} /usr/bin/python3 setup.py develop --uninstall --editable --build-directory /home/sdh/robot_ws/build/turtle_pkg/build
[5.700s] running develop
[5.912s] Removing /home/sdh/robot_ws/install/turtle_pkg/lib/python3.8/site-packages/turtle-pkg.egg-link (link to .)
[6.544s] Invoked command in '/home/sdh/robot_ws/build/turtle_pkg' returned '0': PYTHONPATH=/home/sdh/robot_ws/build/turtle_pkg/prefix_override:/home/sdh/robot_ws/install/turtle_pkg/lib/python3.8/site-packages:${PYTHONPATH} /usr/bin/python3 setup.py develop --uninstall --editable --build-directory /home/sdh/robot_ws/build/turtle_pkg/build
[6.552s] Invoking command in '/home/sdh/robot_ws/src/turtle_pkg': PYTHONPATH=/home/sdh/robot_ws/build/turtle_pkg/prefix_override:/home/sdh/robot_ws/install/turtle_pkg/lib/python3.8/site-packages:${PYTHONPATH} /usr/bin/python3 setup.py egg_info --egg-base ../../build/turtle_pkg build --build-base /home/sdh/robot_ws/build/turtle_pkg/build install --record /home/sdh/robot_ws/build/turtle_pkg/install.log --install-scripts $base/lib/turtle_pkg --single-version-externally-managed
[7.500s] running egg_info
[7.501s] writing ../../build/turtle_pkg/turtle_pkg.egg-info/PKG-INFO
[7.501s] writing dependency_links to ../../build/turtle_pkg/turtle_pkg.egg-info/dependency_links.txt
[7.501s] writing entry points to ../../build/turtle_pkg/turtle_pkg.egg-info/entry_points.txt
[7.501s] writing requirements to ../../build/turtle_pkg/turtle_pkg.egg-info/requires.txt
[7.501s] writing top-level names to ../../build/turtle_pkg/turtle_pkg.egg-info/top_level.txt
[7.502s] reading manifest file '../../build/turtle_pkg/turtle_pkg.egg-info/SOURCES.txt'
[7.502s] writing manifest file '../../build/turtle_pkg/turtle_pkg.egg-info/SOURCES.txt'
[7.502s] running build
[7.502s] running build_py
[7.502s] running install
[7.502s] running install_lib
[7.503s] creating /home/sdh/robot_ws/install/turtle_pkg/lib/python3.8/site-packages/turtle_pkg
[7.503s] copying /home/sdh/robot_ws/build/turtle_pkg/build/lib/turtle_pkg/__init__.py -> /home/sdh/robot_ws/install/turtle_pkg/lib/python3.8/site-packages/turtle_pkg
[7.503s] copying /home/sdh/robot_ws/build/turtle_pkg/build/lib/turtle_pkg/sub-turtle_pose.py -> /home/sdh/robot_ws/install/turtle_pkg/lib/python3.8/site-packages/turtle_pkg
[7.503s] copying /home/sdh/robot_ws/build/turtle_pkg/build/lib/turtle_pkg/getchar.py -> /home/sdh/robot_ws/install/turtle_pkg/lib/python3.8/site-packages/turtle_pkg
[7.503s] copying /home/sdh/robot_ws/build/turtle_pkg/build/lib/turtle_pkg/remote_tb3.py -> /home/sdh/robot_ws/install/turtle_pkg/lib/python3.8/site-packages/turtle_pkg
[7.503s] copying /home/sdh/robot_ws/build/turtle_pkg/build/lib/turtle_pkg/remote_turtle.py -> /home/sdh/robot_ws/install/turtle_pkg/lib/python3.8/site-packages/turtle_pkg
[7.504s] byte-compiling /home/sdh/robot_ws/install/turtle_pkg/lib/python3.8/site-packages/turtle_pkg/__init__.py to __init__.cpython-38.pyc
[7.504s] byte-compiling /home/sdh/robot_ws/install/turtle_pkg/lib/python3.8/site-packages/turtle_pkg/sub-turtle_pose.py to sub-turtle_pose.cpython-38.pyc
[7.504s] byte-compiling /home/sdh/robot_ws/install/turtle_pkg/lib/python3.8/site-packages/turtle_pkg/getchar.py to getchar.cpython-38.pyc
[7.504s] byte-compiling /home/sdh/robot_ws/install/turtle_pkg/lib/python3.8/site-packages/turtle_pkg/remote_tb3.py to remote_tb3.cpython-38.pyc
[7.504s] byte-compiling /home/sdh/robot_ws/install/turtle_pkg/lib/python3.8/site-packages/turtle_pkg/remote_turtle.py to remote_turtle.cpython-38.pyc
[7.505s] running install_data
[7.505s] running install_egg_info
[7.505s] Copying ../../build/turtle_pkg/turtle_pkg.egg-info to /home/sdh/robot_ws/install/turtle_pkg/lib/python3.8/site-packages/turtle_pkg-0.0.0-py3.8.egg-info
[7.505s] running install_scripts
[7.505s] Installing remote_tb3 script to /home/sdh/robot_ws/install/turtle_pkg/lib/turtle_pkg
[7.505s] Installing remote_turtle script to /home/sdh/robot_ws/install/turtle_pkg/lib/turtle_pkg
[7.506s] Installing sub_turtle_pose script to /home/sdh/robot_ws/install/turtle_pkg/lib/turtle_pkg
[7.506s] writing list of installed files to '/home/sdh/robot_ws/build/turtle_pkg/install.log'
[7.506s] Invoked command in '/home/sdh/robot_ws/src/turtle_pkg' returned '0': PYTHONPATH=/home/sdh/robot_ws/build/turtle_pkg/prefix_override:/home/sdh/robot_ws/install/turtle_pkg/lib/python3.8/site-packages:${PYTHONPATH} /usr/bin/python3 setup.py egg_info --egg-base ../../build/turtle_pkg build --build-base /home/sdh/robot_ws/build/turtle_pkg/build install --record /home/sdh/robot_ws/build/turtle_pkg/install.log --install-scripts $base/lib/turtle_pkg --single-version-externally-managed
