[5.456s] DEBUG:colcon:Command line arguments: ['/usr/bin/colcon', 'build', '--symlink-install']
[5.456s] DEBUG:colcon:Parsed command line arguments: Namespace(allow_overriding=[], ament_cmake_args=None, base_paths=['.'], build_base='build', catkin_cmake_args=None, catkin_skip_building_tests=False, cmake_args=None, cmake_clean_cache=False, cmake_clean_first=False, cmake_force_configure=False, cmake_target=None, cmake_target_skip_unavailable=False, continue_on_error=False, event_handlers=None, executor='parallel', ignore_user_meta=False, install_base='install', log_base=None, log_level=None, main=<bound method BuildVerb.main of <colcon_core.verb.build.BuildVerb object at 0x7fcc9e77fe80>>, merge_install=False, metas=['./colcon.meta'], packages_above=None, packages_above_and_dependencies=None, packages_above_depth=None, packages_end=None, packages_ignore=None, packages_ignore_regex=None, packages_select=None, packages_select_build_failed=False, packages_select_by_dep=None, packages_select_regex=None, packages_select_test_failures=False, packages_skip=None, packages_skip_build_finished=False, packages_skip_by_dep=None, packages_skip_regex=None, packages_skip_test_passed=False, packages_skip_up_to=None, packages_start=None, packages_up_to=None, packages_up_to_regex=None, parallel_workers=8, paths=None, symlink_install=True, test_result_base=None, verb_extension=<colcon_core.verb.build.BuildVerb object at 0x7fcc9e77fe80>, verb_name='build', verb_parser=<colcon_defaults.argument_parser.defaults.DefaultArgumentsDecorator object at 0x7fcc9e735be0>)
[5.671s] Level 1:colcon.colcon_core.package_discovery:discover_packages(colcon_meta) check parameters
[5.671s] Level 1:colcon.colcon_core.package_discovery:discover_packages(recursive) check parameters
[5.671s] Level 1:colcon.colcon_core.package_discovery:discover_packages(ignore) check parameters
[5.671s] Level 1:colcon.colcon_core.package_discovery:discover_packages(path) check parameters
[5.671s] Level 1:colcon.colcon_core.package_discovery:discover_packages(colcon_meta) discover
[5.672s] Level 1:colcon.colcon_core.package_discovery:discover_packages(recursive) discover
[5.672s] INFO:colcon.colcon_core.package_discovery:Crawling recursively for packages in '/home/sdh/robot_ws'
[5.672s] Level 1:colcon.colcon_core.package_identification:_identify(.) by extensions ['ignore', 'ignore_ament_install']
[5.672s] Level 1:colcon.colcon_core.package_identification:_identify(.) by extension 'ignore'
[5.672s] Level 1:colcon.colcon_core.package_identification:_identify(.) by extension 'ignore_ament_install'
[5.672s] Level 1:colcon.colcon_core.package_identification:_identify(.) by extensions ['colcon_pkg']
[5.672s] Level 1:colcon.colcon_core.package_identification:_identify(.) by extension 'colcon_pkg'
[5.672s] Level 1:colcon.colcon_core.package_identification:_identify(.) by extensions ['colcon_meta']
[5.672s] Level 1:colcon.colcon_core.package_identification:_identify(.) by extension 'colcon_meta'
[5.672s] Level 1:colcon.colcon_core.package_identification:_identify(.) by extensions ['ros']
[5.672s] Level 1:colcon.colcon_core.package_identification:_identify(.) by extension 'ros'
[5.683s] Level 1:colcon.colcon_core.package_identification:_identify(.) by extensions ['cmake', 'python']
[5.683s] Level 1:colcon.colcon_core.package_identification:_identify(.) by extension 'cmake'
[5.683s] Level 1:colcon.colcon_core.package_identification:_identify(.) by extension 'python'
[5.683s] Level 1:colcon.colcon_core.package_identification:_identify(.) by extensions ['python_setup_py']
[5.683s] Level 1:colcon.colcon_core.package_identification:_identify(.) by extension 'python_setup_py'
[5.683s] Level 1:colcon.colcon_core.package_identification:_identify(build) by extensions ['ignore', 'ignore_ament_install']
[5.683s] Level 1:colcon.colcon_core.package_identification:_identify(build) by extension 'ignore'
[5.683s] Level 1:colcon.colcon_core.package_identification:_identify(build) ignored
[5.683s] Level 1:colcon.colcon_core.package_identification:_identify(install) by extensions ['ignore', 'ignore_ament_install']
[5.683s] Level 1:colcon.colcon_core.package_identification:_identify(install) by extension 'ignore'
[5.683s] Level 1:colcon.colcon_core.package_identification:_identify(install) ignored
[5.683s] Level 1:colcon.colcon_core.package_identification:_identify(log) by extensions ['ignore', 'ignore_ament_install']
[5.683s] Level 1:colcon.colcon_core.package_identification:_identify(log) by extension 'ignore'
[5.684s] Level 1:colcon.colcon_core.package_identification:_identify(log) ignored
[5.684s] Level 1:colcon.colcon_core.package_identification:_identify(src) by extensions ['ignore', 'ignore_ament_install']
[5.684s] Level 1:colcon.colcon_core.package_identification:_identify(src) by extension 'ignore'
[5.684s] Level 1:colcon.colcon_core.package_identification:_identify(src) by extension 'ignore_ament_install'
[5.684s] Level 1:colcon.colcon_core.package_identification:_identify(src) by extensions ['colcon_pkg']
[5.684s] Level 1:colcon.colcon_core.package_identification:_identify(src) by extension 'colcon_pkg'
[5.684s] Level 1:colcon.colcon_core.package_identification:_identify(src) by extensions ['colcon_meta']
[5.684s] Level 1:colcon.colcon_core.package_identification:_identify(src) by extension 'colcon_meta'
[5.684s] Level 1:colcon.colcon_core.package_identification:_identify(src) by extensions ['ros']
[5.684s] Level 1:colcon.colcon_core.package_identification:_identify(src) by extension 'ros'
[5.684s] Level 1:colcon.colcon_core.package_identification:_identify(src) by extensions ['cmake', 'python']
[5.684s] Level 1:colcon.colcon_core.package_identification:_identify(src) by extension 'cmake'
[5.684s] Level 1:colcon.colcon_core.package_identification:_identify(src) by extension 'python'
[5.684s] Level 1:colcon.colcon_core.package_identification:_identify(src) by extensions ['python_setup_py']
[5.684s] Level 1:colcon.colcon_core.package_identification:_identify(src) by extension 'python_setup_py'
[5.684s] Level 1:colcon.colcon_core.package_identification:_identify(src/py_pubsub) by extensions ['ignore', 'ignore_ament_install']
[5.684s] Level 1:colcon.colcon_core.package_identification:_identify(src/py_pubsub) by extension 'ignore'
[5.684s] Level 1:colcon.colcon_core.package_identification:_identify(src/py_pubsub) by extension 'ignore_ament_install'
[5.685s] Level 1:colcon.colcon_core.package_identification:_identify(src/py_pubsub) by extensions ['colcon_pkg']
[5.685s] Level 1:colcon.colcon_core.package_identification:_identify(src/py_pubsub) by extension 'colcon_pkg'
[5.685s] Level 1:colcon.colcon_core.package_identification:_identify(src/py_pubsub) by extensions ['colcon_meta']
[5.685s] Level 1:colcon.colcon_core.package_identification:_identify(src/py_pubsub) by extension 'colcon_meta'
[5.685s] Level 1:colcon.colcon_core.package_identification:_identify(src/py_pubsub) by extensions ['ros']
[5.685s] Level 1:colcon.colcon_core.package_identification:_identify(src/py_pubsub) by extension 'ros'
[5.687s] DEBUG:colcon.colcon_core.package_identification:Package 'src/py_pubsub' with type 'ros.ament_python' and name 'py_pubsub'
[5.687s] Level 1:colcon.colcon_core.package_identification:_identify(src/turtle_pkg) by extensions ['ignore', 'ignore_ament_install']
[5.688s] Level 1:colcon.colcon_core.package_identification:_identify(src/turtle_pkg) by extension 'ignore'
[5.688s] Level 1:colcon.colcon_core.package_identification:_identify(src/turtle_pkg) by extension 'ignore_ament_install'
[5.688s] Level 1:colcon.colcon_core.package_identification:_identify(src/turtle_pkg) by extensions ['colcon_pkg']
[5.688s] Level 1:colcon.colcon_core.package_identification:_identify(src/turtle_pkg) by extension 'colcon_pkg'
[5.688s] Level 1:colcon.colcon_core.package_identification:_identify(src/turtle_pkg) by extensions ['colcon_meta']
[5.688s] Level 1:colcon.colcon_core.package_identification:_identify(src/turtle_pkg) by extension 'colcon_meta'
[5.688s] Level 1:colcon.colcon_core.package_identification:_identify(src/turtle_pkg) by extensions ['ros']
[5.688s] Level 1:colcon.colcon_core.package_identification:_identify(src/turtle_pkg) by extension 'ros'
[5.688s] DEBUG:colcon.colcon_core.package_identification:Package 'src/turtle_pkg' with type 'ros.ament_python' and name 'turtle_pkg'
[5.688s] Level 1:colcon.colcon_core.package_discovery:discover_packages(recursive) using defaults
[5.688s] Level 1:colcon.colcon_core.package_discovery:discover_packages(ignore) discover
[5.689s] Level 1:colcon.colcon_core.package_discovery:discover_packages(ignore) using defaults
[5.689s] Level 1:colcon.colcon_core.package_discovery:discover_packages(path) discover
[5.689s] Level 1:colcon.colcon_core.package_discovery:discover_packages(path) using defaults
[6.193s] Level 1:colcon.colcon_core.package_discovery:discover_packages(prefix_path) check parameters
[6.193s] Level 1:colcon.colcon_core.package_discovery:discover_packages(prefix_path) discover
[6.391s] DEBUG:colcon.colcon_installed_package_information.package_discovery:Found 2 installed packages in /home/sdh/robot_ws/install
[6.489s] DEBUG:colcon.colcon_installed_package_information.package_discovery:Found 3 installed packages in /home/sdh/turtlebot3_ws/install
[6.596s] DEBUG:colcon.colcon_installed_package_information.package_discovery:Found 336 installed packages in /opt/ros/foxy
[6.598s] Level 1:colcon.colcon_core.package_discovery:discover_packages(prefix_path) using defaults
[6.874s] Level 5:colcon.colcon_core.verb:set package 'py_pubsub' build argument 'cmake_args' from command line to 'None'
[6.874s] Level 5:colcon.colcon_core.verb:set package 'py_pubsub' build argument 'cmake_target' from command line to 'None'
[6.874s] Level 5:colcon.colcon_core.verb:set package 'py_pubsub' build argument 'cmake_target_skip_unavailable' from command line to 'False'
[6.874s] Level 5:colcon.colcon_core.verb:set package 'py_pubsub' build argument 'cmake_clean_cache' from command line to 'False'
[6.874s] Level 5:colcon.colcon_core.verb:set package 'py_pubsub' build argument 'cmake_clean_first' from command line to 'False'
[6.874s] Level 5:colcon.colcon_core.verb:set package 'py_pubsub' build argument 'cmake_force_configure' from command line to 'False'
[6.874s] Level 5:colcon.colcon_core.verb:set package 'py_pubsub' build argument 'ament_cmake_args' from command line to 'None'
[6.874s] Level 5:colcon.colcon_core.verb:set package 'py_pubsub' build argument 'catkin_cmake_args' from command line to 'None'
[6.874s] Level 5:colcon.colcon_core.verb:set package 'py_pubsub' build argument 'catkin_skip_building_tests' from command line to 'False'
[6.874s] DEBUG:colcon.colcon_core.verb:Building package 'py_pubsub' with the following arguments: {'ament_cmake_args': None, 'build_base': '/home/sdh/robot_ws/build/py_pubsub', 'catkin_cmake_args': None, 'catkin_skip_building_tests': False, 'cmake_args': None, 'cmake_clean_cache': False, 'cmake_clean_first': False, 'cmake_force_configure': False, 'cmake_target': None, 'cmake_target_skip_unavailable': False, 'install_base': '/home/sdh/robot_ws/install/py_pubsub', 'merge_install': False, 'path': '/home/sdh/robot_ws/src/py_pubsub', 'symlink_install': True, 'test_result_base': None}
[6.972s] Level 5:colcon.colcon_core.verb:set package 'turtle_pkg' build argument 'cmake_args' from command line to 'None'
[6.972s] Level 5:colcon.colcon_core.verb:set package 'turtle_pkg' build argument 'cmake_target' from command line to 'None'
[6.972s] Level 5:colcon.colcon_core.verb:set package 'turtle_pkg' build argument 'cmake_target_skip_unavailable' from command line to 'False'
[6.972s] Level 5:colcon.colcon_core.verb:set package 'turtle_pkg' build argument 'cmake_clean_cache' from command line to 'False'
[6.972s] Level 5:colcon.colcon_core.verb:set package 'turtle_pkg' build argument 'cmake_clean_first' from command line to 'False'
[6.972s] Level 5:colcon.colcon_core.verb:set package 'turtle_pkg' build argument 'cmake_force_configure' from command line to 'False'
[6.972s] Level 5:colcon.colcon_core.verb:set package 'turtle_pkg' build argument 'ament_cmake_args' from command line to 'None'
[6.972s] Level 5:colcon.colcon_core.verb:set package 'turtle_pkg' build argument 'catkin_cmake_args' from command line to 'None'
[6.972s] Level 5:colcon.colcon_core.verb:set package 'turtle_pkg' build argument 'catkin_skip_building_tests' from command line to 'False'
[6.972s] DEBUG:colcon.colcon_core.verb:Building package 'turtle_pkg' with the following arguments: {'ament_cmake_args': None, 'build_base': '/home/sdh/robot_ws/build/turtle_pkg', 'catkin_cmake_args': None, 'catkin_skip_building_tests': False, 'cmake_args': None, 'cmake_clean_cache': False, 'cmake_clean_first': False, 'cmake_force_configure': False, 'cmake_target': None, 'cmake_target_skip_unavailable': False, 'install_base': '/home/sdh/robot_ws/install/turtle_pkg', 'merge_install': False, 'path': '/home/sdh/robot_ws/src/turtle_pkg', 'symlink_install': True, 'test_result_base': None}
[7.069s] INFO:colcon.colcon_core.executor:Executing jobs using 'parallel' executor
[7.167s] DEBUG:colcon.colcon_parallel_executor.executor.parallel:run_until_complete
[7.167s] INFO:colcon.colcon_ros.task.ament_python.build:Building ROS package in '/home/sdh/robot_ws/src/py_pubsub' with build type 'ament_python'
[7.167s] Level 1:colcon.colcon_core.shell:create_environment_hook('py_pubsub', 'ament_prefix_path')
[7.272s] INFO:colcon.colcon_core.plugin_system:Skipping extension 'colcon_core.shell.bat': Not used on non-Windows systems
[7.272s] INFO:colcon.colcon_core.shell:Creating environment hook '/home/sdh/robot_ws/install/py_pubsub/share/py_pubsub/hook/ament_prefix_path.ps1'
[7.273s] INFO:colcon.colcon_core.shell:Creating environment descriptor '/home/sdh/robot_ws/install/py_pubsub/share/py_pubsub/hook/ament_prefix_path.dsv'
[7.273s] INFO:colcon.colcon_core.shell:Creating environment hook '/home/sdh/robot_ws/install/py_pubsub/share/py_pubsub/hook/ament_prefix_path.sh'
[7.373s] INFO:colcon.colcon_core.shell:Skip shell extension 'powershell' for command environment: Not usable outside of PowerShell
[7.373s] DEBUG:colcon.colcon_core.shell:Skip shell extension 'dsv' for command environment
[7.773s] INFO:colcon.colcon_ros.task.ament_python.build:Building ROS package in '/home/sdh/robot_ws/src/turtle_pkg' with build type 'ament_python'
[7.773s] Level 1:colcon.colcon_core.shell:create_environment_hook('turtle_pkg', 'ament_prefix_path')
[7.887s] INFO:colcon.colcon_core.shell:Creating environment hook '/home/sdh/robot_ws/install/turtle_pkg/share/turtle_pkg/hook/ament_prefix_path.ps1'
[7.888s] INFO:colcon.colcon_core.shell:Creating environment descriptor '/home/sdh/robot_ws/install/turtle_pkg/share/turtle_pkg/hook/ament_prefix_path.dsv'
[7.888s] INFO:colcon.colcon_core.shell:Creating environment hook '/home/sdh/robot_ws/install/turtle_pkg/share/turtle_pkg/hook/ament_prefix_path.sh'
[7.988s] INFO:colcon.colcon_core.shell:Skip shell extension 'powershell' for command environment: Not usable outside of PowerShell
[7.988s] DEBUG:colcon.colcon_core.shell:Skip shell extension 'dsv' for command environment
[8.623s] INFO:colcon.colcon_core.task.python.build:Building Python package in '/home/sdh/robot_ws/src/py_pubsub'
[8.724s] INFO:colcon.colcon_core.shell:Skip shell extension 'powershell' for command environment: Not usable outside of PowerShell
[8.724s] DEBUG:colcon.colcon_core.shell:Skip shell extension 'dsv' for command environment
[9.360s] INFO:colcon.colcon_core.task.python.build:Building Python package in '/home/sdh/robot_ws/src/turtle_pkg'
[9.462s] INFO:colcon.colcon_core.shell:Skip shell extension 'powershell' for command environment: Not usable outside of PowerShell
[9.462s] DEBUG:colcon.colcon_core.shell:Skip shell extension 'dsv' for command environment
[10.265s] DEBUG:colcon.colcon_core.event_handler.log_command:Invoking command in '/home/sdh/robot_ws/build/py_pubsub': PYTHONPATH=/home/sdh/robot_ws/build/py_pubsub/prefix_override:/home/sdh/robot_ws/install/py_pubsub/lib/python3.8/site-packages:${PYTHONPATH} /usr/bin/python3 setup.py develop --editable --build-directory /home/sdh/robot_ws/build/py_pubsub/build --no-deps install_data
[10.280s] DEBUG:colcon.colcon_core.event_handler.log_command:Invoking command in '/home/sdh/robot_ws/build/turtle_pkg': PYTHONPATH=/home/sdh/robot_ws/build/turtle_pkg/prefix_override:/home/sdh/robot_ws/install/turtle_pkg/lib/python3.8/site-packages:${PYTHONPATH} /usr/bin/python3 setup.py develop --editable --build-directory /home/sdh/robot_ws/build/turtle_pkg/build --no-deps install_data
[10.745s] Level 1:colcon.colcon_core.shell:create_environment_hook('py_pubsub', 'pythonpath_develop')
[10.745s] DEBUG:colcon.colcon_core.event_handler.log_command:Invoked command in '/home/sdh/robot_ws/build/py_pubsub' returned '0': PYTHONPATH=/home/sdh/robot_ws/build/py_pubsub/prefix_override:/home/sdh/robot_ws/install/py_pubsub/lib/python3.8/site-packages:${PYTHONPATH} /usr/bin/python3 setup.py develop --editable --build-directory /home/sdh/robot_ws/build/py_pubsub/build --no-deps install_data
[10.850s] INFO:colcon.colcon_core.shell:Creating environment hook '/home/sdh/robot_ws/build/py_pubsub/share/py_pubsub/hook/pythonpath_develop.ps1'
[10.850s] INFO:colcon.colcon_core.shell:Creating environment descriptor '/home/sdh/robot_ws/build/py_pubsub/share/py_pubsub/hook/pythonpath_develop.dsv'
[10.850s] INFO:colcon.colcon_core.shell:Creating environment hook '/home/sdh/robot_ws/build/py_pubsub/share/py_pubsub/hook/pythonpath_develop.sh'
[10.957s] Level 1:colcon.colcon_core.environment:checking '/home/sdh/robot_ws/install/py_pubsub' for CMake module files
[10.958s] Level 1:colcon.colcon_core.environment:checking '/home/sdh/robot_ws/install/py_pubsub' for CMake config files
[10.959s] Level 1:colcon.colcon_core.environment:checking '/home/sdh/robot_ws/install/py_pubsub/lib'
[10.959s] Level 1:colcon.colcon_core.environment:checking '/home/sdh/robot_ws/install/py_pubsub/bin'
[10.959s] Level 1:colcon.colcon_core.environment:checking '/home/sdh/robot_ws/install/py_pubsub/lib/pkgconfig/py_pubsub.pc'
[10.959s] Level 1:colcon.colcon_core.environment:checking '/home/sdh/robot_ws/install/py_pubsub/lib/python3.8/site-packages'
[10.959s] Level 1:colcon.colcon_core.shell:create_environment_hook('py_pubsub', 'pythonpath')
[11.063s] INFO:colcon.colcon_core.shell:Creating environment hook '/home/sdh/robot_ws/install/py_pubsub/share/py_pubsub/hook/pythonpath.ps1'
[11.064s] INFO:colcon.colcon_core.shell:Creating environment descriptor '/home/sdh/robot_ws/install/py_pubsub/share/py_pubsub/hook/pythonpath.dsv'
[11.064s] INFO:colcon.colcon_core.shell:Creating environment hook '/home/sdh/robot_ws/install/py_pubsub/share/py_pubsub/hook/pythonpath.sh'
[11.065s] Level 1:colcon.colcon_core.environment:checking '/home/sdh/robot_ws/install/py_pubsub/bin'
[11.065s] Level 1:colcon.colcon_core.environment:create_environment_scripts_only(py_pubsub)
[11.165s] INFO:colcon.colcon_core.shell:Creating package script '/home/sdh/robot_ws/install/py_pubsub/share/py_pubsub/package.ps1'
[11.166s] INFO:colcon.colcon_core.shell:Creating package descriptor '/home/sdh/robot_ws/install/py_pubsub/share/py_pubsub/package.dsv'
[11.166s] INFO:colcon.colcon_core.shell:Creating package script '/home/sdh/robot_ws/install/py_pubsub/share/py_pubsub/package.sh'
[11.167s] INFO:colcon.colcon_core.shell:Creating package script '/home/sdh/robot_ws/install/py_pubsub/share/py_pubsub/package.bash'
[11.168s] INFO:colcon.colcon_core.shell:Creating package script '/home/sdh/robot_ws/install/py_pubsub/share/py_pubsub/package.zsh'
[11.168s] Level 1:colcon.colcon_core.environment:create_file_with_runtime_dependencies(/home/sdh/robot_ws/install/py_pubsub/share/colcon-core/packages/py_pubsub)
[11.170s] Level 1:colcon.colcon_core.shell:create_environment_hook('turtle_pkg', 'pythonpath_develop')
[11.170s] DEBUG:colcon.colcon_core.event_handler.log_command:Invoked command in '/home/sdh/robot_ws/build/turtle_pkg' returned '0': PYTHONPATH=/home/sdh/robot_ws/build/turtle_pkg/prefix_override:/home/sdh/robot_ws/install/turtle_pkg/lib/python3.8/site-packages:${PYTHONPATH} /usr/bin/python3 setup.py develop --editable --build-directory /home/sdh/robot_ws/build/turtle_pkg/build --no-deps install_data
[11.279s] INFO:colcon.colcon_core.shell:Creating environment hook '/home/sdh/robot_ws/build/turtle_pkg/share/turtle_pkg/hook/pythonpath_develop.ps1'
[11.279s] INFO:colcon.colcon_core.shell:Creating environment descriptor '/home/sdh/robot_ws/build/turtle_pkg/share/turtle_pkg/hook/pythonpath_develop.dsv'
[11.279s] INFO:colcon.colcon_core.shell:Creating environment hook '/home/sdh/robot_ws/build/turtle_pkg/share/turtle_pkg/hook/pythonpath_develop.sh'
[11.380s] Level 1:colcon.colcon_core.environment:checking '/home/sdh/robot_ws/install/turtle_pkg' for CMake module files
[11.380s] Level 1:colcon.colcon_core.environment:checking '/home/sdh/robot_ws/install/turtle_pkg' for CMake config files
[11.381s] Level 1:colcon.colcon_core.environment:checking '/home/sdh/robot_ws/install/turtle_pkg/lib'
[11.381s] Level 1:colcon.colcon_core.environment:checking '/home/sdh/robot_ws/install/turtle_pkg/bin'
[11.381s] Level 1:colcon.colcon_core.environment:checking '/home/sdh/robot_ws/install/turtle_pkg/lib/pkgconfig/turtle_pkg.pc'
[11.381s] Level 1:colcon.colcon_core.environment:checking '/home/sdh/robot_ws/install/turtle_pkg/lib/python3.8/site-packages'
[11.381s] Level 1:colcon.colcon_core.shell:create_environment_hook('turtle_pkg', 'pythonpath')
[11.481s] INFO:colcon.colcon_core.shell:Creating environment hook '/home/sdh/robot_ws/install/turtle_pkg/share/turtle_pkg/hook/pythonpath.ps1'
[11.481s] INFO:colcon.colcon_core.shell:Creating environment descriptor '/home/sdh/robot_ws/install/turtle_pkg/share/turtle_pkg/hook/pythonpath.dsv'
[11.481s] INFO:colcon.colcon_core.shell:Creating environment hook '/home/sdh/robot_ws/install/turtle_pkg/share/turtle_pkg/hook/pythonpath.sh'
[11.482s] Level 1:colcon.colcon_core.environment:checking '/home/sdh/robot_ws/install/turtle_pkg/bin'
[11.482s] Level 1:colcon.colcon_core.environment:create_environment_scripts_only(turtle_pkg)
[11.581s] INFO:colcon.colcon_core.shell:Creating package script '/home/sdh/robot_ws/install/turtle_pkg/share/turtle_pkg/package.ps1'
[11.582s] INFO:colcon.colcon_core.shell:Creating package descriptor '/home/sdh/robot_ws/install/turtle_pkg/share/turtle_pkg/package.dsv'
[11.582s] INFO:colcon.colcon_core.shell:Creating package script '/home/sdh/robot_ws/install/turtle_pkg/share/turtle_pkg/package.sh'
[11.583s] INFO:colcon.colcon_core.shell:Creating package script '/home/sdh/robot_ws/install/turtle_pkg/share/turtle_pkg/package.bash'
[11.583s] INFO:colcon.colcon_core.shell:Creating package script '/home/sdh/robot_ws/install/turtle_pkg/share/turtle_pkg/package.zsh'
[11.583s] Level 1:colcon.colcon_core.environment:create_file_with_runtime_dependencies(/home/sdh/robot_ws/install/turtle_pkg/share/colcon-core/packages/turtle_pkg)
[11.584s] DEBUG:colcon.colcon_parallel_executor.executor.parallel:closing loop
[11.584s] DEBUG:colcon.colcon_parallel_executor.executor.parallel:loop closed
[11.584s] DEBUG:colcon.colcon_parallel_executor.executor.parallel:run_until_complete finished with '0'
[11.584s] DEBUG:colcon.colcon_core.event_reactor:joining thread
[11.692s] INFO:colcon.colcon_core.plugin_system:Skipping extension 'colcon_notification.desktop_notification.terminal_notifier': Not used on non-Darwin systems
[11.692s] INFO:colcon.colcon_core.plugin_system:Skipping extension 'colcon_notification.desktop_notification.win32': Not used on non-Windows systems
[11.692s] INFO:colcon.colcon_notification.desktop_notification:Sending desktop notification using 'notify2'
[11.706s] DEBUG:colcon.colcon_core.event_reactor:joined thread
[11.855s] INFO:colcon.colcon_core.shell:Creating prefix script '/home/sdh/robot_ws/install/local_setup.ps1'
[11.857s] INFO:colcon.colcon_core.shell:Creating prefix util module '/home/sdh/robot_ws/install/_local_setup_util_ps1.py'
[11.860s] INFO:colcon.colcon_core.shell:Creating prefix chain script '/home/sdh/robot_ws/install/setup.ps1'
[11.980s] INFO:colcon.colcon_core.shell:Creating prefix script '/home/sdh/robot_ws/install/local_setup.sh'
[11.980s] INFO:colcon.colcon_core.shell:Creating prefix util module '/home/sdh/robot_ws/install/_local_setup_util_sh.py'
[11.981s] INFO:colcon.colcon_core.shell:Creating prefix chain script '/home/sdh/robot_ws/install/setup.sh'
[12.080s] INFO:colcon.colcon_core.shell:Creating prefix script '/home/sdh/robot_ws/install/local_setup.bash'
[12.081s] INFO:colcon.colcon_core.shell:Creating prefix chain script '/home/sdh/robot_ws/install/setup.bash'
[12.180s] INFO:colcon.colcon_core.shell:Creating prefix script '/home/sdh/robot_ws/install/local_setup.zsh'
[12.181s] INFO:colcon.colcon_core.shell:Creating prefix chain script '/home/sdh/robot_ws/install/setup.zsh'
