running develop
running egg_info
creating tb3_pkg.egg-info
writing tb3_pkg.egg-info/PKG-INFO
writing dependency_links to tb3_pkg.egg-info/dependency_links.txt
writing entry points to tb3_pkg.egg-info/entry_points.txt
writing requirements to tb3_pkg.egg-info/requires.txt
writing top-level names to tb3_pkg.egg-info/top_level.txt
writing manifest file 'tb3_pkg.egg-info/SOURCES.txt'
reading manifest file 'tb3_pkg.egg-info/SOURCES.txt'
writing manifest file 'tb3_pkg.egg-info/SOURCES.txt'
running build_ext
Creating /home/sdh/robot_ws/install/tb3_pkg/lib/python3.8/site-packages/site.py
Creating /home/sdh/robot_ws/install/tb3_pkg/lib/python3.8/site-packages/tb3-pkg.egg-link (link to .)
Installing pub_tb3_pose2d script to /home/sdh/robot_ws/install/tb3_pkg/lib/tb3_pkg
Installing remote_tb3 script to /home/sdh/robot_ws/install/tb3_pkg/lib/tb3_pkg
Installing sub_laser script to /home/sdh/robot_ws/install/tb3_pkg/lib/tb3_pkg
Installing sub_odom script to /home/sdh/robot_ws/install/tb3_pkg/lib/tb3_pkg
Installing test_move_tb3 script to /home/sdh/robot_ws/install/tb3_pkg/lib/tb3_pkg

Installed /home/sdh/robot_ws/build/tb3_pkg
running install_data
creating /home/sdh/robot_ws/install/tb3_pkg/share/ament_index
creating /home/sdh/robot_ws/install/tb3_pkg/share/ament_index/resource_index
creating /home/sdh/robot_ws/install/tb3_pkg/share/ament_index/resource_index/packages
copying resource/tb3_pkg -> /home/sdh/robot_ws/install/tb3_pkg/share/ament_index/resource_index/packages
copying package.xml -> /home/sdh/robot_ws/install/tb3_pkg/share/tb3_pkg
