[7.738s] Invoking command in '/home/sdh/robot_ws/src/opencv': PYTHONPATH=/home/sdh/robot_ws/build/opencv/prefix_override:/home/sdh/robot_ws/install/opencv/lib/python3.8/site-packages:${PYTHONPATH} /usr/bin/python3 setup.py egg_info --egg-base ../../build/opencv build --build-base /home/sdh/robot_ws/build/opencv/build install --record /home/sdh/robot_ws/build/opencv/install.log --install-scripts $base/lib/opencv --single-version-externally-managed
[8.077s] running egg_info
[8.078s] writing ../../build/opencv/opencv.egg-info/PKG-INFO
[8.078s] writing dependency_links to ../../build/opencv/opencv.egg-info/dependency_links.txt
[8.078s] writing entry points to ../../build/opencv/opencv.egg-info/entry_points.txt
[8.079s] writing requirements to ../../build/opencv/opencv.egg-info/requires.txt
[8.079s] writing top-level names to ../../build/opencv/opencv.egg-info/top_level.txt
[8.128s] reading manifest file '../../build/opencv/opencv.egg-info/SOURCES.txt'
[8.129s] writing manifest file '../../build/opencv/opencv.egg-info/SOURCES.txt'
[8.129s] running build
[8.130s] running build_py
[8.130s] running install
[8.130s] running install_lib
[8.131s] running install_data
[8.131s] running install_egg_info
[8.133s] removing '/home/sdh/robot_ws/install/opencv/lib/python3.8/site-packages/opencv-0.0.0-py3.8.egg-info' (and everything under it)
[8.133s] Copying ../../build/opencv/opencv.egg-info to /home/sdh/robot_ws/install/opencv/lib/python3.8/site-packages/opencv-0.0.0-py3.8.egg-info
[8.135s] running install_scripts
[8.153s] Installing grayscale script to /home/sdh/robot_ws/install/opencv/lib/opencv
[8.153s] writing list of installed files to '/home/sdh/robot_ws/build/opencv/install.log'
[9.284s] Invoked command in '/home/sdh/robot_ws/src/opencv' returned '0': PYTHONPATH=/home/sdh/robot_ws/build/opencv/prefix_override:/home/sdh/robot_ws/install/opencv/lib/python3.8/site-packages:${PYTHONPATH} /usr/bin/python3 setup.py egg_info --egg-base ../../build/opencv build --build-base /home/sdh/robot_ws/build/opencv/build install --record /home/sdh/robot_ws/build/opencv/install.log --install-scripts $base/lib/opencv --single-version-externally-managed
