[5.518s] DEBUG:colcon:Command line arguments: ['/usr/bin/colcon', 'build']
[5.519s] DEBUG:colcon:Parsed command line arguments: Namespace(allow_overriding=[], ament_cmake_args=None, base_paths=['.'], build_base='build', catkin_cmake_args=None, catkin_skip_building_tests=False, cmake_args=None, cmake_clean_cache=False, cmake_clean_first=False, cmake_force_configure=False, cmake_target=None, cmake_target_skip_unavailable=False, continue_on_error=False, event_handlers=None, executor='parallel', ignore_user_meta=False, install_base='install', log_base=None, log_level=None, main=<bound method BuildVerb.main of <colcon_core.verb.build.BuildVerb object at 0x7f4e37d6c400>>, merge_install=False, metas=['./colcon.meta'], packages_above=None, packages_above_and_dependencies=None, packages_above_depth=None, packages_end=None, packages_ignore=None, packages_ignore_regex=None, packages_select=None, packages_select_build_failed=False, packages_select_by_dep=None, packages_select_regex=None, packages_select_test_failures=False, packages_skip=None, packages_skip_build_finished=False, packages_skip_by_dep=None, packages_skip_regex=None, packages_skip_test_passed=False, packages_skip_up_to=None, packages_start=None, packages_up_to=None, packages_up_to_regex=None, parallel_workers=8, paths=None, symlink_install=False, test_result_base=None, verb_extension=<colcon_core.verb.build.BuildVerb object at 0x7f4e37d6c400>, verb_name='build', verb_parser=<colcon_defaults.argument_parser.defaults.DefaultArgumentsDecorator object at 0x7f4e37d47fa0>)
[5.745s] Level 1:colcon.colcon_core.package_discovery:discover_packages(colcon_meta) check parameters
[5.745s] Level 1:colcon.colcon_core.package_discovery:discover_packages(recursive) check parameters
[5.745s] Level 1:colcon.colcon_core.package_discovery:discover_packages(ignore) check parameters
[5.745s] Level 1:colcon.colcon_core.package_discovery:discover_packages(path) check parameters
[5.745s] Level 1:colcon.colcon_core.package_discovery:discover_packages(colcon_meta) discover
[5.745s] Level 1:colcon.colcon_core.package_discovery:discover_packages(recursive) discover
[5.745s] INFO:colcon.colcon_core.package_discovery:Crawling recursively for packages in '/home/sdh/robot_ws'
[5.745s] Level 1:colcon.colcon_core.package_identification:_identify(.) by extensions ['ignore', 'ignore_ament_install']
[5.745s] Level 1:colcon.colcon_core.package_identification:_identify(.) by extension 'ignore'
[5.745s] Level 1:colcon.colcon_core.package_identification:_identify(.) by extension 'ignore_ament_install'
[5.745s] Level 1:colcon.colcon_core.package_identification:_identify(.) by extensions ['colcon_pkg']
[5.745s] Level 1:colcon.colcon_core.package_identification:_identify(.) by extension 'colcon_pkg'
[5.745s] Level 1:colcon.colcon_core.package_identification:_identify(.) by extensions ['colcon_meta']
[5.745s] Level 1:colcon.colcon_core.package_identification:_identify(.) by extension 'colcon_meta'
[5.746s] Level 1:colcon.colcon_core.package_identification:_identify(.) by extensions ['ros']
[5.746s] Level 1:colcon.colcon_core.package_identification:_identify(.) by extension 'ros'
[5.756s] Level 1:colcon.colcon_core.package_identification:_identify(.) by extensions ['cmake', 'python']
[5.756s] Level 1:colcon.colcon_core.package_identification:_identify(.) by extension 'cmake'
[5.756s] Level 1:colcon.colcon_core.package_identification:_identify(.) by extension 'python'
[5.756s] Level 1:colcon.colcon_core.package_identification:_identify(.) by extensions ['python_setup_py']
[5.756s] Level 1:colcon.colcon_core.package_identification:_identify(.) by extension 'python_setup_py'
[5.756s] Level 1:colcon.colcon_core.package_identification:_identify(build) by extensions ['ignore', 'ignore_ament_install']
[5.757s] Level 1:colcon.colcon_core.package_identification:_identify(build) by extension 'ignore'
[5.757s] Level 1:colcon.colcon_core.package_identification:_identify(build) ignored
[5.757s] Level 1:colcon.colcon_core.package_identification:_identify(install) by extensions ['ignore', 'ignore_ament_install']
[5.757s] Level 1:colcon.colcon_core.package_identification:_identify(install) by extension 'ignore'
[5.757s] Level 1:colcon.colcon_core.package_identification:_identify(install) ignored
[5.757s] Level 1:colcon.colcon_core.package_identification:_identify(log) by extensions ['ignore', 'ignore_ament_install']
[5.757s] Level 1:colcon.colcon_core.package_identification:_identify(log) by extension 'ignore'
[5.757s] Level 1:colcon.colcon_core.package_identification:_identify(log) ignored
[5.757s] Level 1:colcon.colcon_core.package_identification:_identify(src) by extensions ['ignore', 'ignore_ament_install']
[5.757s] Level 1:colcon.colcon_core.package_identification:_identify(src) by extension 'ignore'
[5.757s] Level 1:colcon.colcon_core.package_identification:_identify(src) by extension 'ignore_ament_install'
[5.757s] Level 1:colcon.colcon_core.package_identification:_identify(src) by extensions ['colcon_pkg']
[5.757s] Level 1:colcon.colcon_core.package_identification:_identify(src) by extension 'colcon_pkg'
[5.757s] Level 1:colcon.colcon_core.package_identification:_identify(src) by extensions ['colcon_meta']
[5.758s] Level 1:colcon.colcon_core.package_identification:_identify(src) by extension 'colcon_meta'
[5.758s] Level 1:colcon.colcon_core.package_identification:_identify(src) by extensions ['ros']
[5.758s] Level 1:colcon.colcon_core.package_identification:_identify(src) by extension 'ros'
[5.758s] Level 1:colcon.colcon_core.package_identification:_identify(src) by extensions ['cmake', 'python']
[5.758s] Level 1:colcon.colcon_core.package_identification:_identify(src) by extension 'cmake'
[5.758s] Level 1:colcon.colcon_core.package_identification:_identify(src) by extension 'python'
[5.758s] Level 1:colcon.colcon_core.package_identification:_identify(src) by extensions ['python_setup_py']
[5.758s] Level 1:colcon.colcon_core.package_identification:_identify(src) by extension 'python_setup_py'
[5.758s] Level 1:colcon.colcon_core.package_identification:_identify(src/build) by extensions ['ignore', 'ignore_ament_install']
[5.758s] Level 1:colcon.colcon_core.package_identification:_identify(src/build) by extension 'ignore'
[5.758s] Level 1:colcon.colcon_core.package_identification:_identify(src/build) ignored
[5.758s] Level 1:colcon.colcon_core.package_identification:_identify(src/install) by extensions ['ignore', 'ignore_ament_install']
[5.758s] Level 1:colcon.colcon_core.package_identification:_identify(src/install) by extension 'ignore'
[5.758s] Level 1:colcon.colcon_core.package_identification:_identify(src/install) ignored
[5.758s] Level 1:colcon.colcon_core.package_identification:_identify(src/log) by extensions ['ignore', 'ignore_ament_install']
[5.758s] Level 1:colcon.colcon_core.package_identification:_identify(src/log) by extension 'ignore'
[5.758s] Level 1:colcon.colcon_core.package_identification:_identify(src/log) ignored
[5.759s] Level 1:colcon.colcon_core.package_identification:_identify(src/opencv) by extensions ['ignore', 'ignore_ament_install']
[5.759s] Level 1:colcon.colcon_core.package_identification:_identify(src/opencv) by extension 'ignore'
[5.759s] Level 1:colcon.colcon_core.package_identification:_identify(src/opencv) by extension 'ignore_ament_install'
[5.759s] Level 1:colcon.colcon_core.package_identification:_identify(src/opencv) by extensions ['colcon_pkg']
[5.759s] Level 1:colcon.colcon_core.package_identification:_identify(src/opencv) by extension 'colcon_pkg'
[5.759s] Level 1:colcon.colcon_core.package_identification:_identify(src/opencv) by extensions ['colcon_meta']
[5.759s] Level 1:colcon.colcon_core.package_identification:_identify(src/opencv) by extension 'colcon_meta'
[5.759s] Level 1:colcon.colcon_core.package_identification:_identify(src/opencv) by extensions ['ros']
[5.759s] Level 1:colcon.colcon_core.package_identification:_identify(src/opencv) by extension 'ros'
[5.761s] DEBUG:colcon.colcon_core.package_identification:Package 'src/opencv' with type 'ros.ament_python' and name 'opencv'
[5.761s] Level 1:colcon.colcon_core.package_identification:_identify(src/py_pubsub) by extensions ['ignore', 'ignore_ament_install']
[5.762s] Level 1:colcon.colcon_core.package_identification:_identify(src/py_pubsub) by extension 'ignore'
[5.762s] Level 1:colcon.colcon_core.package_identification:_identify(src/py_pubsub) by extension 'ignore_ament_install'
[5.762s] Level 1:colcon.colcon_core.package_identification:_identify(src/py_pubsub) by extensions ['colcon_pkg']
[5.762s] Level 1:colcon.colcon_core.package_identification:_identify(src/py_pubsub) by extension 'colcon_pkg'
[5.762s] Level 1:colcon.colcon_core.package_identification:_identify(src/py_pubsub) by extensions ['colcon_meta']
[5.762s] Level 1:colcon.colcon_core.package_identification:_identify(src/py_pubsub) by extension 'colcon_meta'
[5.762s] Level 1:colcon.colcon_core.package_identification:_identify(src/py_pubsub) by extensions ['ros']
[5.762s] Level 1:colcon.colcon_core.package_identification:_identify(src/py_pubsub) by extension 'ros'
[5.762s] DEBUG:colcon.colcon_core.package_identification:Package 'src/py_pubsub' with type 'ros.ament_python' and name 'py_pubsub'
[5.763s] Level 1:colcon.colcon_core.package_identification:_identify(src/stm32) by extensions ['ignore', 'ignore_ament_install']
[5.763s] Level 1:colcon.colcon_core.package_identification:_identify(src/stm32) by extension 'ignore'
[5.763s] Level 1:colcon.colcon_core.package_identification:_identify(src/stm32) by extension 'ignore_ament_install'
[5.763s] Level 1:colcon.colcon_core.package_identification:_identify(src/stm32) by extensions ['colcon_pkg']
[5.763s] Level 1:colcon.colcon_core.package_identification:_identify(src/stm32) by extension 'colcon_pkg'
[5.763s] Level 1:colcon.colcon_core.package_identification:_identify(src/stm32) by extensions ['colcon_meta']
[5.763s] Level 1:colcon.colcon_core.package_identification:_identify(src/stm32) by extension 'colcon_meta'
[5.763s] Level 1:colcon.colcon_core.package_identification:_identify(src/stm32) by extensions ['ros']
[5.763s] Level 1:colcon.colcon_core.package_identification:_identify(src/stm32) by extension 'ros'
[5.763s] DEBUG:colcon.colcon_core.package_identification:Package 'src/stm32' with type 'ros.ament_python' and name 'stm32'
[5.763s] Level 1:colcon.colcon_core.package_identification:_identify(src/tb3_pkg) by extensions ['ignore', 'ignore_ament_install']
[5.764s] Level 1:colcon.colcon_core.package_identification:_identify(src/tb3_pkg) by extension 'ignore'
[5.764s] Level 1:colcon.colcon_core.package_identification:_identify(src/tb3_pkg) by extension 'ignore_ament_install'
[5.764s] Level 1:colcon.colcon_core.package_identification:_identify(src/tb3_pkg) by extensions ['colcon_pkg']
[5.764s] Level 1:colcon.colcon_core.package_identification:_identify(src/tb3_pkg) by extension 'colcon_pkg'
[5.764s] Level 1:colcon.colcon_core.package_identification:_identify(src/tb3_pkg) by extensions ['colcon_meta']
[5.764s] Level 1:colcon.colcon_core.package_identification:_identify(src/tb3_pkg) by extension 'colcon_meta'
[5.764s] Level 1:colcon.colcon_core.package_identification:_identify(src/tb3_pkg) by extensions ['ros']
[5.764s] Level 1:colcon.colcon_core.package_identification:_identify(src/tb3_pkg) by extension 'ros'
[5.764s] DEBUG:colcon.colcon_core.package_identification:Package 'src/tb3_pkg' with type 'ros.ament_python' and name 'tb3_pkg'
[5.764s] Level 1:colcon.colcon_core.package_identification:_identify(src/turtle_pkg) by extensions ['ignore', 'ignore_ament_install']
[5.765s] Level 1:colcon.colcon_core.package_identification:_identify(src/turtle_pkg) by extension 'ignore'
[5.765s] Level 1:colcon.colcon_core.package_identification:_identify(src/turtle_pkg) by extension 'ignore_ament_install'
[5.765s] Level 1:colcon.colcon_core.package_identification:_identify(src/turtle_pkg) by extensions ['colcon_pkg']
[5.765s] Level 1:colcon.colcon_core.package_identification:_identify(src/turtle_pkg) by extension 'colcon_pkg'
[5.765s] Level 1:colcon.colcon_core.package_identification:_identify(src/turtle_pkg) by extensions ['colcon_meta']
[5.765s] Level 1:colcon.colcon_core.package_identification:_identify(src/turtle_pkg) by extension 'colcon_meta'
[5.765s] Level 1:colcon.colcon_core.package_identification:_identify(src/turtle_pkg) by extensions ['ros']
[5.765s] Level 1:colcon.colcon_core.package_identification:_identify(src/turtle_pkg) by extension 'ros'
[5.765s] DEBUG:colcon.colcon_core.package_identification:Package 'src/turtle_pkg' with type 'ros.ament_python' and name 'turtle_pkg'
[5.766s] Level 1:colcon.colcon_core.package_discovery:discover_packages(recursive) using defaults
[5.766s] Level 1:colcon.colcon_core.package_discovery:discover_packages(ignore) discover
[5.766s] Level 1:colcon.colcon_core.package_discovery:discover_packages(ignore) using defaults
[5.766s] Level 1:colcon.colcon_core.package_discovery:discover_packages(path) discover
[5.766s] Level 1:colcon.colcon_core.package_discovery:discover_packages(path) using defaults
[6.278s] Level 1:colcon.colcon_core.package_discovery:discover_packages(prefix_path) check parameters
[6.278s] Level 1:colcon.colcon_core.package_discovery:discover_packages(prefix_path) discover
[6.477s] DEBUG:colcon.colcon_installed_package_information.package_discovery:Found 5 installed packages in /home/sdh/robot_ws/install
[6.576s] DEBUG:colcon.colcon_installed_package_information.package_discovery:Found 3 installed packages in /home/sdh/turtlebot3_ws/install
[6.678s] DEBUG:colcon.colcon_installed_package_information.package_discovery:Found 342 installed packages in /opt/ros/foxy
[6.679s] Level 1:colcon.colcon_core.package_discovery:discover_packages(prefix_path) using defaults
[6.970s] Level 5:colcon.colcon_core.verb:set package 'opencv' build argument 'cmake_args' from command line to 'None'
[6.970s] Level 5:colcon.colcon_core.verb:set package 'opencv' build argument 'cmake_target' from command line to 'None'
[6.970s] Level 5:colcon.colcon_core.verb:set package 'opencv' build argument 'cmake_target_skip_unavailable' from command line to 'False'
[6.970s] Level 5:colcon.colcon_core.verb:set package 'opencv' build argument 'cmake_clean_cache' from command line to 'False'
[6.970s] Level 5:colcon.colcon_core.verb:set package 'opencv' build argument 'cmake_clean_first' from command line to 'False'
[6.970s] Level 5:colcon.colcon_core.verb:set package 'opencv' build argument 'cmake_force_configure' from command line to 'False'
[6.970s] Level 5:colcon.colcon_core.verb:set package 'opencv' build argument 'ament_cmake_args' from command line to 'None'
[6.970s] Level 5:colcon.colcon_core.verb:set package 'opencv' build argument 'catkin_cmake_args' from command line to 'None'
[6.970s] Level 5:colcon.colcon_core.verb:set package 'opencv' build argument 'catkin_skip_building_tests' from command line to 'False'
[6.970s] DEBUG:colcon.colcon_core.verb:Building package 'opencv' with the following arguments: {'ament_cmake_args': None, 'build_base': '/home/sdh/robot_ws/build/opencv', 'catkin_cmake_args': None, 'catkin_skip_building_tests': False, 'cmake_args': None, 'cmake_clean_cache': False, 'cmake_clean_first': False, 'cmake_force_configure': False, 'cmake_target': None, 'cmake_target_skip_unavailable': False, 'install_base': '/home/sdh/robot_ws/install/opencv', 'merge_install': False, 'path': '/home/sdh/robot_ws/src/opencv', 'symlink_install': False, 'test_result_base': None}
[7.070s] Level 5:colcon.colcon_core.verb:set package 'py_pubsub' build argument 'cmake_args' from command line to 'None'
[7.070s] Level 5:colcon.colcon_core.verb:set package 'py_pubsub' build argument 'cmake_target' from command line to 'None'
[7.071s] Level 5:colcon.colcon_core.verb:set package 'py_pubsub' build argument 'cmake_target_skip_unavailable' from command line to 'False'
[7.071s] Level 5:colcon.colcon_core.verb:set package 'py_pubsub' build argument 'cmake_clean_cache' from command line to 'False'
[7.071s] Level 5:colcon.colcon_core.verb:set package 'py_pubsub' build argument 'cmake_clean_first' from command line to 'False'
[7.071s] Level 5:colcon.colcon_core.verb:set package 'py_pubsub' build argument 'cmake_force_configure' from command line to 'False'
[7.071s] Level 5:colcon.colcon_core.verb:set package 'py_pubsub' build argument 'ament_cmake_args' from command line to 'None'
[7.071s] Level 5:colcon.colcon_core.verb:set package 'py_pubsub' build argument 'catkin_cmake_args' from command line to 'None'
[7.071s] Level 5:colcon.colcon_core.verb:set package 'py_pubsub' build argument 'catkin_skip_building_tests' from command line to 'False'
[7.071s] DEBUG:colcon.colcon_core.verb:Building package 'py_pubsub' with the following arguments: {'ament_cmake_args': None, 'build_base': '/home/sdh/robot_ws/build/py_pubsub', 'catkin_cmake_args': None, 'catkin_skip_building_tests': False, 'cmake_args': None, 'cmake_clean_cache': False, 'cmake_clean_first': False, 'cmake_force_configure': False, 'cmake_target': None, 'cmake_target_skip_unavailable': False, 'install_base': '/home/sdh/robot_ws/install/py_pubsub', 'merge_install': False, 'path': '/home/sdh/robot_ws/src/py_pubsub', 'symlink_install': False, 'test_result_base': None}
[7.171s] Level 5:colcon.colcon_core.verb:set package 'stm32' build argument 'cmake_args' from command line to 'None'
[7.171s] Level 5:colcon.colcon_core.verb:set package 'stm32' build argument 'cmake_target' from command line to 'None'
[7.171s] Level 5:colcon.colcon_core.verb:set package 'stm32' build argument 'cmake_target_skip_unavailable' from command line to 'False'
[7.171s] Level 5:colcon.colcon_core.verb:set package 'stm32' build argument 'cmake_clean_cache' from command line to 'False'
[7.171s] Level 5:colcon.colcon_core.verb:set package 'stm32' build argument 'cmake_clean_first' from command line to 'False'
[7.171s] Level 5:colcon.colcon_core.verb:set package 'stm32' build argument 'cmake_force_configure' from command line to 'False'
[7.171s] Level 5:colcon.colcon_core.verb:set package 'stm32' build argument 'ament_cmake_args' from command line to 'None'
[7.172s] Level 5:colcon.colcon_core.verb:set package 'stm32' build argument 'catkin_cmake_args' from command line to 'None'
[7.172s] Level 5:colcon.colcon_core.verb:set package 'stm32' build argument 'catkin_skip_building_tests' from command line to 'False'
[7.172s] DEBUG:colcon.colcon_core.verb:Building package 'stm32' with the following arguments: {'ament_cmake_args': None, 'build_base': '/home/sdh/robot_ws/build/stm32', 'catkin_cmake_args': None, 'catkin_skip_building_tests': False, 'cmake_args': None, 'cmake_clean_cache': False, 'cmake_clean_first': False, 'cmake_force_configure': False, 'cmake_target': None, 'cmake_target_skip_unavailable': False, 'install_base': '/home/sdh/robot_ws/install/stm32', 'merge_install': False, 'path': '/home/sdh/robot_ws/src/stm32', 'symlink_install': False, 'test_result_base': None}
[7.274s] Level 5:colcon.colcon_core.verb:set package 'tb3_pkg' build argument 'cmake_args' from command line to 'None'
[7.274s] Level 5:colcon.colcon_core.verb:set package 'tb3_pkg' build argument 'cmake_target' from command line to 'None'
[7.274s] Level 5:colcon.colcon_core.verb:set package 'tb3_pkg' build argument 'cmake_target_skip_unavailable' from command line to 'False'
[7.274s] Level 5:colcon.colcon_core.verb:set package 'tb3_pkg' build argument 'cmake_clean_cache' from command line to 'False'
[7.274s] Level 5:colcon.colcon_core.verb:set package 'tb3_pkg' build argument 'cmake_clean_first' from command line to 'False'
[7.274s] Level 5:colcon.colcon_core.verb:set package 'tb3_pkg' build argument 'cmake_force_configure' from command line to 'False'
[7.274s] Level 5:colcon.colcon_core.verb:set package 'tb3_pkg' build argument 'ament_cmake_args' from command line to 'None'
[7.274s] Level 5:colcon.colcon_core.verb:set package 'tb3_pkg' build argument 'catkin_cmake_args' from command line to 'None'
[7.274s] Level 5:colcon.colcon_core.verb:set package 'tb3_pkg' build argument 'catkin_skip_building_tests' from command line to 'False'
[7.274s] DEBUG:colcon.colcon_core.verb:Building package 'tb3_pkg' with the following arguments: {'ament_cmake_args': None, 'build_base': '/home/sdh/robot_ws/build/tb3_pkg', 'catkin_cmake_args': None, 'catkin_skip_building_tests': False, 'cmake_args': None, 'cmake_clean_cache': False, 'cmake_clean_first': False, 'cmake_force_configure': False, 'cmake_target': None, 'cmake_target_skip_unavailable': False, 'install_base': '/home/sdh/robot_ws/install/tb3_pkg', 'merge_install': False, 'path': '/home/sdh/robot_ws/src/tb3_pkg', 'symlink_install': False, 'test_result_base': None}
[7.374s] Level 5:colcon.colcon_core.verb:set package 'turtle_pkg' build argument 'cmake_args' from command line to 'None'
[7.374s] Level 5:colcon.colcon_core.verb:set package 'turtle_pkg' build argument 'cmake_target' from command line to 'None'
[7.374s] Level 5:colcon.colcon_core.verb:set package 'turtle_pkg' build argument 'cmake_target_skip_unavailable' from command line to 'False'
[7.374s] Level 5:colcon.colcon_core.verb:set package 'turtle_pkg' build argument 'cmake_clean_cache' from command line to 'False'
[7.374s] Level 5:colcon.colcon_core.verb:set package 'turtle_pkg' build argument 'cmake_clean_first' from command line to 'False'
[7.374s] Level 5:colcon.colcon_core.verb:set package 'turtle_pkg' build argument 'cmake_force_configure' from command line to 'False'
[7.374s] Level 5:colcon.colcon_core.verb:set package 'turtle_pkg' build argument 'ament_cmake_args' from command line to 'None'
[7.374s] Level 5:colcon.colcon_core.verb:set package 'turtle_pkg' build argument 'catkin_cmake_args' from command line to 'None'
[7.374s] Level 5:colcon.colcon_core.verb:set package 'turtle_pkg' build argument 'catkin_skip_building_tests' from command line to 'False'
[7.374s] DEBUG:colcon.colcon_core.verb:Building package 'turtle_pkg' with the following arguments: {'ament_cmake_args': None, 'build_base': '/home/sdh/robot_ws/build/turtle_pkg', 'catkin_cmake_args': None, 'catkin_skip_building_tests': False, 'cmake_args': None, 'cmake_clean_cache': False, 'cmake_clean_first': False, 'cmake_force_configure': False, 'cmake_target': None, 'cmake_target_skip_unavailable': False, 'install_base': '/home/sdh/robot_ws/install/turtle_pkg', 'merge_install': False, 'path': '/home/sdh/robot_ws/src/turtle_pkg', 'symlink_install': False, 'test_result_base': None}
[7.474s] INFO:colcon.colcon_core.executor:Executing jobs using 'parallel' executor
[7.575s] DEBUG:colcon.colcon_parallel_executor.executor.parallel:run_until_complete
[7.576s] INFO:colcon.colcon_ros.task.ament_python.build:Building ROS package in '/home/sdh/robot_ws/src/opencv' with build type 'ament_python'
[7.576s] Level 1:colcon.colcon_core.shell:create_environment_hook('opencv', 'ament_prefix_path')
[7.679s] INFO:colcon.colcon_core.plugin_system:Skipping extension 'colcon_core.shell.bat': Not used on non-Windows systems
[7.679s] INFO:colcon.colcon_core.shell:Creating environment hook '/home/sdh/robot_ws/install/opencv/share/opencv/hook/ament_prefix_path.ps1'
[7.680s] INFO:colcon.colcon_core.shell:Creating environment descriptor '/home/sdh/robot_ws/install/opencv/share/opencv/hook/ament_prefix_path.dsv'
[7.680s] INFO:colcon.colcon_core.shell:Creating environment hook '/home/sdh/robot_ws/install/opencv/share/opencv/hook/ament_prefix_path.sh'
[7.783s] INFO:colcon.colcon_core.shell:Skip shell extension 'powershell' for command environment: Not usable outside of PowerShell
[7.783s] DEBUG:colcon.colcon_core.shell:Skip shell extension 'dsv' for command environment
[8.194s] INFO:colcon.colcon_ros.task.ament_python.build:Building ROS package in '/home/sdh/robot_ws/src/py_pubsub' with build type 'ament_python'
[8.195s] Level 1:colcon.colcon_core.shell:create_environment_hook('py_pubsub', 'ament_prefix_path')
[8.298s] INFO:colcon.colcon_core.shell:Creating environment hook '/home/sdh/robot_ws/install/py_pubsub/share/py_pubsub/hook/ament_prefix_path.ps1'
[8.299s] INFO:colcon.colcon_core.shell:Creating environment descriptor '/home/sdh/robot_ws/install/py_pubsub/share/py_pubsub/hook/ament_prefix_path.dsv'
[8.299s] INFO:colcon.colcon_core.shell:Creating environment hook '/home/sdh/robot_ws/install/py_pubsub/share/py_pubsub/hook/ament_prefix_path.sh'
[8.401s] INFO:colcon.colcon_core.shell:Skip shell extension 'powershell' for command environment: Not usable outside of PowerShell
[8.401s] DEBUG:colcon.colcon_core.shell:Skip shell extension 'dsv' for command environment
[8.812s] INFO:colcon.colcon_ros.task.ament_python.build:Building ROS package in '/home/sdh/robot_ws/src/stm32' with build type 'ament_python'
[8.813s] Level 1:colcon.colcon_core.shell:create_environment_hook('stm32', 'ament_prefix_path')
[8.919s] INFO:colcon.colcon_core.shell:Creating environment hook '/home/sdh/robot_ws/install/stm32/share/stm32/hook/ament_prefix_path.ps1'
[8.930s] INFO:colcon.colcon_core.shell:Creating environment descriptor '/home/sdh/robot_ws/install/stm32/share/stm32/hook/ament_prefix_path.dsv'
[8.993s] INFO:colcon.colcon_core.shell:Creating environment hook '/home/sdh/robot_ws/install/stm32/share/stm32/hook/ament_prefix_path.sh'
[9.172s] INFO:colcon.colcon_core.shell:Skip shell extension 'powershell' for command environment: Not usable outside of PowerShell
[9.172s] DEBUG:colcon.colcon_core.shell:Skip shell extension 'dsv' for command environment
[9.583s] INFO:colcon.colcon_ros.task.ament_python.build:Building ROS package in '/home/sdh/robot_ws/src/tb3_pkg' with build type 'ament_python'
[9.584s] Level 1:colcon.colcon_core.shell:create_environment_hook('tb3_pkg', 'ament_prefix_path')
[9.687s] INFO:colcon.colcon_core.shell:Creating environment hook '/home/sdh/robot_ws/install/tb3_pkg/share/tb3_pkg/hook/ament_prefix_path.ps1'
[9.688s] INFO:colcon.colcon_core.shell:Creating environment descriptor '/home/sdh/robot_ws/install/tb3_pkg/share/tb3_pkg/hook/ament_prefix_path.dsv'
[9.688s] INFO:colcon.colcon_core.shell:Creating environment hook '/home/sdh/robot_ws/install/tb3_pkg/share/tb3_pkg/hook/ament_prefix_path.sh'
[9.790s] INFO:colcon.colcon_core.shell:Skip shell extension 'powershell' for command environment: Not usable outside of PowerShell
[9.790s] DEBUG:colcon.colcon_core.shell:Skip shell extension 'dsv' for command environment
[10.200s] INFO:colcon.colcon_ros.task.ament_python.build:Building ROS package in '/home/sdh/robot_ws/src/turtle_pkg' with build type 'ament_python'
[10.201s] Level 1:colcon.colcon_core.shell:create_environment_hook('turtle_pkg', 'ament_prefix_path')
[10.304s] INFO:colcon.colcon_core.shell:Creating environment hook '/home/sdh/robot_ws/install/turtle_pkg/share/turtle_pkg/hook/ament_prefix_path.ps1'
[10.305s] INFO:colcon.colcon_core.shell:Creating environment descriptor '/home/sdh/robot_ws/install/turtle_pkg/share/turtle_pkg/hook/ament_prefix_path.dsv'
[10.305s] INFO:colcon.colcon_core.shell:Creating environment hook '/home/sdh/robot_ws/install/turtle_pkg/share/turtle_pkg/hook/ament_prefix_path.sh'
[10.407s] INFO:colcon.colcon_core.shell:Skip shell extension 'powershell' for command environment: Not usable outside of PowerShell
[10.407s] DEBUG:colcon.colcon_core.shell:Skip shell extension 'dsv' for command environment
[11.051s] INFO:colcon.colcon_core.task.python.build:Building Python package in '/home/sdh/robot_ws/src/opencv'
[11.154s] INFO:colcon.colcon_core.shell:Skip shell extension 'powershell' for command environment: Not usable outside of PowerShell
[11.155s] DEBUG:colcon.colcon_core.shell:Skip shell extension 'dsv' for command environment
[11.800s] INFO:colcon.colcon_core.task.python.build:Building Python package in '/home/sdh/robot_ws/src/py_pubsub'
[11.904s] INFO:colcon.colcon_core.shell:Skip shell extension 'powershell' for command environment: Not usable outside of PowerShell
[11.904s] DEBUG:colcon.colcon_core.shell:Skip shell extension 'dsv' for command environment
[12.547s] INFO:colcon.colcon_core.task.python.build:Building Python package in '/home/sdh/robot_ws/src/stm32'
[12.651s] INFO:colcon.colcon_core.shell:Skip shell extension 'powershell' for command environment: Not usable outside of PowerShell
[12.651s] DEBUG:colcon.colcon_core.shell:Skip shell extension 'dsv' for command environment
[13.295s] INFO:colcon.colcon_core.task.python.build:Building Python package in '/home/sdh/robot_ws/src/tb3_pkg'
[13.398s] INFO:colcon.colcon_core.shell:Skip shell extension 'powershell' for command environment: Not usable outside of PowerShell
[13.398s] DEBUG:colcon.colcon_core.shell:Skip shell extension 'dsv' for command environment
[14.040s] INFO:colcon.colcon_core.task.python.build:Building Python package in '/home/sdh/robot_ws/src/turtle_pkg'
[14.142s] INFO:colcon.colcon_core.shell:Skip shell extension 'powershell' for command environment: Not usable outside of PowerShell
[14.142s] DEBUG:colcon.colcon_core.shell:Skip shell extension 'dsv' for command environment
[15.004s] DEBUG:colcon.colcon_core.event_handler.log_command:Invoking command in '/home/sdh/robot_ws/src/py_pubsub': PYTHONPATH=/home/sdh/robot_ws/build/py_pubsub/prefix_override:/home/sdh/robot_ws/install/py_pubsub/lib/python3.8/site-packages:${PYTHONPATH} /usr/bin/python3 setup.py egg_info --egg-base ../../build/py_pubsub build --build-base /home/sdh/robot_ws/build/py_pubsub/build install --record /home/sdh/robot_ws/build/py_pubsub/install.log --install-scripts $base/lib/py_pubsub --single-version-externally-managed
[15.022s] DEBUG:colcon.colcon_core.event_handler.log_command:Invoking command in '/home/sdh/robot_ws/src/opencv': PYTHONPATH=/home/sdh/robot_ws/build/opencv/prefix_override:/home/sdh/robot_ws/install/opencv/lib/python3.8/site-packages:${PYTHONPATH} /usr/bin/python3 setup.py egg_info --egg-base ../../build/opencv build --build-base /home/sdh/robot_ws/build/opencv/build install --record /home/sdh/robot_ws/build/opencv/install.log --install-scripts $base/lib/opencv --single-version-externally-managed
[15.032s] DEBUG:colcon.colcon_core.event_handler.log_command:Invoking command in '/home/sdh/robot_ws/src/tb3_pkg': PYTHONPATH=/home/sdh/robot_ws/build/tb3_pkg/prefix_override:/home/sdh/robot_ws/install/tb3_pkg/lib/python3.8/site-packages:${PYTHONPATH} /usr/bin/python3 setup.py egg_info --egg-base ../../build/tb3_pkg build --build-base /home/sdh/robot_ws/build/tb3_pkg/build install --record /home/sdh/robot_ws/build/tb3_pkg/install.log --install-scripts $base/lib/tb3_pkg --single-version-externally-managed
[15.246s] DEBUG:colcon.colcon_core.event_handler.log_command:Invoking command in '/home/sdh/robot_ws/src/stm32': PYTHONPATH=/home/sdh/robot_ws/build/stm32/prefix_override:/home/sdh/robot_ws/install/stm32/lib/python3.8/site-packages:${PYTHONPATH} /usr/bin/python3 setup.py egg_info --egg-base ../../build/stm32 build --build-base /home/sdh/robot_ws/build/stm32/build install --record /home/sdh/robot_ws/build/stm32/install.log --install-scripts $base/lib/stm32 --single-version-externally-managed
[15.268s] DEBUG:colcon.colcon_core.event_handler.log_command:Invoking command in '/home/sdh/robot_ws/src/turtle_pkg': PYTHONPATH=/home/sdh/robot_ws/build/turtle_pkg/prefix_override:/home/sdh/robot_ws/install/turtle_pkg/lib/python3.8/site-packages:${PYTHONPATH} /usr/bin/python3 setup.py egg_info --egg-base ../../build/turtle_pkg build --build-base /home/sdh/robot_ws/build/turtle_pkg/build install --record /home/sdh/robot_ws/build/turtle_pkg/install.log --install-scripts $base/lib/turtle_pkg --single-version-externally-managed
[15.378s] DEBUG:colcon.colcon_core.event_handler.log_command:Invoked command in '/home/sdh/robot_ws/src/opencv' returned '0': PYTHONPATH=/home/sdh/robot_ws/build/opencv/prefix_override:/home/sdh/robot_ws/install/opencv/lib/python3.8/site-packages:${PYTHONPATH} /usr/bin/python3 setup.py egg_info --egg-base ../../build/opencv build --build-base /home/sdh/robot_ws/build/opencv/build install --record /home/sdh/robot_ws/build/opencv/install.log --install-scripts $base/lib/opencv --single-version-externally-managed
[15.488s] Level 1:colcon.colcon_core.environment:checking '/home/sdh/robot_ws/install/opencv' for CMake module files
[15.488s] Level 1:colcon.colcon_core.environment:checking '/home/sdh/robot_ws/install/opencv' for CMake config files
[15.489s] Level 1:colcon.colcon_core.environment:checking '/home/sdh/robot_ws/install/opencv/lib'
[15.489s] Level 1:colcon.colcon_core.environment:checking '/home/sdh/robot_ws/install/opencv/bin'
[15.489s] Level 1:colcon.colcon_core.environment:checking '/home/sdh/robot_ws/install/opencv/lib/pkgconfig/opencv.pc'
[15.489s] Level 1:colcon.colcon_core.environment:checking '/home/sdh/robot_ws/install/opencv/lib/python3.8/site-packages'
[15.490s] Level 1:colcon.colcon_core.shell:create_environment_hook('opencv', 'pythonpath')
[15.613s] INFO:colcon.colcon_core.shell:Creating environment hook '/home/sdh/robot_ws/install/opencv/share/opencv/hook/pythonpath.ps1'
[15.614s] INFO:colcon.colcon_core.shell:Creating environment descriptor '/home/sdh/robot_ws/install/opencv/share/opencv/hook/pythonpath.dsv'
[15.614s] INFO:colcon.colcon_core.shell:Creating environment hook '/home/sdh/robot_ws/install/opencv/share/opencv/hook/pythonpath.sh'
[15.615s] Level 1:colcon.colcon_core.environment:checking '/home/sdh/robot_ws/install/opencv/bin'
[15.615s] Level 1:colcon.colcon_core.environment:create_environment_scripts_only(opencv)
[15.721s] INFO:colcon.colcon_core.shell:Creating package script '/home/sdh/robot_ws/install/opencv/share/opencv/package.ps1'
[15.722s] INFO:colcon.colcon_core.shell:Creating package descriptor '/home/sdh/robot_ws/install/opencv/share/opencv/package.dsv'
[15.722s] INFO:colcon.colcon_core.shell:Creating package script '/home/sdh/robot_ws/install/opencv/share/opencv/package.sh'
[15.723s] INFO:colcon.colcon_core.shell:Creating package script '/home/sdh/robot_ws/install/opencv/share/opencv/package.bash'
[15.723s] INFO:colcon.colcon_core.shell:Creating package script '/home/sdh/robot_ws/install/opencv/share/opencv/package.zsh'
[15.724s] Level 1:colcon.colcon_core.environment:create_file_with_runtime_dependencies(/home/sdh/robot_ws/install/opencv/share/colcon-core/packages/opencv)
[15.726s] DEBUG:colcon.colcon_core.event_handler.log_command:Invoked command in '/home/sdh/robot_ws/src/tb3_pkg' returned '0': PYTHONPATH=/home/sdh/robot_ws/build/tb3_pkg/prefix_override:/home/sdh/robot_ws/install/tb3_pkg/lib/python3.8/site-packages:${PYTHONPATH} /usr/bin/python3 setup.py egg_info --egg-base ../../build/tb3_pkg build --build-base /home/sdh/robot_ws/build/tb3_pkg/build install --record /home/sdh/robot_ws/build/tb3_pkg/install.log --install-scripts $base/lib/tb3_pkg --single-version-externally-managed
[15.829s] Level 1:colcon.colcon_core.environment:checking '/home/sdh/robot_ws/install/tb3_pkg' for CMake module files
[15.830s] Level 1:colcon.colcon_core.environment:checking '/home/sdh/robot_ws/install/tb3_pkg' for CMake config files
[15.830s] Level 1:colcon.colcon_core.environment:checking '/home/sdh/robot_ws/install/tb3_pkg/lib'
[15.830s] Level 1:colcon.colcon_core.environment:checking '/home/sdh/robot_ws/install/tb3_pkg/bin'
[15.830s] Level 1:colcon.colcon_core.environment:checking '/home/sdh/robot_ws/install/tb3_pkg/lib/pkgconfig/tb3_pkg.pc'
[15.830s] Level 1:colcon.colcon_core.environment:checking '/home/sdh/robot_ws/install/tb3_pkg/lib/python3.8/site-packages'
[15.830s] Level 1:colcon.colcon_core.shell:create_environment_hook('tb3_pkg', 'pythonpath')
[15.933s] INFO:colcon.colcon_core.shell:Creating environment hook '/home/sdh/robot_ws/install/tb3_pkg/share/tb3_pkg/hook/pythonpath.ps1'
[15.933s] INFO:colcon.colcon_core.shell:Creating environment descriptor '/home/sdh/robot_ws/install/tb3_pkg/share/tb3_pkg/hook/pythonpath.dsv'
[15.933s] INFO:colcon.colcon_core.shell:Creating environment hook '/home/sdh/robot_ws/install/tb3_pkg/share/tb3_pkg/hook/pythonpath.sh'
[15.934s] Level 1:colcon.colcon_core.environment:checking '/home/sdh/robot_ws/install/tb3_pkg/bin'
[15.934s] Level 1:colcon.colcon_core.environment:create_environment_scripts_only(tb3_pkg)
[16.036s] INFO:colcon.colcon_core.shell:Creating package script '/home/sdh/robot_ws/install/tb3_pkg/share/tb3_pkg/package.ps1'
[16.037s] INFO:colcon.colcon_core.shell:Creating package descriptor '/home/sdh/robot_ws/install/tb3_pkg/share/tb3_pkg/package.dsv'
[16.037s] INFO:colcon.colcon_core.shell:Creating package script '/home/sdh/robot_ws/install/tb3_pkg/share/tb3_pkg/package.sh'
[16.037s] INFO:colcon.colcon_core.shell:Creating package script '/home/sdh/robot_ws/install/tb3_pkg/share/tb3_pkg/package.bash'
[16.038s] INFO:colcon.colcon_core.shell:Creating package script '/home/sdh/robot_ws/install/tb3_pkg/share/tb3_pkg/package.zsh'
[16.038s] Level 1:colcon.colcon_core.environment:create_file_with_runtime_dependencies(/home/sdh/robot_ws/install/tb3_pkg/share/colcon-core/packages/tb3_pkg)
[16.039s] DEBUG:colcon.colcon_core.event_handler.log_command:Invoked command in '/home/sdh/robot_ws/src/py_pubsub' returned '0': PYTHONPATH=/home/sdh/robot_ws/build/py_pubsub/prefix_override:/home/sdh/robot_ws/install/py_pubsub/lib/python3.8/site-packages:${PYTHONPATH} /usr/bin/python3 setup.py egg_info --egg-base ../../build/py_pubsub build --build-base /home/sdh/robot_ws/build/py_pubsub/build install --record /home/sdh/robot_ws/build/py_pubsub/install.log --install-scripts $base/lib/py_pubsub --single-version-externally-managed
[16.142s] Level 1:colcon.colcon_core.environment:checking '/home/sdh/robot_ws/install/py_pubsub' for CMake module files
[16.142s] Level 1:colcon.colcon_core.environment:checking '/home/sdh/robot_ws/install/py_pubsub' for CMake config files
[16.143s] Level 1:colcon.colcon_core.environment:checking '/home/sdh/robot_ws/install/py_pubsub/lib'
[16.143s] Level 1:colcon.colcon_core.environment:checking '/home/sdh/robot_ws/install/py_pubsub/bin'
[16.143s] Level 1:colcon.colcon_core.environment:checking '/home/sdh/robot_ws/install/py_pubsub/lib/pkgconfig/py_pubsub.pc'
[16.143s] Level 1:colcon.colcon_core.environment:checking '/home/sdh/robot_ws/install/py_pubsub/lib/python3.8/site-packages'
[16.143s] Level 1:colcon.colcon_core.shell:create_environment_hook('py_pubsub', 'pythonpath')
[16.246s] INFO:colcon.colcon_core.shell:Creating environment hook '/home/sdh/robot_ws/install/py_pubsub/share/py_pubsub/hook/pythonpath.ps1'
[16.246s] INFO:colcon.colcon_core.shell:Creating environment descriptor '/home/sdh/robot_ws/install/py_pubsub/share/py_pubsub/hook/pythonpath.dsv'
[16.246s] INFO:colcon.colcon_core.shell:Creating environment hook '/home/sdh/robot_ws/install/py_pubsub/share/py_pubsub/hook/pythonpath.sh'
[16.247s] Level 1:colcon.colcon_core.environment:checking '/home/sdh/robot_ws/install/py_pubsub/bin'
[16.247s] Level 1:colcon.colcon_core.environment:create_environment_scripts_only(py_pubsub)
[16.352s] INFO:colcon.colcon_core.shell:Creating package script '/home/sdh/robot_ws/install/py_pubsub/share/py_pubsub/package.ps1'
[16.353s] INFO:colcon.colcon_core.shell:Creating package descriptor '/home/sdh/robot_ws/install/py_pubsub/share/py_pubsub/package.dsv'
[16.353s] INFO:colcon.colcon_core.shell:Creating package script '/home/sdh/robot_ws/install/py_pubsub/share/py_pubsub/package.sh'
[16.354s] INFO:colcon.colcon_core.shell:Creating package script '/home/sdh/robot_ws/install/py_pubsub/share/py_pubsub/package.bash'
[16.354s] INFO:colcon.colcon_core.shell:Creating package script '/home/sdh/robot_ws/install/py_pubsub/share/py_pubsub/package.zsh'
[16.354s] Level 1:colcon.colcon_core.environment:create_file_with_runtime_dependencies(/home/sdh/robot_ws/install/py_pubsub/share/colcon-core/packages/py_pubsub)
[16.356s] DEBUG:colcon.colcon_core.event_handler.log_command:Invoked command in '/home/sdh/robot_ws/src/turtle_pkg' returned '0': PYTHONPATH=/home/sdh/robot_ws/build/turtle_pkg/prefix_override:/home/sdh/robot_ws/install/turtle_pkg/lib/python3.8/site-packages:${PYTHONPATH} /usr/bin/python3 setup.py egg_info --egg-base ../../build/turtle_pkg build --build-base /home/sdh/robot_ws/build/turtle_pkg/build install --record /home/sdh/robot_ws/build/turtle_pkg/install.log --install-scripts $base/lib/turtle_pkg --single-version-externally-managed
[16.462s] Level 1:colcon.colcon_core.environment:checking '/home/sdh/robot_ws/install/turtle_pkg' for CMake module files
[16.462s] Level 1:colcon.colcon_core.environment:checking '/home/sdh/robot_ws/install/turtle_pkg' for CMake config files
[16.463s] Level 1:colcon.colcon_core.environment:checking '/home/sdh/robot_ws/install/turtle_pkg/lib'
[16.463s] Level 1:colcon.colcon_core.environment:checking '/home/sdh/robot_ws/install/turtle_pkg/bin'
[16.463s] Level 1:colcon.colcon_core.environment:checking '/home/sdh/robot_ws/install/turtle_pkg/lib/pkgconfig/turtle_pkg.pc'
[16.463s] Level 1:colcon.colcon_core.environment:checking '/home/sdh/robot_ws/install/turtle_pkg/lib/python3.8/site-packages'
[16.463s] Level 1:colcon.colcon_core.shell:create_environment_hook('turtle_pkg', 'pythonpath')
[16.564s] INFO:colcon.colcon_core.shell:Creating environment hook '/home/sdh/robot_ws/install/turtle_pkg/share/turtle_pkg/hook/pythonpath.ps1'
[16.565s] INFO:colcon.colcon_core.shell:Creating environment descriptor '/home/sdh/robot_ws/install/turtle_pkg/share/turtle_pkg/hook/pythonpath.dsv'
[16.565s] INFO:colcon.colcon_core.shell:Creating environment hook '/home/sdh/robot_ws/install/turtle_pkg/share/turtle_pkg/hook/pythonpath.sh'
[16.566s] Level 1:colcon.colcon_core.environment:checking '/home/sdh/robot_ws/install/turtle_pkg/bin'
[16.566s] Level 1:colcon.colcon_core.environment:create_environment_scripts_only(turtle_pkg)
[16.666s] INFO:colcon.colcon_core.shell:Creating package script '/home/sdh/robot_ws/install/turtle_pkg/share/turtle_pkg/package.ps1'
[16.667s] INFO:colcon.colcon_core.shell:Creating package descriptor '/home/sdh/robot_ws/install/turtle_pkg/share/turtle_pkg/package.dsv'
[16.667s] INFO:colcon.colcon_core.shell:Creating package script '/home/sdh/robot_ws/install/turtle_pkg/share/turtle_pkg/package.sh'
[16.668s] INFO:colcon.colcon_core.shell:Creating package script '/home/sdh/robot_ws/install/turtle_pkg/share/turtle_pkg/package.bash'
[16.668s] INFO:colcon.colcon_core.shell:Creating package script '/home/sdh/robot_ws/install/turtle_pkg/share/turtle_pkg/package.zsh'
[16.668s] Level 1:colcon.colcon_core.environment:create_file_with_runtime_dependencies(/home/sdh/robot_ws/install/turtle_pkg/share/colcon-core/packages/turtle_pkg)
[16.670s] DEBUG:colcon.colcon_core.event_handler.log_command:Invoked command in '/home/sdh/robot_ws/src/stm32' returned '0': PYTHONPATH=/home/sdh/robot_ws/build/stm32/prefix_override:/home/sdh/robot_ws/install/stm32/lib/python3.8/site-packages:${PYTHONPATH} /usr/bin/python3 setup.py egg_info --egg-base ../../build/stm32 build --build-base /home/sdh/robot_ws/build/stm32/build install --record /home/sdh/robot_ws/build/stm32/install.log --install-scripts $base/lib/stm32 --single-version-externally-managed
[16.773s] Level 1:colcon.colcon_core.environment:checking '/home/sdh/robot_ws/install/stm32' for CMake module files
[16.773s] Level 1:colcon.colcon_core.environment:checking '/home/sdh/robot_ws/install/stm32' for CMake config files
[16.774s] Level 1:colcon.colcon_core.environment:checking '/home/sdh/robot_ws/install/stm32/lib'
[16.774s] Level 1:colcon.colcon_core.environment:checking '/home/sdh/robot_ws/install/stm32/bin'
[16.774s] Level 1:colcon.colcon_core.environment:checking '/home/sdh/robot_ws/install/stm32/lib/pkgconfig/stm32.pc'
[16.774s] Level 1:colcon.colcon_core.environment:checking '/home/sdh/robot_ws/install/stm32/lib/python3.8/site-packages'
[16.774s] Level 1:colcon.colcon_core.shell:create_environment_hook('stm32', 'pythonpath')
[16.876s] INFO:colcon.colcon_core.shell:Creating environment hook '/home/sdh/robot_ws/install/stm32/share/stm32/hook/pythonpath.ps1'
[16.876s] INFO:colcon.colcon_core.shell:Creating environment descriptor '/home/sdh/robot_ws/install/stm32/share/stm32/hook/pythonpath.dsv'
[16.876s] INFO:colcon.colcon_core.shell:Creating environment hook '/home/sdh/robot_ws/install/stm32/share/stm32/hook/pythonpath.sh'
[16.877s] Level 1:colcon.colcon_core.environment:checking '/home/sdh/robot_ws/install/stm32/bin'
[16.877s] Level 1:colcon.colcon_core.environment:create_environment_scripts_only(stm32)
[16.978s] INFO:colcon.colcon_core.shell:Creating package script '/home/sdh/robot_ws/install/stm32/share/stm32/package.ps1'
[16.979s] INFO:colcon.colcon_core.shell:Creating package descriptor '/home/sdh/robot_ws/install/stm32/share/stm32/package.dsv'
[16.979s] INFO:colcon.colcon_core.shell:Creating package script '/home/sdh/robot_ws/install/stm32/share/stm32/package.sh'
[16.980s] INFO:colcon.colcon_core.shell:Creating package script '/home/sdh/robot_ws/install/stm32/share/stm32/package.bash'
[16.980s] INFO:colcon.colcon_core.shell:Creating package script '/home/sdh/robot_ws/install/stm32/share/stm32/package.zsh'
[16.980s] Level 1:colcon.colcon_core.environment:create_file_with_runtime_dependencies(/home/sdh/robot_ws/install/stm32/share/colcon-core/packages/stm32)
[16.981s] DEBUG:colcon.colcon_parallel_executor.executor.parallel:closing loop
[16.981s] DEBUG:colcon.colcon_parallel_executor.executor.parallel:loop closed
[16.981s] DEBUG:colcon.colcon_parallel_executor.executor.parallel:run_until_complete finished with '0'
[16.981s] DEBUG:colcon.colcon_core.event_reactor:joining thread
[17.089s] INFO:colcon.colcon_core.plugin_system:Skipping extension 'colcon_notification.desktop_notification.terminal_notifier': Not used on non-Darwin systems
[17.089s] INFO:colcon.colcon_core.plugin_system:Skipping extension 'colcon_notification.desktop_notification.win32': Not used on non-Windows systems
[17.089s] INFO:colcon.colcon_notification.desktop_notification:Sending desktop notification using 'notify2'
[17.102s] DEBUG:colcon.colcon_core.event_reactor:joined thread
[17.218s] INFO:colcon.colcon_core.shell:Creating prefix script '/home/sdh/robot_ws/install/local_setup.ps1'
[17.219s] INFO:colcon.colcon_core.shell:Creating prefix util module '/home/sdh/robot_ws/install/_local_setup_util_ps1.py'
[17.221s] INFO:colcon.colcon_core.shell:Creating prefix chain script '/home/sdh/robot_ws/install/setup.ps1'
[17.322s] INFO:colcon.colcon_core.shell:Creating prefix script '/home/sdh/robot_ws/install/local_setup.sh'
[17.322s] INFO:colcon.colcon_core.shell:Creating prefix util module '/home/sdh/robot_ws/install/_local_setup_util_sh.py'
[17.322s] INFO:colcon.colcon_core.shell:Creating prefix chain script '/home/sdh/robot_ws/install/setup.sh'
[17.423s] INFO:colcon.colcon_core.shell:Creating prefix script '/home/sdh/robot_ws/install/local_setup.bash'
[17.423s] INFO:colcon.colcon_core.shell:Creating prefix chain script '/home/sdh/robot_ws/install/setup.bash'
[17.524s] INFO:colcon.colcon_core.shell:Creating prefix script '/home/sdh/robot_ws/install/local_setup.zsh'
[17.524s] INFO:colcon.colcon_core.shell:Creating prefix chain script '/home/sdh/robot_ws/install/setup.zsh'
