[5.316s] DEBUG:colcon:Command line arguments: ['/usr/bin/colcon', 'build', '--symlink-install']
[5.316s] DEBUG:colcon:Parsed command line arguments: Namespace(allow_overriding=[], ament_cmake_args=None, base_paths=['.'], build_base='build', catkin_cmake_args=None, catkin_skip_building_tests=False, cmake_args=None, cmake_clean_cache=False, cmake_clean_first=False, cmake_force_configure=False, cmake_target=None, cmake_target_skip_unavailable=False, continue_on_error=False, event_handlers=None, executor='parallel', ignore_user_meta=False, install_base='install', log_base=None, log_level=None, main=<bound method BuildVerb.main of <colcon_core.verb.build.BuildVerb object at 0x7f4bce31b1f0>>, merge_install=False, metas=['./colcon.meta'], packages_above=None, packages_above_and_dependencies=None, packages_above_depth=None, packages_end=None, packages_ignore=None, packages_ignore_regex=None, packages_select=None, packages_select_build_failed=False, packages_select_by_dep=None, packages_select_regex=None, packages_select_test_failures=False, packages_skip=None, packages_skip_build_finished=False, packages_skip_by_dep=None, packages_skip_regex=None, packages_skip_test_passed=False, packages_skip_up_to=None, packages_start=None, packages_up_to=None, packages_up_to_regex=None, parallel_workers=8, paths=None, symlink_install=True, test_result_base=None, verb_extension=<colcon_core.verb.build.BuildVerb object at 0x7f4bce31b1f0>, verb_name='build', verb_parser=<colcon_defaults.argument_parser.defaults.DefaultArgumentsDecorator object at 0x7f4bce0f4b50>)
[5.531s] Level 1:colcon.colcon_core.package_discovery:discover_packages(colcon_meta) check parameters
[5.532s] Level 1:colcon.colcon_core.package_discovery:discover_packages(recursive) check parameters
[5.532s] Level 1:colcon.colcon_core.package_discovery:discover_packages(ignore) check parameters
[5.532s] Level 1:colcon.colcon_core.package_discovery:discover_packages(path) check parameters
[5.532s] Level 1:colcon.colcon_core.package_discovery:discover_packages(colcon_meta) discover
[5.532s] Level 1:colcon.colcon_core.package_discovery:discover_packages(recursive) discover
[5.532s] INFO:colcon.colcon_core.package_discovery:Crawling recursively for packages in '/home/sdh/robot_ws'
[5.532s] Level 1:colcon.colcon_core.package_identification:_identify(.) by extensions ['ignore', 'ignore_ament_install']
[5.532s] Level 1:colcon.colcon_core.package_identification:_identify(.) by extension 'ignore'
[5.532s] Level 1:colcon.colcon_core.package_identification:_identify(.) by extension 'ignore_ament_install'
[5.532s] Level 1:colcon.colcon_core.package_identification:_identify(.) by extensions ['colcon_pkg']
[5.532s] Level 1:colcon.colcon_core.package_identification:_identify(.) by extension 'colcon_pkg'
[5.532s] Level 1:colcon.colcon_core.package_identification:_identify(.) by extensions ['colcon_meta']
[5.532s] Level 1:colcon.colcon_core.package_identification:_identify(.) by extension 'colcon_meta'
[5.532s] Level 1:colcon.colcon_core.package_identification:_identify(.) by extensions ['ros']
[5.532s] Level 1:colcon.colcon_core.package_identification:_identify(.) by extension 'ros'
[5.543s] Level 1:colcon.colcon_core.package_identification:_identify(.) by extensions ['cmake', 'python']
[5.543s] Level 1:colcon.colcon_core.package_identification:_identify(.) by extension 'cmake'
[5.543s] Level 1:colcon.colcon_core.package_identification:_identify(.) by extension 'python'
[5.543s] Level 1:colcon.colcon_core.package_identification:_identify(.) by extensions ['python_setup_py']
[5.543s] Level 1:colcon.colcon_core.package_identification:_identify(.) by extension 'python_setup_py'
[5.543s] Level 1:colcon.colcon_core.package_identification:_identify(build) by extensions ['ignore', 'ignore_ament_install']
[5.544s] Level 1:colcon.colcon_core.package_identification:_identify(build) by extension 'ignore'
[5.544s] Level 1:colcon.colcon_core.package_identification:_identify(build) ignored
[5.544s] Level 1:colcon.colcon_core.package_identification:_identify(install) by extensions ['ignore', 'ignore_ament_install']
[5.544s] Level 1:colcon.colcon_core.package_identification:_identify(install) by extension 'ignore'
[5.544s] Level 1:colcon.colcon_core.package_identification:_identify(install) ignored
[5.544s] Level 1:colcon.colcon_core.package_identification:_identify(log) by extensions ['ignore', 'ignore_ament_install']
[5.544s] Level 1:colcon.colcon_core.package_identification:_identify(log) by extension 'ignore'
[5.544s] Level 1:colcon.colcon_core.package_identification:_identify(log) ignored
[5.544s] Level 1:colcon.colcon_core.package_identification:_identify(src) by extensions ['ignore', 'ignore_ament_install']
[5.544s] Level 1:colcon.colcon_core.package_identification:_identify(src) by extension 'ignore'
[5.544s] Level 1:colcon.colcon_core.package_identification:_identify(src) by extension 'ignore_ament_install'
[5.544s] Level 1:colcon.colcon_core.package_identification:_identify(src) by extensions ['colcon_pkg']
[5.544s] Level 1:colcon.colcon_core.package_identification:_identify(src) by extension 'colcon_pkg'
[5.544s] Level 1:colcon.colcon_core.package_identification:_identify(src) by extensions ['colcon_meta']
[5.544s] Level 1:colcon.colcon_core.package_identification:_identify(src) by extension 'colcon_meta'
[5.545s] Level 1:colcon.colcon_core.package_identification:_identify(src) by extensions ['ros']
[5.545s] Level 1:colcon.colcon_core.package_identification:_identify(src) by extension 'ros'
[5.545s] Level 1:colcon.colcon_core.package_identification:_identify(src) by extensions ['cmake', 'python']
[5.545s] Level 1:colcon.colcon_core.package_identification:_identify(src) by extension 'cmake'
[5.545s] Level 1:colcon.colcon_core.package_identification:_identify(src) by extension 'python'
[5.545s] Level 1:colcon.colcon_core.package_identification:_identify(src) by extensions ['python_setup_py']
[5.545s] Level 1:colcon.colcon_core.package_identification:_identify(src) by extension 'python_setup_py'
[5.545s] Level 1:colcon.colcon_core.package_identification:_identify(src/py_pubsub) by extensions ['ignore', 'ignore_ament_install']
[5.545s] Level 1:colcon.colcon_core.package_identification:_identify(src/py_pubsub) by extension 'ignore'
[5.545s] Level 1:colcon.colcon_core.package_identification:_identify(src/py_pubsub) by extension 'ignore_ament_install'
[5.545s] Level 1:colcon.colcon_core.package_identification:_identify(src/py_pubsub) by extensions ['colcon_pkg']
[5.545s] Level 1:colcon.colcon_core.package_identification:_identify(src/py_pubsub) by extension 'colcon_pkg'
[5.545s] Level 1:colcon.colcon_core.package_identification:_identify(src/py_pubsub) by extensions ['colcon_meta']
[5.545s] Level 1:colcon.colcon_core.package_identification:_identify(src/py_pubsub) by extension 'colcon_meta'
[5.545s] Level 1:colcon.colcon_core.package_identification:_identify(src/py_pubsub) by extensions ['ros']
[5.545s] Level 1:colcon.colcon_core.package_identification:_identify(src/py_pubsub) by extension 'ros'
[5.548s] DEBUG:colcon.colcon_core.package_identification:Package 'src/py_pubsub' with type 'ros.ament_python' and name 'py_pubsub'
[5.548s] Level 1:colcon.colcon_core.package_identification:_identify(src/turtle_pkg) by extensions ['ignore', 'ignore_ament_install']
[5.548s] Level 1:colcon.colcon_core.package_identification:_identify(src/turtle_pkg) by extension 'ignore'
[5.548s] Level 1:colcon.colcon_core.package_identification:_identify(src/turtle_pkg) by extension 'ignore_ament_install'
[5.548s] Level 1:colcon.colcon_core.package_identification:_identify(src/turtle_pkg) by extensions ['colcon_pkg']
[5.548s] Level 1:colcon.colcon_core.package_identification:_identify(src/turtle_pkg) by extension 'colcon_pkg'
[5.548s] Level 1:colcon.colcon_core.package_identification:_identify(src/turtle_pkg) by extensions ['colcon_meta']
[5.548s] Level 1:colcon.colcon_core.package_identification:_identify(src/turtle_pkg) by extension 'colcon_meta'
[5.548s] Level 1:colcon.colcon_core.package_identification:_identify(src/turtle_pkg) by extensions ['ros']
[5.548s] Level 1:colcon.colcon_core.package_identification:_identify(src/turtle_pkg) by extension 'ros'
[5.549s] DEBUG:colcon.colcon_core.package_identification:Package 'src/turtle_pkg' with type 'ros.ament_python' and name 'turtle_pkg'
[5.549s] Level 1:colcon.colcon_core.package_identification:_identify(turtle_pkg) by extensions ['ignore', 'ignore_ament_install']
[5.549s] Level 1:colcon.colcon_core.package_identification:_identify(turtle_pkg) by extension 'ignore'
[5.549s] Level 1:colcon.colcon_core.package_identification:_identify(turtle_pkg) by extension 'ignore_ament_install'
[5.549s] Level 1:colcon.colcon_core.package_identification:_identify(turtle_pkg) by extensions ['colcon_pkg']
[5.549s] Level 1:colcon.colcon_core.package_identification:_identify(turtle_pkg) by extension 'colcon_pkg'
[5.549s] Level 1:colcon.colcon_core.package_identification:_identify(turtle_pkg) by extensions ['colcon_meta']
[5.549s] Level 1:colcon.colcon_core.package_identification:_identify(turtle_pkg) by extension 'colcon_meta'
[5.549s] Level 1:colcon.colcon_core.package_identification:_identify(turtle_pkg) by extensions ['ros']
[5.549s] Level 1:colcon.colcon_core.package_identification:_identify(turtle_pkg) by extension 'ros'
[5.550s] DEBUG:colcon.colcon_core.package_identification:Package 'turtle_pkg' with type 'ros.ament_python' and name 'turtle_pkg'
[5.550s] Level 1:colcon.colcon_core.package_discovery:discover_packages(recursive) using defaults
[5.550s] Level 1:colcon.colcon_core.package_discovery:discover_packages(ignore) discover
[5.550s] Level 1:colcon.colcon_core.package_discovery:discover_packages(ignore) using defaults
[5.550s] Level 1:colcon.colcon_core.package_discovery:discover_packages(path) discover
[5.550s] Level 1:colcon.colcon_core.package_discovery:discover_packages(path) using defaults
[6.043s] Level 1:colcon.colcon_core.package_discovery:discover_packages(prefix_path) check parameters
[6.043s] Level 1:colcon.colcon_core.package_discovery:discover_packages(prefix_path) discover
[6.234s] DEBUG:colcon.colcon_installed_package_information.package_discovery:Found 1 installed packages in /home/sdh/robot_ws/install
[6.330s] DEBUG:colcon.colcon_installed_package_information.package_discovery:Found 258 installed packages in /opt/ros/foxy
[6.331s] Level 1:colcon.colcon_core.package_discovery:discover_packages(prefix_path) using defaults
[6.504s] ERROR:colcon:colcon build: Duplicate package names not supported:
- turtle_pkg:
  - src/turtle_pkg
  - turtle_pkg
