running egg_info
writing ../../build/stm32/stm32.egg-info/PKG-INFO
writing dependency_links to ../../build/stm32/stm32.egg-info/dependency_links.txt
writing entry points to ../../build/stm32/stm32.egg-info/entry_points.txt
writing requirements to ../../build/stm32/stm32.egg-info/requires.txt
writing top-level names to ../../build/stm32/stm32.egg-info/top_level.txt
reading manifest file '../../build/stm32/stm32.egg-info/SOURCES.txt'
writing manifest file '../../build/stm32/stm32.egg-info/SOURCES.txt'
running build
running build_py
copying stm32/sub_led_msg.py -> /home/sdh/robot_ws/build/stm32/build/lib/stm32
running install
running install_lib
copying /home/sdh/robot_ws/build/stm32/build/lib/stm32/sub_led_msg.py -> /home/sdh/robot_ws/install/stm32/lib/python3.8/site-packages/stm32
byte-compiling /home/sdh/robot_ws/install/stm32/lib/python3.8/site-packages/stm32/sub_led_msg.py to sub_led_msg.cpython-38.pyc
running install_data
running install_egg_info
removing '/home/sdh/robot_ws/install/stm32/lib/python3.8/site-packages/stm32-0.0.0-py3.8.egg-info' (and everything under it)
Copying ../../build/stm32/stm32.egg-info to /home/sdh/robot_ws/install/stm32/lib/python3.8/site-packages/stm32-0.0.0-py3.8.egg-info
running install_scripts
Installing pub_led_msg script to /home/sdh/robot_ws/install/stm32/lib/stm32
Installing sub_led_msg script to /home/sdh/robot_ws/install/stm32/lib/stm32
writing list of installed files to '/home/sdh/robot_ws/build/stm32/install.log'
