[6.324s] Invoking command in '/home/sdh/robot_ws/src/stm32': PYTHONPATH=/home/sdh/robot_ws/build/stm32/prefix_override:/home/sdh/robot_ws/install/stm32/lib/python3.8/site-packages:${PYTHONPATH} /usr/bin/python3 setup.py egg_info --egg-base ../../build/stm32 build --build-base /home/sdh/robot_ws/build/stm32/build install --record /home/sdh/robot_ws/build/stm32/install.log --install-scripts $base/lib/stm32 --single-version-externally-managed
[6.595s] running egg_info
[6.596s] writing ../../build/stm32/stm32.egg-info/PKG-INFO
[6.596s] writing dependency_links to ../../build/stm32/stm32.egg-info/dependency_links.txt
[6.597s] writing entry points to ../../build/stm32/stm32.egg-info/entry_points.txt
[6.597s] writing requirements to ../../build/stm32/stm32.egg-info/requires.txt
[6.597s] writing top-level names to ../../build/stm32/stm32.egg-info/top_level.txt
[6.660s] reading manifest file '../../build/stm32/stm32.egg-info/SOURCES.txt'
[6.661s] writing manifest file '../../build/stm32/stm32.egg-info/SOURCES.txt'
[6.661s] running build
[6.662s] running build_py
[6.662s] copying stm32/sub_led_msg.py -> /home/sdh/robot_ws/build/stm32/build/lib/stm32
[6.662s] running install
[6.663s] running install_lib
[6.665s] copying /home/sdh/robot_ws/build/stm32/build/lib/stm32/sub_led_msg.py -> /home/sdh/robot_ws/install/stm32/lib/python3.8/site-packages/stm32
[6.666s] byte-compiling /home/sdh/robot_ws/install/stm32/lib/python3.8/site-packages/stm32/sub_led_msg.py to sub_led_msg.cpython-38.pyc
[6.668s] running install_data
[6.668s] running install_egg_info
[6.671s] removing '/home/sdh/robot_ws/install/stm32/lib/python3.8/site-packages/stm32-0.0.0-py3.8.egg-info' (and everything under it)
[6.671s] Copying ../../build/stm32/stm32.egg-info to /home/sdh/robot_ws/install/stm32/lib/python3.8/site-packages/stm32-0.0.0-py3.8.egg-info
[6.673s] running install_scripts
[6.702s] Installing pub_led_msg script to /home/sdh/robot_ws/install/stm32/lib/stm32
[6.702s] Installing sub_led_msg script to /home/sdh/robot_ws/install/stm32/lib/stm32
[6.703s] writing list of installed files to '/home/sdh/robot_ws/build/stm32/install.log'
[7.366s] Invoked command in '/home/sdh/robot_ws/src/stm32' returned '0': PYTHONPATH=/home/sdh/robot_ws/build/stm32/prefix_override:/home/sdh/robot_ws/install/stm32/lib/python3.8/site-packages:${PYTHONPATH} /usr/bin/python3 setup.py egg_info --egg-base ../../build/stm32 build --build-base /home/sdh/robot_ws/build/stm32/build install --record /home/sdh/robot_ws/build/stm32/install.log --install-scripts $base/lib/stm32 --single-version-externally-managed
