[3.881s] Invoking command in '/home/sdh/robot_ws/build/py_pubsub': PYTHONPATH=/home/sdh/robot_ws/build/py_pubsub/prefix_override:/home/sdh/robot_ws/install/py_pubsub/lib/python3.8/site-packages:${PYTHONPATH} /usr/bin/python3 setup.py develop --uninstall --editable --build-directory /home/sdh/robot_ws/build/py_pubsub/build
[4.111s] running develop
[4.250s] Removing /home/sdh/robot_ws/install/py_pubsub/lib/python3.8/site-packages/py-pubsub.egg-link (link to .)
[4.521s] Invoked command in '/home/sdh/robot_ws/build/py_pubsub' returned '0': PYTHONPATH=/home/sdh/robot_ws/build/py_pubsub/prefix_override:/home/sdh/robot_ws/install/py_pubsub/lib/python3.8/site-packages:${PYTHONPATH} /usr/bin/python3 setup.py develop --uninstall --editable --build-directory /home/sdh/robot_ws/build/py_pubsub/build
[4.525s] Invoking command in '/home/sdh/robot_ws/src/py_pubsub': PYTHONPATH=/home/sdh/robot_ws/build/py_pubsub/prefix_override:/home/sdh/robot_ws/install/py_pubsub/lib/python3.8/site-packages:${PYTHONPATH} /usr/bin/python3 setup.py egg_info --egg-base ../../build/py_pubsub build --build-base /home/sdh/robot_ws/build/py_pubsub/build install --record /home/sdh/robot_ws/build/py_pubsub/install.log --install-scripts $base/lib/py_pubsub --single-version-externally-managed
[4.768s] running egg_info
[4.769s] writing ../../build/py_pubsub/py_pubsub.egg-info/PKG-INFO
[4.769s] writing dependency_links to ../../build/py_pubsub/py_pubsub.egg-info/dependency_links.txt
[4.769s] writing entry points to ../../build/py_pubsub/py_pubsub.egg-info/entry_points.txt
[4.769s] writing requirements to ../../build/py_pubsub/py_pubsub.egg-info/requires.txt
[4.770s] writing top-level names to ../../build/py_pubsub/py_pubsub.egg-info/top_level.txt
[4.828s] reading manifest file '../../build/py_pubsub/py_pubsub.egg-info/SOURCES.txt'
[4.829s] writing manifest file '../../build/py_pubsub/py_pubsub.egg-info/SOURCES.txt'
[4.829s] running build
[4.829s] running build_py
[4.829s] creating /home/sdh/robot_ws/build/py_pubsub/build
[4.830s] creating /home/sdh/robot_ws/build/py_pubsub/build/lib
[4.830s] creating /home/sdh/robot_ws/build/py_pubsub/build/lib/py_pubsub
[4.830s] copying py_pubsub/sub_by_kb.py -> /home/sdh/robot_ws/build/py_pubsub/build/lib/py_pubsub
[4.857s] copying py_pubsub/minimal_sub.py -> /home/sdh/robot_ws/build/py_pubsub/build/lib/py_pubsub
[4.864s] copying py_pubsub/minimal_pub.py -> /home/sdh/robot_ws/build/py_pubsub/build/lib/py_pubsub
[4.870s] copying py_pubsub/__init__.py -> /home/sdh/robot_ws/build/py_pubsub/build/lib/py_pubsub
[4.870s] copying py_pubsub/pub_by_kb.py -> /home/sdh/robot_ws/build/py_pubsub/build/lib/py_pubsub
[4.870s] copying py_pubsub/timer_test.py -> /home/sdh/robot_ws/build/py_pubsub/build/lib/py_pubsub
[4.871s] copying py_pubsub/getchar.py -> /home/sdh/robot_ws/build/py_pubsub/build/lib/py_pubsub
[4.890s] running install
[4.891s] running install_lib
[4.892s] creating /home/sdh/robot_ws/install/py_pubsub/lib/python3.8/site-packages/py_pubsub
[4.892s] copying /home/sdh/robot_ws/build/py_pubsub/build/lib/py_pubsub/sub_by_kb.py -> /home/sdh/robot_ws/install/py_pubsub/lib/python3.8/site-packages/py_pubsub
[4.893s] copying /home/sdh/robot_ws/build/py_pubsub/build/lib/py_pubsub/minimal_sub.py -> /home/sdh/robot_ws/install/py_pubsub/lib/python3.8/site-packages/py_pubsub
[4.893s] copying /home/sdh/robot_ws/build/py_pubsub/build/lib/py_pubsub/minimal_pub.py -> /home/sdh/robot_ws/install/py_pubsub/lib/python3.8/site-packages/py_pubsub
[4.894s] copying /home/sdh/robot_ws/build/py_pubsub/build/lib/py_pubsub/__init__.py -> /home/sdh/robot_ws/install/py_pubsub/lib/python3.8/site-packages/py_pubsub
[4.894s] copying /home/sdh/robot_ws/build/py_pubsub/build/lib/py_pubsub/pub_by_kb.py -> /home/sdh/robot_ws/install/py_pubsub/lib/python3.8/site-packages/py_pubsub
[4.894s] copying /home/sdh/robot_ws/build/py_pubsub/build/lib/py_pubsub/timer_test.py -> /home/sdh/robot_ws/install/py_pubsub/lib/python3.8/site-packages/py_pubsub
[4.895s] copying /home/sdh/robot_ws/build/py_pubsub/build/lib/py_pubsub/getchar.py -> /home/sdh/robot_ws/install/py_pubsub/lib/python3.8/site-packages/py_pubsub
[4.895s] byte-compiling /home/sdh/robot_ws/install/py_pubsub/lib/python3.8/site-packages/py_pubsub/sub_by_kb.py to sub_by_kb.cpython-38.pyc
[4.895s] byte-compiling /home/sdh/robot_ws/install/py_pubsub/lib/python3.8/site-packages/py_pubsub/minimal_sub.py to minimal_sub.cpython-38.pyc
[4.896s] byte-compiling /home/sdh/robot_ws/install/py_pubsub/lib/python3.8/site-packages/py_pubsub/minimal_pub.py to minimal_pub.cpython-38.pyc
[4.896s] byte-compiling /home/sdh/robot_ws/install/py_pubsub/lib/python3.8/site-packages/py_pubsub/__init__.py to __init__.cpython-38.pyc
[4.897s] byte-compiling /home/sdh/robot_ws/install/py_pubsub/lib/python3.8/site-packages/py_pubsub/pub_by_kb.py to pub_by_kb.cpython-38.pyc
[4.897s] byte-compiling /home/sdh/robot_ws/install/py_pubsub/lib/python3.8/site-packages/py_pubsub/timer_test.py to timer_test.cpython-38.pyc
[4.897s] byte-compiling /home/sdh/robot_ws/install/py_pubsub/lib/python3.8/site-packages/py_pubsub/getchar.py to getchar.cpython-38.pyc
[4.898s] running install_data
[4.899s] running install_egg_info
[4.901s] Copying ../../build/py_pubsub/py_pubsub.egg-info to /home/sdh/robot_ws/install/py_pubsub/lib/python3.8/site-packages/py_pubsub-0.0.0-py3.8.egg-info
[4.920s] running install_scripts
[4.939s] Installing listener script to /home/sdh/robot_ws/install/py_pubsub/lib/py_pubsub
[4.939s] Installing pub_by_kb script to /home/sdh/robot_ws/install/py_pubsub/lib/py_pubsub
[4.940s] Installing sub_by_kb script to /home/sdh/robot_ws/install/py_pubsub/lib/py_pubsub
[4.940s] Installing talker script to /home/sdh/robot_ws/install/py_pubsub/lib/py_pubsub
[4.940s] Installing timer_test script to /home/sdh/robot_ws/install/py_pubsub/lib/py_pubsub
[4.940s] writing list of installed files to '/home/sdh/robot_ws/build/py_pubsub/install.log'
[5.193s] Invoked command in '/home/sdh/robot_ws/src/py_pubsub' returned '0': PYTHONPATH=/home/sdh/robot_ws/build/py_pubsub/prefix_override:/home/sdh/robot_ws/install/py_pubsub/lib/python3.8/site-packages:${PYTHONPATH} /usr/bin/python3 setup.py egg_info --egg-base ../../build/py_pubsub build --build-base /home/sdh/robot_ws/build/py_pubsub/build install --record /home/sdh/robot_ws/build/py_pubsub/install.log --install-scripts $base/lib/py_pubsub --single-version-externally-managed
