[5.353s] DEBUG:colcon:Command line arguments: ['/usr/bin/colcon', 'build']
[5.353s] DEBUG:colcon:Parsed command line arguments: Namespace(allow_overriding=[], ament_cmake_args=None, base_paths=['.'], build_base='build', catkin_cmake_args=None, catkin_skip_building_tests=False, cmake_args=None, cmake_clean_cache=False, cmake_clean_first=False, cmake_force_configure=False, cmake_target=None, cmake_target_skip_unavailable=False, continue_on_error=False, event_handlers=None, executor='parallel', ignore_user_meta=False, install_base='install', log_base=None, log_level=None, main=<bound method BuildVerb.main of <colcon_core.verb.build.BuildVerb object at 0x7f3f02d41550>>, merge_install=False, metas=['./colcon.meta'], packages_above=None, packages_above_and_dependencies=None, packages_above_depth=None, packages_end=None, packages_ignore=None, packages_ignore_regex=None, packages_select=None, packages_select_build_failed=False, packages_select_by_dep=None, packages_select_regex=None, packages_select_test_failures=False, packages_skip=None, packages_skip_build_finished=False, packages_skip_by_dep=None, packages_skip_regex=None, packages_skip_test_passed=False, packages_skip_up_to=None, packages_start=None, packages_up_to=None, packages_up_to_regex=None, parallel_workers=8, paths=None, symlink_install=False, test_result_base=None, verb_extension=<colcon_core.verb.build.BuildVerb object at 0x7f3f02d41550>, verb_name='build', verb_parser=<colcon_defaults.argument_parser.defaults.DefaultArgumentsDecorator object at 0x7f3f02a453d0>)
[5.614s] Level 1:colcon.colcon_core.package_discovery:discover_packages(colcon_meta) check parameters
[5.614s] Level 1:colcon.colcon_core.package_discovery:discover_packages(recursive) check parameters
[5.614s] Level 1:colcon.colcon_core.package_discovery:discover_packages(ignore) check parameters
[5.614s] Level 1:colcon.colcon_core.package_discovery:discover_packages(path) check parameters
[5.614s] Level 1:colcon.colcon_core.package_discovery:discover_packages(colcon_meta) discover
[5.614s] Level 1:colcon.colcon_core.package_discovery:discover_packages(recursive) discover
[5.614s] INFO:colcon.colcon_core.package_discovery:Crawling recursively for packages in '/home/sdh/robot_ws'
[5.614s] Level 1:colcon.colcon_core.package_identification:_identify(.) by extensions ['ignore', 'ignore_ament_install']
[5.615s] Level 1:colcon.colcon_core.package_identification:_identify(.) by extension 'ignore'
[5.615s] Level 1:colcon.colcon_core.package_identification:_identify(.) by extension 'ignore_ament_install'
[5.615s] Level 1:colcon.colcon_core.package_identification:_identify(.) by extensions ['colcon_pkg']
[5.615s] Level 1:colcon.colcon_core.package_identification:_identify(.) by extension 'colcon_pkg'
[5.615s] Level 1:colcon.colcon_core.package_identification:_identify(.) by extensions ['colcon_meta']
[5.615s] Level 1:colcon.colcon_core.package_identification:_identify(.) by extension 'colcon_meta'
[5.615s] Level 1:colcon.colcon_core.package_identification:_identify(.) by extensions ['ros']
[5.615s] Level 1:colcon.colcon_core.package_identification:_identify(.) by extension 'ros'
[5.674s] Level 1:colcon.colcon_core.package_identification:_identify(.) by extensions ['cmake', 'python']
[5.674s] Level 1:colcon.colcon_core.package_identification:_identify(.) by extension 'cmake'
[5.674s] Level 1:colcon.colcon_core.package_identification:_identify(.) by extension 'python'
[5.674s] Level 1:colcon.colcon_core.package_identification:_identify(.) by extensions ['python_setup_py']
[5.675s] Level 1:colcon.colcon_core.package_identification:_identify(.) by extension 'python_setup_py'
[5.675s] Level 1:colcon.colcon_core.package_identification:_identify(build) by extensions ['ignore', 'ignore_ament_install']
[5.675s] Level 1:colcon.colcon_core.package_identification:_identify(build) by extension 'ignore'
[5.675s] Level 1:colcon.colcon_core.package_identification:_identify(build) ignored
[5.675s] Level 1:colcon.colcon_core.package_identification:_identify(install) by extensions ['ignore', 'ignore_ament_install']
[5.675s] Level 1:colcon.colcon_core.package_identification:_identify(install) by extension 'ignore'
[5.675s] Level 1:colcon.colcon_core.package_identification:_identify(install) ignored
[5.675s] Level 1:colcon.colcon_core.package_identification:_identify(log) by extensions ['ignore', 'ignore_ament_install']
[5.675s] Level 1:colcon.colcon_core.package_identification:_identify(log) by extension 'ignore'
[5.675s] Level 1:colcon.colcon_core.package_identification:_identify(log) ignored
[5.676s] Level 1:colcon.colcon_core.package_identification:_identify(src) by extensions ['ignore', 'ignore_ament_install']
[5.676s] Level 1:colcon.colcon_core.package_identification:_identify(src) by extension 'ignore'
[5.676s] Level 1:colcon.colcon_core.package_identification:_identify(src) by extension 'ignore_ament_install'
[5.676s] Level 1:colcon.colcon_core.package_identification:_identify(src) by extensions ['colcon_pkg']
[5.676s] Level 1:colcon.colcon_core.package_identification:_identify(src) by extension 'colcon_pkg'
[5.676s] Level 1:colcon.colcon_core.package_identification:_identify(src) by extensions ['colcon_meta']
[5.676s] Level 1:colcon.colcon_core.package_identification:_identify(src) by extension 'colcon_meta'
[5.676s] Level 1:colcon.colcon_core.package_identification:_identify(src) by extensions ['ros']
[5.676s] Level 1:colcon.colcon_core.package_identification:_identify(src) by extension 'ros'
[5.676s] Level 1:colcon.colcon_core.package_identification:_identify(src) by extensions ['cmake', 'python']
[5.676s] Level 1:colcon.colcon_core.package_identification:_identify(src) by extension 'cmake'
[5.676s] Level 1:colcon.colcon_core.package_identification:_identify(src) by extension 'python'
[5.676s] Level 1:colcon.colcon_core.package_identification:_identify(src) by extensions ['python_setup_py']
[5.676s] Level 1:colcon.colcon_core.package_identification:_identify(src) by extension 'python_setup_py'
[5.676s] Level 1:colcon.colcon_core.package_discovery:discover_packages(recursive) using defaults
[5.676s] Level 1:colcon.colcon_core.package_discovery:discover_packages(ignore) discover
[5.676s] Level 1:colcon.colcon_core.package_discovery:discover_packages(ignore) using defaults
[5.676s] Level 1:colcon.colcon_core.package_discovery:discover_packages(path) discover
[5.677s] Level 1:colcon.colcon_core.package_discovery:discover_packages(path) using defaults
[6.175s] Level 1:colcon.colcon_core.package_discovery:discover_packages(prefix_path) check parameters
[6.175s] Level 1:colcon.colcon_core.package_discovery:discover_packages(prefix_path) discover
[6.368s] DEBUG:colcon.colcon_installed_package_information.package_discovery:Found 258 installed packages in /opt/ros/foxy
[6.369s] Level 1:colcon.colcon_core.package_discovery:discover_packages(prefix_path) using defaults
[6.640s] INFO:colcon.colcon_core.executor:Executing jobs using 'parallel' executor
[6.738s] DEBUG:colcon.colcon_parallel_executor.executor.parallel:run_until_complete
[6.738s] DEBUG:colcon.colcon_parallel_executor.executor.parallel:closing loop
[6.738s] DEBUG:colcon.colcon_parallel_executor.executor.parallel:loop closed
[6.738s] DEBUG:colcon.colcon_parallel_executor.executor.parallel:run_until_complete finished with '0'
[6.739s] DEBUG:colcon.colcon_core.event_reactor:joining thread
[6.840s] INFO:colcon.colcon_core.plugin_system:Skipping extension 'colcon_notification.desktop_notification.terminal_notifier': Not used on non-Darwin systems
[6.840s] INFO:colcon.colcon_core.plugin_system:Skipping extension 'colcon_notification.desktop_notification.win32': Not used on non-Windows systems
[6.840s] INFO:colcon.colcon_notification.desktop_notification:Sending desktop notification using 'notify2'
[6.893s] DEBUG:colcon.colcon_core.event_reactor:joined thread
[7.003s] INFO:colcon.colcon_core.plugin_system:Skipping extension 'colcon_core.shell.bat': Not used on non-Windows systems
[7.003s] INFO:colcon.colcon_core.shell:Creating prefix script '/home/sdh/robot_ws/install/local_setup.ps1'
[7.004s] INFO:colcon.colcon_core.shell:Creating prefix util module '/home/sdh/robot_ws/install/_local_setup_util_ps1.py'
[7.005s] INFO:colcon.colcon_core.shell:Creating prefix chain script '/home/sdh/robot_ws/install/setup.ps1'
[7.102s] INFO:colcon.colcon_core.shell:Creating prefix script '/home/sdh/robot_ws/install/local_setup.sh'
[7.103s] INFO:colcon.colcon_core.shell:Creating prefix util module '/home/sdh/robot_ws/install/_local_setup_util_sh.py'
[7.103s] INFO:colcon.colcon_core.shell:Creating prefix chain script '/home/sdh/robot_ws/install/setup.sh'
[7.201s] INFO:colcon.colcon_core.shell:Creating prefix script '/home/sdh/robot_ws/install/local_setup.bash'
[7.201s] INFO:colcon.colcon_core.shell:Creating prefix chain script '/home/sdh/robot_ws/install/setup.bash'
[7.298s] INFO:colcon.colcon_core.shell:Creating prefix script '/home/sdh/robot_ws/install/local_setup.zsh'
[7.299s] INFO:colcon.colcon_core.shell:Creating prefix chain script '/home/sdh/robot_ws/install/setup.zsh'
