[5.563s] DEBUG:colcon:Command line arguments: ['/usr/bin/colcon', 'build']
[5.563s] DEBUG:colcon:Parsed command line arguments: Namespace(allow_overriding=[], ament_cmake_args=None, base_paths=['.'], build_base='build', catkin_cmake_args=None, catkin_skip_building_tests=False, cmake_args=None, cmake_clean_cache=False, cmake_clean_first=False, cmake_force_configure=False, cmake_target=None, cmake_target_skip_unavailable=False, continue_on_error=False, event_handlers=None, executor='parallel', ignore_user_meta=False, install_base='install', log_base=None, log_level=None, main=<bound method BuildVerb.main of <colcon_core.verb.build.BuildVerb object at 0x7f9920847bb0>>, merge_install=False, metas=['./colcon.meta'], packages_above=None, packages_above_and_dependencies=None, packages_above_depth=None, packages_end=None, packages_ignore=None, packages_ignore_regex=None, packages_select=None, packages_select_build_failed=False, packages_select_by_dep=None, packages_select_regex=None, packages_select_test_failures=False, packages_skip=None, packages_skip_build_finished=False, packages_skip_by_dep=None, packages_skip_regex=None, packages_skip_test_passed=False, packages_skip_up_to=None, packages_start=None, packages_up_to=None, packages_up_to_regex=None, parallel_workers=8, paths=None, symlink_install=False, test_result_base=None, verb_extension=<colcon_core.verb.build.BuildVerb object at 0x7f9920847bb0>, verb_name='build', verb_parser=<colcon_defaults.argument_parser.defaults.DefaultArgumentsDecorator object at 0x7f99204f7070>)
[5.788s] Level 1:colcon.colcon_core.package_discovery:discover_packages(colcon_meta) check parameters
[5.788s] Level 1:colcon.colcon_core.package_discovery:discover_packages(recursive) check parameters
[5.788s] Level 1:colcon.colcon_core.package_discovery:discover_packages(ignore) check parameters
[5.788s] Level 1:colcon.colcon_core.package_discovery:discover_packages(path) check parameters
[5.788s] Level 1:colcon.colcon_core.package_discovery:discover_packages(colcon_meta) discover
[5.788s] Level 1:colcon.colcon_core.package_discovery:discover_packages(recursive) discover
[5.788s] INFO:colcon.colcon_core.package_discovery:Crawling recursively for packages in '/home/sdh/robot_ws'
[5.788s] Level 1:colcon.colcon_core.package_identification:_identify(.) by extensions ['ignore', 'ignore_ament_install']
[5.788s] Level 1:colcon.colcon_core.package_identification:_identify(.) by extension 'ignore'
[5.789s] Level 1:colcon.colcon_core.package_identification:_identify(.) by extension 'ignore_ament_install'
[5.789s] Level 1:colcon.colcon_core.package_identification:_identify(.) by extensions ['colcon_pkg']
[5.789s] Level 1:colcon.colcon_core.package_identification:_identify(.) by extension 'colcon_pkg'
[5.789s] Level 1:colcon.colcon_core.package_identification:_identify(.) by extensions ['colcon_meta']
[5.789s] Level 1:colcon.colcon_core.package_identification:_identify(.) by extension 'colcon_meta'
[5.789s] Level 1:colcon.colcon_core.package_identification:_identify(.) by extensions ['ros']
[5.789s] Level 1:colcon.colcon_core.package_identification:_identify(.) by extension 'ros'
[5.799s] Level 1:colcon.colcon_core.package_identification:_identify(.) by extensions ['cmake', 'python']
[5.799s] Level 1:colcon.colcon_core.package_identification:_identify(.) by extension 'cmake'
[5.800s] Level 1:colcon.colcon_core.package_identification:_identify(.) by extension 'python'
[5.800s] Level 1:colcon.colcon_core.package_identification:_identify(.) by extensions ['python_setup_py']
[5.800s] Level 1:colcon.colcon_core.package_identification:_identify(.) by extension 'python_setup_py'
[5.800s] Level 1:colcon.colcon_core.package_identification:_identify(build) by extensions ['ignore', 'ignore_ament_install']
[5.800s] Level 1:colcon.colcon_core.package_identification:_identify(build) by extension 'ignore'
[5.800s] Level 1:colcon.colcon_core.package_identification:_identify(build) ignored
[5.800s] Level 1:colcon.colcon_core.package_identification:_identify(install) by extensions ['ignore', 'ignore_ament_install']
[5.800s] Level 1:colcon.colcon_core.package_identification:_identify(install) by extension 'ignore'
[5.800s] Level 1:colcon.colcon_core.package_identification:_identify(install) ignored
[5.800s] Level 1:colcon.colcon_core.package_identification:_identify(log) by extensions ['ignore', 'ignore_ament_install']
[5.800s] Level 1:colcon.colcon_core.package_identification:_identify(log) by extension 'ignore'
[5.800s] Level 1:colcon.colcon_core.package_identification:_identify(log) ignored
[5.800s] Level 1:colcon.colcon_core.package_identification:_identify(src) by extensions ['ignore', 'ignore_ament_install']
[5.801s] Level 1:colcon.colcon_core.package_identification:_identify(src) by extension 'ignore'
[5.801s] Level 1:colcon.colcon_core.package_identification:_identify(src) by extension 'ignore_ament_install'
[5.801s] Level 1:colcon.colcon_core.package_identification:_identify(src) by extensions ['colcon_pkg']
[5.801s] Level 1:colcon.colcon_core.package_identification:_identify(src) by extension 'colcon_pkg'
[5.801s] Level 1:colcon.colcon_core.package_identification:_identify(src) by extensions ['colcon_meta']
[5.801s] Level 1:colcon.colcon_core.package_identification:_identify(src) by extension 'colcon_meta'
[5.801s] Level 1:colcon.colcon_core.package_identification:_identify(src) by extensions ['ros']
[5.801s] Level 1:colcon.colcon_core.package_identification:_identify(src) by extension 'ros'
[5.801s] Level 1:colcon.colcon_core.package_identification:_identify(src) by extensions ['cmake', 'python']
[5.801s] Level 1:colcon.colcon_core.package_identification:_identify(src) by extension 'cmake'
[5.801s] Level 1:colcon.colcon_core.package_identification:_identify(src) by extension 'python'
[5.801s] Level 1:colcon.colcon_core.package_identification:_identify(src) by extensions ['python_setup_py']
[5.801s] Level 1:colcon.colcon_core.package_identification:_identify(src) by extension 'python_setup_py'
[5.801s] Level 1:colcon.colcon_core.package_identification:_identify(src/build) by extensions ['ignore', 'ignore_ament_install']
[5.801s] Level 1:colcon.colcon_core.package_identification:_identify(src/build) by extension 'ignore'
[5.801s] Level 1:colcon.colcon_core.package_identification:_identify(src/build) ignored
[5.801s] Level 1:colcon.colcon_core.package_identification:_identify(src/install) by extensions ['ignore', 'ignore_ament_install']
[5.802s] Level 1:colcon.colcon_core.package_identification:_identify(src/install) by extension 'ignore'
[5.802s] Level 1:colcon.colcon_core.package_identification:_identify(src/install) ignored
[5.802s] Level 1:colcon.colcon_core.package_identification:_identify(src/log) by extensions ['ignore', 'ignore_ament_install']
[5.802s] Level 1:colcon.colcon_core.package_identification:_identify(src/log) by extension 'ignore'
[5.802s] Level 1:colcon.colcon_core.package_identification:_identify(src/log) ignored
[5.802s] Level 1:colcon.colcon_core.package_identification:_identify(src/opencv) by extensions ['ignore', 'ignore_ament_install']
[5.802s] Level 1:colcon.colcon_core.package_identification:_identify(src/opencv) by extension 'ignore'
[5.802s] Level 1:colcon.colcon_core.package_identification:_identify(src/opencv) by extension 'ignore_ament_install'
[5.802s] Level 1:colcon.colcon_core.package_identification:_identify(src/opencv) by extensions ['colcon_pkg']
[5.802s] Level 1:colcon.colcon_core.package_identification:_identify(src/opencv) by extension 'colcon_pkg'
[5.802s] Level 1:colcon.colcon_core.package_identification:_identify(src/opencv) by extensions ['colcon_meta']
[5.802s] Level 1:colcon.colcon_core.package_identification:_identify(src/opencv) by extension 'colcon_meta'
[5.802s] Level 1:colcon.colcon_core.package_identification:_identify(src/opencv) by extensions ['ros']
[5.802s] Level 1:colcon.colcon_core.package_identification:_identify(src/opencv) by extension 'ros'
[5.805s] DEBUG:colcon.colcon_core.package_identification:Package 'src/opencv' with type 'ros.ament_python' and name 'opencv'
[5.805s] Level 1:colcon.colcon_core.package_identification:_identify(src/py_pubsub) by extensions ['ignore', 'ignore_ament_install']
[5.805s] Level 1:colcon.colcon_core.package_identification:_identify(src/py_pubsub) by extension 'ignore'
[5.805s] Level 1:colcon.colcon_core.package_identification:_identify(src/py_pubsub) by extension 'ignore_ament_install'
[5.805s] Level 1:colcon.colcon_core.package_identification:_identify(src/py_pubsub) by extensions ['colcon_pkg']
[5.805s] Level 1:colcon.colcon_core.package_identification:_identify(src/py_pubsub) by extension 'colcon_pkg'
[5.805s] Level 1:colcon.colcon_core.package_identification:_identify(src/py_pubsub) by extensions ['colcon_meta']
[5.805s] Level 1:colcon.colcon_core.package_identification:_identify(src/py_pubsub) by extension 'colcon_meta'
[5.805s] Level 1:colcon.colcon_core.package_identification:_identify(src/py_pubsub) by extensions ['ros']
[5.805s] Level 1:colcon.colcon_core.package_identification:_identify(src/py_pubsub) by extension 'ros'
[5.806s] DEBUG:colcon.colcon_core.package_identification:Package 'src/py_pubsub' with type 'ros.ament_python' and name 'py_pubsub'
[5.806s] Level 1:colcon.colcon_core.package_identification:_identify(src/stm32) by extensions ['ignore', 'ignore_ament_install']
[5.806s] Level 1:colcon.colcon_core.package_identification:_identify(src/stm32) by extension 'ignore'
[5.806s] Level 1:colcon.colcon_core.package_identification:_identify(src/stm32) by extension 'ignore_ament_install'
[5.806s] Level 1:colcon.colcon_core.package_identification:_identify(src/stm32) by extensions ['colcon_pkg']
[5.806s] Level 1:colcon.colcon_core.package_identification:_identify(src/stm32) by extension 'colcon_pkg'
[5.806s] Level 1:colcon.colcon_core.package_identification:_identify(src/stm32) by extensions ['colcon_meta']
[5.806s] Level 1:colcon.colcon_core.package_identification:_identify(src/stm32) by extension 'colcon_meta'
[5.806s] Level 1:colcon.colcon_core.package_identification:_identify(src/stm32) by extensions ['ros']
[5.806s] Level 1:colcon.colcon_core.package_identification:_identify(src/stm32) by extension 'ros'
[5.807s] DEBUG:colcon.colcon_core.package_identification:Package 'src/stm32' with type 'ros.ament_python' and name 'stm32'
[5.807s] Level 1:colcon.colcon_core.package_identification:_identify(src/tb3_pkg) by extensions ['ignore', 'ignore_ament_install']
[5.807s] Level 1:colcon.colcon_core.package_identification:_identify(src/tb3_pkg) by extension 'ignore'
[5.807s] Level 1:colcon.colcon_core.package_identification:_identify(src/tb3_pkg) by extension 'ignore_ament_install'
[5.807s] Level 1:colcon.colcon_core.package_identification:_identify(src/tb3_pkg) by extensions ['colcon_pkg']
[5.807s] Level 1:colcon.colcon_core.package_identification:_identify(src/tb3_pkg) by extension 'colcon_pkg'
[5.807s] Level 1:colcon.colcon_core.package_identification:_identify(src/tb3_pkg) by extensions ['colcon_meta']
[5.807s] Level 1:colcon.colcon_core.package_identification:_identify(src/tb3_pkg) by extension 'colcon_meta'
[5.807s] Level 1:colcon.colcon_core.package_identification:_identify(src/tb3_pkg) by extensions ['ros']
[5.807s] Level 1:colcon.colcon_core.package_identification:_identify(src/tb3_pkg) by extension 'ros'
[5.808s] DEBUG:colcon.colcon_core.package_identification:Package 'src/tb3_pkg' with type 'ros.ament_python' and name 'tb3_pkg'
[5.808s] Level 1:colcon.colcon_core.package_identification:_identify(src/turtle_pkg) by extensions ['ignore', 'ignore_ament_install']
[5.808s] Level 1:colcon.colcon_core.package_identification:_identify(src/turtle_pkg) by extension 'ignore'
[5.808s] Level 1:colcon.colcon_core.package_identification:_identify(src/turtle_pkg) by extension 'ignore_ament_install'
[5.808s] Level 1:colcon.colcon_core.package_identification:_identify(src/turtle_pkg) by extensions ['colcon_pkg']
[5.808s] Level 1:colcon.colcon_core.package_identification:_identify(src/turtle_pkg) by extension 'colcon_pkg'
[5.808s] Level 1:colcon.colcon_core.package_identification:_identify(src/turtle_pkg) by extensions ['colcon_meta']
[5.808s] Level 1:colcon.colcon_core.package_identification:_identify(src/turtle_pkg) by extension 'colcon_meta'
[5.808s] Level 1:colcon.colcon_core.package_identification:_identify(src/turtle_pkg) by extensions ['ros']
[5.808s] Level 1:colcon.colcon_core.package_identification:_identify(src/turtle_pkg) by extension 'ros'
[5.809s] DEBUG:colcon.colcon_core.package_identification:Package 'src/turtle_pkg' with type 'ros.ament_python' and name 'turtle_pkg'
[5.809s] Level 1:colcon.colcon_core.package_discovery:discover_packages(recursive) using defaults
[5.809s] Level 1:colcon.colcon_core.package_discovery:discover_packages(ignore) discover
[5.809s] Level 1:colcon.colcon_core.package_discovery:discover_packages(ignore) using defaults
[5.809s] Level 1:colcon.colcon_core.package_discovery:discover_packages(path) discover
[5.809s] Level 1:colcon.colcon_core.package_discovery:discover_packages(path) using defaults
[6.323s] Level 1:colcon.colcon_core.package_discovery:discover_packages(prefix_path) check parameters
[6.323s] Level 1:colcon.colcon_core.package_discovery:discover_packages(prefix_path) discover
[6.525s] DEBUG:colcon.colcon_installed_package_information.package_discovery:Found 5 installed packages in /home/sdh/robot_ws/install
[6.627s] DEBUG:colcon.colcon_installed_package_information.package_discovery:Found 3 installed packages in /home/sdh/turtlebot3_ws/install
[6.730s] DEBUG:colcon.colcon_installed_package_information.package_discovery:Found 342 installed packages in /opt/ros/foxy
[6.732s] Level 1:colcon.colcon_core.package_discovery:discover_packages(prefix_path) using defaults
[7.021s] Level 5:colcon.colcon_core.verb:set package 'opencv' build argument 'cmake_args' from command line to 'None'
[7.021s] Level 5:colcon.colcon_core.verb:set package 'opencv' build argument 'cmake_target' from command line to 'None'
[7.021s] Level 5:colcon.colcon_core.verb:set package 'opencv' build argument 'cmake_target_skip_unavailable' from command line to 'False'
[7.021s] Level 5:colcon.colcon_core.verb:set package 'opencv' build argument 'cmake_clean_cache' from command line to 'False'
[7.021s] Level 5:colcon.colcon_core.verb:set package 'opencv' build argument 'cmake_clean_first' from command line to 'False'
[7.021s] Level 5:colcon.colcon_core.verb:set package 'opencv' build argument 'cmake_force_configure' from command line to 'False'
[7.021s] Level 5:colcon.colcon_core.verb:set package 'opencv' build argument 'ament_cmake_args' from command line to 'None'
[7.021s] Level 5:colcon.colcon_core.verb:set package 'opencv' build argument 'catkin_cmake_args' from command line to 'None'
[7.021s] Level 5:colcon.colcon_core.verb:set package 'opencv' build argument 'catkin_skip_building_tests' from command line to 'False'
[7.021s] DEBUG:colcon.colcon_core.verb:Building package 'opencv' with the following arguments: {'ament_cmake_args': None, 'build_base': '/home/sdh/robot_ws/build/opencv', 'catkin_cmake_args': None, 'catkin_skip_building_tests': False, 'cmake_args': None, 'cmake_clean_cache': False, 'cmake_clean_first': False, 'cmake_force_configure': False, 'cmake_target': None, 'cmake_target_skip_unavailable': False, 'install_base': '/home/sdh/robot_ws/install/opencv', 'merge_install': False, 'path': '/home/sdh/robot_ws/src/opencv', 'symlink_install': False, 'test_result_base': None}
[7.123s] Level 5:colcon.colcon_core.verb:set package 'py_pubsub' build argument 'cmake_args' from command line to 'None'
[7.123s] Level 5:colcon.colcon_core.verb:set package 'py_pubsub' build argument 'cmake_target' from command line to 'None'
[7.123s] Level 5:colcon.colcon_core.verb:set package 'py_pubsub' build argument 'cmake_target_skip_unavailable' from command line to 'False'
[7.123s] Level 5:colcon.colcon_core.verb:set package 'py_pubsub' build argument 'cmake_clean_cache' from command line to 'False'
[7.123s] Level 5:colcon.colcon_core.verb:set package 'py_pubsub' build argument 'cmake_clean_first' from command line to 'False'
[7.123s] Level 5:colcon.colcon_core.verb:set package 'py_pubsub' build argument 'cmake_force_configure' from command line to 'False'
[7.123s] Level 5:colcon.colcon_core.verb:set package 'py_pubsub' build argument 'ament_cmake_args' from command line to 'None'
[7.123s] Level 5:colcon.colcon_core.verb:set package 'py_pubsub' build argument 'catkin_cmake_args' from command line to 'None'
[7.123s] Level 5:colcon.colcon_core.verb:set package 'py_pubsub' build argument 'catkin_skip_building_tests' from command line to 'False'
[7.123s] DEBUG:colcon.colcon_core.verb:Building package 'py_pubsub' with the following arguments: {'ament_cmake_args': None, 'build_base': '/home/sdh/robot_ws/build/py_pubsub', 'catkin_cmake_args': None, 'catkin_skip_building_tests': False, 'cmake_args': None, 'cmake_clean_cache': False, 'cmake_clean_first': False, 'cmake_force_configure': False, 'cmake_target': None, 'cmake_target_skip_unavailable': False, 'install_base': '/home/sdh/robot_ws/install/py_pubsub', 'merge_install': False, 'path': '/home/sdh/robot_ws/src/py_pubsub', 'symlink_install': False, 'test_result_base': None}
[7.228s] Level 5:colcon.colcon_core.verb:set package 'stm32' build argument 'cmake_args' from command line to 'None'
[7.228s] Level 5:colcon.colcon_core.verb:set package 'stm32' build argument 'cmake_target' from command line to 'None'
[7.228s] Level 5:colcon.colcon_core.verb:set package 'stm32' build argument 'cmake_target_skip_unavailable' from command line to 'False'
[7.228s] Level 5:colcon.colcon_core.verb:set package 'stm32' build argument 'cmake_clean_cache' from command line to 'False'
[7.228s] Level 5:colcon.colcon_core.verb:set package 'stm32' build argument 'cmake_clean_first' from command line to 'False'
[7.228s] Level 5:colcon.colcon_core.verb:set package 'stm32' build argument 'cmake_force_configure' from command line to 'False'
[7.228s] Level 5:colcon.colcon_core.verb:set package 'stm32' build argument 'ament_cmake_args' from command line to 'None'
[7.228s] Level 5:colcon.colcon_core.verb:set package 'stm32' build argument 'catkin_cmake_args' from command line to 'None'
[7.228s] Level 5:colcon.colcon_core.verb:set package 'stm32' build argument 'catkin_skip_building_tests' from command line to 'False'
[7.228s] DEBUG:colcon.colcon_core.verb:Building package 'stm32' with the following arguments: {'ament_cmake_args': None, 'build_base': '/home/sdh/robot_ws/build/stm32', 'catkin_cmake_args': None, 'catkin_skip_building_tests': False, 'cmake_args': None, 'cmake_clean_cache': False, 'cmake_clean_first': False, 'cmake_force_configure': False, 'cmake_target': None, 'cmake_target_skip_unavailable': False, 'install_base': '/home/sdh/robot_ws/install/stm32', 'merge_install': False, 'path': '/home/sdh/robot_ws/src/stm32', 'symlink_install': False, 'test_result_base': None}
[7.329s] Level 5:colcon.colcon_core.verb:set package 'tb3_pkg' build argument 'cmake_args' from command line to 'None'
[7.329s] Level 5:colcon.colcon_core.verb:set package 'tb3_pkg' build argument 'cmake_target' from command line to 'None'
[7.329s] Level 5:colcon.colcon_core.verb:set package 'tb3_pkg' build argument 'cmake_target_skip_unavailable' from command line to 'False'
[7.329s] Level 5:colcon.colcon_core.verb:set package 'tb3_pkg' build argument 'cmake_clean_cache' from command line to 'False'
[7.329s] Level 5:colcon.colcon_core.verb:set package 'tb3_pkg' build argument 'cmake_clean_first' from command line to 'False'
[7.329s] Level 5:colcon.colcon_core.verb:set package 'tb3_pkg' build argument 'cmake_force_configure' from command line to 'False'
[7.329s] Level 5:colcon.colcon_core.verb:set package 'tb3_pkg' build argument 'ament_cmake_args' from command line to 'None'
[7.329s] Level 5:colcon.colcon_core.verb:set package 'tb3_pkg' build argument 'catkin_cmake_args' from command line to 'None'
[7.330s] Level 5:colcon.colcon_core.verb:set package 'tb3_pkg' build argument 'catkin_skip_building_tests' from command line to 'False'
[7.330s] DEBUG:colcon.colcon_core.verb:Building package 'tb3_pkg' with the following arguments: {'ament_cmake_args': None, 'build_base': '/home/sdh/robot_ws/build/tb3_pkg', 'catkin_cmake_args': None, 'catkin_skip_building_tests': False, 'cmake_args': None, 'cmake_clean_cache': False, 'cmake_clean_first': False, 'cmake_force_configure': False, 'cmake_target': None, 'cmake_target_skip_unavailable': False, 'install_base': '/home/sdh/robot_ws/install/tb3_pkg', 'merge_install': False, 'path': '/home/sdh/robot_ws/src/tb3_pkg', 'symlink_install': False, 'test_result_base': None}
[7.431s] Level 5:colcon.colcon_core.verb:set package 'turtle_pkg' build argument 'cmake_args' from command line to 'None'
[7.431s] Level 5:colcon.colcon_core.verb:set package 'turtle_pkg' build argument 'cmake_target' from command line to 'None'
[7.431s] Level 5:colcon.colcon_core.verb:set package 'turtle_pkg' build argument 'cmake_target_skip_unavailable' from command line to 'False'
[7.431s] Level 5:colcon.colcon_core.verb:set package 'turtle_pkg' build argument 'cmake_clean_cache' from command line to 'False'
[7.431s] Level 5:colcon.colcon_core.verb:set package 'turtle_pkg' build argument 'cmake_clean_first' from command line to 'False'
[7.431s] Level 5:colcon.colcon_core.verb:set package 'turtle_pkg' build argument 'cmake_force_configure' from command line to 'False'
[7.431s] Level 5:colcon.colcon_core.verb:set package 'turtle_pkg' build argument 'ament_cmake_args' from command line to 'None'
[7.431s] Level 5:colcon.colcon_core.verb:set package 'turtle_pkg' build argument 'catkin_cmake_args' from command line to 'None'
[7.431s] Level 5:colcon.colcon_core.verb:set package 'turtle_pkg' build argument 'catkin_skip_building_tests' from command line to 'False'
[7.431s] DEBUG:colcon.colcon_core.verb:Building package 'turtle_pkg' with the following arguments: {'ament_cmake_args': None, 'build_base': '/home/sdh/robot_ws/build/turtle_pkg', 'catkin_cmake_args': None, 'catkin_skip_building_tests': False, 'cmake_args': None, 'cmake_clean_cache': False, 'cmake_clean_first': False, 'cmake_force_configure': False, 'cmake_target': None, 'cmake_target_skip_unavailable': False, 'install_base': '/home/sdh/robot_ws/install/turtle_pkg', 'merge_install': False, 'path': '/home/sdh/robot_ws/src/turtle_pkg', 'symlink_install': False, 'test_result_base': None}
[7.532s] INFO:colcon.colcon_core.executor:Executing jobs using 'parallel' executor
[7.632s] DEBUG:colcon.colcon_parallel_executor.executor.parallel:run_until_complete
[7.632s] INFO:colcon.colcon_ros.task.ament_python.build:Building ROS package in '/home/sdh/robot_ws/src/opencv' with build type 'ament_python'
[7.633s] Level 1:colcon.colcon_core.shell:create_environment_hook('opencv', 'ament_prefix_path')
[7.738s] INFO:colcon.colcon_core.plugin_system:Skipping extension 'colcon_core.shell.bat': Not used on non-Windows systems
[7.739s] INFO:colcon.colcon_core.shell:Creating environment hook '/home/sdh/robot_ws/install/opencv/share/opencv/hook/ament_prefix_path.ps1'
[7.739s] INFO:colcon.colcon_core.shell:Creating environment descriptor '/home/sdh/robot_ws/install/opencv/share/opencv/hook/ament_prefix_path.dsv'
[7.739s] INFO:colcon.colcon_core.shell:Creating environment hook '/home/sdh/robot_ws/install/opencv/share/opencv/hook/ament_prefix_path.sh'
[7.842s] INFO:colcon.colcon_core.shell:Skip shell extension 'powershell' for command environment: Not usable outside of PowerShell
[7.842s] DEBUG:colcon.colcon_core.shell:Skip shell extension 'dsv' for command environment
[8.253s] INFO:colcon.colcon_ros.task.ament_python.build:Building ROS package in '/home/sdh/robot_ws/src/py_pubsub' with build type 'ament_python'
[8.254s] Level 1:colcon.colcon_core.shell:create_environment_hook('py_pubsub', 'ament_prefix_path')
[8.357s] INFO:colcon.colcon_core.shell:Creating environment hook '/home/sdh/robot_ws/install/py_pubsub/share/py_pubsub/hook/ament_prefix_path.ps1'
[8.358s] INFO:colcon.colcon_core.shell:Creating environment descriptor '/home/sdh/robot_ws/install/py_pubsub/share/py_pubsub/hook/ament_prefix_path.dsv'
[8.358s] INFO:colcon.colcon_core.shell:Creating environment hook '/home/sdh/robot_ws/install/py_pubsub/share/py_pubsub/hook/ament_prefix_path.sh'
[8.462s] INFO:colcon.colcon_core.shell:Skip shell extension 'powershell' for command environment: Not usable outside of PowerShell
[8.462s] DEBUG:colcon.colcon_core.shell:Skip shell extension 'dsv' for command environment
[8.872s] INFO:colcon.colcon_ros.task.ament_python.build:Building ROS package in '/home/sdh/robot_ws/src/stm32' with build type 'ament_python'
[8.873s] Level 1:colcon.colcon_core.shell:create_environment_hook('stm32', 'ament_prefix_path')
[8.982s] INFO:colcon.colcon_core.shell:Creating environment hook '/home/sdh/robot_ws/install/stm32/share/stm32/hook/ament_prefix_path.ps1'
[8.982s] INFO:colcon.colcon_core.shell:Creating environment descriptor '/home/sdh/robot_ws/install/stm32/share/stm32/hook/ament_prefix_path.dsv'
[8.982s] INFO:colcon.colcon_core.shell:Creating environment hook '/home/sdh/robot_ws/install/stm32/share/stm32/hook/ament_prefix_path.sh'
[9.084s] INFO:colcon.colcon_core.shell:Skip shell extension 'powershell' for command environment: Not usable outside of PowerShell
[9.084s] DEBUG:colcon.colcon_core.shell:Skip shell extension 'dsv' for command environment
[9.494s] INFO:colcon.colcon_ros.task.ament_python.build:Building ROS package in '/home/sdh/robot_ws/src/tb3_pkg' with build type 'ament_python'
[9.495s] Level 1:colcon.colcon_core.shell:create_environment_hook('tb3_pkg', 'ament_prefix_path')
[9.599s] INFO:colcon.colcon_core.shell:Creating environment hook '/home/sdh/robot_ws/install/tb3_pkg/share/tb3_pkg/hook/ament_prefix_path.ps1'
[9.600s] INFO:colcon.colcon_core.shell:Creating environment descriptor '/home/sdh/robot_ws/install/tb3_pkg/share/tb3_pkg/hook/ament_prefix_path.dsv'
[9.600s] INFO:colcon.colcon_core.shell:Creating environment hook '/home/sdh/robot_ws/install/tb3_pkg/share/tb3_pkg/hook/ament_prefix_path.sh'
[9.702s] INFO:colcon.colcon_core.shell:Skip shell extension 'powershell' for command environment: Not usable outside of PowerShell
[9.703s] DEBUG:colcon.colcon_core.shell:Skip shell extension 'dsv' for command environment
[10.115s] INFO:colcon.colcon_ros.task.ament_python.build:Building ROS package in '/home/sdh/robot_ws/src/turtle_pkg' with build type 'ament_python'
[10.115s] Level 1:colcon.colcon_core.shell:create_environment_hook('turtle_pkg', 'ament_prefix_path')
[10.218s] INFO:colcon.colcon_core.shell:Creating environment hook '/home/sdh/robot_ws/install/turtle_pkg/share/turtle_pkg/hook/ament_prefix_path.ps1'
[10.219s] INFO:colcon.colcon_core.shell:Creating environment descriptor '/home/sdh/robot_ws/install/turtle_pkg/share/turtle_pkg/hook/ament_prefix_path.dsv'
[10.219s] INFO:colcon.colcon_core.shell:Creating environment hook '/home/sdh/robot_ws/install/turtle_pkg/share/turtle_pkg/hook/ament_prefix_path.sh'
[10.320s] INFO:colcon.colcon_core.shell:Skip shell extension 'powershell' for command environment: Not usable outside of PowerShell
[10.320s] DEBUG:colcon.colcon_core.shell:Skip shell extension 'dsv' for command environment
[10.966s] INFO:colcon.colcon_core.task.python.build:Building Python package in '/home/sdh/robot_ws/src/opencv'
[11.070s] INFO:colcon.colcon_core.shell:Skip shell extension 'powershell' for command environment: Not usable outside of PowerShell
[11.070s] DEBUG:colcon.colcon_core.shell:Skip shell extension 'dsv' for command environment
[11.717s] INFO:colcon.colcon_core.task.python.build:Building Python package in '/home/sdh/robot_ws/src/py_pubsub'
[11.822s] INFO:colcon.colcon_core.shell:Skip shell extension 'powershell' for command environment: Not usable outside of PowerShell
[11.822s] DEBUG:colcon.colcon_core.shell:Skip shell extension 'dsv' for command environment
[12.472s] INFO:colcon.colcon_core.task.python.build:Building Python package in '/home/sdh/robot_ws/src/stm32'
[12.576s] INFO:colcon.colcon_core.shell:Skip shell extension 'powershell' for command environment: Not usable outside of PowerShell
[12.576s] DEBUG:colcon.colcon_core.shell:Skip shell extension 'dsv' for command environment
[13.225s] INFO:colcon.colcon_core.task.python.build:Building Python package in '/home/sdh/robot_ws/src/tb3_pkg'
[13.329s] INFO:colcon.colcon_core.shell:Skip shell extension 'powershell' for command environment: Not usable outside of PowerShell
[13.329s] DEBUG:colcon.colcon_core.shell:Skip shell extension 'dsv' for command environment
[13.980s] INFO:colcon.colcon_core.task.python.build:Building Python package in '/home/sdh/robot_ws/src/turtle_pkg'
[14.083s] INFO:colcon.colcon_core.shell:Skip shell extension 'powershell' for command environment: Not usable outside of PowerShell
[14.083s] DEBUG:colcon.colcon_core.shell:Skip shell extension 'dsv' for command environment
[14.962s] DEBUG:colcon.colcon_core.event_handler.log_command:Invoking command in '/home/sdh/robot_ws/src/stm32': PYTHONPATH=/home/sdh/robot_ws/build/stm32/prefix_override:/home/sdh/robot_ws/install/stm32/lib/python3.8/site-packages:${PYTHONPATH} /usr/bin/python3 setup.py egg_info --egg-base ../../build/stm32 build --build-base /home/sdh/robot_ws/build/stm32/build install --record /home/sdh/robot_ws/build/stm32/install.log --install-scripts $base/lib/stm32 --single-version-externally-managed
[14.981s] DEBUG:colcon.colcon_core.event_handler.log_command:Invoking command in '/home/sdh/robot_ws/src/py_pubsub': PYTHONPATH=/home/sdh/robot_ws/build/py_pubsub/prefix_override:/home/sdh/robot_ws/install/py_pubsub/lib/python3.8/site-packages:${PYTHONPATH} /usr/bin/python3 setup.py egg_info --egg-base ../../build/py_pubsub build --build-base /home/sdh/robot_ws/build/py_pubsub/build install --record /home/sdh/robot_ws/build/py_pubsub/install.log --install-scripts $base/lib/py_pubsub --single-version-externally-managed
[14.990s] DEBUG:colcon.colcon_core.event_handler.log_command:Invoking command in '/home/sdh/robot_ws/src/tb3_pkg': PYTHONPATH=/home/sdh/robot_ws/build/tb3_pkg/prefix_override:/home/sdh/robot_ws/install/tb3_pkg/lib/python3.8/site-packages:${PYTHONPATH} /usr/bin/python3 setup.py egg_info --egg-base ../../build/tb3_pkg build --build-base /home/sdh/robot_ws/build/tb3_pkg/build install --record /home/sdh/robot_ws/build/tb3_pkg/install.log --install-scripts $base/lib/tb3_pkg --single-version-externally-managed
[15.185s] DEBUG:colcon.colcon_core.event_handler.log_command:Invoking command in '/home/sdh/robot_ws/src/opencv': PYTHONPATH=/home/sdh/robot_ws/build/opencv/prefix_override:/home/sdh/robot_ws/install/opencv/lib/python3.8/site-packages:${PYTHONPATH} /usr/bin/python3 setup.py egg_info --egg-base ../../build/opencv build --build-base /home/sdh/robot_ws/build/opencv/build install --record /home/sdh/robot_ws/build/opencv/install.log --install-scripts $base/lib/opencv --single-version-externally-managed
[15.220s] DEBUG:colcon.colcon_core.event_handler.log_command:Invoking command in '/home/sdh/robot_ws/src/turtle_pkg': PYTHONPATH=/home/sdh/robot_ws/build/turtle_pkg/prefix_override:/home/sdh/robot_ws/install/turtle_pkg/lib/python3.8/site-packages:${PYTHONPATH} /usr/bin/python3 setup.py egg_info --egg-base ../../build/turtle_pkg build --build-base /home/sdh/robot_ws/build/turtle_pkg/build install --record /home/sdh/robot_ws/build/turtle_pkg/install.log --install-scripts $base/lib/turtle_pkg --single-version-externally-managed
[15.330s] DEBUG:colcon.colcon_core.event_handler.log_command:Invoked command in '/home/sdh/robot_ws/src/tb3_pkg' returned '0': PYTHONPATH=/home/sdh/robot_ws/build/tb3_pkg/prefix_override:/home/sdh/robot_ws/install/tb3_pkg/lib/python3.8/site-packages:${PYTHONPATH} /usr/bin/python3 setup.py egg_info --egg-base ../../build/tb3_pkg build --build-base /home/sdh/robot_ws/build/tb3_pkg/build install --record /home/sdh/robot_ws/build/tb3_pkg/install.log --install-scripts $base/lib/tb3_pkg --single-version-externally-managed
[15.448s] Level 1:colcon.colcon_core.environment:checking '/home/sdh/robot_ws/install/tb3_pkg' for CMake module files
[15.449s] Level 1:colcon.colcon_core.environment:checking '/home/sdh/robot_ws/install/tb3_pkg' for CMake config files
[15.450s] Level 1:colcon.colcon_core.environment:checking '/home/sdh/robot_ws/install/tb3_pkg/lib'
[15.450s] Level 1:colcon.colcon_core.environment:checking '/home/sdh/robot_ws/install/tb3_pkg/bin'
[15.450s] Level 1:colcon.colcon_core.environment:checking '/home/sdh/robot_ws/install/tb3_pkg/lib/pkgconfig/tb3_pkg.pc'
[15.450s] Level 1:colcon.colcon_core.environment:checking '/home/sdh/robot_ws/install/tb3_pkg/lib/python3.8/site-packages'
[15.450s] Level 1:colcon.colcon_core.shell:create_environment_hook('tb3_pkg', 'pythonpath')
[15.567s] INFO:colcon.colcon_core.shell:Creating environment hook '/home/sdh/robot_ws/install/tb3_pkg/share/tb3_pkg/hook/pythonpath.ps1'
[15.568s] INFO:colcon.colcon_core.shell:Creating environment descriptor '/home/sdh/robot_ws/install/tb3_pkg/share/tb3_pkg/hook/pythonpath.dsv'
[15.568s] INFO:colcon.colcon_core.shell:Creating environment hook '/home/sdh/robot_ws/install/tb3_pkg/share/tb3_pkg/hook/pythonpath.sh'
[15.569s] Level 1:colcon.colcon_core.environment:checking '/home/sdh/robot_ws/install/tb3_pkg/bin'
[15.569s] Level 1:colcon.colcon_core.environment:create_environment_scripts_only(tb3_pkg)
[15.678s] INFO:colcon.colcon_core.shell:Creating package script '/home/sdh/robot_ws/install/tb3_pkg/share/tb3_pkg/package.ps1'
[15.679s] INFO:colcon.colcon_core.shell:Creating package descriptor '/home/sdh/robot_ws/install/tb3_pkg/share/tb3_pkg/package.dsv'
[15.679s] INFO:colcon.colcon_core.shell:Creating package script '/home/sdh/robot_ws/install/tb3_pkg/share/tb3_pkg/package.sh'
[15.680s] INFO:colcon.colcon_core.shell:Creating package script '/home/sdh/robot_ws/install/tb3_pkg/share/tb3_pkg/package.bash'
[15.680s] INFO:colcon.colcon_core.shell:Creating package script '/home/sdh/robot_ws/install/tb3_pkg/share/tb3_pkg/package.zsh'
[15.681s] Level 1:colcon.colcon_core.environment:create_file_with_runtime_dependencies(/home/sdh/robot_ws/install/tb3_pkg/share/colcon-core/packages/tb3_pkg)
[15.683s] DEBUG:colcon.colcon_core.event_handler.log_command:Invoked command in '/home/sdh/robot_ws/src/opencv' returned '0': PYTHONPATH=/home/sdh/robot_ws/build/opencv/prefix_override:/home/sdh/robot_ws/install/opencv/lib/python3.8/site-packages:${PYTHONPATH} /usr/bin/python3 setup.py egg_info --egg-base ../../build/opencv build --build-base /home/sdh/robot_ws/build/opencv/build install --record /home/sdh/robot_ws/build/opencv/install.log --install-scripts $base/lib/opencv --single-version-externally-managed
[15.785s] Level 1:colcon.colcon_core.environment:checking '/home/sdh/robot_ws/install/opencv' for CMake module files
[15.786s] Level 1:colcon.colcon_core.environment:checking '/home/sdh/robot_ws/install/opencv' for CMake config files
[15.786s] Level 1:colcon.colcon_core.environment:checking '/home/sdh/robot_ws/install/opencv/lib'
[15.787s] Level 1:colcon.colcon_core.environment:checking '/home/sdh/robot_ws/install/opencv/bin'
[15.787s] Level 1:colcon.colcon_core.environment:checking '/home/sdh/robot_ws/install/opencv/lib/pkgconfig/opencv.pc'
[15.787s] Level 1:colcon.colcon_core.environment:checking '/home/sdh/robot_ws/install/opencv/lib/python3.8/site-packages'
[15.787s] Level 1:colcon.colcon_core.shell:create_environment_hook('opencv', 'pythonpath')
[15.889s] INFO:colcon.colcon_core.shell:Creating environment hook '/home/sdh/robot_ws/install/opencv/share/opencv/hook/pythonpath.ps1'
[15.889s] INFO:colcon.colcon_core.shell:Creating environment descriptor '/home/sdh/robot_ws/install/opencv/share/opencv/hook/pythonpath.dsv'
[15.889s] INFO:colcon.colcon_core.shell:Creating environment hook '/home/sdh/robot_ws/install/opencv/share/opencv/hook/pythonpath.sh'
[15.890s] Level 1:colcon.colcon_core.environment:checking '/home/sdh/robot_ws/install/opencv/bin'
[15.890s] Level 1:colcon.colcon_core.environment:create_environment_scripts_only(opencv)
[15.992s] INFO:colcon.colcon_core.shell:Creating package script '/home/sdh/robot_ws/install/opencv/share/opencv/package.ps1'
[15.993s] INFO:colcon.colcon_core.shell:Creating package descriptor '/home/sdh/robot_ws/install/opencv/share/opencv/package.dsv'
[15.993s] INFO:colcon.colcon_core.shell:Creating package script '/home/sdh/robot_ws/install/opencv/share/opencv/package.sh'
[15.993s] INFO:colcon.colcon_core.shell:Creating package script '/home/sdh/robot_ws/install/opencv/share/opencv/package.bash'
[15.994s] INFO:colcon.colcon_core.shell:Creating package script '/home/sdh/robot_ws/install/opencv/share/opencv/package.zsh'
[15.994s] Level 1:colcon.colcon_core.environment:create_file_with_runtime_dependencies(/home/sdh/robot_ws/install/opencv/share/colcon-core/packages/opencv)
[15.995s] DEBUG:colcon.colcon_core.event_handler.log_command:Invoked command in '/home/sdh/robot_ws/src/turtle_pkg' returned '0': PYTHONPATH=/home/sdh/robot_ws/build/turtle_pkg/prefix_override:/home/sdh/robot_ws/install/turtle_pkg/lib/python3.8/site-packages:${PYTHONPATH} /usr/bin/python3 setup.py egg_info --egg-base ../../build/turtle_pkg build --build-base /home/sdh/robot_ws/build/turtle_pkg/build install --record /home/sdh/robot_ws/build/turtle_pkg/install.log --install-scripts $base/lib/turtle_pkg --single-version-externally-managed
[16.096s] Level 1:colcon.colcon_core.environment:checking '/home/sdh/robot_ws/install/turtle_pkg' for CMake module files
[16.097s] Level 1:colcon.colcon_core.environment:checking '/home/sdh/robot_ws/install/turtle_pkg' for CMake config files
[16.097s] Level 1:colcon.colcon_core.environment:checking '/home/sdh/robot_ws/install/turtle_pkg/lib'
[16.097s] Level 1:colcon.colcon_core.environment:checking '/home/sdh/robot_ws/install/turtle_pkg/bin'
[16.097s] Level 1:colcon.colcon_core.environment:checking '/home/sdh/robot_ws/install/turtle_pkg/lib/pkgconfig/turtle_pkg.pc'
[16.098s] Level 1:colcon.colcon_core.environment:checking '/home/sdh/robot_ws/install/turtle_pkg/lib/python3.8/site-packages'
[16.098s] Level 1:colcon.colcon_core.shell:create_environment_hook('turtle_pkg', 'pythonpath')
[16.200s] INFO:colcon.colcon_core.shell:Creating environment hook '/home/sdh/robot_ws/install/turtle_pkg/share/turtle_pkg/hook/pythonpath.ps1'
[16.200s] INFO:colcon.colcon_core.shell:Creating environment descriptor '/home/sdh/robot_ws/install/turtle_pkg/share/turtle_pkg/hook/pythonpath.dsv'
[16.201s] INFO:colcon.colcon_core.shell:Creating environment hook '/home/sdh/robot_ws/install/turtle_pkg/share/turtle_pkg/hook/pythonpath.sh'
[16.201s] Level 1:colcon.colcon_core.environment:checking '/home/sdh/robot_ws/install/turtle_pkg/bin'
[16.201s] Level 1:colcon.colcon_core.environment:create_environment_scripts_only(turtle_pkg)
[16.302s] INFO:colcon.colcon_core.shell:Creating package script '/home/sdh/robot_ws/install/turtle_pkg/share/turtle_pkg/package.ps1'
[16.303s] INFO:colcon.colcon_core.shell:Creating package descriptor '/home/sdh/robot_ws/install/turtle_pkg/share/turtle_pkg/package.dsv'
[16.303s] INFO:colcon.colcon_core.shell:Creating package script '/home/sdh/robot_ws/install/turtle_pkg/share/turtle_pkg/package.sh'
[16.304s] INFO:colcon.colcon_core.shell:Creating package script '/home/sdh/robot_ws/install/turtle_pkg/share/turtle_pkg/package.bash'
[16.304s] INFO:colcon.colcon_core.shell:Creating package script '/home/sdh/robot_ws/install/turtle_pkg/share/turtle_pkg/package.zsh'
[16.304s] Level 1:colcon.colcon_core.environment:create_file_with_runtime_dependencies(/home/sdh/robot_ws/install/turtle_pkg/share/colcon-core/packages/turtle_pkg)
[16.305s] DEBUG:colcon.colcon_core.event_handler.log_command:Invoked command in '/home/sdh/robot_ws/src/py_pubsub' returned '0': PYTHONPATH=/home/sdh/robot_ws/build/py_pubsub/prefix_override:/home/sdh/robot_ws/install/py_pubsub/lib/python3.8/site-packages:${PYTHONPATH} /usr/bin/python3 setup.py egg_info --egg-base ../../build/py_pubsub build --build-base /home/sdh/robot_ws/build/py_pubsub/build install --record /home/sdh/robot_ws/build/py_pubsub/install.log --install-scripts $base/lib/py_pubsub --single-version-externally-managed
[16.407s] Level 1:colcon.colcon_core.environment:checking '/home/sdh/robot_ws/install/py_pubsub' for CMake module files
[16.408s] Level 1:colcon.colcon_core.environment:checking '/home/sdh/robot_ws/install/py_pubsub' for CMake config files
[16.408s] Level 1:colcon.colcon_core.environment:checking '/home/sdh/robot_ws/install/py_pubsub/lib'
[16.408s] Level 1:colcon.colcon_core.environment:checking '/home/sdh/robot_ws/install/py_pubsub/bin'
[16.408s] Level 1:colcon.colcon_core.environment:checking '/home/sdh/robot_ws/install/py_pubsub/lib/pkgconfig/py_pubsub.pc'
[16.409s] Level 1:colcon.colcon_core.environment:checking '/home/sdh/robot_ws/install/py_pubsub/lib/python3.8/site-packages'
[16.409s] Level 1:colcon.colcon_core.shell:create_environment_hook('py_pubsub', 'pythonpath')
[16.510s] INFO:colcon.colcon_core.shell:Creating environment hook '/home/sdh/robot_ws/install/py_pubsub/share/py_pubsub/hook/pythonpath.ps1'
[16.510s] INFO:colcon.colcon_core.shell:Creating environment descriptor '/home/sdh/robot_ws/install/py_pubsub/share/py_pubsub/hook/pythonpath.dsv'
[16.510s] INFO:colcon.colcon_core.shell:Creating environment hook '/home/sdh/robot_ws/install/py_pubsub/share/py_pubsub/hook/pythonpath.sh'
[16.511s] Level 1:colcon.colcon_core.environment:checking '/home/sdh/robot_ws/install/py_pubsub/bin'
[16.511s] Level 1:colcon.colcon_core.environment:create_environment_scripts_only(py_pubsub)
[16.612s] INFO:colcon.colcon_core.shell:Creating package script '/home/sdh/robot_ws/install/py_pubsub/share/py_pubsub/package.ps1'
[16.613s] INFO:colcon.colcon_core.shell:Creating package descriptor '/home/sdh/robot_ws/install/py_pubsub/share/py_pubsub/package.dsv'
[16.613s] INFO:colcon.colcon_core.shell:Creating package script '/home/sdh/robot_ws/install/py_pubsub/share/py_pubsub/package.sh'
[16.614s] INFO:colcon.colcon_core.shell:Creating package script '/home/sdh/robot_ws/install/py_pubsub/share/py_pubsub/package.bash'
[16.614s] INFO:colcon.colcon_core.shell:Creating package script '/home/sdh/robot_ws/install/py_pubsub/share/py_pubsub/package.zsh'
[16.614s] Level 1:colcon.colcon_core.environment:create_file_with_runtime_dependencies(/home/sdh/robot_ws/install/py_pubsub/share/colcon-core/packages/py_pubsub)
[16.615s] DEBUG:colcon.colcon_core.event_handler.log_command:Invoked command in '/home/sdh/robot_ws/src/stm32' returned '0': PYTHONPATH=/home/sdh/robot_ws/build/stm32/prefix_override:/home/sdh/robot_ws/install/stm32/lib/python3.8/site-packages:${PYTHONPATH} /usr/bin/python3 setup.py egg_info --egg-base ../../build/stm32 build --build-base /home/sdh/robot_ws/build/stm32/build install --record /home/sdh/robot_ws/build/stm32/install.log --install-scripts $base/lib/stm32 --single-version-externally-managed
[16.717s] Level 1:colcon.colcon_core.environment:checking '/home/sdh/robot_ws/install/stm32' for CMake module files
[16.717s] Level 1:colcon.colcon_core.environment:checking '/home/sdh/robot_ws/install/stm32' for CMake config files
[16.718s] Level 1:colcon.colcon_core.environment:checking '/home/sdh/robot_ws/install/stm32/lib'
[16.718s] Level 1:colcon.colcon_core.environment:checking '/home/sdh/robot_ws/install/stm32/bin'
[16.718s] Level 1:colcon.colcon_core.environment:checking '/home/sdh/robot_ws/install/stm32/lib/pkgconfig/stm32.pc'
[16.718s] Level 1:colcon.colcon_core.environment:checking '/home/sdh/robot_ws/install/stm32/lib/python3.8/site-packages'
[16.718s] Level 1:colcon.colcon_core.shell:create_environment_hook('stm32', 'pythonpath')
[16.819s] INFO:colcon.colcon_core.shell:Creating environment hook '/home/sdh/robot_ws/install/stm32/share/stm32/hook/pythonpath.ps1'
[16.820s] INFO:colcon.colcon_core.shell:Creating environment descriptor '/home/sdh/robot_ws/install/stm32/share/stm32/hook/pythonpath.dsv'
[16.820s] INFO:colcon.colcon_core.shell:Creating environment hook '/home/sdh/robot_ws/install/stm32/share/stm32/hook/pythonpath.sh'
[16.820s] Level 1:colcon.colcon_core.environment:checking '/home/sdh/robot_ws/install/stm32/bin'
[16.820s] Level 1:colcon.colcon_core.environment:create_environment_scripts_only(stm32)
[16.922s] INFO:colcon.colcon_core.shell:Creating package script '/home/sdh/robot_ws/install/stm32/share/stm32/package.ps1'
[16.923s] INFO:colcon.colcon_core.shell:Creating package descriptor '/home/sdh/robot_ws/install/stm32/share/stm32/package.dsv'
[16.923s] INFO:colcon.colcon_core.shell:Creating package script '/home/sdh/robot_ws/install/stm32/share/stm32/package.sh'
[16.924s] INFO:colcon.colcon_core.shell:Creating package script '/home/sdh/robot_ws/install/stm32/share/stm32/package.bash'
[16.924s] INFO:colcon.colcon_core.shell:Creating package script '/home/sdh/robot_ws/install/stm32/share/stm32/package.zsh'
[16.924s] Level 1:colcon.colcon_core.environment:create_file_with_runtime_dependencies(/home/sdh/robot_ws/install/stm32/share/colcon-core/packages/stm32)
[16.924s] DEBUG:colcon.colcon_parallel_executor.executor.parallel:closing loop
[16.925s] DEBUG:colcon.colcon_parallel_executor.executor.parallel:loop closed
[16.925s] DEBUG:colcon.colcon_parallel_executor.executor.parallel:run_until_complete finished with '0'
[16.925s] DEBUG:colcon.colcon_core.event_reactor:joining thread
[17.035s] INFO:colcon.colcon_core.plugin_system:Skipping extension 'colcon_notification.desktop_notification.terminal_notifier': Not used on non-Darwin systems
[17.036s] INFO:colcon.colcon_core.plugin_system:Skipping extension 'colcon_notification.desktop_notification.win32': Not used on non-Windows systems
[17.036s] INFO:colcon.colcon_notification.desktop_notification:Sending desktop notification using 'notify2'
[17.049s] DEBUG:colcon.colcon_core.event_reactor:joined thread
[17.163s] INFO:colcon.colcon_core.shell:Creating prefix script '/home/sdh/robot_ws/install/local_setup.ps1'
[17.164s] INFO:colcon.colcon_core.shell:Creating prefix util module '/home/sdh/robot_ws/install/_local_setup_util_ps1.py'
[17.165s] INFO:colcon.colcon_core.shell:Creating prefix chain script '/home/sdh/robot_ws/install/setup.ps1'
[17.268s] INFO:colcon.colcon_core.shell:Creating prefix script '/home/sdh/robot_ws/install/local_setup.sh'
[17.269s] INFO:colcon.colcon_core.shell:Creating prefix util module '/home/sdh/robot_ws/install/_local_setup_util_sh.py'
[17.269s] INFO:colcon.colcon_core.shell:Creating prefix chain script '/home/sdh/robot_ws/install/setup.sh'
[17.373s] INFO:colcon.colcon_core.shell:Creating prefix script '/home/sdh/robot_ws/install/local_setup.bash'
[17.373s] INFO:colcon.colcon_core.shell:Creating prefix chain script '/home/sdh/robot_ws/install/setup.bash'
[17.478s] INFO:colcon.colcon_core.shell:Creating prefix script '/home/sdh/robot_ws/install/local_setup.zsh'
[17.478s] INFO:colcon.colcon_core.shell:Creating prefix chain script '/home/sdh/robot_ws/install/setup.zsh'
