[1.674s] Invoking command in '/home/sdh/robot_ws/build/py_pubsub': PYTHONPATH=/home/sdh/robot_ws/build/py_pubsub/prefix_override:/home/sdh/robot_ws/install/py_pubsub/lib/python3.8/site-packages:${PYTHONPATH} /usr/bin/python3 setup.py develop --editable --build-directory /home/sdh/robot_ws/build/py_pubsub/build --no-deps install_data
[1.897s] running develop
[2.027s] running egg_info
[2.027s] creating py_pubsub.egg-info
[2.027s] writing py_pubsub.egg-info/PKG-INFO
[2.027s] writing dependency_links to py_pubsub.egg-info/dependency_links.txt
[2.027s] writing entry points to py_pubsub.egg-info/entry_points.txt
[2.027s] writing requirements to py_pubsub.egg-info/requires.txt
[2.027s] writing top-level names to py_pubsub.egg-info/top_level.txt
[2.028s] writing manifest file 'py_pubsub.egg-info/SOURCES.txt'
[2.058s] reading manifest file 'py_pubsub.egg-info/SOURCES.txt'
[2.058s] writing manifest file 'py_pubsub.egg-info/SOURCES.txt'
[2.092s] running build_ext
[2.101s] Creating /home/sdh/robot_ws/install/py_pubsub/lib/python3.8/site-packages/site.py
[2.104s] Creating /home/sdh/robot_ws/install/py_pubsub/lib/python3.8/site-packages/py-pubsub.egg-link (link to .)
[2.105s] Installing listener script to /home/sdh/robot_ws/install/py_pubsub/lib/py_pubsub
[2.105s] Installing talker script to /home/sdh/robot_ws/install/py_pubsub/lib/py_pubsub
[2.105s] Installing timer_test script to /home/sdh/robot_ws/install/py_pubsub/lib/py_pubsub
[2.106s] 
[2.106s] Installed /home/sdh/robot_ws/build/py_pubsub
[2.106s] running install_data
[2.106s] creating /home/sdh/robot_ws/install/py_pubsub/share/ament_index
[2.106s] creating /home/sdh/robot_ws/install/py_pubsub/share/ament_index/resource_index
[2.107s] creating /home/sdh/robot_ws/install/py_pubsub/share/ament_index/resource_index/packages
[2.107s] copying resource/py_pubsub -> /home/sdh/robot_ws/install/py_pubsub/share/ament_index/resource_index/packages
[2.107s] copying package.xml -> /home/sdh/robot_ws/install/py_pubsub/share/py_pubsub
[2.130s] Invoked command in '/home/sdh/robot_ws/build/py_pubsub' returned '0': PYTHONPATH=/home/sdh/robot_ws/build/py_pubsub/prefix_override:/home/sdh/robot_ws/install/py_pubsub/lib/python3.8/site-packages:${PYTHONPATH} /usr/bin/python3 setup.py develop --editable --build-directory /home/sdh/robot_ws/build/py_pubsub/build --no-deps install_data
