[3.832s] Invoking command in '/home/sdh/robot_ws/build/py_pubsub': PYTHONPATH=/home/sdh/robot_ws/build/py_pubsub/prefix_override:/home/sdh/robot_ws/install/py_pubsub/lib/python3.8/site-packages:${PYTHONPATH} /usr/bin/python3 setup.py develop --editable --build-directory /home/sdh/robot_ws/build/py_pubsub/build --no-deps install_data
[4.081s] running develop
[4.221s] running egg_info
[4.221s] writing py_pubsub.egg-info/PKG-INFO
[4.221s] writing dependency_links to py_pubsub.egg-info/dependency_links.txt
[4.221s] writing entry points to py_pubsub.egg-info/entry_points.txt
[4.222s] writing requirements to py_pubsub.egg-info/requires.txt
[4.222s] writing top-level names to py_pubsub.egg-info/top_level.txt
[4.262s] reading manifest file 'py_pubsub.egg-info/SOURCES.txt'
[4.263s] writing manifest file 'py_pubsub.egg-info/SOURCES.txt'
[4.306s] running build_ext
[4.306s] Creating /home/sdh/robot_ws/install/py_pubsub/lib/python3.8/site-packages/py-pubsub.egg-link (link to .)
[4.308s] Installing listener script to /home/sdh/robot_ws/install/py_pubsub/lib/py_pubsub
[4.308s] Installing pub_by_kb script to /home/sdh/robot_ws/install/py_pubsub/lib/py_pubsub
[4.308s] Installing sub_by_kb script to /home/sdh/robot_ws/install/py_pubsub/lib/py_pubsub
[4.308s] Installing talker script to /home/sdh/robot_ws/install/py_pubsub/lib/py_pubsub
[4.308s] Installing timer_test script to /home/sdh/robot_ws/install/py_pubsub/lib/py_pubsub
[4.309s] 
[4.309s] Installed /home/sdh/robot_ws/build/py_pubsub
[4.309s] running install_data
[4.819s] Invoked command in '/home/sdh/robot_ws/build/py_pubsub' returned '0': PYTHONPATH=/home/sdh/robot_ws/build/py_pubsub/prefix_override:/home/sdh/robot_ws/install/py_pubsub/lib/python3.8/site-packages:${PYTHONPATH} /usr/bin/python3 setup.py develop --editable --build-directory /home/sdh/robot_ws/build/py_pubsub/build --no-deps install_data
