running egg_info
creating ../../build/opencv/opencv.egg-info
writing ../../build/opencv/opencv.egg-info/PKG-INFO
writing dependency_links to ../../build/opencv/opencv.egg-info/dependency_links.txt
writing entry points to ../../build/opencv/opencv.egg-info/entry_points.txt
writing requirements to ../../build/opencv/opencv.egg-info/requires.txt
writing top-level names to ../../build/opencv/opencv.egg-info/top_level.txt
writing manifest file '../../build/opencv/opencv.egg-info/SOURCES.txt'
reading manifest file '../../build/opencv/opencv.egg-info/SOURCES.txt'
writing manifest file '../../build/opencv/opencv.egg-info/SOURCES.txt'
running build
running build_py
creating /home/sdh/robot_ws/build/opencv/build
creating /home/sdh/robot_ws/build/opencv/build/lib
creating /home/sdh/robot_ws/build/opencv/build/lib/opencv
copying opencv/__init__.py -> /home/sdh/robot_ws/build/opencv/build/lib/opencv
copying opencv/grayscale.py -> /home/sdh/robot_ws/build/opencv/build/lib/opencv
running install
running install_lib
creating /home/sdh/robot_ws/install/opencv/lib/python3.8/site-packages/opencv
copying /home/sdh/robot_ws/build/opencv/build/lib/opencv/__init__.py -> /home/sdh/robot_ws/install/opencv/lib/python3.8/site-packages/opencv
copying /home/sdh/robot_ws/build/opencv/build/lib/opencv/grayscale.py -> /home/sdh/robot_ws/install/opencv/lib/python3.8/site-packages/opencv
byte-compiling /home/sdh/robot_ws/install/opencv/lib/python3.8/site-packages/opencv/__init__.py to __init__.cpython-38.pyc
byte-compiling /home/sdh/robot_ws/install/opencv/lib/python3.8/site-packages/opencv/grayscale.py to grayscale.cpython-38.pyc
running install_data
creating /home/sdh/robot_ws/install/opencv/share/ament_index
creating /home/sdh/robot_ws/install/opencv/share/ament_index/resource_index
creating /home/sdh/robot_ws/install/opencv/share/ament_index/resource_index/packages
copying resource/opencv -> /home/sdh/robot_ws/install/opencv/share/ament_index/resource_index/packages
copying package.xml -> /home/sdh/robot_ws/install/opencv/share/opencv
running install_egg_info
Copying ../../build/opencv/opencv.egg-info to /home/sdh/robot_ws/install/opencv/lib/python3.8/site-packages/opencv-0.0.0-py3.8.egg-info
running install_scripts
writing list of installed files to '/home/sdh/robot_ws/build/opencv/install.log'
