[4.492s] Invoking command in '/home/sdh/robot_ws/src/opencv': PYTHONPATH=/home/sdh/robot_ws/build/opencv/prefix_override:/home/sdh/robot_ws/install/opencv/lib/python3.8/site-packages:${PYTHONPATH} /usr/bin/python3 setup.py egg_info --egg-base ../../build/opencv build --build-base /home/sdh/robot_ws/build/opencv/build install --record /home/sdh/robot_ws/build/opencv/install.log --install-scripts $base/lib/opencv --single-version-externally-managed
[4.722s] running egg_info
[4.722s] creating ../../build/opencv/opencv.egg-info
[4.722s] writing ../../build/opencv/opencv.egg-info/PKG-INFO
[4.722s] writing dependency_links to ../../build/opencv/opencv.egg-info/dependency_links.txt
[4.723s] writing entry points to ../../build/opencv/opencv.egg-info/entry_points.txt
[4.723s] writing requirements to ../../build/opencv/opencv.egg-info/requires.txt
[4.723s] writing top-level names to ../../build/opencv/opencv.egg-info/top_level.txt
[4.725s] writing manifest file '../../build/opencv/opencv.egg-info/SOURCES.txt'
[4.758s] reading manifest file '../../build/opencv/opencv.egg-info/SOURCES.txt'
[4.759s] writing manifest file '../../build/opencv/opencv.egg-info/SOURCES.txt'
[4.759s] running build
[4.759s] running build_py
[4.759s] creating /home/sdh/robot_ws/build/opencv/build
[4.759s] creating /home/sdh/robot_ws/build/opencv/build/lib
[4.759s] creating /home/sdh/robot_ws/build/opencv/build/lib/opencv
[4.759s] copying opencv/__init__.py -> /home/sdh/robot_ws/build/opencv/build/lib/opencv
[4.759s] copying opencv/grayscale.py -> /home/sdh/robot_ws/build/opencv/build/lib/opencv
[4.760s] running install
[4.760s] running install_lib
[4.761s] creating /home/sdh/robot_ws/install/opencv/lib/python3.8/site-packages/opencv
[4.761s] copying /home/sdh/robot_ws/build/opencv/build/lib/opencv/__init__.py -> /home/sdh/robot_ws/install/opencv/lib/python3.8/site-packages/opencv
[4.761s] copying /home/sdh/robot_ws/build/opencv/build/lib/opencv/grayscale.py -> /home/sdh/robot_ws/install/opencv/lib/python3.8/site-packages/opencv
[4.762s] byte-compiling /home/sdh/robot_ws/install/opencv/lib/python3.8/site-packages/opencv/__init__.py to __init__.cpython-38.pyc
[4.763s] byte-compiling /home/sdh/robot_ws/install/opencv/lib/python3.8/site-packages/opencv/grayscale.py to grayscale.cpython-38.pyc
[4.763s] running install_data
[4.764s] creating /home/sdh/robot_ws/install/opencv/share/ament_index
[4.764s] creating /home/sdh/robot_ws/install/opencv/share/ament_index/resource_index
[4.764s] creating /home/sdh/robot_ws/install/opencv/share/ament_index/resource_index/packages
[4.764s] copying resource/opencv -> /home/sdh/robot_ws/install/opencv/share/ament_index/resource_index/packages
[4.764s] copying package.xml -> /home/sdh/robot_ws/install/opencv/share/opencv
[4.764s] running install_egg_info
[4.766s] Copying ../../build/opencv/opencv.egg-info to /home/sdh/robot_ws/install/opencv/lib/python3.8/site-packages/opencv-0.0.0-py3.8.egg-info
[4.767s] running install_scripts
[4.785s] writing list of installed files to '/home/sdh/robot_ws/build/opencv/install.log'
[4.805s] Invoked command in '/home/sdh/robot_ws/src/opencv' returned '0': PYTHONPATH=/home/sdh/robot_ws/build/opencv/prefix_override:/home/sdh/robot_ws/install/opencv/lib/python3.8/site-packages:${PYTHONPATH} /usr/bin/python3 setup.py egg_info --egg-base ../../build/opencv build --build-base /home/sdh/robot_ws/build/opencv/build install --record /home/sdh/robot_ws/build/opencv/install.log --install-scripts $base/lib/opencv --single-version-externally-managed
