[3.886s] Invoking command in '/home/sdh/robot_ws/build/py_pubsub': PYTHONPATH=/home/sdh/robot_ws/build/py_pubsub/prefix_override:/home/sdh/robot_ws/install/py_pubsub/lib/python3.8/site-packages:${PYTHONPATH} /usr/bin/python3 setup.py develop --editable --build-directory /home/sdh/robot_ws/build/py_pubsub/build --no-deps install_data
[4.133s] running develop
[4.273s] running egg_info
[4.273s] writing py_pubsub.egg-info/PKG-INFO
[4.273s] writing dependency_links to py_pubsub.egg-info/dependency_links.txt
[4.273s] writing entry points to py_pubsub.egg-info/entry_points.txt
[4.273s] writing requirements to py_pubsub.egg-info/requires.txt
[4.273s] writing top-level names to py_pubsub.egg-info/top_level.txt
[4.306s] reading manifest file 'py_pubsub.egg-info/SOURCES.txt'
[4.306s] writing manifest file 'py_pubsub.egg-info/SOURCES.txt'
[4.345s] running build_ext
[4.346s] Creating /home/sdh/robot_ws/install/py_pubsub/lib/python3.8/site-packages/py-pubsub.egg-link (link to .)
[4.348s] Installing listener script to /home/sdh/robot_ws/install/py_pubsub/lib/py_pubsub
[4.348s] Installing pub_by_kb script to /home/sdh/robot_ws/install/py_pubsub/lib/py_pubsub
[4.348s] Installing sub_by_kb script to /home/sdh/robot_ws/install/py_pubsub/lib/py_pubsub
[4.348s] Installing talker script to /home/sdh/robot_ws/install/py_pubsub/lib/py_pubsub
[4.349s] Installing timer_test script to /home/sdh/robot_ws/install/py_pubsub/lib/py_pubsub
[4.349s] 
[4.349s] Installed /home/sdh/robot_ws/build/py_pubsub
[4.349s] running install_data
[4.810s] Invoked command in '/home/sdh/robot_ws/build/py_pubsub' returned '0': PYTHONPATH=/home/sdh/robot_ws/build/py_pubsub/prefix_override:/home/sdh/robot_ws/install/py_pubsub/lib/python3.8/site-packages:${PYTHONPATH} /usr/bin/python3 setup.py develop --editable --build-directory /home/sdh/robot_ws/build/py_pubsub/build --no-deps install_data
