[1.482s] Invoking command in '/home/sdh/robot_ws/build/py_pubsub': PYTHONPATH=/home/sdh/robot_ws/build/py_pubsub/prefix_override:/home/sdh/robot_ws/install/py_pubsub/lib/python3.8/site-packages:${PYTHONPATH} /usr/bin/python3 setup.py develop --editable --build-directory /home/sdh/robot_ws/build/py_pubsub/build --no-deps install_data
[1.707s] running develop
[1.838s] running egg_info
[1.839s] writing py_pubsub.egg-info/PKG-INFO
[1.839s] writing dependency_links to py_pubsub.egg-info/dependency_links.txt
[1.839s] writing entry points to py_pubsub.egg-info/entry_points.txt
[1.839s] writing requirements to py_pubsub.egg-info/requires.txt
[1.839s] writing top-level names to py_pubsub.egg-info/top_level.txt
[1.870s] reading manifest file 'py_pubsub.egg-info/SOURCES.txt'
[1.870s] writing manifest file 'py_pubsub.egg-info/SOURCES.txt'
[1.904s] running build_ext
[1.904s] Creating /home/sdh/robot_ws/install/py_pubsub/lib/python3.8/site-packages/py-pubsub.egg-link (link to .)
[1.905s] Installing listener script to /home/sdh/robot_ws/install/py_pubsub/lib/py_pubsub
[1.905s] Installing pub_by_kb script to /home/sdh/robot_ws/install/py_pubsub/lib/py_pubsub
[1.905s] Installing talker script to /home/sdh/robot_ws/install/py_pubsub/lib/py_pubsub
[1.905s] Installing timer_test script to /home/sdh/robot_ws/install/py_pubsub/lib/py_pubsub
[1.905s] 
[1.905s] Installed /home/sdh/robot_ws/build/py_pubsub
[1.905s] running install_data
[1.928s] Invoked command in '/home/sdh/robot_ws/build/py_pubsub' returned '0': PYTHONPATH=/home/sdh/robot_ws/build/py_pubsub/prefix_override:/home/sdh/robot_ws/install/py_pubsub/lib/python3.8/site-packages:${PYTHONPATH} /usr/bin/python3 setup.py develop --editable --build-directory /home/sdh/robot_ws/build/py_pubsub/build --no-deps install_data
