running develop
Removing /home/sdh/robot_ws/install/py_pubsub/lib/python3.8/site-packages/py-pubsub.egg-link (link to .)
running egg_info
writing ../../build/py_pubsub/py_pubsub.egg-info/PKG-INFO
writing dependency_links to ../../build/py_pubsub/py_pubsub.egg-info/dependency_links.txt
writing entry points to ../../build/py_pubsub/py_pubsub.egg-info/entry_points.txt
writing requirements to ../../build/py_pubsub/py_pubsub.egg-info/requires.txt
writing top-level names to ../../build/py_pubsub/py_pubsub.egg-info/top_level.txt
reading manifest file '../../build/py_pubsub/py_pubsub.egg-info/SOURCES.txt'
writing manifest file '../../build/py_pubsub/py_pubsub.egg-info/SOURCES.txt'
running build
running build_py
running install
running install_lib
creating /home/sdh/robot_ws/install/py_pubsub/lib/python3.8/site-packages/py_pubsub
copying /home/sdh/robot_ws/build/py_pubsub/build/lib/py_pubsub/sub_by_kb.py -> /home/sdh/robot_ws/install/py_pubsub/lib/python3.8/site-packages/py_pubsub
copying /home/sdh/robot_ws/build/py_pubsub/build/lib/py_pubsub/minimal_sub.py -> /home/sdh/robot_ws/install/py_pubsub/lib/python3.8/site-packages/py_pubsub
copying /home/sdh/robot_ws/build/py_pubsub/build/lib/py_pubsub/minimal_pub.py -> /home/sdh/robot_ws/install/py_pubsub/lib/python3.8/site-packages/py_pubsub
copying /home/sdh/robot_ws/build/py_pubsub/build/lib/py_pubsub/__init__.py -> /home/sdh/robot_ws/install/py_pubsub/lib/python3.8/site-packages/py_pubsub
copying /home/sdh/robot_ws/build/py_pubsub/build/lib/py_pubsub/pub_by_kb.py -> /home/sdh/robot_ws/install/py_pubsub/lib/python3.8/site-packages/py_pubsub
copying /home/sdh/robot_ws/build/py_pubsub/build/lib/py_pubsub/timer_test.py -> /home/sdh/robot_ws/install/py_pubsub/lib/python3.8/site-packages/py_pubsub
copying /home/sdh/robot_ws/build/py_pubsub/build/lib/py_pubsub/getchar.py -> /home/sdh/robot_ws/install/py_pubsub/lib/python3.8/site-packages/py_pubsub
byte-compiling /home/sdh/robot_ws/install/py_pubsub/lib/python3.8/site-packages/py_pubsub/sub_by_kb.py to sub_by_kb.cpython-38.pyc
byte-compiling /home/sdh/robot_ws/install/py_pubsub/lib/python3.8/site-packages/py_pubsub/minimal_sub.py to minimal_sub.cpython-38.pyc
byte-compiling /home/sdh/robot_ws/install/py_pubsub/lib/python3.8/site-packages/py_pubsub/minimal_pub.py to minimal_pub.cpython-38.pyc
byte-compiling /home/sdh/robot_ws/install/py_pubsub/lib/python3.8/site-packages/py_pubsub/__init__.py to __init__.cpython-38.pyc
byte-compiling /home/sdh/robot_ws/install/py_pubsub/lib/python3.8/site-packages/py_pubsub/pub_by_kb.py to pub_by_kb.cpython-38.pyc
byte-compiling /home/sdh/robot_ws/install/py_pubsub/lib/python3.8/site-packages/py_pubsub/timer_test.py to timer_test.cpython-38.pyc
byte-compiling /home/sdh/robot_ws/install/py_pubsub/lib/python3.8/site-packages/py_pubsub/getchar.py to getchar.cpython-38.pyc
running install_data
running install_egg_info
Copying ../../build/py_pubsub/py_pubsub.egg-info to /home/sdh/robot_ws/install/py_pubsub/lib/python3.8/site-packages/py_pubsub-0.0.0-py3.8.egg-info
running install_scripts
Installing listener script to /home/sdh/robot_ws/install/py_pubsub/lib/py_pubsub
Installing pub_by_kb script to /home/sdh/robot_ws/install/py_pubsub/lib/py_pubsub
Installing sub_by_kb script to /home/sdh/robot_ws/install/py_pubsub/lib/py_pubsub
Installing talker script to /home/sdh/robot_ws/install/py_pubsub/lib/py_pubsub
Installing timer_test script to /home/sdh/robot_ws/install/py_pubsub/lib/py_pubsub
writing list of installed files to '/home/sdh/robot_ws/build/py_pubsub/install.log'
