[7.162s] Invoking command in '/home/sdh/robot_ws/build/py_pubsub': PYTHONPATH=/home/sdh/robot_ws/build/py_pubsub/prefix_override:/home/sdh/robot_ws/install/py_pubsub/lib/python3.8/site-packages:${PYTHONPATH} /usr/bin/python3 setup.py develop --uninstall --editable --build-directory /home/sdh/robot_ws/build/py_pubsub/build
[7.427s] running develop
[7.573s] Removing /home/sdh/robot_ws/install/py_pubsub/lib/python3.8/site-packages/py-pubsub.egg-link (link to .)
[7.615s] Invoked command in '/home/sdh/robot_ws/build/py_pubsub' returned '0': PYTHONPATH=/home/sdh/robot_ws/build/py_pubsub/prefix_override:/home/sdh/robot_ws/install/py_pubsub/lib/python3.8/site-packages:${PYTHONPATH} /usr/bin/python3 setup.py develop --uninstall --editable --build-directory /home/sdh/robot_ws/build/py_pubsub/build
[7.619s] Invoking command in '/home/sdh/robot_ws/src/py_pubsub': PYTHONPATH=/home/sdh/robot_ws/build/py_pubsub/prefix_override:/home/sdh/robot_ws/install/py_pubsub/lib/python3.8/site-packages:${PYTHONPATH} /usr/bin/python3 setup.py egg_info --egg-base ../../build/py_pubsub build --build-base /home/sdh/robot_ws/build/py_pubsub/build install --record /home/sdh/robot_ws/build/py_pubsub/install.log --install-scripts $base/lib/py_pubsub --single-version-externally-managed
[7.850s] running egg_info
[7.851s] writing ../../build/py_pubsub/py_pubsub.egg-info/PKG-INFO
[7.852s] writing dependency_links to ../../build/py_pubsub/py_pubsub.egg-info/dependency_links.txt
[7.853s] writing entry points to ../../build/py_pubsub/py_pubsub.egg-info/entry_points.txt
[7.854s] writing requirements to ../../build/py_pubsub/py_pubsub.egg-info/requires.txt
[7.854s] writing top-level names to ../../build/py_pubsub/py_pubsub.egg-info/top_level.txt
[7.901s] reading manifest file '../../build/py_pubsub/py_pubsub.egg-info/SOURCES.txt'
[7.930s] writing manifest file '../../build/py_pubsub/py_pubsub.egg-info/SOURCES.txt'
[7.930s] running build
[7.930s] running build_py
[7.936s] running install
[7.937s] running install_lib
[7.938s] creating /home/sdh/robot_ws/install/py_pubsub/lib/python3.8/site-packages/py_pubsub
[7.938s] copying /home/sdh/robot_ws/build/py_pubsub/build/lib/py_pubsub/sub_by_kb.py -> /home/sdh/robot_ws/install/py_pubsub/lib/python3.8/site-packages/py_pubsub
[7.981s] copying /home/sdh/robot_ws/build/py_pubsub/build/lib/py_pubsub/minimal_sub.py -> /home/sdh/robot_ws/install/py_pubsub/lib/python3.8/site-packages/py_pubsub
[7.982s] copying /home/sdh/robot_ws/build/py_pubsub/build/lib/py_pubsub/minimal_pub.py -> /home/sdh/robot_ws/install/py_pubsub/lib/python3.8/site-packages/py_pubsub
[7.982s] copying /home/sdh/robot_ws/build/py_pubsub/build/lib/py_pubsub/__init__.py -> /home/sdh/robot_ws/install/py_pubsub/lib/python3.8/site-packages/py_pubsub
[7.982s] copying /home/sdh/robot_ws/build/py_pubsub/build/lib/py_pubsub/pub_by_kb.py -> /home/sdh/robot_ws/install/py_pubsub/lib/python3.8/site-packages/py_pubsub
[7.988s] copying /home/sdh/robot_ws/build/py_pubsub/build/lib/py_pubsub/timer_test.py -> /home/sdh/robot_ws/install/py_pubsub/lib/python3.8/site-packages/py_pubsub
[8.006s] copying /home/sdh/robot_ws/build/py_pubsub/build/lib/py_pubsub/getchar.py -> /home/sdh/robot_ws/install/py_pubsub/lib/python3.8/site-packages/py_pubsub
[8.007s] byte-compiling /home/sdh/robot_ws/install/py_pubsub/lib/python3.8/site-packages/py_pubsub/sub_by_kb.py to sub_by_kb.cpython-38.pyc
[8.009s] byte-compiling /home/sdh/robot_ws/install/py_pubsub/lib/python3.8/site-packages/py_pubsub/minimal_sub.py to minimal_sub.cpython-38.pyc
[8.010s] byte-compiling /home/sdh/robot_ws/install/py_pubsub/lib/python3.8/site-packages/py_pubsub/minimal_pub.py to minimal_pub.cpython-38.pyc
[8.011s] byte-compiling /home/sdh/robot_ws/install/py_pubsub/lib/python3.8/site-packages/py_pubsub/__init__.py to __init__.cpython-38.pyc
[8.011s] byte-compiling /home/sdh/robot_ws/install/py_pubsub/lib/python3.8/site-packages/py_pubsub/pub_by_kb.py to pub_by_kb.cpython-38.pyc
[8.011s] byte-compiling /home/sdh/robot_ws/install/py_pubsub/lib/python3.8/site-packages/py_pubsub/timer_test.py to timer_test.cpython-38.pyc
[8.012s] byte-compiling /home/sdh/robot_ws/install/py_pubsub/lib/python3.8/site-packages/py_pubsub/getchar.py to getchar.cpython-38.pyc
[8.013s] running install_data
[8.033s] running install_egg_info
[8.036s] Copying ../../build/py_pubsub/py_pubsub.egg-info to /home/sdh/robot_ws/install/py_pubsub/lib/python3.8/site-packages/py_pubsub-0.0.0-py3.8.egg-info
[8.039s] running install_scripts
[8.080s] Installing listener script to /home/sdh/robot_ws/install/py_pubsub/lib/py_pubsub
[8.081s] Installing pub_by_kb script to /home/sdh/robot_ws/install/py_pubsub/lib/py_pubsub
[8.081s] Installing sub_by_kb script to /home/sdh/robot_ws/install/py_pubsub/lib/py_pubsub
[8.082s] Installing talker script to /home/sdh/robot_ws/install/py_pubsub/lib/py_pubsub
[8.083s] Installing timer_test script to /home/sdh/robot_ws/install/py_pubsub/lib/py_pubsub
[8.083s] writing list of installed files to '/home/sdh/robot_ws/build/py_pubsub/install.log'
[9.040s] Invoked command in '/home/sdh/robot_ws/src/py_pubsub' returned '0': PYTHONPATH=/home/sdh/robot_ws/build/py_pubsub/prefix_override:/home/sdh/robot_ws/install/py_pubsub/lib/python3.8/site-packages:${PYTHONPATH} /usr/bin/python3 setup.py egg_info --egg-base ../../build/py_pubsub build --build-base /home/sdh/robot_ws/build/py_pubsub/build install --record /home/sdh/robot_ws/build/py_pubsub/install.log --install-scripts $base/lib/py_pubsub --single-version-externally-managed
