running develop
Removing /home/sdh/robot_ws/install/turtle_pkg/lib/python3.8/site-packages/turtle-pkg.egg-link (link to .)
running egg_info
writing ../../build/turtle_pkg/turtle_pkg.egg-info/PKG-INFO
writing dependency_links to ../../build/turtle_pkg/turtle_pkg.egg-info/dependency_links.txt
writing entry points to ../../build/turtle_pkg/turtle_pkg.egg-info/entry_points.txt
writing requirements to ../../build/turtle_pkg/turtle_pkg.egg-info/requires.txt
writing top-level names to ../../build/turtle_pkg/turtle_pkg.egg-info/top_level.txt
reading manifest file '../../build/turtle_pkg/turtle_pkg.egg-info/SOURCES.txt'
writing manifest file '../../build/turtle_pkg/turtle_pkg.egg-info/SOURCES.txt'
running build
running build_py
creating /home/sdh/robot_ws/build/turtle_pkg/build
creating /home/sdh/robot_ws/build/turtle_pkg/build/lib
creating /home/sdh/robot_ws/build/turtle_pkg/build/lib/turtle_pkg
copying turtle_pkg/__init__.py -> /home/sdh/robot_ws/build/turtle_pkg/build/lib/turtle_pkg
copying turtle_pkg/sub-turtle_pose.py -> /home/sdh/robot_ws/build/turtle_pkg/build/lib/turtle_pkg
copying turtle_pkg/getchar.py -> /home/sdh/robot_ws/build/turtle_pkg/build/lib/turtle_pkg
copying turtle_pkg/remote_tb3.py -> /home/sdh/robot_ws/build/turtle_pkg/build/lib/turtle_pkg
copying turtle_pkg/remote_turtle.py -> /home/sdh/robot_ws/build/turtle_pkg/build/lib/turtle_pkg
running install
running install_lib
creating /home/sdh/robot_ws/install/turtle_pkg/lib/python3.8/site-packages/turtle_pkg
copying /home/sdh/robot_ws/build/turtle_pkg/build/lib/turtle_pkg/__init__.py -> /home/sdh/robot_ws/install/turtle_pkg/lib/python3.8/site-packages/turtle_pkg
copying /home/sdh/robot_ws/build/turtle_pkg/build/lib/turtle_pkg/sub-turtle_pose.py -> /home/sdh/robot_ws/install/turtle_pkg/lib/python3.8/site-packages/turtle_pkg
copying /home/sdh/robot_ws/build/turtle_pkg/build/lib/turtle_pkg/getchar.py -> /home/sdh/robot_ws/install/turtle_pkg/lib/python3.8/site-packages/turtle_pkg
copying /home/sdh/robot_ws/build/turtle_pkg/build/lib/turtle_pkg/remote_tb3.py -> /home/sdh/robot_ws/install/turtle_pkg/lib/python3.8/site-packages/turtle_pkg
copying /home/sdh/robot_ws/build/turtle_pkg/build/lib/turtle_pkg/remote_turtle.py -> /home/sdh/robot_ws/install/turtle_pkg/lib/python3.8/site-packages/turtle_pkg
byte-compiling /home/sdh/robot_ws/install/turtle_pkg/lib/python3.8/site-packages/turtle_pkg/__init__.py to __init__.cpython-38.pyc
byte-compiling /home/sdh/robot_ws/install/turtle_pkg/lib/python3.8/site-packages/turtle_pkg/sub-turtle_pose.py to sub-turtle_pose.cpython-38.pyc
byte-compiling /home/sdh/robot_ws/install/turtle_pkg/lib/python3.8/site-packages/turtle_pkg/getchar.py to getchar.cpython-38.pyc
byte-compiling /home/sdh/robot_ws/install/turtle_pkg/lib/python3.8/site-packages/turtle_pkg/remote_tb3.py to remote_tb3.cpython-38.pyc
byte-compiling /home/sdh/robot_ws/install/turtle_pkg/lib/python3.8/site-packages/turtle_pkg/remote_turtle.py to remote_turtle.cpython-38.pyc
running install_data
running install_egg_info
Copying ../../build/turtle_pkg/turtle_pkg.egg-info to /home/sdh/robot_ws/install/turtle_pkg/lib/python3.8/site-packages/turtle_pkg-0.0.0-py3.8.egg-info
running install_scripts
Installing remote_tb3 script to /home/sdh/robot_ws/install/turtle_pkg/lib/turtle_pkg
Installing remote_turtle script to /home/sdh/robot_ws/install/turtle_pkg/lib/turtle_pkg
Installing sub_turtle_pose script to /home/sdh/robot_ws/install/turtle_pkg/lib/turtle_pkg
writing list of installed files to '/home/sdh/robot_ws/build/turtle_pkg/install.log'
