[3.278s] Invoking command in '/home/sdh/robot_ws/build/turtle_pkg': PYTHONPATH=/home/sdh/robot_ws/build/turtle_pkg/prefix_override:/home/sdh/robot_ws/install/turtle_pkg/lib/python3.8/site-packages:${PYTHONPATH} /usr/bin/python3 setup.py develop --uninstall --editable --build-directory /home/sdh/robot_ws/build/turtle_pkg/build
[3.518s] running develop
[3.666s] Removing /home/sdh/robot_ws/install/turtle_pkg/lib/python3.8/site-packages/turtle-pkg.egg-link (link to .)
[3.920s] Invoked command in '/home/sdh/robot_ws/build/turtle_pkg' returned '0': PYTHONPATH=/home/sdh/robot_ws/build/turtle_pkg/prefix_override:/home/sdh/robot_ws/install/turtle_pkg/lib/python3.8/site-packages:${PYTHONPATH} /usr/bin/python3 setup.py develop --uninstall --editable --build-directory /home/sdh/robot_ws/build/turtle_pkg/build
[3.924s] Invoking command in '/home/sdh/robot_ws/src/turtle_pkg': PYTHONPATH=/home/sdh/robot_ws/build/turtle_pkg/prefix_override:/home/sdh/robot_ws/install/turtle_pkg/lib/python3.8/site-packages:${PYTHONPATH} /usr/bin/python3 setup.py egg_info --egg-base ../../build/turtle_pkg build --build-base /home/sdh/robot_ws/build/turtle_pkg/build install --record /home/sdh/robot_ws/build/turtle_pkg/install.log --install-scripts $base/lib/turtle_pkg --single-version-externally-managed
[4.153s] running egg_info
[4.153s] writing ../../build/turtle_pkg/turtle_pkg.egg-info/PKG-INFO
[4.153s] writing dependency_links to ../../build/turtle_pkg/turtle_pkg.egg-info/dependency_links.txt
[4.154s] writing entry points to ../../build/turtle_pkg/turtle_pkg.egg-info/entry_points.txt
[4.154s] writing requirements to ../../build/turtle_pkg/turtle_pkg.egg-info/requires.txt
[4.154s] writing top-level names to ../../build/turtle_pkg/turtle_pkg.egg-info/top_level.txt
[4.191s] reading manifest file '../../build/turtle_pkg/turtle_pkg.egg-info/SOURCES.txt'
[4.192s] writing manifest file '../../build/turtle_pkg/turtle_pkg.egg-info/SOURCES.txt'
[4.192s] running build
[4.192s] running build_py
[4.192s] creating /home/sdh/robot_ws/build/turtle_pkg/build
[4.192s] creating /home/sdh/robot_ws/build/turtle_pkg/build/lib
[4.192s] creating /home/sdh/robot_ws/build/turtle_pkg/build/lib/turtle_pkg
[4.193s] copying turtle_pkg/__init__.py -> /home/sdh/robot_ws/build/turtle_pkg/build/lib/turtle_pkg
[4.193s] copying turtle_pkg/sub-turtle_pose.py -> /home/sdh/robot_ws/build/turtle_pkg/build/lib/turtle_pkg
[4.193s] copying turtle_pkg/getchar.py -> /home/sdh/robot_ws/build/turtle_pkg/build/lib/turtle_pkg
[4.193s] copying turtle_pkg/remote_tb3.py -> /home/sdh/robot_ws/build/turtle_pkg/build/lib/turtle_pkg
[4.193s] copying turtle_pkg/remote_turtle.py -> /home/sdh/robot_ws/build/turtle_pkg/build/lib/turtle_pkg
[4.193s] running install
[4.193s] running install_lib
[4.194s] creating /home/sdh/robot_ws/install/turtle_pkg/lib/python3.8/site-packages/turtle_pkg
[4.195s] copying /home/sdh/robot_ws/build/turtle_pkg/build/lib/turtle_pkg/__init__.py -> /home/sdh/robot_ws/install/turtle_pkg/lib/python3.8/site-packages/turtle_pkg
[4.195s] copying /home/sdh/robot_ws/build/turtle_pkg/build/lib/turtle_pkg/sub-turtle_pose.py -> /home/sdh/robot_ws/install/turtle_pkg/lib/python3.8/site-packages/turtle_pkg
[4.195s] copying /home/sdh/robot_ws/build/turtle_pkg/build/lib/turtle_pkg/getchar.py -> /home/sdh/robot_ws/install/turtle_pkg/lib/python3.8/site-packages/turtle_pkg
[4.195s] copying /home/sdh/robot_ws/build/turtle_pkg/build/lib/turtle_pkg/remote_tb3.py -> /home/sdh/robot_ws/install/turtle_pkg/lib/python3.8/site-packages/turtle_pkg
[4.195s] copying /home/sdh/robot_ws/build/turtle_pkg/build/lib/turtle_pkg/remote_turtle.py -> /home/sdh/robot_ws/install/turtle_pkg/lib/python3.8/site-packages/turtle_pkg
[4.195s] byte-compiling /home/sdh/robot_ws/install/turtle_pkg/lib/python3.8/site-packages/turtle_pkg/__init__.py to __init__.cpython-38.pyc
[4.196s] byte-compiling /home/sdh/robot_ws/install/turtle_pkg/lib/python3.8/site-packages/turtle_pkg/sub-turtle_pose.py to sub-turtle_pose.cpython-38.pyc
[4.197s] byte-compiling /home/sdh/robot_ws/install/turtle_pkg/lib/python3.8/site-packages/turtle_pkg/getchar.py to getchar.cpython-38.pyc
[4.197s] byte-compiling /home/sdh/robot_ws/install/turtle_pkg/lib/python3.8/site-packages/turtle_pkg/remote_tb3.py to remote_tb3.cpython-38.pyc
[4.198s] byte-compiling /home/sdh/robot_ws/install/turtle_pkg/lib/python3.8/site-packages/turtle_pkg/remote_turtle.py to remote_turtle.cpython-38.pyc
[4.198s] running install_data
[4.199s] running install_egg_info
[4.200s] Copying ../../build/turtle_pkg/turtle_pkg.egg-info to /home/sdh/robot_ws/install/turtle_pkg/lib/python3.8/site-packages/turtle_pkg-0.0.0-py3.8.egg-info
[4.234s] running install_scripts
[4.250s] Installing remote_tb3 script to /home/sdh/robot_ws/install/turtle_pkg/lib/turtle_pkg
[4.251s] Installing remote_turtle script to /home/sdh/robot_ws/install/turtle_pkg/lib/turtle_pkg
[4.251s] Installing sub_turtle_pose script to /home/sdh/robot_ws/install/turtle_pkg/lib/turtle_pkg
[4.251s] writing list of installed files to '/home/sdh/robot_ws/build/turtle_pkg/install.log'
[4.271s] Invoked command in '/home/sdh/robot_ws/src/turtle_pkg' returned '0': PYTHONPATH=/home/sdh/robot_ws/build/turtle_pkg/prefix_override:/home/sdh/robot_ws/install/turtle_pkg/lib/python3.8/site-packages:${PYTHONPATH} /usr/bin/python3 setup.py egg_info --egg-base ../../build/turtle_pkg build --build-base /home/sdh/robot_ws/build/turtle_pkg/build install --record /home/sdh/robot_ws/build/turtle_pkg/install.log --install-scripts $base/lib/turtle_pkg --single-version-externally-managed
