/home/sdh/robot_ws/install/turtle_pkg/lib/python3.8/site-packages/turtle_pkg/__init__.py
/home/sdh/robot_ws/install/turtle_pkg/lib/python3.8/site-packages/turtle_pkg/sub-turtle_pose.py
/home/sdh/robot_ws/install/turtle_pkg/lib/python3.8/site-packages/turtle_pkg/getchar.py
/home/sdh/robot_ws/install/turtle_pkg/lib/python3.8/site-packages/turtle_pkg/remote_tb3.py
/home/sdh/robot_ws/install/turtle_pkg/lib/python3.8/site-packages/turtle_pkg/remote_turtle.py
/home/sdh/robot_ws/install/turtle_pkg/lib/python3.8/site-packages/turtle_pkg/__pycache__/__init__.cpython-38.pyc
/home/sdh/robot_ws/install/turtle_pkg/lib/python3.8/site-packages/turtle_pkg/__pycache__/sub-turtle_pose.cpython-38.pyc
/home/sdh/robot_ws/install/turtle_pkg/lib/python3.8/site-packages/turtle_pkg/__pycache__/getchar.cpython-38.pyc
/home/sdh/robot_ws/install/turtle_pkg/lib/python3.8/site-packages/turtle_pkg/__pycache__/remote_tb3.cpython-38.pyc
/home/sdh/robot_ws/install/turtle_pkg/lib/python3.8/site-packages/turtle_pkg/__pycache__/remote_turtle.cpython-38.pyc
/home/sdh/robot_ws/install/turtle_pkg/share/ament_index/resource_index/packages/turtle_pkg
/home/sdh/robot_ws/install/turtle_pkg/share/turtle_pkg/package.xml
/home/sdh/robot_ws/install/turtle_pkg/lib/python3.8/site-packages/turtle_pkg-0.0.0-py3.8.egg-info/top_level.txt
/home/sdh/robot_ws/install/turtle_pkg/lib/python3.8/site-packages/turtle_pkg-0.0.0-py3.8.egg-info/SOURCES.txt
/home/sdh/robot_ws/install/turtle_pkg/lib/python3.8/site-packages/turtle_pkg-0.0.0-py3.8.egg-info/zip-safe
/home/sdh/robot_ws/install/turtle_pkg/lib/python3.8/site-packages/turtle_pkg-0.0.0-py3.8.egg-info/PKG-INFO
/home/sdh/robot_ws/install/turtle_pkg/lib/python3.8/site-packages/turtle_pkg-0.0.0-py3.8.egg-info/dependency_links.txt
/home/sdh/robot_ws/install/turtle_pkg/lib/python3.8/site-packages/turtle_pkg-0.0.0-py3.8.egg-info/entry_points.txt
/home/sdh/robot_ws/install/turtle_pkg/lib/python3.8/site-packages/turtle_pkg-0.0.0-py3.8.egg-info/requires.txt
/home/sdh/robot_ws/install/turtle_pkg/lib/turtle_pkg/remote_tb3
/home/sdh/robot_ws/install/turtle_pkg/lib/turtle_pkg/remote_turtle
/home/sdh/robot_ws/install/turtle_pkg/lib/turtle_pkg/sub_turtle_pose
