[5.518s] DEBUG:colcon:Command line arguments: ['/usr/bin/colcon', 'build']
[5.518s] DEBUG:colcon:Parsed command line arguments: Namespace(allow_overriding=[], ament_cmake_args=None, base_paths=['.'], build_base='build', catkin_cmake_args=None, catkin_skip_building_tests=False, cmake_args=None, cmake_clean_cache=False, cmake_clean_first=False, cmake_force_configure=False, cmake_target=None, cmake_target_skip_unavailable=False, continue_on_error=False, event_handlers=None, executor='parallel', ignore_user_meta=False, install_base='install', log_base=None, log_level=None, main=<bound method BuildVerb.main of <colcon_core.verb.build.BuildVerb object at 0x7fdee1647c10>>, merge_install=False, metas=['./colcon.meta'], packages_above=None, packages_above_and_dependencies=None, packages_above_depth=None, packages_end=None, packages_ignore=None, packages_ignore_regex=None, packages_select=None, packages_select_build_failed=False, packages_select_by_dep=None, packages_select_regex=None, packages_select_test_failures=False, packages_skip=None, packages_skip_build_finished=False, packages_skip_by_dep=None, packages_skip_regex=None, packages_skip_test_passed=False, packages_skip_up_to=None, packages_start=None, packages_up_to=None, packages_up_to_regex=None, parallel_workers=8, paths=None, symlink_install=False, test_result_base=None, verb_extension=<colcon_core.verb.build.BuildVerb object at 0x7fdee1647c10>, verb_name='build', verb_parser=<colcon_defaults.argument_parser.defaults.DefaultArgumentsDecorator object at 0x7fdee1610d30>)
[5.736s] Level 1:colcon.colcon_core.package_discovery:discover_packages(colcon_meta) check parameters
[5.736s] Level 1:colcon.colcon_core.package_discovery:discover_packages(recursive) check parameters
[5.736s] Level 1:colcon.colcon_core.package_discovery:discover_packages(ignore) check parameters
[5.736s] Level 1:colcon.colcon_core.package_discovery:discover_packages(path) check parameters
[5.736s] Level 1:colcon.colcon_core.package_discovery:discover_packages(colcon_meta) discover
[5.736s] Level 1:colcon.colcon_core.package_discovery:discover_packages(recursive) discover
[5.736s] INFO:colcon.colcon_core.package_discovery:Crawling recursively for packages in '/home/sdh/robot_ws/src'
[5.736s] Level 1:colcon.colcon_core.package_identification:_identify(.) by extensions ['ignore', 'ignore_ament_install']
[5.736s] Level 1:colcon.colcon_core.package_identification:_identify(.) by extension 'ignore'
[5.736s] Level 1:colcon.colcon_core.package_identification:_identify(.) by extension 'ignore_ament_install'
[5.736s] Level 1:colcon.colcon_core.package_identification:_identify(.) by extensions ['colcon_pkg']
[5.736s] Level 1:colcon.colcon_core.package_identification:_identify(.) by extension 'colcon_pkg'
[5.736s] Level 1:colcon.colcon_core.package_identification:_identify(.) by extensions ['colcon_meta']
[5.736s] Level 1:colcon.colcon_core.package_identification:_identify(.) by extension 'colcon_meta'
[5.736s] Level 1:colcon.colcon_core.package_identification:_identify(.) by extensions ['ros']
[5.736s] Level 1:colcon.colcon_core.package_identification:_identify(.) by extension 'ros'
[5.747s] Level 1:colcon.colcon_core.package_identification:_identify(.) by extensions ['cmake', 'python']
[5.747s] Level 1:colcon.colcon_core.package_identification:_identify(.) by extension 'cmake'
[5.747s] Level 1:colcon.colcon_core.package_identification:_identify(.) by extension 'python'
[5.747s] Level 1:colcon.colcon_core.package_identification:_identify(.) by extensions ['python_setup_py']
[5.747s] Level 1:colcon.colcon_core.package_identification:_identify(.) by extension 'python_setup_py'
[5.747s] Level 1:colcon.colcon_core.package_identification:_identify(build) by extensions ['ignore', 'ignore_ament_install']
[5.747s] Level 1:colcon.colcon_core.package_identification:_identify(build) by extension 'ignore'
[5.747s] Level 1:colcon.colcon_core.package_identification:_identify(build) ignored
[5.747s] Level 1:colcon.colcon_core.package_identification:_identify(install) by extensions ['ignore', 'ignore_ament_install']
[5.748s] Level 1:colcon.colcon_core.package_identification:_identify(install) by extension 'ignore'
[5.748s] Level 1:colcon.colcon_core.package_identification:_identify(install) ignored
[5.748s] Level 1:colcon.colcon_core.package_identification:_identify(log) by extensions ['ignore', 'ignore_ament_install']
[5.748s] Level 1:colcon.colcon_core.package_identification:_identify(log) by extension 'ignore'
[5.748s] Level 1:colcon.colcon_core.package_identification:_identify(log) ignored
[5.748s] Level 1:colcon.colcon_core.package_identification:_identify(opencv) by extensions ['ignore', 'ignore_ament_install']
[5.748s] Level 1:colcon.colcon_core.package_identification:_identify(opencv) by extension 'ignore'
[5.748s] Level 1:colcon.colcon_core.package_identification:_identify(opencv) by extension 'ignore_ament_install'
[5.748s] Level 1:colcon.colcon_core.package_identification:_identify(opencv) by extensions ['colcon_pkg']
[5.748s] Level 1:colcon.colcon_core.package_identification:_identify(opencv) by extension 'colcon_pkg'
[5.748s] Level 1:colcon.colcon_core.package_identification:_identify(opencv) by extensions ['colcon_meta']
[5.748s] Level 1:colcon.colcon_core.package_identification:_identify(opencv) by extension 'colcon_meta'
[5.748s] Level 1:colcon.colcon_core.package_identification:_identify(opencv) by extensions ['ros']
[5.748s] Level 1:colcon.colcon_core.package_identification:_identify(opencv) by extension 'ros'
[5.751s] DEBUG:colcon.colcon_core.package_identification:Package 'opencv' with type 'ros.ament_python' and name 'opencv'
[5.751s] Level 1:colcon.colcon_core.package_identification:_identify(py_pubsub) by extensions ['ignore', 'ignore_ament_install']
[5.751s] Level 1:colcon.colcon_core.package_identification:_identify(py_pubsub) by extension 'ignore'
[5.751s] Level 1:colcon.colcon_core.package_identification:_identify(py_pubsub) by extension 'ignore_ament_install'
[5.751s] Level 1:colcon.colcon_core.package_identification:_identify(py_pubsub) by extensions ['colcon_pkg']
[5.751s] Level 1:colcon.colcon_core.package_identification:_identify(py_pubsub) by extension 'colcon_pkg'
[5.751s] Level 1:colcon.colcon_core.package_identification:_identify(py_pubsub) by extensions ['colcon_meta']
[5.751s] Level 1:colcon.colcon_core.package_identification:_identify(py_pubsub) by extension 'colcon_meta'
[5.751s] Level 1:colcon.colcon_core.package_identification:_identify(py_pubsub) by extensions ['ros']
[5.751s] Level 1:colcon.colcon_core.package_identification:_identify(py_pubsub) by extension 'ros'
[5.752s] DEBUG:colcon.colcon_core.package_identification:Package 'py_pubsub' with type 'ros.ament_python' and name 'py_pubsub'
[5.752s] Level 1:colcon.colcon_core.package_identification:_identify(turtle_pkg) by extensions ['ignore', 'ignore_ament_install']
[5.752s] Level 1:colcon.colcon_core.package_identification:_identify(turtle_pkg) by extension 'ignore'
[5.752s] Level 1:colcon.colcon_core.package_identification:_identify(turtle_pkg) by extension 'ignore_ament_install'
[5.752s] Level 1:colcon.colcon_core.package_identification:_identify(turtle_pkg) by extensions ['colcon_pkg']
[5.752s] Level 1:colcon.colcon_core.package_identification:_identify(turtle_pkg) by extension 'colcon_pkg'
[5.752s] Level 1:colcon.colcon_core.package_identification:_identify(turtle_pkg) by extensions ['colcon_meta']
[5.752s] Level 1:colcon.colcon_core.package_identification:_identify(turtle_pkg) by extension 'colcon_meta'
[5.752s] Level 1:colcon.colcon_core.package_identification:_identify(turtle_pkg) by extensions ['ros']
[5.752s] Level 1:colcon.colcon_core.package_identification:_identify(turtle_pkg) by extension 'ros'
[5.753s] DEBUG:colcon.colcon_core.package_identification:Package 'turtle_pkg' with type 'ros.ament_python' and name 'turtle_pkg'
[5.753s] Level 1:colcon.colcon_core.package_discovery:discover_packages(recursive) using defaults
[5.753s] Level 1:colcon.colcon_core.package_discovery:discover_packages(ignore) discover
[5.753s] Level 1:colcon.colcon_core.package_discovery:discover_packages(ignore) using defaults
[5.753s] Level 1:colcon.colcon_core.package_discovery:discover_packages(path) discover
[5.753s] Level 1:colcon.colcon_core.package_discovery:discover_packages(path) using defaults
[6.259s] Level 1:colcon.colcon_core.package_discovery:discover_packages(prefix_path) check parameters
[6.259s] Level 1:colcon.colcon_core.package_discovery:discover_packages(prefix_path) discover
[6.456s] DEBUG:colcon.colcon_installed_package_information.package_discovery:Found 3 installed packages in /home/sdh/turtlebot3_ws/install
[6.554s] DEBUG:colcon.colcon_installed_package_information.package_discovery:Found 2 installed packages in /home/sdh/robot_ws/install
[6.662s] DEBUG:colcon.colcon_installed_package_information.package_discovery:Found 341 installed packages in /opt/ros/foxy
[6.663s] Level 1:colcon.colcon_core.package_discovery:discover_packages(prefix_path) using defaults
