[5.473s] DEBUG:colcon:Command line arguments: ['/usr/bin/colcon', 'build', '--symlink-install']
[5.473s] DEBUG:colcon:Parsed command line arguments: Namespace(allow_overriding=[], ament_cmake_args=None, base_paths=['.'], build_base='build', catkin_cmake_args=None, catkin_skip_building_tests=False, cmake_args=None, cmake_clean_cache=False, cmake_clean_first=False, cmake_force_configure=False, cmake_target=None, cmake_target_skip_unavailable=False, continue_on_error=False, event_handlers=None, executor='parallel', ignore_user_meta=False, install_base='install', log_base=None, log_level=None, main=<bound method BuildVerb.main of <colcon_core.verb.build.BuildVerb object at 0x7f3b36635f70>>, merge_install=False, metas=['./colcon.meta'], packages_above=None, packages_above_and_dependencies=None, packages_above_depth=None, packages_end=None, packages_ignore=None, packages_ignore_regex=None, packages_select=None, packages_select_build_failed=False, packages_select_by_dep=None, packages_select_regex=None, packages_select_test_failures=False, packages_skip=None, packages_skip_build_finished=False, packages_skip_by_dep=None, packages_skip_regex=None, packages_skip_test_passed=False, packages_skip_up_to=None, packages_start=None, packages_up_to=None, packages_up_to_regex=None, parallel_workers=8, paths=None, symlink_install=True, test_result_base=None, verb_extension=<colcon_core.verb.build.BuildVerb object at 0x7f3b36635f70>, verb_name='build', verb_parser=<colcon_defaults.argument_parser.defaults.DefaultArgumentsDecorator object at 0x7f3b365b8d30>)
[5.691s] Level 1:colcon.colcon_core.package_discovery:discover_packages(colcon_meta) check parameters
[5.691s] Level 1:colcon.colcon_core.package_discovery:discover_packages(recursive) check parameters
[5.691s] Level 1:colcon.colcon_core.package_discovery:discover_packages(ignore) check parameters
[5.691s] Level 1:colcon.colcon_core.package_discovery:discover_packages(path) check parameters
[5.691s] Level 1:colcon.colcon_core.package_discovery:discover_packages(colcon_meta) discover
[5.691s] Level 1:colcon.colcon_core.package_discovery:discover_packages(recursive) discover
[5.691s] INFO:colcon.colcon_core.package_discovery:Crawling recursively for packages in '/home/sdh/robot_ws'
[5.691s] Level 1:colcon.colcon_core.package_identification:_identify(.) by extensions ['ignore', 'ignore_ament_install']
[5.691s] Level 1:colcon.colcon_core.package_identification:_identify(.) by extension 'ignore'
[5.691s] Level 1:colcon.colcon_core.package_identification:_identify(.) by extension 'ignore_ament_install'
[5.692s] Level 1:colcon.colcon_core.package_identification:_identify(.) by extensions ['colcon_pkg']
[5.692s] Level 1:colcon.colcon_core.package_identification:_identify(.) by extension 'colcon_pkg'
[5.692s] Level 1:colcon.colcon_core.package_identification:_identify(.) by extensions ['colcon_meta']
[5.692s] Level 1:colcon.colcon_core.package_identification:_identify(.) by extension 'colcon_meta'
[5.692s] Level 1:colcon.colcon_core.package_identification:_identify(.) by extensions ['ros']
[5.692s] Level 1:colcon.colcon_core.package_identification:_identify(.) by extension 'ros'
[5.702s] Level 1:colcon.colcon_core.package_identification:_identify(.) by extensions ['cmake', 'python']
[5.702s] Level 1:colcon.colcon_core.package_identification:_identify(.) by extension 'cmake'
[5.703s] Level 1:colcon.colcon_core.package_identification:_identify(.) by extension 'python'
[5.703s] Level 1:colcon.colcon_core.package_identification:_identify(.) by extensions ['python_setup_py']
[5.703s] Level 1:colcon.colcon_core.package_identification:_identify(.) by extension 'python_setup_py'
[5.703s] Level 1:colcon.colcon_core.package_identification:_identify(build) by extensions ['ignore', 'ignore_ament_install']
[5.703s] Level 1:colcon.colcon_core.package_identification:_identify(build) by extension 'ignore'
[5.703s] Level 1:colcon.colcon_core.package_identification:_identify(build) ignored
[5.703s] Level 1:colcon.colcon_core.package_identification:_identify(install) by extensions ['ignore', 'ignore_ament_install']
[5.703s] Level 1:colcon.colcon_core.package_identification:_identify(install) by extension 'ignore'
[5.703s] Level 1:colcon.colcon_core.package_identification:_identify(install) ignored
[5.703s] Level 1:colcon.colcon_core.package_identification:_identify(log) by extensions ['ignore', 'ignore_ament_install']
[5.703s] Level 1:colcon.colcon_core.package_identification:_identify(log) by extension 'ignore'
[5.703s] Level 1:colcon.colcon_core.package_identification:_identify(log) ignored
[5.704s] Level 1:colcon.colcon_core.package_identification:_identify(src) by extensions ['ignore', 'ignore_ament_install']
[5.704s] Level 1:colcon.colcon_core.package_identification:_identify(src) by extension 'ignore'
[5.704s] Level 1:colcon.colcon_core.package_identification:_identify(src) by extension 'ignore_ament_install'
[5.704s] Level 1:colcon.colcon_core.package_identification:_identify(src) by extensions ['colcon_pkg']
[5.704s] Level 1:colcon.colcon_core.package_identification:_identify(src) by extension 'colcon_pkg'
[5.704s] Level 1:colcon.colcon_core.package_identification:_identify(src) by extensions ['colcon_meta']
[5.704s] Level 1:colcon.colcon_core.package_identification:_identify(src) by extension 'colcon_meta'
[5.704s] Level 1:colcon.colcon_core.package_identification:_identify(src) by extensions ['ros']
[5.704s] Level 1:colcon.colcon_core.package_identification:_identify(src) by extension 'ros'
[5.704s] Level 1:colcon.colcon_core.package_identification:_identify(src) by extensions ['cmake', 'python']
[5.704s] Level 1:colcon.colcon_core.package_identification:_identify(src) by extension 'cmake'
[5.704s] Level 1:colcon.colcon_core.package_identification:_identify(src) by extension 'python'
[5.704s] Level 1:colcon.colcon_core.package_identification:_identify(src) by extensions ['python_setup_py']
[5.704s] Level 1:colcon.colcon_core.package_identification:_identify(src) by extension 'python_setup_py'
[5.704s] Level 1:colcon.colcon_core.package_identification:_identify(src/py_pubsub) by extensions ['ignore', 'ignore_ament_install']
[5.704s] Level 1:colcon.colcon_core.package_identification:_identify(src/py_pubsub) by extension 'ignore'
[5.704s] Level 1:colcon.colcon_core.package_identification:_identify(src/py_pubsub) by extension 'ignore_ament_install'
[5.704s] Level 1:colcon.colcon_core.package_identification:_identify(src/py_pubsub) by extensions ['colcon_pkg']
[5.704s] Level 1:colcon.colcon_core.package_identification:_identify(src/py_pubsub) by extension 'colcon_pkg'
[5.705s] Level 1:colcon.colcon_core.package_identification:_identify(src/py_pubsub) by extensions ['colcon_meta']
[5.705s] Level 1:colcon.colcon_core.package_identification:_identify(src/py_pubsub) by extension 'colcon_meta'
[5.705s] Level 1:colcon.colcon_core.package_identification:_identify(src/py_pubsub) by extensions ['ros']
[5.705s] Level 1:colcon.colcon_core.package_identification:_identify(src/py_pubsub) by extension 'ros'
[5.707s] DEBUG:colcon.colcon_core.package_identification:Package 'src/py_pubsub' with type 'ros.ament_python' and name 'py_pubsub'
[5.707s] Level 1:colcon.colcon_core.package_identification:_identify(src/turtle_pkg) by extensions ['ignore', 'ignore_ament_install']
[5.707s] Level 1:colcon.colcon_core.package_identification:_identify(src/turtle_pkg) by extension 'ignore'
[5.707s] Level 1:colcon.colcon_core.package_identification:_identify(src/turtle_pkg) by extension 'ignore_ament_install'
[5.707s] Level 1:colcon.colcon_core.package_identification:_identify(src/turtle_pkg) by extensions ['colcon_pkg']
[5.707s] Level 1:colcon.colcon_core.package_identification:_identify(src/turtle_pkg) by extension 'colcon_pkg'
[5.707s] Level 1:colcon.colcon_core.package_identification:_identify(src/turtle_pkg) by extensions ['colcon_meta']
[5.708s] Level 1:colcon.colcon_core.package_identification:_identify(src/turtle_pkg) by extension 'colcon_meta'
[5.708s] Level 1:colcon.colcon_core.package_identification:_identify(src/turtle_pkg) by extensions ['ros']
[5.708s] Level 1:colcon.colcon_core.package_identification:_identify(src/turtle_pkg) by extension 'ros'
[5.708s] DEBUG:colcon.colcon_core.package_identification:Package 'src/turtle_pkg' with type 'ros.ament_python' and name 'turtle_pkg'
[5.708s] Level 1:colcon.colcon_core.package_discovery:discover_packages(recursive) using defaults
[5.708s] Level 1:colcon.colcon_core.package_discovery:discover_packages(ignore) discover
[5.708s] Level 1:colcon.colcon_core.package_discovery:discover_packages(ignore) using defaults
[5.708s] Level 1:colcon.colcon_core.package_discovery:discover_packages(path) discover
[5.708s] Level 1:colcon.colcon_core.package_discovery:discover_packages(path) using defaults
[6.218s] Level 1:colcon.colcon_core.package_discovery:discover_packages(prefix_path) check parameters
[6.218s] Level 1:colcon.colcon_core.package_discovery:discover_packages(prefix_path) discover
[6.418s] DEBUG:colcon.colcon_installed_package_information.package_discovery:Found 2 installed packages in /home/sdh/robot_ws/install
[6.517s] DEBUG:colcon.colcon_installed_package_information.package_discovery:Found 3 installed packages in /home/sdh/turtlebot3_ws/install
[6.626s] DEBUG:colcon.colcon_installed_package_information.package_discovery:Found 336 installed packages in /opt/ros/foxy
[6.628s] Level 1:colcon.colcon_core.package_discovery:discover_packages(prefix_path) using defaults
[6.904s] Level 5:colcon.colcon_core.verb:set package 'py_pubsub' build argument 'cmake_args' from command line to 'None'
[6.904s] Level 5:colcon.colcon_core.verb:set package 'py_pubsub' build argument 'cmake_target' from command line to 'None'
[6.904s] Level 5:colcon.colcon_core.verb:set package 'py_pubsub' build argument 'cmake_target_skip_unavailable' from command line to 'False'
[6.904s] Level 5:colcon.colcon_core.verb:set package 'py_pubsub' build argument 'cmake_clean_cache' from command line to 'False'
[6.904s] Level 5:colcon.colcon_core.verb:set package 'py_pubsub' build argument 'cmake_clean_first' from command line to 'False'
[6.904s] Level 5:colcon.colcon_core.verb:set package 'py_pubsub' build argument 'cmake_force_configure' from command line to 'False'
[6.904s] Level 5:colcon.colcon_core.verb:set package 'py_pubsub' build argument 'ament_cmake_args' from command line to 'None'
[6.904s] Level 5:colcon.colcon_core.verb:set package 'py_pubsub' build argument 'catkin_cmake_args' from command line to 'None'
[6.904s] Level 5:colcon.colcon_core.verb:set package 'py_pubsub' build argument 'catkin_skip_building_tests' from command line to 'False'
[6.904s] DEBUG:colcon.colcon_core.verb:Building package 'py_pubsub' with the following arguments: {'ament_cmake_args': None, 'build_base': '/home/sdh/robot_ws/build/py_pubsub', 'catkin_cmake_args': None, 'catkin_skip_building_tests': False, 'cmake_args': None, 'cmake_clean_cache': False, 'cmake_clean_first': False, 'cmake_force_configure': False, 'cmake_target': None, 'cmake_target_skip_unavailable': False, 'install_base': '/home/sdh/robot_ws/install/py_pubsub', 'merge_install': False, 'path': '/home/sdh/robot_ws/src/py_pubsub', 'symlink_install': True, 'test_result_base': None}
[7.002s] Level 5:colcon.colcon_core.verb:set package 'turtle_pkg' build argument 'cmake_args' from command line to 'None'
[7.002s] Level 5:colcon.colcon_core.verb:set package 'turtle_pkg' build argument 'cmake_target' from command line to 'None'
[7.002s] Level 5:colcon.colcon_core.verb:set package 'turtle_pkg' build argument 'cmake_target_skip_unavailable' from command line to 'False'
[7.002s] Level 5:colcon.colcon_core.verb:set package 'turtle_pkg' build argument 'cmake_clean_cache' from command line to 'False'
[7.002s] Level 5:colcon.colcon_core.verb:set package 'turtle_pkg' build argument 'cmake_clean_first' from command line to 'False'
[7.002s] Level 5:colcon.colcon_core.verb:set package 'turtle_pkg' build argument 'cmake_force_configure' from command line to 'False'
[7.002s] Level 5:colcon.colcon_core.verb:set package 'turtle_pkg' build argument 'ament_cmake_args' from command line to 'None'
[7.002s] Level 5:colcon.colcon_core.verb:set package 'turtle_pkg' build argument 'catkin_cmake_args' from command line to 'None'
[7.002s] Level 5:colcon.colcon_core.verb:set package 'turtle_pkg' build argument 'catkin_skip_building_tests' from command line to 'False'
[7.002s] DEBUG:colcon.colcon_core.verb:Building package 'turtle_pkg' with the following arguments: {'ament_cmake_args': None, 'build_base': '/home/sdh/robot_ws/build/turtle_pkg', 'catkin_cmake_args': None, 'catkin_skip_building_tests': False, 'cmake_args': None, 'cmake_clean_cache': False, 'cmake_clean_first': False, 'cmake_force_configure': False, 'cmake_target': None, 'cmake_target_skip_unavailable': False, 'install_base': '/home/sdh/robot_ws/install/turtle_pkg', 'merge_install': False, 'path': '/home/sdh/robot_ws/src/turtle_pkg', 'symlink_install': True, 'test_result_base': None}
[7.100s] INFO:colcon.colcon_core.executor:Executing jobs using 'parallel' executor
[7.198s] DEBUG:colcon.colcon_parallel_executor.executor.parallel:run_until_complete
[7.198s] INFO:colcon.colcon_ros.task.ament_python.build:Building ROS package in '/home/sdh/robot_ws/src/py_pubsub' with build type 'ament_python'
[7.199s] Level 1:colcon.colcon_core.shell:create_environment_hook('py_pubsub', 'ament_prefix_path')
[7.300s] INFO:colcon.colcon_core.plugin_system:Skipping extension 'colcon_core.shell.bat': Not used on non-Windows systems
[7.300s] INFO:colcon.colcon_core.shell:Creating environment hook '/home/sdh/robot_ws/install/py_pubsub/share/py_pubsub/hook/ament_prefix_path.ps1'
[7.301s] INFO:colcon.colcon_core.shell:Creating environment descriptor '/home/sdh/robot_ws/install/py_pubsub/share/py_pubsub/hook/ament_prefix_path.dsv'
[7.301s] INFO:colcon.colcon_core.shell:Creating environment hook '/home/sdh/robot_ws/install/py_pubsub/share/py_pubsub/hook/ament_prefix_path.sh'
[7.402s] INFO:colcon.colcon_core.shell:Skip shell extension 'powershell' for command environment: Not usable outside of PowerShell
[7.403s] DEBUG:colcon.colcon_core.shell:Skip shell extension 'dsv' for command environment
[7.808s] INFO:colcon.colcon_ros.task.ament_python.build:Building ROS package in '/home/sdh/robot_ws/src/turtle_pkg' with build type 'ament_python'
[7.808s] Level 1:colcon.colcon_core.shell:create_environment_hook('turtle_pkg', 'ament_prefix_path')
[7.924s] INFO:colcon.colcon_core.shell:Creating environment hook '/home/sdh/robot_ws/install/turtle_pkg/share/turtle_pkg/hook/ament_prefix_path.ps1'
[7.924s] INFO:colcon.colcon_core.shell:Creating environment descriptor '/home/sdh/robot_ws/install/turtle_pkg/share/turtle_pkg/hook/ament_prefix_path.dsv'
[7.925s] INFO:colcon.colcon_core.shell:Creating environment hook '/home/sdh/robot_ws/install/turtle_pkg/share/turtle_pkg/hook/ament_prefix_path.sh'
[8.025s] INFO:colcon.colcon_core.shell:Skip shell extension 'powershell' for command environment: Not usable outside of PowerShell
[8.025s] DEBUG:colcon.colcon_core.shell:Skip shell extension 'dsv' for command environment
[8.659s] INFO:colcon.colcon_core.task.python.build:Building Python package in '/home/sdh/robot_ws/src/py_pubsub'
[8.762s] INFO:colcon.colcon_core.shell:Skip shell extension 'powershell' for command environment: Not usable outside of PowerShell
[8.762s] DEBUG:colcon.colcon_core.shell:Skip shell extension 'dsv' for command environment
[9.402s] INFO:colcon.colcon_core.task.python.build:Building Python package in '/home/sdh/robot_ws/src/turtle_pkg'
[9.506s] INFO:colcon.colcon_core.shell:Skip shell extension 'powershell' for command environment: Not usable outside of PowerShell
[9.506s] DEBUG:colcon.colcon_core.shell:Skip shell extension 'dsv' for command environment
[10.323s] DEBUG:colcon.colcon_core.event_handler.log_command:Invoking command in '/home/sdh/robot_ws/build/turtle_pkg': PYTHONPATH=/home/sdh/robot_ws/build/turtle_pkg/prefix_override:/home/sdh/robot_ws/install/turtle_pkg/lib/python3.8/site-packages:${PYTHONPATH} /usr/bin/python3 setup.py develop --editable --build-directory /home/sdh/robot_ws/build/turtle_pkg/build --no-deps install_data
[10.344s] DEBUG:colcon.colcon_core.event_handler.log_command:Invoking command in '/home/sdh/robot_ws/build/py_pubsub': PYTHONPATH=/home/sdh/robot_ws/build/py_pubsub/prefix_override:/home/sdh/robot_ws/install/py_pubsub/lib/python3.8/site-packages:${PYTHONPATH} /usr/bin/python3 setup.py develop --editable --build-directory /home/sdh/robot_ws/build/py_pubsub/build --no-deps install_data
[10.838s] Level 1:colcon.colcon_core.shell:create_environment_hook('turtle_pkg', 'pythonpath_develop')
[10.838s] DEBUG:colcon.colcon_core.event_handler.log_command:Invoked command in '/home/sdh/robot_ws/build/turtle_pkg' returned '0': PYTHONPATH=/home/sdh/robot_ws/build/turtle_pkg/prefix_override:/home/sdh/robot_ws/install/turtle_pkg/lib/python3.8/site-packages:${PYTHONPATH} /usr/bin/python3 setup.py develop --editable --build-directory /home/sdh/robot_ws/build/turtle_pkg/build --no-deps install_data
[10.948s] INFO:colcon.colcon_core.shell:Creating environment hook '/home/sdh/robot_ws/build/turtle_pkg/share/turtle_pkg/hook/pythonpath_develop.ps1'
[10.949s] INFO:colcon.colcon_core.shell:Creating environment descriptor '/home/sdh/robot_ws/build/turtle_pkg/share/turtle_pkg/hook/pythonpath_develop.dsv'
[10.949s] INFO:colcon.colcon_core.shell:Creating environment hook '/home/sdh/robot_ws/build/turtle_pkg/share/turtle_pkg/hook/pythonpath_develop.sh'
[11.055s] Level 1:colcon.colcon_core.environment:checking '/home/sdh/robot_ws/install/turtle_pkg' for CMake module files
[11.055s] Level 1:colcon.colcon_core.environment:checking '/home/sdh/robot_ws/install/turtle_pkg' for CMake config files
[11.056s] Level 1:colcon.colcon_core.environment:checking '/home/sdh/robot_ws/install/turtle_pkg/lib'
[11.056s] Level 1:colcon.colcon_core.environment:checking '/home/sdh/robot_ws/install/turtle_pkg/bin'
[11.056s] Level 1:colcon.colcon_core.environment:checking '/home/sdh/robot_ws/install/turtle_pkg/lib/pkgconfig/turtle_pkg.pc'
[11.056s] Level 1:colcon.colcon_core.environment:checking '/home/sdh/robot_ws/install/turtle_pkg/lib/python3.8/site-packages'
[11.057s] Level 1:colcon.colcon_core.shell:create_environment_hook('turtle_pkg', 'pythonpath')
[11.157s] INFO:colcon.colcon_core.shell:Creating environment hook '/home/sdh/robot_ws/install/turtle_pkg/share/turtle_pkg/hook/pythonpath.ps1'
[11.157s] INFO:colcon.colcon_core.shell:Creating environment descriptor '/home/sdh/robot_ws/install/turtle_pkg/share/turtle_pkg/hook/pythonpath.dsv'
[11.158s] INFO:colcon.colcon_core.shell:Creating environment hook '/home/sdh/robot_ws/install/turtle_pkg/share/turtle_pkg/hook/pythonpath.sh'
[11.158s] Level 1:colcon.colcon_core.environment:checking '/home/sdh/robot_ws/install/turtle_pkg/bin'
[11.158s] Level 1:colcon.colcon_core.environment:create_environment_scripts_only(turtle_pkg)
[11.264s] INFO:colcon.colcon_core.shell:Creating package script '/home/sdh/robot_ws/install/turtle_pkg/share/turtle_pkg/package.ps1'
[11.265s] INFO:colcon.colcon_core.shell:Creating package descriptor '/home/sdh/robot_ws/install/turtle_pkg/share/turtle_pkg/package.dsv'
[11.265s] INFO:colcon.colcon_core.shell:Creating package script '/home/sdh/robot_ws/install/turtle_pkg/share/turtle_pkg/package.sh'
[11.266s] INFO:colcon.colcon_core.shell:Creating package script '/home/sdh/robot_ws/install/turtle_pkg/share/turtle_pkg/package.bash'
[11.267s] INFO:colcon.colcon_core.shell:Creating package script '/home/sdh/robot_ws/install/turtle_pkg/share/turtle_pkg/package.zsh'
[11.267s] Level 1:colcon.colcon_core.environment:create_file_with_runtime_dependencies(/home/sdh/robot_ws/install/turtle_pkg/share/colcon-core/packages/turtle_pkg)
[11.268s] Level 1:colcon.colcon_core.shell:create_environment_hook('py_pubsub', 'pythonpath_develop')
[11.269s] DEBUG:colcon.colcon_core.event_handler.log_command:Invoked command in '/home/sdh/robot_ws/build/py_pubsub' returned '0': PYTHONPATH=/home/sdh/robot_ws/build/py_pubsub/prefix_override:/home/sdh/robot_ws/install/py_pubsub/lib/python3.8/site-packages:${PYTHONPATH} /usr/bin/python3 setup.py develop --editable --build-directory /home/sdh/robot_ws/build/py_pubsub/build --no-deps install_data
[11.370s] INFO:colcon.colcon_core.shell:Creating environment hook '/home/sdh/robot_ws/build/py_pubsub/share/py_pubsub/hook/pythonpath_develop.ps1'
[11.371s] INFO:colcon.colcon_core.shell:Creating environment descriptor '/home/sdh/robot_ws/build/py_pubsub/share/py_pubsub/hook/pythonpath_develop.dsv'
[11.371s] INFO:colcon.colcon_core.shell:Creating environment hook '/home/sdh/robot_ws/build/py_pubsub/share/py_pubsub/hook/pythonpath_develop.sh'
[11.472s] Level 1:colcon.colcon_core.environment:checking '/home/sdh/robot_ws/install/py_pubsub' for CMake module files
[11.472s] Level 1:colcon.colcon_core.environment:checking '/home/sdh/robot_ws/install/py_pubsub' for CMake config files
[11.473s] Level 1:colcon.colcon_core.environment:checking '/home/sdh/robot_ws/install/py_pubsub/lib'
[11.473s] Level 1:colcon.colcon_core.environment:checking '/home/sdh/robot_ws/install/py_pubsub/bin'
[11.473s] Level 1:colcon.colcon_core.environment:checking '/home/sdh/robot_ws/install/py_pubsub/lib/pkgconfig/py_pubsub.pc'
[11.473s] Level 1:colcon.colcon_core.environment:checking '/home/sdh/robot_ws/install/py_pubsub/lib/python3.8/site-packages'
[11.473s] Level 1:colcon.colcon_core.shell:create_environment_hook('py_pubsub', 'pythonpath')
[11.580s] INFO:colcon.colcon_core.shell:Creating environment hook '/home/sdh/robot_ws/install/py_pubsub/share/py_pubsub/hook/pythonpath.ps1'
[11.581s] INFO:colcon.colcon_core.shell:Creating environment descriptor '/home/sdh/robot_ws/install/py_pubsub/share/py_pubsub/hook/pythonpath.dsv'
[11.581s] INFO:colcon.colcon_core.shell:Creating environment hook '/home/sdh/robot_ws/install/py_pubsub/share/py_pubsub/hook/pythonpath.sh'
[11.582s] Level 1:colcon.colcon_core.environment:checking '/home/sdh/robot_ws/install/py_pubsub/bin'
[11.582s] Level 1:colcon.colcon_core.environment:create_environment_scripts_only(py_pubsub)
[11.704s] INFO:colcon.colcon_core.shell:Creating package script '/home/sdh/robot_ws/install/py_pubsub/share/py_pubsub/package.ps1'
[11.705s] INFO:colcon.colcon_core.shell:Creating package descriptor '/home/sdh/robot_ws/install/py_pubsub/share/py_pubsub/package.dsv'
[11.706s] INFO:colcon.colcon_core.shell:Creating package script '/home/sdh/robot_ws/install/py_pubsub/share/py_pubsub/package.sh'
[11.706s] INFO:colcon.colcon_core.shell:Creating package script '/home/sdh/robot_ws/install/py_pubsub/share/py_pubsub/package.bash'
[11.707s] INFO:colcon.colcon_core.shell:Creating package script '/home/sdh/robot_ws/install/py_pubsub/share/py_pubsub/package.zsh'
[11.708s] Level 1:colcon.colcon_core.environment:create_file_with_runtime_dependencies(/home/sdh/robot_ws/install/py_pubsub/share/colcon-core/packages/py_pubsub)
[11.708s] DEBUG:colcon.colcon_parallel_executor.executor.parallel:closing loop
[11.709s] DEBUG:colcon.colcon_parallel_executor.executor.parallel:loop closed
[11.709s] DEBUG:colcon.colcon_parallel_executor.executor.parallel:run_until_complete finished with '0'
[11.709s] DEBUG:colcon.colcon_core.event_reactor:joining thread
[11.839s] INFO:colcon.colcon_core.plugin_system:Skipping extension 'colcon_notification.desktop_notification.terminal_notifier': Not used on non-Darwin systems
[11.840s] INFO:colcon.colcon_core.plugin_system:Skipping extension 'colcon_notification.desktop_notification.win32': Not used on non-Windows systems
[11.840s] INFO:colcon.colcon_notification.desktop_notification:Sending desktop notification using 'notify2'
[11.864s] DEBUG:colcon.colcon_core.event_reactor:joined thread
[11.974s] INFO:colcon.colcon_core.shell:Creating prefix script '/home/sdh/robot_ws/install/local_setup.ps1'
[11.975s] INFO:colcon.colcon_core.shell:Creating prefix util module '/home/sdh/robot_ws/install/_local_setup_util_ps1.py'
[11.976s] INFO:colcon.colcon_core.shell:Creating prefix chain script '/home/sdh/robot_ws/install/setup.ps1'
[12.078s] INFO:colcon.colcon_core.shell:Creating prefix script '/home/sdh/robot_ws/install/local_setup.sh'
[12.078s] INFO:colcon.colcon_core.shell:Creating prefix util module '/home/sdh/robot_ws/install/_local_setup_util_sh.py'
[12.078s] INFO:colcon.colcon_core.shell:Creating prefix chain script '/home/sdh/robot_ws/install/setup.sh'
[12.194s] INFO:colcon.colcon_core.shell:Creating prefix script '/home/sdh/robot_ws/install/local_setup.bash'
[12.195s] INFO:colcon.colcon_core.shell:Creating prefix chain script '/home/sdh/robot_ws/install/setup.bash'
[12.318s] INFO:colcon.colcon_core.shell:Creating prefix script '/home/sdh/robot_ws/install/local_setup.zsh'
[12.319s] INFO:colcon.colcon_core.shell:Creating prefix chain script '/home/sdh/robot_ws/install/setup.zsh'
