[8.453s] DEBUG:colcon:Command line arguments: ['/usr/bin/colcon', 'build', '--symlink-install']
[8.453s] DEBUG:colcon:Parsed command line arguments: Namespace(allow_overriding=[], ament_cmake_args=None, base_paths=['.'], build_base='build', catkin_cmake_args=None, catkin_skip_building_tests=False, cmake_args=None, cmake_clean_cache=False, cmake_clean_first=False, cmake_force_configure=False, cmake_target=None, cmake_target_skip_unavailable=False, continue_on_error=False, event_handlers=None, executor='parallel', ignore_user_meta=False, install_base='install', log_base=None, log_level=None, main=<bound method BuildVerb.main of <colcon_core.verb.build.BuildVerb object at 0x7ff1834b5100>>, merge_install=False, metas=['./colcon.meta'], packages_above=None, packages_above_and_dependencies=None, packages_above_depth=None, packages_end=None, packages_ignore=None, packages_ignore_regex=None, packages_select=None, packages_select_build_failed=False, packages_select_by_dep=None, packages_select_regex=None, packages_select_test_failures=False, packages_skip=None, packages_skip_build_finished=False, packages_skip_by_dep=None, packages_skip_regex=None, packages_skip_test_passed=False, packages_skip_up_to=None, packages_start=None, packages_up_to=None, packages_up_to_regex=None, parallel_workers=8, paths=None, symlink_install=True, test_result_base=None, verb_extension=<colcon_core.verb.build.BuildVerb object at 0x7ff1834b5100>, verb_name='build', verb_parser=<colcon_defaults.argument_parser.defaults.DefaultArgumentsDecorator object at 0x7ff183f3ce50>)
[8.864s] Level 1:colcon.colcon_core.package_discovery:discover_packages(colcon_meta) check parameters
[8.865s] Level 1:colcon.colcon_core.package_discovery:discover_packages(recursive) check parameters
[8.865s] Level 1:colcon.colcon_core.package_discovery:discover_packages(ignore) check parameters
[8.865s] Level 1:colcon.colcon_core.package_discovery:discover_packages(path) check parameters
[8.865s] Level 1:colcon.colcon_core.package_discovery:discover_packages(colcon_meta) discover
[8.865s] Level 1:colcon.colcon_core.package_discovery:discover_packages(recursive) discover
[8.865s] INFO:colcon.colcon_core.package_discovery:Crawling recursively for packages in '/home/sdh/robot_ws'
[8.865s] Level 1:colcon.colcon_core.package_identification:_identify(.) by extensions ['ignore', 'ignore_ament_install']
[8.865s] Level 1:colcon.colcon_core.package_identification:_identify(.) by extension 'ignore'
[8.865s] Level 1:colcon.colcon_core.package_identification:_identify(.) by extension 'ignore_ament_install'
[8.865s] Level 1:colcon.colcon_core.package_identification:_identify(.) by extensions ['colcon_pkg']
[8.865s] Level 1:colcon.colcon_core.package_identification:_identify(.) by extension 'colcon_pkg'
[8.865s] Level 1:colcon.colcon_core.package_identification:_identify(.) by extensions ['colcon_meta']
[8.865s] Level 1:colcon.colcon_core.package_identification:_identify(.) by extension 'colcon_meta'
[8.865s] Level 1:colcon.colcon_core.package_identification:_identify(.) by extensions ['ros']
[8.865s] Level 1:colcon.colcon_core.package_identification:_identify(.) by extension 'ros'
[8.914s] Level 1:colcon.colcon_core.package_identification:_identify(.) by extensions ['cmake', 'python']
[8.914s] Level 1:colcon.colcon_core.package_identification:_identify(.) by extension 'cmake'
[8.914s] Level 1:colcon.colcon_core.package_identification:_identify(.) by extension 'python'
[8.914s] Level 1:colcon.colcon_core.package_identification:_identify(.) by extensions ['python_setup_py']
[8.914s] Level 1:colcon.colcon_core.package_identification:_identify(.) by extension 'python_setup_py'
[8.914s] Level 1:colcon.colcon_core.package_identification:_identify(build) by extensions ['ignore', 'ignore_ament_install']
[8.914s] Level 1:colcon.colcon_core.package_identification:_identify(build) by extension 'ignore'
[8.914s] Level 1:colcon.colcon_core.package_identification:_identify(build) ignored
[8.914s] Level 1:colcon.colcon_core.package_identification:_identify(install) by extensions ['ignore', 'ignore_ament_install']
[8.914s] Level 1:colcon.colcon_core.package_identification:_identify(install) by extension 'ignore'
[8.914s] Level 1:colcon.colcon_core.package_identification:_identify(install) ignored
[8.915s] Level 1:colcon.colcon_core.package_identification:_identify(log) by extensions ['ignore', 'ignore_ament_install']
[8.915s] Level 1:colcon.colcon_core.package_identification:_identify(log) by extension 'ignore'
[8.915s] Level 1:colcon.colcon_core.package_identification:_identify(log) ignored
[8.915s] Level 1:colcon.colcon_core.package_identification:_identify(src) by extensions ['ignore', 'ignore_ament_install']
[8.915s] Level 1:colcon.colcon_core.package_identification:_identify(src) by extension 'ignore'
[8.915s] Level 1:colcon.colcon_core.package_identification:_identify(src) by extension 'ignore_ament_install'
[8.915s] Level 1:colcon.colcon_core.package_identification:_identify(src) by extensions ['colcon_pkg']
[8.915s] Level 1:colcon.colcon_core.package_identification:_identify(src) by extension 'colcon_pkg'
[8.915s] Level 1:colcon.colcon_core.package_identification:_identify(src) by extensions ['colcon_meta']
[8.915s] Level 1:colcon.colcon_core.package_identification:_identify(src) by extension 'colcon_meta'
[8.915s] Level 1:colcon.colcon_core.package_identification:_identify(src) by extensions ['ros']
[8.915s] Level 1:colcon.colcon_core.package_identification:_identify(src) by extension 'ros'
[8.915s] Level 1:colcon.colcon_core.package_identification:_identify(src) by extensions ['cmake', 'python']
[8.915s] Level 1:colcon.colcon_core.package_identification:_identify(src) by extension 'cmake'
[8.915s] Level 1:colcon.colcon_core.package_identification:_identify(src) by extension 'python'
[8.915s] Level 1:colcon.colcon_core.package_identification:_identify(src) by extensions ['python_setup_py']
[8.915s] Level 1:colcon.colcon_core.package_identification:_identify(src) by extension 'python_setup_py'
[8.916s] Level 1:colcon.colcon_core.package_identification:_identify(src/build) by extensions ['ignore', 'ignore_ament_install']
[8.916s] Level 1:colcon.colcon_core.package_identification:_identify(src/build) by extension 'ignore'
[8.916s] Level 1:colcon.colcon_core.package_identification:_identify(src/build) ignored
[8.916s] Level 1:colcon.colcon_core.package_identification:_identify(src/install) by extensions ['ignore', 'ignore_ament_install']
[8.916s] Level 1:colcon.colcon_core.package_identification:_identify(src/install) by extension 'ignore'
[8.916s] Level 1:colcon.colcon_core.package_identification:_identify(src/install) ignored
[8.916s] Level 1:colcon.colcon_core.package_identification:_identify(src/log) by extensions ['ignore', 'ignore_ament_install']
[8.916s] Level 1:colcon.colcon_core.package_identification:_identify(src/log) by extension 'ignore'
[8.916s] Level 1:colcon.colcon_core.package_identification:_identify(src/log) ignored
[8.916s] Level 1:colcon.colcon_core.package_identification:_identify(src/opencv) by extensions ['ignore', 'ignore_ament_install']
[8.916s] Level 1:colcon.colcon_core.package_identification:_identify(src/opencv) by extension 'ignore'
[8.916s] Level 1:colcon.colcon_core.package_identification:_identify(src/opencv) by extension 'ignore_ament_install'
[8.916s] Level 1:colcon.colcon_core.package_identification:_identify(src/opencv) by extensions ['colcon_pkg']
[8.916s] Level 1:colcon.colcon_core.package_identification:_identify(src/opencv) by extension 'colcon_pkg'
[8.917s] Level 1:colcon.colcon_core.package_identification:_identify(src/opencv) by extensions ['colcon_meta']
[8.917s] Level 1:colcon.colcon_core.package_identification:_identify(src/opencv) by extension 'colcon_meta'
[8.917s] Level 1:colcon.colcon_core.package_identification:_identify(src/opencv) by extensions ['ros']
[8.917s] Level 1:colcon.colcon_core.package_identification:_identify(src/opencv) by extension 'ros'
[8.955s] DEBUG:colcon.colcon_core.package_identification:Package 'src/opencv' with type 'ros.ament_python' and name 'opencv'
[8.955s] Level 1:colcon.colcon_core.package_identification:_identify(src/py_pubsub) by extensions ['ignore', 'ignore_ament_install']
[8.955s] Level 1:colcon.colcon_core.package_identification:_identify(src/py_pubsub) by extension 'ignore'
[8.955s] Level 1:colcon.colcon_core.package_identification:_identify(src/py_pubsub) by extension 'ignore_ament_install'
[8.955s] Level 1:colcon.colcon_core.package_identification:_identify(src/py_pubsub) by extensions ['colcon_pkg']
[8.955s] Level 1:colcon.colcon_core.package_identification:_identify(src/py_pubsub) by extension 'colcon_pkg'
[8.955s] Level 1:colcon.colcon_core.package_identification:_identify(src/py_pubsub) by extensions ['colcon_meta']
[8.955s] Level 1:colcon.colcon_core.package_identification:_identify(src/py_pubsub) by extension 'colcon_meta'
[8.955s] Level 1:colcon.colcon_core.package_identification:_identify(src/py_pubsub) by extensions ['ros']
[8.956s] Level 1:colcon.colcon_core.package_identification:_identify(src/py_pubsub) by extension 'ros'
[8.962s] DEBUG:colcon.colcon_core.package_identification:Package 'src/py_pubsub' with type 'ros.ament_python' and name 'py_pubsub'
[8.962s] Level 1:colcon.colcon_core.package_identification:_identify(src/tb3_pkg) by extensions ['ignore', 'ignore_ament_install']
[8.962s] Level 1:colcon.colcon_core.package_identification:_identify(src/tb3_pkg) by extension 'ignore'
[8.962s] Level 1:colcon.colcon_core.package_identification:_identify(src/tb3_pkg) by extension 'ignore_ament_install'
[8.962s] Level 1:colcon.colcon_core.package_identification:_identify(src/tb3_pkg) by extensions ['colcon_pkg']
[8.962s] Level 1:colcon.colcon_core.package_identification:_identify(src/tb3_pkg) by extension 'colcon_pkg'
[8.963s] Level 1:colcon.colcon_core.package_identification:_identify(src/tb3_pkg) by extensions ['colcon_meta']
[8.963s] Level 1:colcon.colcon_core.package_identification:_identify(src/tb3_pkg) by extension 'colcon_meta'
[8.963s] Level 1:colcon.colcon_core.package_identification:_identify(src/tb3_pkg) by extensions ['ros']
[8.963s] Level 1:colcon.colcon_core.package_identification:_identify(src/tb3_pkg) by extension 'ros'
[8.963s] DEBUG:colcon.colcon_core.package_identification:Package 'src/tb3_pkg' with type 'ros.ament_python' and name 'tb3_pkg'
[8.963s] Level 1:colcon.colcon_core.package_identification:_identify(src/turtle_pkg) by extensions ['ignore', 'ignore_ament_install']
[8.963s] Level 1:colcon.colcon_core.package_identification:_identify(src/turtle_pkg) by extension 'ignore'
[8.963s] Level 1:colcon.colcon_core.package_identification:_identify(src/turtle_pkg) by extension 'ignore_ament_install'
[8.963s] Level 1:colcon.colcon_core.package_identification:_identify(src/turtle_pkg) by extensions ['colcon_pkg']
[8.964s] Level 1:colcon.colcon_core.package_identification:_identify(src/turtle_pkg) by extension 'colcon_pkg'
[8.964s] Level 1:colcon.colcon_core.package_identification:_identify(src/turtle_pkg) by extensions ['colcon_meta']
[8.964s] Level 1:colcon.colcon_core.package_identification:_identify(src/turtle_pkg) by extension 'colcon_meta'
[8.964s] Level 1:colcon.colcon_core.package_identification:_identify(src/turtle_pkg) by extensions ['ros']
[8.964s] Level 1:colcon.colcon_core.package_identification:_identify(src/turtle_pkg) by extension 'ros'
[8.972s] DEBUG:colcon.colcon_core.package_identification:Package 'src/turtle_pkg' with type 'ros.ament_python' and name 'turtle_pkg'
[8.972s] Level 1:colcon.colcon_core.package_discovery:discover_packages(recursive) using defaults
[8.972s] Level 1:colcon.colcon_core.package_discovery:discover_packages(ignore) discover
[8.972s] Level 1:colcon.colcon_core.package_discovery:discover_packages(ignore) using defaults
[8.972s] Level 1:colcon.colcon_core.package_discovery:discover_packages(path) discover
[8.972s] Level 1:colcon.colcon_core.package_discovery:discover_packages(path) using defaults
[9.582s] Level 1:colcon.colcon_core.package_discovery:discover_packages(prefix_path) check parameters
[9.582s] Level 1:colcon.colcon_core.package_discovery:discover_packages(prefix_path) discover
[9.812s] DEBUG:colcon.colcon_installed_package_information.package_discovery:Found 3 installed packages in /home/sdh/turtlebot3_ws/install
[9.918s] DEBUG:colcon.colcon_installed_package_information.package_discovery:Found 3 installed packages in /home/sdh/robot_ws/install
[10.018s] DEBUG:colcon.colcon_installed_package_information.package_discovery:Found 341 installed packages in /opt/ros/foxy
[10.020s] Level 1:colcon.colcon_core.package_discovery:discover_packages(prefix_path) using defaults
[11.090s] Level 5:colcon.colcon_core.verb:set package 'opencv' build argument 'cmake_args' from command line to 'None'
[11.090s] Level 5:colcon.colcon_core.verb:set package 'opencv' build argument 'cmake_target' from command line to 'None'
[11.090s] Level 5:colcon.colcon_core.verb:set package 'opencv' build argument 'cmake_target_skip_unavailable' from command line to 'False'
[11.090s] Level 5:colcon.colcon_core.verb:set package 'opencv' build argument 'cmake_clean_cache' from command line to 'False'
[11.090s] Level 5:colcon.colcon_core.verb:set package 'opencv' build argument 'cmake_clean_first' from command line to 'False'
[11.090s] Level 5:colcon.colcon_core.verb:set package 'opencv' build argument 'cmake_force_configure' from command line to 'False'
[11.090s] Level 5:colcon.colcon_core.verb:set package 'opencv' build argument 'ament_cmake_args' from command line to 'None'
[11.090s] Level 5:colcon.colcon_core.verb:set package 'opencv' build argument 'catkin_cmake_args' from command line to 'None'
[11.090s] Level 5:colcon.colcon_core.verb:set package 'opencv' build argument 'catkin_skip_building_tests' from command line to 'False'
[11.090s] DEBUG:colcon.colcon_core.verb:Building package 'opencv' with the following arguments: {'ament_cmake_args': None, 'build_base': '/home/sdh/robot_ws/build/opencv', 'catkin_cmake_args': None, 'catkin_skip_building_tests': False, 'cmake_args': None, 'cmake_clean_cache': False, 'cmake_clean_first': False, 'cmake_force_configure': False, 'cmake_target': None, 'cmake_target_skip_unavailable': False, 'install_base': '/home/sdh/robot_ws/install/opencv', 'merge_install': False, 'path': '/home/sdh/robot_ws/src/opencv', 'symlink_install': True, 'test_result_base': None}
[11.187s] Level 5:colcon.colcon_core.verb:set package 'py_pubsub' build argument 'cmake_args' from command line to 'None'
[11.187s] Level 5:colcon.colcon_core.verb:set package 'py_pubsub' build argument 'cmake_target' from command line to 'None'
[11.187s] Level 5:colcon.colcon_core.verb:set package 'py_pubsub' build argument 'cmake_target_skip_unavailable' from command line to 'False'
[11.187s] Level 5:colcon.colcon_core.verb:set package 'py_pubsub' build argument 'cmake_clean_cache' from command line to 'False'
[11.187s] Level 5:colcon.colcon_core.verb:set package 'py_pubsub' build argument 'cmake_clean_first' from command line to 'False'
[11.187s] Level 5:colcon.colcon_core.verb:set package 'py_pubsub' build argument 'cmake_force_configure' from command line to 'False'
[11.187s] Level 5:colcon.colcon_core.verb:set package 'py_pubsub' build argument 'ament_cmake_args' from command line to 'None'
[11.187s] Level 5:colcon.colcon_core.verb:set package 'py_pubsub' build argument 'catkin_cmake_args' from command line to 'None'
[11.188s] Level 5:colcon.colcon_core.verb:set package 'py_pubsub' build argument 'catkin_skip_building_tests' from command line to 'False'
[11.188s] DEBUG:colcon.colcon_core.verb:Building package 'py_pubsub' with the following arguments: {'ament_cmake_args': None, 'build_base': '/home/sdh/robot_ws/build/py_pubsub', 'catkin_cmake_args': None, 'catkin_skip_building_tests': False, 'cmake_args': None, 'cmake_clean_cache': False, 'cmake_clean_first': False, 'cmake_force_configure': False, 'cmake_target': None, 'cmake_target_skip_unavailable': False, 'install_base': '/home/sdh/robot_ws/install/py_pubsub', 'merge_install': False, 'path': '/home/sdh/robot_ws/src/py_pubsub', 'symlink_install': True, 'test_result_base': None}
[11.285s] Level 5:colcon.colcon_core.verb:set package 'tb3_pkg' build argument 'cmake_args' from command line to 'None'
[11.285s] Level 5:colcon.colcon_core.verb:set package 'tb3_pkg' build argument 'cmake_target' from command line to 'None'
[11.285s] Level 5:colcon.colcon_core.verb:set package 'tb3_pkg' build argument 'cmake_target_skip_unavailable' from command line to 'False'
[11.285s] Level 5:colcon.colcon_core.verb:set package 'tb3_pkg' build argument 'cmake_clean_cache' from command line to 'False'
[11.285s] Level 5:colcon.colcon_core.verb:set package 'tb3_pkg' build argument 'cmake_clean_first' from command line to 'False'
[11.285s] Level 5:colcon.colcon_core.verb:set package 'tb3_pkg' build argument 'cmake_force_configure' from command line to 'False'
[11.285s] Level 5:colcon.colcon_core.verb:set package 'tb3_pkg' build argument 'ament_cmake_args' from command line to 'None'
[11.285s] Level 5:colcon.colcon_core.verb:set package 'tb3_pkg' build argument 'catkin_cmake_args' from command line to 'None'
[11.285s] Level 5:colcon.colcon_core.verb:set package 'tb3_pkg' build argument 'catkin_skip_building_tests' from command line to 'False'
[11.285s] DEBUG:colcon.colcon_core.verb:Building package 'tb3_pkg' with the following arguments: {'ament_cmake_args': None, 'build_base': '/home/sdh/robot_ws/build/tb3_pkg', 'catkin_cmake_args': None, 'catkin_skip_building_tests': False, 'cmake_args': None, 'cmake_clean_cache': False, 'cmake_clean_first': False, 'cmake_force_configure': False, 'cmake_target': None, 'cmake_target_skip_unavailable': False, 'install_base': '/home/sdh/robot_ws/install/tb3_pkg', 'merge_install': False, 'path': '/home/sdh/robot_ws/src/tb3_pkg', 'symlink_install': True, 'test_result_base': None}
[11.382s] Level 5:colcon.colcon_core.verb:set package 'turtle_pkg' build argument 'cmake_args' from command line to 'None'
[11.382s] Level 5:colcon.colcon_core.verb:set package 'turtle_pkg' build argument 'cmake_target' from command line to 'None'
[11.382s] Level 5:colcon.colcon_core.verb:set package 'turtle_pkg' build argument 'cmake_target_skip_unavailable' from command line to 'False'
[11.382s] Level 5:colcon.colcon_core.verb:set package 'turtle_pkg' build argument 'cmake_clean_cache' from command line to 'False'
[11.382s] Level 5:colcon.colcon_core.verb:set package 'turtle_pkg' build argument 'cmake_clean_first' from command line to 'False'
[11.383s] Level 5:colcon.colcon_core.verb:set package 'turtle_pkg' build argument 'cmake_force_configure' from command line to 'False'
[11.383s] Level 5:colcon.colcon_core.verb:set package 'turtle_pkg' build argument 'ament_cmake_args' from command line to 'None'
[11.383s] Level 5:colcon.colcon_core.verb:set package 'turtle_pkg' build argument 'catkin_cmake_args' from command line to 'None'
[11.383s] Level 5:colcon.colcon_core.verb:set package 'turtle_pkg' build argument 'catkin_skip_building_tests' from command line to 'False'
[11.383s] DEBUG:colcon.colcon_core.verb:Building package 'turtle_pkg' with the following arguments: {'ament_cmake_args': None, 'build_base': '/home/sdh/robot_ws/build/turtle_pkg', 'catkin_cmake_args': None, 'catkin_skip_building_tests': False, 'cmake_args': None, 'cmake_clean_cache': False, 'cmake_clean_first': False, 'cmake_force_configure': False, 'cmake_target': None, 'cmake_target_skip_unavailable': False, 'install_base': '/home/sdh/robot_ws/install/turtle_pkg', 'merge_install': False, 'path': '/home/sdh/robot_ws/src/turtle_pkg', 'symlink_install': True, 'test_result_base': None}
[11.479s] INFO:colcon.colcon_core.executor:Executing jobs using 'parallel' executor
[11.576s] DEBUG:colcon.colcon_parallel_executor.executor.parallel:run_until_complete
[11.576s] INFO:colcon.colcon_ros.task.ament_python.build:Building ROS package in '/home/sdh/robot_ws/src/opencv' with build type 'ament_python'
[11.576s] Level 1:colcon.colcon_core.shell:create_environment_hook('opencv', 'ament_prefix_path')
[11.688s] INFO:colcon.colcon_core.plugin_system:Skipping extension 'colcon_core.shell.bat': Not used on non-Windows systems
[11.688s] INFO:colcon.colcon_core.shell:Creating environment hook '/home/sdh/robot_ws/install/opencv/share/opencv/hook/ament_prefix_path.ps1'
[11.696s] INFO:colcon.colcon_core.shell:Creating environment descriptor '/home/sdh/robot_ws/install/opencv/share/opencv/hook/ament_prefix_path.dsv'
[11.706s] INFO:colcon.colcon_core.shell:Creating environment hook '/home/sdh/robot_ws/install/opencv/share/opencv/hook/ament_prefix_path.sh'
[11.808s] INFO:colcon.colcon_core.shell:Skip shell extension 'powershell' for command environment: Not usable outside of PowerShell
[11.808s] DEBUG:colcon.colcon_core.shell:Skip shell extension 'dsv' for command environment
[12.225s] INFO:colcon.colcon_ros.task.ament_python.build:Building ROS package in '/home/sdh/robot_ws/src/py_pubsub' with build type 'ament_python'
[12.225s] Level 1:colcon.colcon_core.shell:create_environment_hook('py_pubsub', 'ament_prefix_path')
[12.329s] INFO:colcon.colcon_core.shell:Creating environment hook '/home/sdh/robot_ws/install/py_pubsub/share/py_pubsub/hook/ament_prefix_path.ps1'
[12.329s] INFO:colcon.colcon_core.shell:Creating environment descriptor '/home/sdh/robot_ws/install/py_pubsub/share/py_pubsub/hook/ament_prefix_path.dsv'
[12.330s] INFO:colcon.colcon_core.shell:Creating environment hook '/home/sdh/robot_ws/install/py_pubsub/share/py_pubsub/hook/ament_prefix_path.sh'
[12.441s] INFO:colcon.colcon_core.shell:Skip shell extension 'powershell' for command environment: Not usable outside of PowerShell
[12.441s] DEBUG:colcon.colcon_core.shell:Skip shell extension 'dsv' for command environment
[12.838s] INFO:colcon.colcon_ros.task.ament_python.build:Building ROS package in '/home/sdh/robot_ws/src/tb3_pkg' with build type 'ament_python'
[12.838s] Level 1:colcon.colcon_core.shell:create_environment_hook('tb3_pkg', 'ament_prefix_path')
[12.941s] INFO:colcon.colcon_core.shell:Creating environment hook '/home/sdh/robot_ws/install/tb3_pkg/share/tb3_pkg/hook/ament_prefix_path.ps1'
[12.942s] INFO:colcon.colcon_core.shell:Creating environment descriptor '/home/sdh/robot_ws/install/tb3_pkg/share/tb3_pkg/hook/ament_prefix_path.dsv'
[12.942s] INFO:colcon.colcon_core.shell:Creating environment hook '/home/sdh/robot_ws/install/tb3_pkg/share/tb3_pkg/hook/ament_prefix_path.sh'
[13.041s] INFO:colcon.colcon_core.shell:Skip shell extension 'powershell' for command environment: Not usable outside of PowerShell
[13.041s] DEBUG:colcon.colcon_core.shell:Skip shell extension 'dsv' for command environment
[13.483s] INFO:colcon.colcon_ros.task.ament_python.build:Building ROS package in '/home/sdh/robot_ws/src/turtle_pkg' with build type 'ament_python'
[13.484s] Level 1:colcon.colcon_core.shell:create_environment_hook('turtle_pkg', 'ament_prefix_path')
[13.585s] INFO:colcon.colcon_core.shell:Creating environment hook '/home/sdh/robot_ws/install/turtle_pkg/share/turtle_pkg/hook/ament_prefix_path.ps1'
[13.585s] INFO:colcon.colcon_core.shell:Creating environment descriptor '/home/sdh/robot_ws/install/turtle_pkg/share/turtle_pkg/hook/ament_prefix_path.dsv'
[13.586s] INFO:colcon.colcon_core.shell:Creating environment hook '/home/sdh/robot_ws/install/turtle_pkg/share/turtle_pkg/hook/ament_prefix_path.sh'
[13.684s] INFO:colcon.colcon_core.shell:Skip shell extension 'powershell' for command environment: Not usable outside of PowerShell
[13.684s] DEBUG:colcon.colcon_core.shell:Skip shell extension 'dsv' for command environment
[14.349s] INFO:colcon.colcon_core.task.python.build:Building Python package in '/home/sdh/robot_ws/src/opencv'
[14.453s] INFO:colcon.colcon_core.shell:Skip shell extension 'powershell' for command environment: Not usable outside of PowerShell
[14.453s] DEBUG:colcon.colcon_core.shell:Skip shell extension 'dsv' for command environment
[15.128s] INFO:colcon.colcon_core.task.python.build:Building Python package in '/home/sdh/robot_ws/src/py_pubsub'
[15.236s] INFO:colcon.colcon_core.shell:Skip shell extension 'powershell' for command environment: Not usable outside of PowerShell
[15.236s] DEBUG:colcon.colcon_core.shell:Skip shell extension 'dsv' for command environment
[15.884s] INFO:colcon.colcon_core.task.python.build:Building Python package in '/home/sdh/robot_ws/src/tb3_pkg'
[16.055s] INFO:colcon.colcon_core.shell:Skip shell extension 'powershell' for command environment: Not usable outside of PowerShell
[16.055s] DEBUG:colcon.colcon_core.shell:Skip shell extension 'dsv' for command environment
[16.885s] INFO:colcon.colcon_core.task.python.build:Building Python package in '/home/sdh/robot_ws/src/turtle_pkg'
[17.028s] INFO:colcon.colcon_core.shell:Skip shell extension 'powershell' for command environment: Not usable outside of PowerShell
[17.028s] DEBUG:colcon.colcon_core.shell:Skip shell extension 'dsv' for command environment
[18.572s] DEBUG:colcon.colcon_core.event_handler.log_command:Invoking command in '/home/sdh/robot_ws/build/py_pubsub': PYTHONPATH=/home/sdh/robot_ws/build/py_pubsub/prefix_override:/home/sdh/robot_ws/install/py_pubsub/lib/python3.8/site-packages:${PYTHONPATH} /usr/bin/python3 setup.py develop --editable --build-directory /home/sdh/robot_ws/build/py_pubsub/build --no-deps install_data
[18.603s] DEBUG:colcon.colcon_core.event_handler.log_command:Invoking command in '/home/sdh/robot_ws/build/tb3_pkg': PYTHONPATH=/home/sdh/robot_ws/build/tb3_pkg/prefix_override:/home/sdh/robot_ws/install/tb3_pkg/lib/python3.8/site-packages:${PYTHONPATH} /usr/bin/python3 setup.py develop --editable --build-directory /home/sdh/robot_ws/build/tb3_pkg/build --no-deps install_data
[18.616s] DEBUG:colcon.colcon_core.event_handler.log_command:Invoking command in '/home/sdh/robot_ws/build/opencv': PYTHONPATH=/home/sdh/robot_ws/build/opencv/prefix_override:/home/sdh/robot_ws/install/opencv/lib/python3.8/site-packages:${PYTHONPATH} /usr/bin/python3 setup.py develop --editable --build-directory /home/sdh/robot_ws/build/opencv/build --no-deps install_data
[18.621s] DEBUG:colcon.colcon_core.event_handler.log_command:Invoking command in '/home/sdh/robot_ws/build/turtle_pkg': PYTHONPATH=/home/sdh/robot_ws/build/turtle_pkg/prefix_override:/home/sdh/robot_ws/install/turtle_pkg/lib/python3.8/site-packages:${PYTHONPATH} /usr/bin/python3 setup.py develop --editable --build-directory /home/sdh/robot_ws/build/turtle_pkg/build --no-deps install_data
[19.213s] Level 1:colcon.colcon_core.shell:create_environment_hook('py_pubsub', 'pythonpath_develop')
[19.214s] DEBUG:colcon.colcon_core.event_handler.log_command:Invoked command in '/home/sdh/robot_ws/build/py_pubsub' returned '0': PYTHONPATH=/home/sdh/robot_ws/build/py_pubsub/prefix_override:/home/sdh/robot_ws/install/py_pubsub/lib/python3.8/site-packages:${PYTHONPATH} /usr/bin/python3 setup.py develop --editable --build-directory /home/sdh/robot_ws/build/py_pubsub/build --no-deps install_data
[19.335s] INFO:colcon.colcon_core.shell:Creating environment hook '/home/sdh/robot_ws/build/py_pubsub/share/py_pubsub/hook/pythonpath_develop.ps1'
[19.335s] INFO:colcon.colcon_core.shell:Creating environment descriptor '/home/sdh/robot_ws/build/py_pubsub/share/py_pubsub/hook/pythonpath_develop.dsv'
[19.335s] INFO:colcon.colcon_core.shell:Creating environment hook '/home/sdh/robot_ws/build/py_pubsub/share/py_pubsub/hook/pythonpath_develop.sh'
[19.487s] Level 1:colcon.colcon_core.environment:checking '/home/sdh/robot_ws/install/py_pubsub' for CMake module files
[19.487s] Level 1:colcon.colcon_core.environment:checking '/home/sdh/robot_ws/install/py_pubsub' for CMake config files
[19.488s] Level 1:colcon.colcon_core.environment:checking '/home/sdh/robot_ws/install/py_pubsub/lib'
[19.488s] Level 1:colcon.colcon_core.environment:checking '/home/sdh/robot_ws/install/py_pubsub/bin'
[19.488s] Level 1:colcon.colcon_core.environment:checking '/home/sdh/robot_ws/install/py_pubsub/lib/pkgconfig/py_pubsub.pc'
[19.489s] Level 1:colcon.colcon_core.environment:checking '/home/sdh/robot_ws/install/py_pubsub/lib/python3.8/site-packages'
[19.489s] Level 1:colcon.colcon_core.shell:create_environment_hook('py_pubsub', 'pythonpath')
[19.590s] INFO:colcon.colcon_core.shell:Creating environment hook '/home/sdh/robot_ws/install/py_pubsub/share/py_pubsub/hook/pythonpath.ps1'
[19.590s] INFO:colcon.colcon_core.shell:Creating environment descriptor '/home/sdh/robot_ws/install/py_pubsub/share/py_pubsub/hook/pythonpath.dsv'
[19.590s] INFO:colcon.colcon_core.shell:Creating environment hook '/home/sdh/robot_ws/install/py_pubsub/share/py_pubsub/hook/pythonpath.sh'
[19.591s] Level 1:colcon.colcon_core.environment:checking '/home/sdh/robot_ws/install/py_pubsub/bin'
[19.591s] Level 1:colcon.colcon_core.environment:create_environment_scripts_only(py_pubsub)
[19.696s] INFO:colcon.colcon_core.shell:Creating package script '/home/sdh/robot_ws/install/py_pubsub/share/py_pubsub/package.ps1'
[19.713s] INFO:colcon.colcon_core.shell:Creating package descriptor '/home/sdh/robot_ws/install/py_pubsub/share/py_pubsub/package.dsv'
[19.723s] INFO:colcon.colcon_core.shell:Creating package script '/home/sdh/robot_ws/install/py_pubsub/share/py_pubsub/package.sh'
[19.724s] INFO:colcon.colcon_core.shell:Creating package script '/home/sdh/robot_ws/install/py_pubsub/share/py_pubsub/package.bash'
[19.748s] INFO:colcon.colcon_core.shell:Creating package script '/home/sdh/robot_ws/install/py_pubsub/share/py_pubsub/package.zsh'
[19.766s] Level 1:colcon.colcon_core.environment:create_file_with_runtime_dependencies(/home/sdh/robot_ws/install/py_pubsub/share/colcon-core/packages/py_pubsub)
[19.768s] Level 1:colcon.colcon_core.shell:create_environment_hook('turtle_pkg', 'pythonpath_develop')
[19.769s] DEBUG:colcon.colcon_core.event_handler.log_command:Invoked command in '/home/sdh/robot_ws/build/turtle_pkg' returned '0': PYTHONPATH=/home/sdh/robot_ws/build/turtle_pkg/prefix_override:/home/sdh/robot_ws/install/turtle_pkg/lib/python3.8/site-packages:${PYTHONPATH} /usr/bin/python3 setup.py develop --editable --build-directory /home/sdh/robot_ws/build/turtle_pkg/build --no-deps install_data
[19.879s] INFO:colcon.colcon_core.shell:Creating environment hook '/home/sdh/robot_ws/build/turtle_pkg/share/turtle_pkg/hook/pythonpath_develop.ps1'
[19.879s] INFO:colcon.colcon_core.shell:Creating environment descriptor '/home/sdh/robot_ws/build/turtle_pkg/share/turtle_pkg/hook/pythonpath_develop.dsv'
[19.880s] INFO:colcon.colcon_core.shell:Creating environment hook '/home/sdh/robot_ws/build/turtle_pkg/share/turtle_pkg/hook/pythonpath_develop.sh'
[19.980s] Level 1:colcon.colcon_core.environment:checking '/home/sdh/robot_ws/install/turtle_pkg' for CMake module files
[19.980s] Level 1:colcon.colcon_core.environment:checking '/home/sdh/robot_ws/install/turtle_pkg' for CMake config files
[19.981s] Level 1:colcon.colcon_core.environment:checking '/home/sdh/robot_ws/install/turtle_pkg/lib'
[19.981s] Level 1:colcon.colcon_core.environment:checking '/home/sdh/robot_ws/install/turtle_pkg/bin'
[19.981s] Level 1:colcon.colcon_core.environment:checking '/home/sdh/robot_ws/install/turtle_pkg/lib/pkgconfig/turtle_pkg.pc'
[19.981s] Level 1:colcon.colcon_core.environment:checking '/home/sdh/robot_ws/install/turtle_pkg/lib/python3.8/site-packages'
[19.981s] Level 1:colcon.colcon_core.shell:create_environment_hook('turtle_pkg', 'pythonpath')
[20.080s] INFO:colcon.colcon_core.shell:Creating environment hook '/home/sdh/robot_ws/install/turtle_pkg/share/turtle_pkg/hook/pythonpath.ps1'
[20.081s] INFO:colcon.colcon_core.shell:Creating environment descriptor '/home/sdh/robot_ws/install/turtle_pkg/share/turtle_pkg/hook/pythonpath.dsv'
[20.081s] INFO:colcon.colcon_core.shell:Creating environment hook '/home/sdh/robot_ws/install/turtle_pkg/share/turtle_pkg/hook/pythonpath.sh'
[20.081s] Level 1:colcon.colcon_core.environment:checking '/home/sdh/robot_ws/install/turtle_pkg/bin'
[20.081s] Level 1:colcon.colcon_core.environment:create_environment_scripts_only(turtle_pkg)
[20.184s] INFO:colcon.colcon_core.shell:Creating package script '/home/sdh/robot_ws/install/turtle_pkg/share/turtle_pkg/package.ps1'
[20.185s] INFO:colcon.colcon_core.shell:Creating package descriptor '/home/sdh/robot_ws/install/turtle_pkg/share/turtle_pkg/package.dsv'
[20.185s] INFO:colcon.colcon_core.shell:Creating package script '/home/sdh/robot_ws/install/turtle_pkg/share/turtle_pkg/package.sh'
[20.186s] INFO:colcon.colcon_core.shell:Creating package script '/home/sdh/robot_ws/install/turtle_pkg/share/turtle_pkg/package.bash'
[20.186s] INFO:colcon.colcon_core.shell:Creating package script '/home/sdh/robot_ws/install/turtle_pkg/share/turtle_pkg/package.zsh'
[20.186s] Level 1:colcon.colcon_core.environment:create_file_with_runtime_dependencies(/home/sdh/robot_ws/install/turtle_pkg/share/colcon-core/packages/turtle_pkg)
[20.187s] Level 1:colcon.colcon_core.shell:create_environment_hook('tb3_pkg', 'pythonpath_develop')
[20.187s] DEBUG:colcon.colcon_core.event_handler.log_command:Invoked command in '/home/sdh/robot_ws/build/tb3_pkg' returned '0': PYTHONPATH=/home/sdh/robot_ws/build/tb3_pkg/prefix_override:/home/sdh/robot_ws/install/tb3_pkg/lib/python3.8/site-packages:${PYTHONPATH} /usr/bin/python3 setup.py develop --editable --build-directory /home/sdh/robot_ws/build/tb3_pkg/build --no-deps install_data
[20.290s] INFO:colcon.colcon_core.shell:Creating environment hook '/home/sdh/robot_ws/build/tb3_pkg/share/tb3_pkg/hook/pythonpath_develop.ps1'
[20.291s] INFO:colcon.colcon_core.shell:Creating environment descriptor '/home/sdh/robot_ws/build/tb3_pkg/share/tb3_pkg/hook/pythonpath_develop.dsv'
[20.291s] INFO:colcon.colcon_core.shell:Creating environment hook '/home/sdh/robot_ws/build/tb3_pkg/share/tb3_pkg/hook/pythonpath_develop.sh'
[20.391s] Level 1:colcon.colcon_core.environment:checking '/home/sdh/robot_ws/install/tb3_pkg' for CMake module files
[20.391s] Level 1:colcon.colcon_core.environment:checking '/home/sdh/robot_ws/install/tb3_pkg' for CMake config files
[20.392s] Level 1:colcon.colcon_core.environment:checking '/home/sdh/robot_ws/install/tb3_pkg/lib'
[20.392s] Level 1:colcon.colcon_core.environment:checking '/home/sdh/robot_ws/install/tb3_pkg/bin'
[20.392s] Level 1:colcon.colcon_core.environment:checking '/home/sdh/robot_ws/install/tb3_pkg/lib/pkgconfig/tb3_pkg.pc'
[20.392s] Level 1:colcon.colcon_core.environment:checking '/home/sdh/robot_ws/install/tb3_pkg/lib/python3.8/site-packages'
[20.392s] Level 1:colcon.colcon_core.shell:create_environment_hook('tb3_pkg', 'pythonpath')
[20.493s] INFO:colcon.colcon_core.shell:Creating environment hook '/home/sdh/robot_ws/install/tb3_pkg/share/tb3_pkg/hook/pythonpath.ps1'
[20.494s] INFO:colcon.colcon_core.shell:Creating environment descriptor '/home/sdh/robot_ws/install/tb3_pkg/share/tb3_pkg/hook/pythonpath.dsv'
[20.494s] INFO:colcon.colcon_core.shell:Creating environment hook '/home/sdh/robot_ws/install/tb3_pkg/share/tb3_pkg/hook/pythonpath.sh'
[20.495s] Level 1:colcon.colcon_core.environment:checking '/home/sdh/robot_ws/install/tb3_pkg/bin'
[20.495s] Level 1:colcon.colcon_core.environment:create_environment_scripts_only(tb3_pkg)
[20.595s] INFO:colcon.colcon_core.shell:Creating package script '/home/sdh/robot_ws/install/tb3_pkg/share/tb3_pkg/package.ps1'
[20.596s] INFO:colcon.colcon_core.shell:Creating package descriptor '/home/sdh/robot_ws/install/tb3_pkg/share/tb3_pkg/package.dsv'
[20.596s] INFO:colcon.colcon_core.shell:Creating package script '/home/sdh/robot_ws/install/tb3_pkg/share/tb3_pkg/package.sh'
[20.596s] INFO:colcon.colcon_core.shell:Creating package script '/home/sdh/robot_ws/install/tb3_pkg/share/tb3_pkg/package.bash'
[20.597s] INFO:colcon.colcon_core.shell:Creating package script '/home/sdh/robot_ws/install/tb3_pkg/share/tb3_pkg/package.zsh'
[20.597s] Level 1:colcon.colcon_core.environment:create_file_with_runtime_dependencies(/home/sdh/robot_ws/install/tb3_pkg/share/colcon-core/packages/tb3_pkg)
[20.597s] Level 1:colcon.colcon_core.shell:create_environment_hook('opencv', 'pythonpath_develop')
[20.598s] DEBUG:colcon.colcon_core.event_handler.log_command:Invoked command in '/home/sdh/robot_ws/build/opencv' returned '0': PYTHONPATH=/home/sdh/robot_ws/build/opencv/prefix_override:/home/sdh/robot_ws/install/opencv/lib/python3.8/site-packages:${PYTHONPATH} /usr/bin/python3 setup.py develop --editable --build-directory /home/sdh/robot_ws/build/opencv/build --no-deps install_data
[20.699s] INFO:colcon.colcon_core.shell:Creating environment hook '/home/sdh/robot_ws/build/opencv/share/opencv/hook/pythonpath_develop.ps1'
[20.699s] INFO:colcon.colcon_core.shell:Creating environment descriptor '/home/sdh/robot_ws/build/opencv/share/opencv/hook/pythonpath_develop.dsv'
[20.700s] INFO:colcon.colcon_core.shell:Creating environment hook '/home/sdh/robot_ws/build/opencv/share/opencv/hook/pythonpath_develop.sh'
[20.800s] Level 1:colcon.colcon_core.environment:checking '/home/sdh/robot_ws/install/opencv' for CMake module files
[20.800s] Level 1:colcon.colcon_core.environment:checking '/home/sdh/robot_ws/install/opencv' for CMake config files
[20.801s] Level 1:colcon.colcon_core.environment:checking '/home/sdh/robot_ws/install/opencv/lib'
[20.801s] Level 1:colcon.colcon_core.environment:checking '/home/sdh/robot_ws/install/opencv/bin'
[20.801s] Level 1:colcon.colcon_core.environment:checking '/home/sdh/robot_ws/install/opencv/lib/pkgconfig/opencv.pc'
[20.801s] Level 1:colcon.colcon_core.environment:checking '/home/sdh/robot_ws/install/opencv/lib/python3.8/site-packages'
[20.801s] Level 1:colcon.colcon_core.shell:create_environment_hook('opencv', 'pythonpath')
[20.901s] INFO:colcon.colcon_core.shell:Creating environment hook '/home/sdh/robot_ws/install/opencv/share/opencv/hook/pythonpath.ps1'
[20.902s] INFO:colcon.colcon_core.shell:Creating environment descriptor '/home/sdh/robot_ws/install/opencv/share/opencv/hook/pythonpath.dsv'
[20.902s] INFO:colcon.colcon_core.shell:Creating environment hook '/home/sdh/robot_ws/install/opencv/share/opencv/hook/pythonpath.sh'
[20.903s] Level 1:colcon.colcon_core.environment:checking '/home/sdh/robot_ws/install/opencv/bin'
[20.903s] Level 1:colcon.colcon_core.environment:create_environment_scripts_only(opencv)
[21.002s] INFO:colcon.colcon_core.shell:Creating package script '/home/sdh/robot_ws/install/opencv/share/opencv/package.ps1'
[21.003s] INFO:colcon.colcon_core.shell:Creating package descriptor '/home/sdh/robot_ws/install/opencv/share/opencv/package.dsv'
[21.003s] INFO:colcon.colcon_core.shell:Creating package script '/home/sdh/robot_ws/install/opencv/share/opencv/package.sh'
[21.004s] INFO:colcon.colcon_core.shell:Creating package script '/home/sdh/robot_ws/install/opencv/share/opencv/package.bash'
[21.004s] INFO:colcon.colcon_core.shell:Creating package script '/home/sdh/robot_ws/install/opencv/share/opencv/package.zsh'
[21.004s] Level 1:colcon.colcon_core.environment:create_file_with_runtime_dependencies(/home/sdh/robot_ws/install/opencv/share/colcon-core/packages/opencv)
[21.004s] DEBUG:colcon.colcon_parallel_executor.executor.parallel:closing loop
[21.005s] DEBUG:colcon.colcon_parallel_executor.executor.parallel:loop closed
[21.005s] DEBUG:colcon.colcon_parallel_executor.executor.parallel:run_until_complete finished with '0'
[21.005s] DEBUG:colcon.colcon_core.event_reactor:joining thread
[21.133s] INFO:colcon.colcon_core.plugin_system:Skipping extension 'colcon_notification.desktop_notification.terminal_notifier': Not used on non-Darwin systems
[21.134s] INFO:colcon.colcon_core.plugin_system:Skipping extension 'colcon_notification.desktop_notification.win32': Not used on non-Windows systems
[21.134s] INFO:colcon.colcon_notification.desktop_notification:Sending desktop notification using 'notify2'
[21.148s] DEBUG:colcon.colcon_core.event_reactor:joined thread
[21.247s] INFO:colcon.colcon_core.shell:Creating prefix script '/home/sdh/robot_ws/install/local_setup.ps1'
[21.248s] INFO:colcon.colcon_core.shell:Creating prefix util module '/home/sdh/robot_ws/install/_local_setup_util_ps1.py'
[21.249s] INFO:colcon.colcon_core.shell:Creating prefix chain script '/home/sdh/robot_ws/install/setup.ps1'
[21.347s] INFO:colcon.colcon_core.shell:Creating prefix script '/home/sdh/robot_ws/install/local_setup.sh'
[21.348s] INFO:colcon.colcon_core.shell:Creating prefix util module '/home/sdh/robot_ws/install/_local_setup_util_sh.py'
[21.348s] INFO:colcon.colcon_core.shell:Creating prefix chain script '/home/sdh/robot_ws/install/setup.sh'
[21.447s] INFO:colcon.colcon_core.shell:Creating prefix script '/home/sdh/robot_ws/install/local_setup.bash'
[21.447s] INFO:colcon.colcon_core.shell:Creating prefix chain script '/home/sdh/robot_ws/install/setup.bash'
[21.545s] INFO:colcon.colcon_core.shell:Creating prefix script '/home/sdh/robot_ws/install/local_setup.zsh'
[21.546s] INFO:colcon.colcon_core.shell:Creating prefix chain script '/home/sdh/robot_ws/install/setup.zsh'
