[5.494s] DEBUG:colcon:Command line arguments: ['/usr/bin/colcon', 'build', '--symlink-install', '--packages-select', 'tb3_pkg']
[5.494s] DEBUG:colcon:Parsed command line arguments: Namespace(allow_overriding=[], ament_cmake_args=None, base_paths=['.'], build_base='build', catkin_cmake_args=None, catkin_skip_building_tests=False, cmake_args=None, cmake_clean_cache=False, cmake_clean_first=False, cmake_force_configure=False, cmake_target=None, cmake_target_skip_unavailable=False, continue_on_error=False, event_handlers=None, executor='parallel', ignore_user_meta=False, install_base='install', log_base=None, log_level=None, main=<bound method BuildVerb.main of <colcon_core.verb.build.BuildVerb object at 0x7f6a39fe3310>>, merge_install=False, metas=['./colcon.meta'], packages_above=None, packages_above_and_dependencies=None, packages_above_depth=None, packages_end=None, packages_ignore=None, packages_ignore_regex=None, packages_select=['tb3_pkg'], packages_select_build_failed=False, packages_select_by_dep=None, packages_select_regex=None, packages_select_test_failures=False, packages_skip=None, packages_skip_build_finished=False, packages_skip_by_dep=None, packages_skip_regex=None, packages_skip_test_passed=False, packages_skip_up_to=None, packages_start=None, packages_up_to=None, packages_up_to_regex=None, parallel_workers=8, paths=None, symlink_install=True, test_result_base=None, verb_extension=<colcon_core.verb.build.BuildVerb object at 0x7f6a39fe3310>, verb_name='build', verb_parser=<colcon_defaults.argument_parser.defaults.DefaultArgumentsDecorator object at 0x7f6a39e167c0>)
[5.973s] Level 1:colcon.colcon_core.package_discovery:discover_packages(colcon_meta) check parameters
[5.974s] Level 1:colcon.colcon_core.package_discovery:discover_packages(recursive) check parameters
[5.974s] Level 1:colcon.colcon_core.package_discovery:discover_packages(ignore) check parameters
[5.974s] Level 1:colcon.colcon_core.package_discovery:discover_packages(path) check parameters
[5.974s] Level 1:colcon.colcon_core.package_discovery:discover_packages(colcon_meta) discover
[5.974s] Level 1:colcon.colcon_core.package_discovery:discover_packages(recursive) discover
[5.974s] INFO:colcon.colcon_core.package_discovery:Crawling recursively for packages in '/home/sdh/robot_ws'
[5.974s] Level 1:colcon.colcon_core.package_identification:_identify(.) by extensions ['ignore', 'ignore_ament_install']
[5.974s] Level 1:colcon.colcon_core.package_identification:_identify(.) by extension 'ignore'
[5.974s] Level 1:colcon.colcon_core.package_identification:_identify(.) by extension 'ignore_ament_install'
[5.974s] Level 1:colcon.colcon_core.package_identification:_identify(.) by extensions ['colcon_pkg']
[5.974s] Level 1:colcon.colcon_core.package_identification:_identify(.) by extension 'colcon_pkg'
[5.974s] Level 1:colcon.colcon_core.package_identification:_identify(.) by extensions ['colcon_meta']
[5.974s] Level 1:colcon.colcon_core.package_identification:_identify(.) by extension 'colcon_meta'
[5.974s] Level 1:colcon.colcon_core.package_identification:_identify(.) by extensions ['ros']
[5.974s] Level 1:colcon.colcon_core.package_identification:_identify(.) by extension 'ros'
[6.021s] Level 1:colcon.colcon_core.package_identification:_identify(.) by extensions ['cmake', 'python']
[6.021s] Level 1:colcon.colcon_core.package_identification:_identify(.) by extension 'cmake'
[6.021s] Level 1:colcon.colcon_core.package_identification:_identify(.) by extension 'python'
[6.021s] Level 1:colcon.colcon_core.package_identification:_identify(.) by extensions ['python_setup_py']
[6.021s] Level 1:colcon.colcon_core.package_identification:_identify(.) by extension 'python_setup_py'
[6.022s] Level 1:colcon.colcon_core.package_identification:_identify(build) by extensions ['ignore', 'ignore_ament_install']
[6.022s] Level 1:colcon.colcon_core.package_identification:_identify(build) by extension 'ignore'
[6.022s] Level 1:colcon.colcon_core.package_identification:_identify(build) ignored
[6.022s] Level 1:colcon.colcon_core.package_identification:_identify(install) by extensions ['ignore', 'ignore_ament_install']
[6.022s] Level 1:colcon.colcon_core.package_identification:_identify(install) by extension 'ignore'
[6.022s] Level 1:colcon.colcon_core.package_identification:_identify(install) ignored
[6.022s] Level 1:colcon.colcon_core.package_identification:_identify(log) by extensions ['ignore', 'ignore_ament_install']
[6.022s] Level 1:colcon.colcon_core.package_identification:_identify(log) by extension 'ignore'
[6.022s] Level 1:colcon.colcon_core.package_identification:_identify(log) ignored
[6.022s] Level 1:colcon.colcon_core.package_identification:_identify(src) by extensions ['ignore', 'ignore_ament_install']
[6.022s] Level 1:colcon.colcon_core.package_identification:_identify(src) by extension 'ignore'
[6.022s] Level 1:colcon.colcon_core.package_identification:_identify(src) by extension 'ignore_ament_install'
[6.023s] Level 1:colcon.colcon_core.package_identification:_identify(src) by extensions ['colcon_pkg']
[6.023s] Level 1:colcon.colcon_core.package_identification:_identify(src) by extension 'colcon_pkg'
[6.023s] Level 1:colcon.colcon_core.package_identification:_identify(src) by extensions ['colcon_meta']
[6.023s] Level 1:colcon.colcon_core.package_identification:_identify(src) by extension 'colcon_meta'
[6.023s] Level 1:colcon.colcon_core.package_identification:_identify(src) by extensions ['ros']
[6.023s] Level 1:colcon.colcon_core.package_identification:_identify(src) by extension 'ros'
[6.023s] Level 1:colcon.colcon_core.package_identification:_identify(src) by extensions ['cmake', 'python']
[6.023s] Level 1:colcon.colcon_core.package_identification:_identify(src) by extension 'cmake'
[6.023s] Level 1:colcon.colcon_core.package_identification:_identify(src) by extension 'python'
[6.023s] Level 1:colcon.colcon_core.package_identification:_identify(src) by extensions ['python_setup_py']
[6.023s] Level 1:colcon.colcon_core.package_identification:_identify(src) by extension 'python_setup_py'
[6.023s] Level 1:colcon.colcon_core.package_identification:_identify(src/build) by extensions ['ignore', 'ignore_ament_install']
[6.023s] Level 1:colcon.colcon_core.package_identification:_identify(src/build) by extension 'ignore'
[6.023s] Level 1:colcon.colcon_core.package_identification:_identify(src/build) ignored
[6.023s] Level 1:colcon.colcon_core.package_identification:_identify(src/install) by extensions ['ignore', 'ignore_ament_install']
[6.023s] Level 1:colcon.colcon_core.package_identification:_identify(src/install) by extension 'ignore'
[6.023s] Level 1:colcon.colcon_core.package_identification:_identify(src/install) ignored
[6.024s] Level 1:colcon.colcon_core.package_identification:_identify(src/log) by extensions ['ignore', 'ignore_ament_install']
[6.024s] Level 1:colcon.colcon_core.package_identification:_identify(src/log) by extension 'ignore'
[6.024s] Level 1:colcon.colcon_core.package_identification:_identify(src/log) ignored
[6.024s] Level 1:colcon.colcon_core.package_identification:_identify(src/opencv) by extensions ['ignore', 'ignore_ament_install']
[6.024s] Level 1:colcon.colcon_core.package_identification:_identify(src/opencv) by extension 'ignore'
[6.024s] Level 1:colcon.colcon_core.package_identification:_identify(src/opencv) by extension 'ignore_ament_install'
[6.024s] Level 1:colcon.colcon_core.package_identification:_identify(src/opencv) by extensions ['colcon_pkg']
[6.024s] Level 1:colcon.colcon_core.package_identification:_identify(src/opencv) by extension 'colcon_pkg'
[6.024s] Level 1:colcon.colcon_core.package_identification:_identify(src/opencv) by extensions ['colcon_meta']
[6.024s] Level 1:colcon.colcon_core.package_identification:_identify(src/opencv) by extension 'colcon_meta'
[6.024s] Level 1:colcon.colcon_core.package_identification:_identify(src/opencv) by extensions ['ros']
[6.024s] Level 1:colcon.colcon_core.package_identification:_identify(src/opencv) by extension 'ros'
[6.065s] DEBUG:colcon.colcon_core.package_identification:Package 'src/opencv' with type 'ros.ament_python' and name 'opencv'
[6.065s] Level 1:colcon.colcon_core.package_identification:_identify(src/py_pubsub) by extensions ['ignore', 'ignore_ament_install']
[6.065s] Level 1:colcon.colcon_core.package_identification:_identify(src/py_pubsub) by extension 'ignore'
[6.065s] Level 1:colcon.colcon_core.package_identification:_identify(src/py_pubsub) by extension 'ignore_ament_install'
[6.065s] Level 1:colcon.colcon_core.package_identification:_identify(src/py_pubsub) by extensions ['colcon_pkg']
[6.065s] Level 1:colcon.colcon_core.package_identification:_identify(src/py_pubsub) by extension 'colcon_pkg'
[6.066s] Level 1:colcon.colcon_core.package_identification:_identify(src/py_pubsub) by extensions ['colcon_meta']
[6.066s] Level 1:colcon.colcon_core.package_identification:_identify(src/py_pubsub) by extension 'colcon_meta'
[6.066s] Level 1:colcon.colcon_core.package_identification:_identify(src/py_pubsub) by extensions ['ros']
[6.066s] Level 1:colcon.colcon_core.package_identification:_identify(src/py_pubsub) by extension 'ros'
[6.071s] DEBUG:colcon.colcon_core.package_identification:Package 'src/py_pubsub' with type 'ros.ament_python' and name 'py_pubsub'
[6.072s] Level 1:colcon.colcon_core.package_identification:_identify(src/tb3_pkg) by extensions ['ignore', 'ignore_ament_install']
[6.072s] Level 1:colcon.colcon_core.package_identification:_identify(src/tb3_pkg) by extension 'ignore'
[6.072s] Level 1:colcon.colcon_core.package_identification:_identify(src/tb3_pkg) by extension 'ignore_ament_install'
[6.073s] Level 1:colcon.colcon_core.package_identification:_identify(src/tb3_pkg) by extensions ['colcon_pkg']
[6.073s] Level 1:colcon.colcon_core.package_identification:_identify(src/tb3_pkg) by extension 'colcon_pkg'
[6.073s] Level 1:colcon.colcon_core.package_identification:_identify(src/tb3_pkg) by extensions ['colcon_meta']
[6.073s] Level 1:colcon.colcon_core.package_identification:_identify(src/tb3_pkg) by extension 'colcon_meta'
[6.073s] Level 1:colcon.colcon_core.package_identification:_identify(src/tb3_pkg) by extensions ['ros']
[6.073s] Level 1:colcon.colcon_core.package_identification:_identify(src/tb3_pkg) by extension 'ros'
[6.094s] DEBUG:colcon.colcon_core.package_identification:Package 'src/tb3_pkg' with type 'ros.ament_python' and name 'tb3_pkg'
[6.094s] Level 1:colcon.colcon_core.package_identification:_identify(src/turtle_pkg) by extensions ['ignore', 'ignore_ament_install']
[6.095s] Level 1:colcon.colcon_core.package_identification:_identify(src/turtle_pkg) by extension 'ignore'
[6.095s] Level 1:colcon.colcon_core.package_identification:_identify(src/turtle_pkg) by extension 'ignore_ament_install'
[6.095s] Level 1:colcon.colcon_core.package_identification:_identify(src/turtle_pkg) by extensions ['colcon_pkg']
[6.095s] Level 1:colcon.colcon_core.package_identification:_identify(src/turtle_pkg) by extension 'colcon_pkg'
[6.095s] Level 1:colcon.colcon_core.package_identification:_identify(src/turtle_pkg) by extensions ['colcon_meta']
[6.096s] Level 1:colcon.colcon_core.package_identification:_identify(src/turtle_pkg) by extension 'colcon_meta'
[6.096s] Level 1:colcon.colcon_core.package_identification:_identify(src/turtle_pkg) by extensions ['ros']
[6.096s] Level 1:colcon.colcon_core.package_identification:_identify(src/turtle_pkg) by extension 'ros'
[6.115s] DEBUG:colcon.colcon_core.package_identification:Package 'src/turtle_pkg' with type 'ros.ament_python' and name 'turtle_pkg'
[6.116s] Level 1:colcon.colcon_core.package_discovery:discover_packages(recursive) using defaults
[6.116s] Level 1:colcon.colcon_core.package_discovery:discover_packages(ignore) discover
[6.116s] Level 1:colcon.colcon_core.package_discovery:discover_packages(ignore) using defaults
[6.116s] Level 1:colcon.colcon_core.package_discovery:discover_packages(path) discover
[6.116s] Level 1:colcon.colcon_core.package_discovery:discover_packages(path) using defaults
[6.619s] INFO:colcon.colcon_core.package_selection:Skipping not selected package 'opencv' in 'src/opencv'
[6.619s] INFO:colcon.colcon_core.package_selection:Skipping not selected package 'py_pubsub' in 'src/py_pubsub'
[6.619s] INFO:colcon.colcon_core.package_selection:Skipping not selected package 'turtle_pkg' in 'src/turtle_pkg'
[6.813s] Level 1:colcon.colcon_core.package_discovery:discover_packages(prefix_path) check parameters
[6.813s] Level 1:colcon.colcon_core.package_discovery:discover_packages(prefix_path) discover
[7.053s] DEBUG:colcon.colcon_installed_package_information.package_discovery:Found 3 installed packages in /home/sdh/turtlebot3_ws/install
[7.150s] DEBUG:colcon.colcon_installed_package_information.package_discovery:Found 4 installed packages in /home/sdh/robot_ws/install
[7.249s] DEBUG:colcon.colcon_installed_package_information.package_discovery:Found 342 installed packages in /opt/ros/foxy
[7.251s] Level 1:colcon.colcon_core.package_discovery:discover_packages(prefix_path) using defaults
[8.104s] Level 5:colcon.colcon_core.verb:set package 'tb3_pkg' build argument 'cmake_args' from command line to 'None'
[8.104s] Level 5:colcon.colcon_core.verb:set package 'tb3_pkg' build argument 'cmake_target' from command line to 'None'
[8.104s] Level 5:colcon.colcon_core.verb:set package 'tb3_pkg' build argument 'cmake_target_skip_unavailable' from command line to 'False'
[8.104s] Level 5:colcon.colcon_core.verb:set package 'tb3_pkg' build argument 'cmake_clean_cache' from command line to 'False'
[8.104s] Level 5:colcon.colcon_core.verb:set package 'tb3_pkg' build argument 'cmake_clean_first' from command line to 'False'
[8.104s] Level 5:colcon.colcon_core.verb:set package 'tb3_pkg' build argument 'cmake_force_configure' from command line to 'False'
[8.104s] Level 5:colcon.colcon_core.verb:set package 'tb3_pkg' build argument 'ament_cmake_args' from command line to 'None'
[8.104s] Level 5:colcon.colcon_core.verb:set package 'tb3_pkg' build argument 'catkin_cmake_args' from command line to 'None'
[8.104s] Level 5:colcon.colcon_core.verb:set package 'tb3_pkg' build argument 'catkin_skip_building_tests' from command line to 'False'
[8.104s] DEBUG:colcon.colcon_core.verb:Building package 'tb3_pkg' with the following arguments: {'ament_cmake_args': None, 'build_base': '/home/sdh/robot_ws/build/tb3_pkg', 'catkin_cmake_args': None, 'catkin_skip_building_tests': False, 'cmake_args': None, 'cmake_clean_cache': False, 'cmake_clean_first': False, 'cmake_force_configure': False, 'cmake_target': None, 'cmake_target_skip_unavailable': False, 'install_base': '/home/sdh/robot_ws/install/tb3_pkg', 'merge_install': False, 'path': '/home/sdh/robot_ws/src/tb3_pkg', 'symlink_install': True, 'test_result_base': None}
[8.201s] INFO:colcon.colcon_core.executor:Executing jobs using 'parallel' executor
[8.298s] DEBUG:colcon.colcon_parallel_executor.executor.parallel:run_until_complete
[8.298s] INFO:colcon.colcon_ros.task.ament_python.build:Building ROS package in '/home/sdh/robot_ws/src/tb3_pkg' with build type 'ament_python'
[8.298s] Level 1:colcon.colcon_core.shell:create_environment_hook('tb3_pkg', 'ament_prefix_path')
[8.401s] INFO:colcon.colcon_core.plugin_system:Skipping extension 'colcon_core.shell.bat': Not used on non-Windows systems
[8.401s] INFO:colcon.colcon_core.shell:Creating environment hook '/home/sdh/robot_ws/install/tb3_pkg/share/tb3_pkg/hook/ament_prefix_path.ps1'
[8.413s] INFO:colcon.colcon_core.shell:Creating environment descriptor '/home/sdh/robot_ws/install/tb3_pkg/share/tb3_pkg/hook/ament_prefix_path.dsv'
[8.423s] INFO:colcon.colcon_core.shell:Creating environment hook '/home/sdh/robot_ws/install/tb3_pkg/share/tb3_pkg/hook/ament_prefix_path.sh'
[8.523s] INFO:colcon.colcon_core.shell:Skip shell extension 'powershell' for command environment: Not usable outside of PowerShell
[8.523s] DEBUG:colcon.colcon_core.shell:Skip shell extension 'dsv' for command environment
[9.180s] INFO:colcon.colcon_core.task.python.build:Building Python package in '/home/sdh/robot_ws/src/tb3_pkg'
[9.281s] INFO:colcon.colcon_core.shell:Skip shell extension 'powershell' for command environment: Not usable outside of PowerShell
[9.281s] DEBUG:colcon.colcon_core.shell:Skip shell extension 'dsv' for command environment
[10.639s] DEBUG:colcon.colcon_core.event_handler.log_command:Invoking command in '/home/sdh/robot_ws/build/tb3_pkg': PYTHONPATH=/home/sdh/robot_ws/build/tb3_pkg/prefix_override:/home/sdh/robot_ws/install/tb3_pkg/lib/python3.8/site-packages:${PYTHONPATH} /usr/bin/python3 setup.py develop --editable --build-directory /home/sdh/robot_ws/build/tb3_pkg/build --no-deps install_data
[11.248s] Level 1:colcon.colcon_core.shell:create_environment_hook('tb3_pkg', 'pythonpath_develop')
[11.249s] DEBUG:colcon.colcon_core.event_handler.log_command:Invoked command in '/home/sdh/robot_ws/build/tb3_pkg' returned '0': PYTHONPATH=/home/sdh/robot_ws/build/tb3_pkg/prefix_override:/home/sdh/robot_ws/install/tb3_pkg/lib/python3.8/site-packages:${PYTHONPATH} /usr/bin/python3 setup.py develop --editable --build-directory /home/sdh/robot_ws/build/tb3_pkg/build --no-deps install_data
[11.349s] INFO:colcon.colcon_core.shell:Creating environment hook '/home/sdh/robot_ws/build/tb3_pkg/share/tb3_pkg/hook/pythonpath_develop.ps1'
[11.349s] INFO:colcon.colcon_core.shell:Creating environment descriptor '/home/sdh/robot_ws/build/tb3_pkg/share/tb3_pkg/hook/pythonpath_develop.dsv'
[11.350s] INFO:colcon.colcon_core.shell:Creating environment hook '/home/sdh/robot_ws/build/tb3_pkg/share/tb3_pkg/hook/pythonpath_develop.sh'
[11.455s] Level 1:colcon.colcon_core.environment:checking '/home/sdh/robot_ws/install/tb3_pkg' for CMake module files
[11.455s] Level 1:colcon.colcon_core.environment:checking '/home/sdh/robot_ws/install/tb3_pkg' for CMake config files
[11.456s] Level 1:colcon.colcon_core.environment:checking '/home/sdh/robot_ws/install/tb3_pkg/lib'
[11.456s] Level 1:colcon.colcon_core.environment:checking '/home/sdh/robot_ws/install/tb3_pkg/bin'
[11.456s] Level 1:colcon.colcon_core.environment:checking '/home/sdh/robot_ws/install/tb3_pkg/lib/pkgconfig/tb3_pkg.pc'
[11.456s] Level 1:colcon.colcon_core.environment:checking '/home/sdh/robot_ws/install/tb3_pkg/lib/python3.8/site-packages'
[11.456s] Level 1:colcon.colcon_core.shell:create_environment_hook('tb3_pkg', 'pythonpath')
[11.555s] INFO:colcon.colcon_core.shell:Creating environment hook '/home/sdh/robot_ws/install/tb3_pkg/share/tb3_pkg/hook/pythonpath.ps1'
[11.555s] INFO:colcon.colcon_core.shell:Creating environment descriptor '/home/sdh/robot_ws/install/tb3_pkg/share/tb3_pkg/hook/pythonpath.dsv'
[11.556s] INFO:colcon.colcon_core.shell:Creating environment hook '/home/sdh/robot_ws/install/tb3_pkg/share/tb3_pkg/hook/pythonpath.sh'
[11.556s] Level 1:colcon.colcon_core.environment:checking '/home/sdh/robot_ws/install/tb3_pkg/bin'
[11.556s] Level 1:colcon.colcon_core.environment:create_environment_scripts_only(tb3_pkg)
[11.658s] INFO:colcon.colcon_core.shell:Creating package script '/home/sdh/robot_ws/install/tb3_pkg/share/tb3_pkg/package.ps1'
[11.658s] INFO:colcon.colcon_core.shell:Creating package descriptor '/home/sdh/robot_ws/install/tb3_pkg/share/tb3_pkg/package.dsv'
[11.659s] INFO:colcon.colcon_core.shell:Creating package script '/home/sdh/robot_ws/install/tb3_pkg/share/tb3_pkg/package.sh'
[11.660s] INFO:colcon.colcon_core.shell:Creating package script '/home/sdh/robot_ws/install/tb3_pkg/share/tb3_pkg/package.bash'
[11.673s] INFO:colcon.colcon_core.shell:Creating package script '/home/sdh/robot_ws/install/tb3_pkg/share/tb3_pkg/package.zsh'
[11.691s] Level 1:colcon.colcon_core.environment:create_file_with_runtime_dependencies(/home/sdh/robot_ws/install/tb3_pkg/share/colcon-core/packages/tb3_pkg)
[11.692s] DEBUG:colcon.colcon_parallel_executor.executor.parallel:closing loop
[11.693s] DEBUG:colcon.colcon_parallel_executor.executor.parallel:loop closed
[11.693s] DEBUG:colcon.colcon_parallel_executor.executor.parallel:run_until_complete finished with '0'
[11.693s] DEBUG:colcon.colcon_core.event_reactor:joining thread
[11.828s] INFO:colcon.colcon_core.plugin_system:Skipping extension 'colcon_notification.desktop_notification.terminal_notifier': Not used on non-Darwin systems
[11.828s] INFO:colcon.colcon_core.plugin_system:Skipping extension 'colcon_notification.desktop_notification.win32': Not used on non-Windows systems
[11.828s] INFO:colcon.colcon_notification.desktop_notification:Sending desktop notification using 'notify2'
[11.844s] DEBUG:colcon.colcon_core.event_reactor:joined thread
[11.942s] INFO:colcon.colcon_core.shell:Creating prefix script '/home/sdh/robot_ws/install/local_setup.ps1'
[11.943s] INFO:colcon.colcon_core.shell:Creating prefix util module '/home/sdh/robot_ws/install/_local_setup_util_ps1.py'
[11.945s] INFO:colcon.colcon_core.shell:Creating prefix chain script '/home/sdh/robot_ws/install/setup.ps1'
[12.044s] INFO:colcon.colcon_core.shell:Creating prefix script '/home/sdh/robot_ws/install/local_setup.sh'
[12.045s] INFO:colcon.colcon_core.shell:Creating prefix util module '/home/sdh/robot_ws/install/_local_setup_util_sh.py'
[12.045s] INFO:colcon.colcon_core.shell:Creating prefix chain script '/home/sdh/robot_ws/install/setup.sh'
[12.144s] INFO:colcon.colcon_core.shell:Creating prefix script '/home/sdh/robot_ws/install/local_setup.bash'
[12.145s] INFO:colcon.colcon_core.shell:Creating prefix chain script '/home/sdh/robot_ws/install/setup.bash'
[12.244s] INFO:colcon.colcon_core.shell:Creating prefix script '/home/sdh/robot_ws/install/local_setup.zsh'
[12.244s] INFO:colcon.colcon_core.shell:Creating prefix chain script '/home/sdh/robot_ws/install/setup.zsh'
