[1.634s] Invoking command in '/home/sdh/robot_ws/build/py_pubsub': PYTHONPATH=/home/sdh/robot_ws/build/py_pubsub/prefix_override:/home/sdh/robot_ws/install/py_pubsub/lib/python3.8/site-packages:${PYTHONPATH} /usr/bin/python3 setup.py develop --editable --build-directory /home/sdh/robot_ws/build/py_pubsub/build --no-deps install_data
[1.867s] running develop
[2.003s] running egg_info
[2.003s] writing py_pubsub.egg-info/PKG-INFO
[2.004s] writing dependency_links to py_pubsub.egg-info/dependency_links.txt
[2.004s] writing entry points to py_pubsub.egg-info/entry_points.txt
[2.004s] writing requirements to py_pubsub.egg-info/requires.txt
[2.004s] writing top-level names to py_pubsub.egg-info/top_level.txt
[2.035s] reading manifest file 'py_pubsub.egg-info/SOURCES.txt'
[2.036s] writing manifest file 'py_pubsub.egg-info/SOURCES.txt'
[2.071s] running build_ext
[2.072s] Creating /home/sdh/robot_ws/install/py_pubsub/lib/python3.8/site-packages/py-pubsub.egg-link (link to .)
[2.072s] Installing listener script to /home/sdh/robot_ws/install/py_pubsub/lib/py_pubsub
[2.073s] Installing pub_by_kb script to /home/sdh/robot_ws/install/py_pubsub/lib/py_pubsub
[2.073s] Installing talker script to /home/sdh/robot_ws/install/py_pubsub/lib/py_pubsub
[2.073s] Installing timer_test script to /home/sdh/robot_ws/install/py_pubsub/lib/py_pubsub
[2.073s] 
[2.073s] Installed /home/sdh/robot_ws/build/py_pubsub
[2.073s] running install_data
[2.096s] Invoked command in '/home/sdh/robot_ws/build/py_pubsub' returned '0': PYTHONPATH=/home/sdh/robot_ws/build/py_pubsub/prefix_override:/home/sdh/robot_ws/install/py_pubsub/lib/python3.8/site-packages:${PYTHONPATH} /usr/bin/python3 setup.py develop --editable --build-directory /home/sdh/robot_ws/build/py_pubsub/build --no-deps install_data
